[0.019s] Invoking command in '/home/pandora/robot/ros2_pro/build/mmr_interfaces': PS1=(.venv_production) \[\e]0;\u@\h: \w\a\]${debian_chroot:+($debian_chroot)}\[\033[01;32m\]\u@\h\[\033[00m\]:\[\033[01;34m\]\w\[\033[00m\]\$ VIRTUAL_ENV_PROMPT=(.venv_production) /usr/bin/cmake --build /home/pandora/robot/ros2_pro/build/mmr_interfaces -- -j8 -l8
[0.112s] [  1%] Built target mmr_interfaces__cpp
[0.115s] [ 12%] Built target mmr_interfaces__rosidl_generator_c
[0.130s] [ 12%] Built target ament_cmake_python_copy_mmr_interfaces
[0.159s] [ 33%] Built target mmr_interfaces__rosidl_typesupport_cpp
[0.159s] [ 35%] Built target mmr_interfaces__rosidl_typesupport_introspection_cpp
[0.164s] [ 57%] Built target mmr_interfaces__rosidl_typesupport_introspection_c
[0.165s] [ 57%] Built target mmr_interfaces__rosidl_typesupport_fastrtps_cpp
[0.166s] [ 78%] Built target mmr_interfaces__rosidl_typesupport_c
[0.167s] [ 80%] Built target mmr_interfaces__rosidl_typesupport_fastrtps_c
[0.206s] [ 80%] Built target mmr_interfaces
[0.245s] [ 81%] Built target mmr_interfaces__py
[0.293s] [ 91%] Built target mmr_interfaces__rosidl_generator_py
[0.332s] [ 97%] Built target mmr_interfaces__rosidl_typesupport_fastrtps_c__pyext
[0.333s] [ 97%] Built target mmr_interfaces__rosidl_typesupport_introspection_c__pyext
[0.333s] [100%] Built target mmr_interfaces__rosidl_typesupport_c__pyext
[0.502s] running egg_info
[0.503s] writing mmr_interfaces.egg-info/PKG-INFO
[0.504s] writing dependency_links to mmr_interfaces.egg-info/dependency_links.txt
[0.504s] writing top-level names to mmr_interfaces.egg-info/top_level.txt
[0.507s] reading manifest file 'mmr_interfaces.egg-info/SOURCES.txt'
[0.508s] writing manifest file 'mmr_interfaces.egg-info/SOURCES.txt'
[0.579s] [100%] Built target ament_cmake_python_build_mmr_interfaces_egg
[0.602s] Invoked command in '/home/pandora/robot/ros2_pro/build/mmr_interfaces' returned '0': PS1=(.venv_production) \[\e]0;\u@\h: \w\a\]${debian_chroot:+($debian_chroot)}\[\033[01;32m\]\u@\h\[\033[00m\]:\[\033[01;34m\]\w\[\033[00m\]\$ VIRTUAL_ENV_PROMPT=(.venv_production) /usr/bin/cmake --build /home/pandora/robot/ros2_pro/build/mmr_interfaces -- -j8 -l8
[0.619s] Invoking command in '/home/pandora/robot/ros2_pro/build/mmr_interfaces': PS1=(.venv_production) \[\e]0;\u@\h: \w\a\]${debian_chroot:+($debian_chroot)}\[\033[01;32m\]\u@\h\[\033[00m\]:\[\033[01;34m\]\w\[\033[00m\]\$ VIRTUAL_ENV_PROMPT=(.venv_production) /usr/bin/cmake --install /home/pandora/robot/ros2_pro/build/mmr_interfaces
[0.635s] -- Install configuration: ""
[0.635s] -- Up-to-date: /home/pandora/robot/ros2_pro/install/mmr_interfaces/share/ament_index/resource_index/rosidl_interfaces/mmr_interfaces
[0.636s] -- Up-to-date: /home/pandora/robot/ros2_pro/install/mmr_interfaces/include/mmr_interfaces/mmr_interfaces
[0.636s] -- Up-to-date: /home/pandora/robot/ros2_pro/install/mmr_interfaces/include/mmr_interfaces/mmr_interfaces/action
[0.636s] -- Up-to-date: /home/pandora/robot/ros2_pro/install/mmr_interfaces/include/mmr_interfaces/mmr_interfaces/action/detail
[0.636s] -- Up-to-date: /home/pandora/robot/ros2_pro/install/mmr_interfaces/include/mmr_interfaces/mmr_interfaces/action/detail/palletize__functions.h
[0.636s] -- Up-to-date: /home/pandora/robot/ros2_pro/install/mmr_interfaces/include/mmr_interfaces/mmr_interfaces/action/detail/pick_and_place__functions.h
[0.637s] -- Up-to-date: /home/pandora/robot/ros2_pro/install/mmr_interfaces/include/mmr_interfaces/mmr_interfaces/action/detail/palletize__struct.h
[0.637s] -- Up-to-date: /home/pandora/robot/ros2_pro/install/mmr_interfaces/include/mmr_interfaces/mmr_interfaces/action/detail/pick_and_place__struct.h
[0.637s] -- Up-to-date: /home/pandora/robot/ros2_pro/install/mmr_interfaces/include/mmr_interfaces/mmr_interfaces/action/detail/palletize__functions.c
[0.637s] -- Up-to-date: /home/pandora/robot/ros2_pro/install/mmr_interfaces/include/mmr_interfaces/mmr_interfaces/action/detail/pick_and_place__functions.c
[0.637s] -- Up-to-date: /home/pandora/robot/ros2_pro/install/mmr_interfaces/include/mmr_interfaces/mmr_interfaces/action/detail/pick_and_place__type_support.h
[0.638s] -- Up-to-date: /home/pandora/robot/ros2_pro/install/mmr_interfaces/include/mmr_interfaces/mmr_interfaces/action/detail/palletize__type_support.h
[0.638s] -- Up-to-date: /home/pandora/robot/ros2_pro/install/mmr_interfaces/include/mmr_interfaces/mmr_interfaces/action/palletize.h
[0.638s] -- Up-to-date: /home/pandora/robot/ros2_pro/install/mmr_interfaces/include/mmr_interfaces/mmr_interfaces/action/pick_and_place.h
[0.638s] -- Up-to-date: /home/pandora/robot/ros2_pro/install/mmr_interfaces/include/mmr_interfaces/mmr_interfaces/srv
[0.638s] -- Up-to-date: /home/pandora/robot/ros2_pro/install/mmr_interfaces/include/mmr_interfaces/mmr_interfaces/srv/detail
[0.638s] -- Up-to-date: /home/pandora/robot/ros2_pro/install/mmr_interfaces/include/mmr_interfaces/mmr_interfaces/srv/detail/get_drop_pose__type_support.h
[0.638s] -- Up-to-date: /home/pandora/robot/ros2_pro/install/mmr_interfaces/include/mmr_interfaces/mmr_interfaces/srv/detail/get_drop_pose__functions.c
[0.638s] -- Up-to-date: /home/pandora/robot/ros2_pro/install/mmr_interfaces/include/mmr_interfaces/mmr_interfaces/srv/detail/capture_vision__functions.h
[0.639s] -- Up-to-date: /home/pandora/robot/ros2_pro/install/mmr_interfaces/include/mmr_interfaces/mmr_interfaces/srv/detail/move_distance__functions.c
[0.639s] -- Up-to-date: /home/pandora/robot/ros2_pro/install/mmr_interfaces/include/mmr_interfaces/mmr_interfaces/srv/detail/rotate_turret__struct.h
[0.639s] -- Up-to-date: /home/pandora/robot/ros2_pro/install/mmr_interfaces/include/mmr_interfaces/mmr_interfaces/srv/detail/capture_vision__functions.c
[0.639s] -- Up-to-date: /home/pandora/robot/ros2_pro/install/mmr_interfaces/include/mmr_interfaces/mmr_interfaces/srv/detail/capture_vision__struct.h
[0.639s] -- Up-to-date: /home/pandora/robot/ros2_pro/install/mmr_interfaces/include/mmr_interfaces/mmr_interfaces/srv/detail/move_distance__struct.h
[0.639s] -- Up-to-date: /home/pandora/robot/ros2_pro/install/mmr_interfaces/include/mmr_interfaces/mmr_interfaces/srv/detail/move_distance__type_support.h
[0.640s] -- Up-to-date: /home/pandora/robot/ros2_pro/install/mmr_interfaces/include/mmr_interfaces/mmr_interfaces/srv/detail/get_drop_pose__struct.h
[0.640s] -- Up-to-date: /home/pandora/robot/ros2_pro/install/mmr_interfaces/include/mmr_interfaces/mmr_interfaces/srv/detail/rotate_turret__functions.c
[0.640s] -- Up-to-date: /home/pandora/robot/ros2_pro/install/mmr_interfaces/include/mmr_interfaces/mmr_interfaces/srv/detail/rotate_turret__type_support.h
[0.640s] -- Up-to-date: /home/pandora/robot/ros2_pro/install/mmr_interfaces/include/mmr_interfaces/mmr_interfaces/srv/detail/rotate_turret__functions.h
[0.640s] -- Up-to-date: /home/pandora/robot/ros2_pro/install/mmr_interfaces/include/mmr_interfaces/mmr_interfaces/srv/detail/get_drop_pose__functions.h
[0.640s] -- Up-to-date: /home/pandora/robot/ros2_pro/install/mmr_interfaces/include/mmr_interfaces/mmr_interfaces/srv/detail/move_distance__functions.h
[0.640s] -- Up-to-date: /home/pandora/robot/ros2_pro/install/mmr_interfaces/include/mmr_interfaces/mmr_interfaces/srv/detail/capture_vision__type_support.h
[0.640s] -- Up-to-date: /home/pandora/robot/ros2_pro/install/mmr_interfaces/include/mmr_interfaces/mmr_interfaces/srv/capture_vision.h
[0.640s] -- Up-to-date: /home/pandora/robot/ros2_pro/install/mmr_interfaces/include/mmr_interfaces/mmr_interfaces/srv/move_distance.h
[0.640s] -- Up-to-date: /home/pandora/robot/ros2_pro/install/mmr_interfaces/include/mmr_interfaces/mmr_interfaces/srv/rotate_turret.h
[0.641s] -- Up-to-date: /home/pandora/robot/ros2_pro/install/mmr_interfaces/include/mmr_interfaces/mmr_interfaces/srv/get_drop_pose.h
[0.641s] -- Up-to-date: /home/pandora/robot/ros2_pro/install/mmr_interfaces/include/mmr_interfaces/mmr_interfaces/msg
[0.641s] -- Up-to-date: /home/pandora/robot/ros2_pro/install/mmr_interfaces/include/mmr_interfaces/mmr_interfaces/msg/rosidl_generator_c__visibility_control.h
[0.641s] -- Up-to-date: /home/pandora/robot/ros2_pro/install/mmr_interfaces/share/mmr_interfaces/environment/library_path.sh
[0.641s] -- Up-to-date: /home/pandora/robot/ros2_pro/install/mmr_interfaces/share/mmr_interfaces/environment/library_path.dsv
[0.641s] -- Up-to-date: /home/pandora/robot/ros2_pro/install/mmr_interfaces/lib/libmmr_interfaces__rosidl_generator_c.so
[0.641s] -- Up-to-date: /home/pandora/robot/ros2_pro/install/mmr_interfaces/include/mmr_interfaces/mmr_interfaces
[0.641s] -- Up-to-date: /home/pandora/robot/ros2_pro/install/mmr_interfaces/include/mmr_interfaces/mmr_interfaces/action
[0.641s] -- Up-to-date: /home/pandora/robot/ros2_pro/install/mmr_interfaces/include/mmr_interfaces/mmr_interfaces/action/detail
[0.641s] -- Up-to-date: /home/pandora/robot/ros2_pro/install/mmr_interfaces/include/mmr_interfaces/mmr_interfaces/action/detail/pick_and_place__rosidl_typesupport_fastrtps_c.h
[0.642s] -- Up-to-date: /home/pandora/robot/ros2_pro/install/mmr_interfaces/include/mmr_interfaces/mmr_interfaces/action/detail/palletize__rosidl_typesupport_fastrtps_c.h
[0.642s] -- Up-to-date: /home/pandora/robot/ros2_pro/install/mmr_interfaces/include/mmr_interfaces/mmr_interfaces/srv
[0.642s] -- Up-to-date: /home/pandora/robot/ros2_pro/install/mmr_interfaces/include/mmr_interfaces/mmr_interfaces/srv/detail
[0.642s] -- Up-to-date: /home/pandora/robot/ros2_pro/install/mmr_interfaces/include/mmr_interfaces/mmr_interfaces/srv/detail/capture_vision__rosidl_typesupport_fastrtps_c.h
[0.642s] -- Up-to-date: /home/pandora/robot/ros2_pro/install/mmr_interfaces/include/mmr_interfaces/mmr_interfaces/srv/detail/rotate_turret__rosidl_typesupport_fastrtps_c.h
[0.642s] -- Up-to-date: /home/pandora/robot/ros2_pro/install/mmr_interfaces/include/mmr_interfaces/mmr_interfaces/srv/detail/get_drop_pose__rosidl_typesupport_fastrtps_c.h
[0.642s] -- Up-to-date: /home/pandora/robot/ros2_pro/install/mmr_interfaces/include/mmr_interfaces/mmr_interfaces/srv/detail/move_distance__rosidl_typesupport_fastrtps_c.h
[0.642s] -- Up-to-date: /home/pandora/robot/ros2_pro/install/mmr_interfaces/include/mmr_interfaces/mmr_interfaces/msg
[0.642s] -- Up-to-date: /home/pandora/robot/ros2_pro/install/mmr_interfaces/include/mmr_interfaces/mmr_interfaces/msg/rosidl_typesupport_fastrtps_c__visibility_control.h
[0.642s] -- Up-to-date: /home/pandora/robot/ros2_pro/install/mmr_interfaces/lib/libmmr_interfaces__rosidl_typesupport_fastrtps_c.so
[0.643s] -- Up-to-date: /home/pandora/robot/ros2_pro/install/mmr_interfaces/include/mmr_interfaces/mmr_interfaces
[0.643s] -- Up-to-date: /home/pandora/robot/ros2_pro/install/mmr_interfaces/include/mmr_interfaces/mmr_interfaces/action
[0.643s] -- Up-to-date: /home/pandora/robot/ros2_pro/install/mmr_interfaces/include/mmr_interfaces/mmr_interfaces/action/detail
[0.643s] -- Up-to-date: /home/pandora/robot/ros2_pro/install/mmr_interfaces/include/mmr_interfaces/mmr_interfaces/action/detail/pick_and_place__rosidl_typesupport_introspection_c.h
[0.643s] -- Up-to-date: /home/pandora/robot/ros2_pro/install/mmr_interfaces/include/mmr_interfaces/mmr_interfaces/action/detail/palletize__rosidl_typesupport_introspection_c.h
[0.643s] -- Up-to-date: /home/pandora/robot/ros2_pro/install/mmr_interfaces/include/mmr_interfaces/mmr_interfaces/action/detail/palletize__type_support.c
[0.643s] -- Up-to-date: /home/pandora/robot/ros2_pro/install/mmr_interfaces/include/mmr_interfaces/mmr_interfaces/action/detail/pick_and_place__type_support.c
[0.643s] -- Up-to-date: /home/pandora/robot/ros2_pro/install/mmr_interfaces/include/mmr_interfaces/mmr_interfaces/srv
[0.643s] -- Up-to-date: /home/pandora/robot/ros2_pro/install/mmr_interfaces/include/mmr_interfaces/mmr_interfaces/srv/detail
[0.644s] -- Up-to-date: /home/pandora/robot/ros2_pro/install/mmr_interfaces/include/mmr_interfaces/mmr_interfaces/srv/detail/capture_vision__type_support.c
[0.644s] -- Up-to-date: /home/pandora/robot/ros2_pro/install/mmr_interfaces/include/mmr_interfaces/mmr_interfaces/srv/detail/rotate_turret__type_support.c
[0.644s] -- Up-to-date: /home/pandora/robot/ros2_pro/install/mmr_interfaces/include/mmr_interfaces/mmr_interfaces/srv/detail/capture_vision__rosidl_typesupport_introspection_c.h
[0.644s] -- Up-to-date: /home/pandora/robot/ros2_pro/install/mmr_interfaces/include/mmr_interfaces/mmr_interfaces/srv/detail/rotate_turret__rosidl_typesupport_introspection_c.h
[0.644s] -- Up-to-date: /home/pandora/robot/ros2_pro/install/mmr_interfaces/include/mmr_interfaces/mmr_interfaces/srv/detail/move_distance__rosidl_typesupport_introspection_c.h
[0.645s] -- Up-to-date: /home/pandora/robot/ros2_pro/install/mmr_interfaces/include/mmr_interfaces/mmr_interfaces/srv/detail/move_distance__type_support.c
[0.645s] -- Up-to-date: /home/pandora/robot/ros2_pro/install/mmr_interfaces/include/mmr_interfaces/mmr_interfaces/srv/detail/get_drop_pose__type_support.c
[0.645s] -- Up-to-date: /home/pandora/robot/ros2_pro/install/mmr_interfaces/include/mmr_interfaces/mmr_interfaces/srv/detail/get_drop_pose__rosidl_typesupport_introspection_c.h
[0.645s] -- Up-to-date: /home/pandora/robot/ros2_pro/install/mmr_interfaces/include/mmr_interfaces/mmr_interfaces/msg
[0.645s] -- Up-to-date: /home/pandora/robot/ros2_pro/install/mmr_interfaces/include/mmr_interfaces/mmr_interfaces/msg/rosidl_typesupport_introspection_c__visibility_control.h
[0.645s] -- Up-to-date: /home/pandora/robot/ros2_pro/install/mmr_interfaces/lib/libmmr_interfaces__rosidl_typesupport_introspection_c.so
[0.645s] -- Up-to-date: /home/pandora/robot/ros2_pro/install/mmr_interfaces/lib/libmmr_interfaces__rosidl_typesupport_c.so
[0.645s] -- Up-to-date: /home/pandora/robot/ros2_pro/install/mmr_interfaces/include/mmr_interfaces/mmr_interfaces
[0.646s] -- Up-to-date: /home/pandora/robot/ros2_pro/install/mmr_interfaces/include/mmr_interfaces/mmr_interfaces/action
[0.646s] -- Up-to-date: /home/pandora/robot/ros2_pro/install/mmr_interfaces/include/mmr_interfaces/mmr_interfaces/action/detail
[0.646s] -- Up-to-date: /home/pandora/robot/ros2_pro/install/mmr_interfaces/include/mmr_interfaces/mmr_interfaces/action/detail/pick_and_place__type_support.hpp
[0.646s] -- Up-to-date: /home/pandora/robot/ros2_pro/install/mmr_interfaces/include/mmr_interfaces/mmr_interfaces/action/detail/pick_and_place__builder.hpp
[0.646s] -- Up-to-date: /home/pandora/robot/ros2_pro/install/mmr_interfaces/include/mmr_interfaces/mmr_interfaces/action/detail/palletize__type_support.hpp
[0.646s] -- Up-to-date: /home/pandora/robot/ros2_pro/install/mmr_interfaces/include/mmr_interfaces/mmr_interfaces/action/detail/pick_and_place__struct.hpp
[0.646s] -- Up-to-date: /home/pandora/robot/ros2_pro/install/mmr_interfaces/include/mmr_interfaces/mmr_interfaces/action/detail/palletize__traits.hpp
[0.647s] -- Up-to-date: /home/pandora/robot/ros2_pro/install/mmr_interfaces/include/mmr_interfaces/mmr_interfaces/action/detail/palletize__builder.hpp
[0.647s] -- Up-to-date: /home/pandora/robot/ros2_pro/install/mmr_interfaces/include/mmr_interfaces/mmr_interfaces/action/detail/pick_and_place__traits.hpp
[0.647s] -- Up-to-date: /home/pandora/robot/ros2_pro/install/mmr_interfaces/include/mmr_interfaces/mmr_interfaces/action/detail/palletize__struct.hpp
[0.647s] -- Up-to-date: /home/pandora/robot/ros2_pro/install/mmr_interfaces/include/mmr_interfaces/mmr_interfaces/action/pick_and_place.hpp
[0.647s] -- Up-to-date: /home/pandora/robot/ros2_pro/install/mmr_interfaces/include/mmr_interfaces/mmr_interfaces/action/palletize.hpp
[0.647s] -- Up-to-date: /home/pandora/robot/ros2_pro/install/mmr_interfaces/include/mmr_interfaces/mmr_interfaces/srv
[0.647s] -- Up-to-date: /home/pandora/robot/ros2_pro/install/mmr_interfaces/include/mmr_interfaces/mmr_interfaces/srv/detail
[0.647s] -- Up-to-date: /home/pandora/robot/ros2_pro/install/mmr_interfaces/include/mmr_interfaces/mmr_interfaces/srv/detail/rotate_turret__builder.hpp
[0.647s] -- Up-to-date: /home/pandora/robot/ros2_pro/install/mmr_interfaces/include/mmr_interfaces/mmr_interfaces/srv/detail/move_distance__type_support.hpp
[0.647s] -- Up-to-date: /home/pandora/robot/ros2_pro/install/mmr_interfaces/include/mmr_interfaces/mmr_interfaces/srv/detail/move_distance__traits.hpp
[0.648s] -- Up-to-date: /home/pandora/robot/ros2_pro/install/mmr_interfaces/include/mmr_interfaces/mmr_interfaces/srv/detail/capture_vision__type_support.hpp
[0.648s] -- Up-to-date: /home/pandora/robot/ros2_pro/install/mmr_interfaces/include/mmr_interfaces/mmr_interfaces/srv/detail/move_distance__struct.hpp
[0.648s] -- Up-to-date: /home/pandora/robot/ros2_pro/install/mmr_interfaces/include/mmr_interfaces/mmr_interfaces/srv/detail/rotate_turret__struct.hpp
[0.648s] -- Up-to-date: /home/pandora/robot/ros2_pro/install/mmr_interfaces/include/mmr_interfaces/mmr_interfaces/srv/detail/capture_vision__struct.hpp
[0.648s] -- Up-to-date: /home/pandora/robot/ros2_pro/install/mmr_interfaces/include/mmr_interfaces/mmr_interfaces/srv/detail/rotate_turret__type_support.hpp
[0.648s] -- Up-to-date: /home/pandora/robot/ros2_pro/install/mmr_interfaces/include/mmr_interfaces/mmr_interfaces/srv/detail/move_distance__builder.hpp
[0.648s] -- Up-to-date: /home/pandora/robot/ros2_pro/install/mmr_interfaces/include/mmr_interfaces/mmr_interfaces/srv/detail/capture_vision__traits.hpp
[0.648s] -- Up-to-date: /home/pandora/robot/ros2_pro/install/mmr_interfaces/include/mmr_interfaces/mmr_interfaces/srv/detail/get_drop_pose__builder.hpp
[0.648s] -- Up-to-date: /home/pandora/robot/ros2_pro/install/mmr_interfaces/include/mmr_interfaces/mmr_interfaces/srv/detail/get_drop_pose__struct.hpp
[0.648s] -- Up-to-date: /home/pandora/robot/ros2_pro/install/mmr_interfaces/include/mmr_interfaces/mmr_interfaces/srv/detail/capture_vision__builder.hpp
[0.649s] -- Up-to-date: /home/pandora/robot/ros2_pro/install/mmr_interfaces/include/mmr_interfaces/mmr_interfaces/srv/detail/get_drop_pose__traits.hpp
[0.649s] -- Up-to-date: /home/pandora/robot/ros2_pro/install/mmr_interfaces/include/mmr_interfaces/mmr_interfaces/srv/detail/get_drop_pose__type_support.hpp
[0.649s] -- Up-to-date: /home/pandora/robot/ros2_pro/install/mmr_interfaces/include/mmr_interfaces/mmr_interfaces/srv/detail/rotate_turret__traits.hpp
[0.649s] -- Up-to-date: /home/pandora/robot/ros2_pro/install/mmr_interfaces/include/mmr_interfaces/mmr_interfaces/srv/rotate_turret.hpp
[0.649s] -- Up-to-date: /home/pandora/robot/ros2_pro/install/mmr_interfaces/include/mmr_interfaces/mmr_interfaces/srv/move_distance.hpp
[0.649s] -- Up-to-date: /home/pandora/robot/ros2_pro/install/mmr_interfaces/include/mmr_interfaces/mmr_interfaces/srv/capture_vision.hpp
[0.649s] -- Up-to-date: /home/pandora/robot/ros2_pro/install/mmr_interfaces/include/mmr_interfaces/mmr_interfaces/srv/get_drop_pose.hpp
[0.649s] -- Up-to-date: /home/pandora/robot/ros2_pro/install/mmr_interfaces/include/mmr_interfaces/mmr_interfaces/msg
[0.649s] -- Up-to-date: /home/pandora/robot/ros2_pro/install/mmr_interfaces/include/mmr_interfaces/mmr_interfaces/msg/rosidl_generator_cpp__visibility_control.hpp
[0.649s] -- Up-to-date: /home/pandora/robot/ros2_pro/install/mmr_interfaces/include/mmr_interfaces/mmr_interfaces
[0.650s] -- Up-to-date: /home/pandora/robot/ros2_pro/install/mmr_interfaces/include/mmr_interfaces/mmr_interfaces/action
[0.650s] -- Up-to-date: /home/pandora/robot/ros2_pro/install/mmr_interfaces/include/mmr_interfaces/mmr_interfaces/action/detail
[0.650s] -- Up-to-date: /home/pandora/robot/ros2_pro/install/mmr_interfaces/include/mmr_interfaces/mmr_interfaces/action/detail/dds_fastrtps
[0.650s] -- Up-to-date: /home/pandora/robot/ros2_pro/install/mmr_interfaces/include/mmr_interfaces/mmr_interfaces/action/detail/palletize__rosidl_typesupport_fastrtps_cpp.hpp
[0.650s] -- Up-to-date: /home/pandora/robot/ros2_pro/install/mmr_interfaces/include/mmr_interfaces/mmr_interfaces/action/detail/pick_and_place__rosidl_typesupport_fastrtps_cpp.hpp
[0.650s] -- Up-to-date: /home/pandora/robot/ros2_pro/install/mmr_interfaces/include/mmr_interfaces/mmr_interfaces/srv
[0.650s] -- Up-to-date: /home/pandora/robot/ros2_pro/install/mmr_interfaces/include/mmr_interfaces/mmr_interfaces/srv/detail
[0.650s] -- Up-to-date: /home/pandora/robot/ros2_pro/install/mmr_interfaces/include/mmr_interfaces/mmr_interfaces/srv/detail/capture_vision__rosidl_typesupport_fastrtps_cpp.hpp
[0.650s] -- Up-to-date: /home/pandora/robot/ros2_pro/install/mmr_interfaces/include/mmr_interfaces/mmr_interfaces/srv/detail/get_drop_pose__rosidl_typesupport_fastrtps_cpp.hpp
[0.650s] -- Up-to-date: /home/pandora/robot/ros2_pro/install/mmr_interfaces/include/mmr_interfaces/mmr_interfaces/srv/detail/move_distance__rosidl_typesupport_fastrtps_cpp.hpp
[0.650s] -- Up-to-date: /home/pandora/robot/ros2_pro/install/mmr_interfaces/include/mmr_interfaces/mmr_interfaces/srv/detail/rotate_turret__rosidl_typesupport_fastrtps_cpp.hpp
[0.651s] -- Up-to-date: /home/pandora/robot/ros2_pro/install/mmr_interfaces/include/mmr_interfaces/mmr_interfaces/srv/detail/dds_fastrtps
[0.651s] -- Up-to-date: /home/pandora/robot/ros2_pro/install/mmr_interfaces/include/mmr_interfaces/mmr_interfaces/msg
[0.651s] -- Up-to-date: /home/pandora/robot/ros2_pro/install/mmr_interfaces/include/mmr_interfaces/mmr_interfaces/msg/rosidl_typesupport_fastrtps_cpp__visibility_control.h
[0.651s] -- Up-to-date: /home/pandora/robot/ros2_pro/install/mmr_interfaces/lib/libmmr_interfaces__rosidl_typesupport_fastrtps_cpp.so
[0.651s] -- Up-to-date: /home/pandora/robot/ros2_pro/install/mmr_interfaces/include/mmr_interfaces/mmr_interfaces
[0.651s] -- Up-to-date: /home/pandora/robot/ros2_pro/install/mmr_interfaces/include/mmr_interfaces/mmr_interfaces/action
[0.651s] -- Up-to-date: /home/pandora/robot/ros2_pro/install/mmr_interfaces/include/mmr_interfaces/mmr_interfaces/action/detail
[0.651s] -- Up-to-date: /home/pandora/robot/ros2_pro/install/mmr_interfaces/include/mmr_interfaces/mmr_interfaces/action/detail/pick_and_place__type_support.cpp
[0.651s] -- Up-to-date: /home/pandora/robot/ros2_pro/install/mmr_interfaces/include/mmr_interfaces/mmr_interfaces/action/detail/palletize__rosidl_typesupport_introspection_cpp.hpp
[0.651s] -- Up-to-date: /home/pandora/robot/ros2_pro/install/mmr_interfaces/include/mmr_interfaces/mmr_interfaces/action/detail/pick_and_place__rosidl_typesupport_introspection_cpp.hpp
[0.652s] -- Up-to-date: /home/pandora/robot/ros2_pro/install/mmr_interfaces/include/mmr_interfaces/mmr_interfaces/action/detail/palletize__type_support.cpp
[0.652s] -- Up-to-date: /home/pandora/robot/ros2_pro/install/mmr_interfaces/include/mmr_interfaces/mmr_interfaces/srv
[0.652s] -- Up-to-date: /home/pandora/robot/ros2_pro/install/mmr_interfaces/include/mmr_interfaces/mmr_interfaces/srv/detail
[0.652s] -- Up-to-date: /home/pandora/robot/ros2_pro/install/mmr_interfaces/include/mmr_interfaces/mmr_interfaces/srv/detail/move_distance__type_support.cpp
[0.652s] -- Up-to-date: /home/pandora/robot/ros2_pro/install/mmr_interfaces/include/mmr_interfaces/mmr_interfaces/srv/detail/get_drop_pose__rosidl_typesupport_introspection_cpp.hpp
[0.652s] -- Up-to-date: /home/pandora/robot/ros2_pro/install/mmr_interfaces/include/mmr_interfaces/mmr_interfaces/srv/detail/move_distance__rosidl_typesupport_introspection_cpp.hpp
[0.652s] -- Up-to-date: /home/pandora/robot/ros2_pro/install/mmr_interfaces/include/mmr_interfaces/mmr_interfaces/srv/detail/capture_vision__type_support.cpp
[0.652s] -- Up-to-date: /home/pandora/robot/ros2_pro/install/mmr_interfaces/include/mmr_interfaces/mmr_interfaces/srv/detail/capture_vision__rosidl_typesupport_introspection_cpp.hpp
[0.652s] -- Up-to-date: /home/pandora/robot/ros2_pro/install/mmr_interfaces/include/mmr_interfaces/mmr_interfaces/srv/detail/rotate_turret__rosidl_typesupport_introspection_cpp.hpp
[0.652s] -- Up-to-date: /home/pandora/robot/ros2_pro/install/mmr_interfaces/include/mmr_interfaces/mmr_interfaces/srv/detail/rotate_turret__type_support.cpp
[0.653s] -- Up-to-date: /home/pandora/robot/ros2_pro/install/mmr_interfaces/include/mmr_interfaces/mmr_interfaces/srv/detail/get_drop_pose__type_support.cpp
[0.653s] -- Up-to-date: /home/pandora/robot/ros2_pro/install/mmr_interfaces/lib/libmmr_interfaces__rosidl_typesupport_introspection_cpp.so
[0.653s] -- Up-to-date: /home/pandora/robot/ros2_pro/install/mmr_interfaces/lib/libmmr_interfaces__rosidl_typesupport_cpp.so
[0.653s] -- Up-to-date: /home/pandora/robot/ros2_pro/install/mmr_interfaces/share/mmr_interfaces/environment/pythonpath.sh
[0.653s] -- Up-to-date: /home/pandora/robot/ros2_pro/install/mmr_interfaces/share/mmr_interfaces/environment/pythonpath.dsv
[0.653s] -- Up-to-date: /home/pandora/robot/ros2_pro/install/mmr_interfaces/lib/python3.10/site-packages/mmr_interfaces-0.0.1-py3.10.egg-info
[0.653s] -- Installing: /home/pandora/robot/ros2_pro/install/mmr_interfaces/lib/python3.10/site-packages/mmr_interfaces-0.0.1-py3.10.egg-info/SOURCES.txt
[0.653s] -- Installing: /home/pandora/robot/ros2_pro/install/mmr_interfaces/lib/python3.10/site-packages/mmr_interfaces-0.0.1-py3.10.egg-info/PKG-INFO
[0.653s] -- Installing: /home/pandora/robot/ros2_pro/install/mmr_interfaces/lib/python3.10/site-packages/mmr_interfaces-0.0.1-py3.10.egg-info/dependency_links.txt
[0.653s] -- Installing: /home/pandora/robot/ros2_pro/install/mmr_interfaces/lib/python3.10/site-packages/mmr_interfaces-0.0.1-py3.10.egg-info/top_level.txt
[0.654s] -- Up-to-date: /home/pandora/robot/ros2_pro/install/mmr_interfaces/lib/python3.10/site-packages/mmr_interfaces
[0.654s] -- Up-to-date: /home/pandora/robot/ros2_pro/install/mmr_interfaces/lib/python3.10/site-packages/mmr_interfaces/action
[0.654s] -- Up-to-date: /home/pandora/robot/ros2_pro/install/mmr_interfaces/lib/python3.10/site-packages/mmr_interfaces/action/_palletize.py
[0.654s] -- Up-to-date: /home/pandora/robot/ros2_pro/install/mmr_interfaces/lib/python3.10/site-packages/mmr_interfaces/action/__init__.py
[0.654s] -- Up-to-date: /home/pandora/robot/ros2_pro/install/mmr_interfaces/lib/python3.10/site-packages/mmr_interfaces/action/_pick_and_place.py
[0.654s] -- Up-to-date: /home/pandora/robot/ros2_pro/install/mmr_interfaces/lib/python3.10/site-packages/mmr_interfaces/action/_pick_and_place_s.c
[0.654s] -- Up-to-date: /home/pandora/robot/ros2_pro/install/mmr_interfaces/lib/python3.10/site-packages/mmr_interfaces/action/_palletize_s.c
[0.654s] -- Up-to-date: /home/pandora/robot/ros2_pro/install/mmr_interfaces/lib/python3.10/site-packages/mmr_interfaces/libmmr_interfaces__rosidl_generator_py.so
[0.654s] -- Up-to-date: /home/pandora/robot/ros2_pro/install/mmr_interfaces/lib/python3.10/site-packages/mmr_interfaces/_mmr_interfaces_s.ep.rosidl_typesupport_c.c
[0.654s] -- Up-to-date: /home/pandora/robot/ros2_pro/install/mmr_interfaces/lib/python3.10/site-packages/mmr_interfaces/_mmr_interfaces_s.ep.rosidl_typesupport_introspection_c.c
[0.655s] -- Up-to-date: /home/pandora/robot/ros2_pro/install/mmr_interfaces/lib/python3.10/site-packages/mmr_interfaces/__init__.py
[0.655s] -- Up-to-date: /home/pandora/robot/ros2_pro/install/mmr_interfaces/lib/python3.10/site-packages/mmr_interfaces/srv
[0.655s] -- Up-to-date: /home/pandora/robot/ros2_pro/install/mmr_interfaces/lib/python3.10/site-packages/mmr_interfaces/srv/_get_drop_pose.py
[0.655s] -- Up-to-date: /home/pandora/robot/ros2_pro/install/mmr_interfaces/lib/python3.10/site-packages/mmr_interfaces/srv/_move_distance_s.c
[0.655s] -- Up-to-date: /home/pandora/robot/ros2_pro/install/mmr_interfaces/lib/python3.10/site-packages/mmr_interfaces/srv/_capture_vision.py
[0.655s] -- Up-to-date: /home/pandora/robot/ros2_pro/install/mmr_interfaces/lib/python3.10/site-packages/mmr_interfaces/srv/__init__.py
[0.655s] -- Up-to-date: /home/pandora/robot/ros2_pro/install/mmr_interfaces/lib/python3.10/site-packages/mmr_interfaces/srv/_move_distance.py
[0.655s] -- Up-to-date: /home/pandora/robot/ros2_pro/install/mmr_interfaces/lib/python3.10/site-packages/mmr_interfaces/srv/_get_drop_pose_s.c
[0.655s] -- Up-to-date: /home/pandora/robot/ros2_pro/install/mmr_interfaces/lib/python3.10/site-packages/mmr_interfaces/srv/_rotate_turret.py
[0.655s] -- Up-to-date: /home/pandora/robot/ros2_pro/install/mmr_interfaces/lib/python3.10/site-packages/mmr_interfaces/srv/_capture_vision_s.c
[0.656s] -- Up-to-date: /home/pandora/robot/ros2_pro/install/mmr_interfaces/lib/python3.10/site-packages/mmr_interfaces/srv/_rotate_turret_s.c
[0.656s] -- Up-to-date: /home/pandora/robot/ros2_pro/install/mmr_interfaces/lib/python3.10/site-packages/mmr_interfaces/mmr_interfaces_s__rosidl_typesupport_fastrtps_c.cpython-310-aarch64-linux-gnu.so
[0.656s] -- Up-to-date: /home/pandora/robot/ros2_pro/install/mmr_interfaces/lib/python3.10/site-packages/mmr_interfaces/_mmr_interfaces_s.ep.rosidl_typesupport_fastrtps_c.c
[0.656s] -- Up-to-date: /home/pandora/robot/ros2_pro/install/mmr_interfaces/lib/python3.10/site-packages/mmr_interfaces/mmr_interfaces_s__rosidl_typesupport_c.cpython-310-aarch64-linux-gnu.so
[0.656s] -- Up-to-date: /home/pandora/robot/ros2_pro/install/mmr_interfaces/lib/python3.10/site-packages/mmr_interfaces/mmr_interfaces_s__rosidl_typesupport_introspection_c.cpython-310-aarch64-linux-gnu.so
[0.708s] Listing '/home/pandora/robot/ros2_pro/install/mmr_interfaces/lib/python3.10/site-packages/mmr_interfaces'...
[0.708s] Listing '/home/pandora/robot/ros2_pro/install/mmr_interfaces/lib/python3.10/site-packages/mmr_interfaces/action'...
[0.708s] Listing '/home/pandora/robot/ros2_pro/install/mmr_interfaces/lib/python3.10/site-packages/mmr_interfaces/srv'...
[0.718s] -- Up-to-date: /home/pandora/robot/ros2_pro/install/mmr_interfaces/lib/python3.10/site-packages/mmr_interfaces/mmr_interfaces_s__rosidl_typesupport_fastrtps_c.cpython-310-aarch64-linux-gnu.so
[0.718s] -- Up-to-date: /home/pandora/robot/ros2_pro/install/mmr_interfaces/lib/python3.10/site-packages/mmr_interfaces/mmr_interfaces_s__rosidl_typesupport_introspection_c.cpython-310-aarch64-linux-gnu.so
[0.718s] -- Up-to-date: /home/pandora/robot/ros2_pro/install/mmr_interfaces/lib/python3.10/site-packages/mmr_interfaces/mmr_interfaces_s__rosidl_typesupport_c.cpython-310-aarch64-linux-gnu.so
[0.719s] -- Up-to-date: /home/pandora/robot/ros2_pro/install/mmr_interfaces/lib/libmmr_interfaces__rosidl_generator_py.so
[0.719s] -- Up-to-date: /home/pandora/robot/ros2_pro/install/mmr_interfaces/share/mmr_interfaces/srv/MoveDistance.idl
[0.719s] -- Up-to-date: /home/pandora/robot/ros2_pro/install/mmr_interfaces/share/mmr_interfaces/srv/CaptureVision.idl
[0.720s] -- Up-to-date: /home/pandora/robot/ros2_pro/install/mmr_interfaces/share/mmr_interfaces/srv/GetDropPose.idl
[0.720s] -- Up-to-date: /home/pandora/robot/ros2_pro/install/mmr_interfaces/share/mmr_interfaces/srv/RotateTurret.idl
[0.720s] -- Up-to-date: /home/pandora/robot/ros2_pro/install/mmr_interfaces/share/mmr_interfaces/action/Palletize.idl
[0.720s] -- Up-to-date: /home/pandora/robot/ros2_pro/install/mmr_interfaces/share/mmr_interfaces/action/PickAndPlace.idl
[0.720s] -- Up-to-date: /home/pandora/robot/ros2_pro/install/mmr_interfaces/share/mmr_interfaces/srv/MoveDistance.srv
[0.720s] -- Up-to-date: /home/pandora/robot/ros2_pro/install/mmr_interfaces/share/mmr_interfaces/srv/MoveDistance_Request.msg
[0.720s] -- Up-to-date: /home/pandora/robot/ros2_pro/install/mmr_interfaces/share/mmr_interfaces/srv/MoveDistance_Response.msg
[0.721s] -- Up-to-date: /home/pandora/robot/ros2_pro/install/mmr_interfaces/share/mmr_interfaces/srv/CaptureVision.srv
[0.721s] -- Up-to-date: /home/pandora/robot/ros2_pro/install/mmr_interfaces/share/mmr_interfaces/srv/CaptureVision_Request.msg
[0.721s] -- Up-to-date: /home/pandora/robot/ros2_pro/install/mmr_interfaces/share/mmr_interfaces/srv/CaptureVision_Response.msg
[0.721s] -- Up-to-date: /home/pandora/robot/ros2_pro/install/mmr_interfaces/share/mmr_interfaces/srv/GetDropPose.srv
[0.721s] -- Up-to-date: /home/pandora/robot/ros2_pro/install/mmr_interfaces/share/mmr_interfaces/srv/GetDropPose_Request.msg
[0.721s] -- Up-to-date: /home/pandora/robot/ros2_pro/install/mmr_interfaces/share/mmr_interfaces/srv/GetDropPose_Response.msg
[0.721s] -- Up-to-date: /home/pandora/robot/ros2_pro/install/mmr_interfaces/share/mmr_interfaces/srv/RotateTurret.srv
[0.722s] -- Up-to-date: /home/pandora/robot/ros2_pro/install/mmr_interfaces/share/mmr_interfaces/srv/RotateTurret_Request.msg
[0.722s] -- Up-to-date: /home/pandora/robot/ros2_pro/install/mmr_interfaces/share/mmr_interfaces/srv/RotateTurret_Response.msg
[0.722s] -- Up-to-date: /home/pandora/robot/ros2_pro/install/mmr_interfaces/share/mmr_interfaces/action/Palletize.action
[0.722s] -- Up-to-date: /home/pandora/robot/ros2_pro/install/mmr_interfaces/share/mmr_interfaces/action/PickAndPlace.action
[0.722s] -- Up-to-date: /home/pandora/robot/ros2_pro/install/mmr_interfaces/share/ament_index/resource_index/package_run_dependencies/mmr_interfaces
[0.722s] -- Up-to-date: /home/pandora/robot/ros2_pro/install/mmr_interfaces/share/ament_index/resource_index/parent_prefix_path/mmr_interfaces
[0.722s] -- Up-to-date: /home/pandora/robot/ros2_pro/install/mmr_interfaces/share/mmr_interfaces/environment/ament_prefix_path.sh
[0.722s] -- Up-to-date: /home/pandora/robot/ros2_pro/install/mmr_interfaces/share/mmr_interfaces/environment/ament_prefix_path.dsv
[0.723s] -- Up-to-date: /home/pandora/robot/ros2_pro/install/mmr_interfaces/share/mmr_interfaces/environment/path.sh
[0.723s] -- Up-to-date: /home/pandora/robot/ros2_pro/install/mmr_interfaces/share/mmr_interfaces/environment/path.dsv
[0.723s] -- Up-to-date: /home/pandora/robot/ros2_pro/install/mmr_interfaces/share/mmr_interfaces/local_setup.bash
[0.723s] -- Up-to-date: /home/pandora/robot/ros2_pro/install/mmr_interfaces/share/mmr_interfaces/local_setup.sh
[0.723s] -- Up-to-date: /home/pandora/robot/ros2_pro/install/mmr_interfaces/share/mmr_interfaces/local_setup.zsh
[0.723s] -- Up-to-date: /home/pandora/robot/ros2_pro/install/mmr_interfaces/share/mmr_interfaces/local_setup.dsv
[0.723s] -- Installing: /home/pandora/robot/ros2_pro/install/mmr_interfaces/share/mmr_interfaces/package.dsv
[0.723s] -- Up-to-date: /home/pandora/robot/ros2_pro/install/mmr_interfaces/share/ament_index/resource_index/packages/mmr_interfaces
[0.723s] -- Up-to-date: /home/pandora/robot/ros2_pro/install/mmr_interfaces/share/mmr_interfaces/cmake/export_mmr_interfaces__rosidl_generator_cExport.cmake
[0.724s] -- Up-to-date: /home/pandora/robot/ros2_pro/install/mmr_interfaces/share/mmr_interfaces/cmake/export_mmr_interfaces__rosidl_generator_cExport-noconfig.cmake
[0.724s] -- Up-to-date: /home/pandora/robot/ros2_pro/install/mmr_interfaces/share/mmr_interfaces/cmake/export_mmr_interfaces__rosidl_typesupport_fastrtps_cExport.cmake
[0.724s] -- Up-to-date: /home/pandora/robot/ros2_pro/install/mmr_interfaces/share/mmr_interfaces/cmake/export_mmr_interfaces__rosidl_typesupport_fastrtps_cExport-noconfig.cmake
[0.724s] -- Up-to-date: /home/pandora/robot/ros2_pro/install/mmr_interfaces/share/mmr_interfaces/cmake/mmr_interfaces__rosidl_typesupport_introspection_cExport.cmake
[0.724s] -- Up-to-date: /home/pandora/robot/ros2_pro/install/mmr_interfaces/share/mmr_interfaces/cmake/mmr_interfaces__rosidl_typesupport_introspection_cExport-noconfig.cmake
[0.724s] -- Up-to-date: /home/pandora/robot/ros2_pro/install/mmr_interfaces/share/mmr_interfaces/cmake/mmr_interfaces__rosidl_typesupport_cExport.cmake
[0.724s] -- Up-to-date: /home/pandora/robot/ros2_pro/install/mmr_interfaces/share/mmr_interfaces/cmake/mmr_interfaces__rosidl_typesupport_cExport-noconfig.cmake
[0.724s] -- Up-to-date: /home/pandora/robot/ros2_pro/install/mmr_interfaces/share/mmr_interfaces/cmake/export_mmr_interfaces__rosidl_generator_cppExport.cmake
[0.725s] -- Up-to-date: /home/pandora/robot/ros2_pro/install/mmr_interfaces/share/mmr_interfaces/cmake/export_mmr_interfaces__rosidl_typesupport_fastrtps_cppExport.cmake
[0.725s] -- Up-to-date: /home/pandora/robot/ros2_pro/install/mmr_interfaces/share/mmr_interfaces/cmake/export_mmr_interfaces__rosidl_typesupport_fastrtps_cppExport-noconfig.cmake
[0.725s] -- Up-to-date: /home/pandora/robot/ros2_pro/install/mmr_interfaces/share/mmr_interfaces/cmake/mmr_interfaces__rosidl_typesupport_introspection_cppExport.cmake
[0.725s] -- Up-to-date: /home/pandora/robot/ros2_pro/install/mmr_interfaces/share/mmr_interfaces/cmake/mmr_interfaces__rosidl_typesupport_introspection_cppExport-noconfig.cmake
[0.725s] -- Up-to-date: /home/pandora/robot/ros2_pro/install/mmr_interfaces/share/mmr_interfaces/cmake/mmr_interfaces__rosidl_typesupport_cppExport.cmake
[0.725s] -- Up-to-date: /home/pandora/robot/ros2_pro/install/mmr_interfaces/share/mmr_interfaces/cmake/mmr_interfaces__rosidl_typesupport_cppExport-noconfig.cmake
[0.725s] -- Up-to-date: /home/pandora/robot/ros2_pro/install/mmr_interfaces/share/mmr_interfaces/cmake/export_mmr_interfaces__rosidl_generator_pyExport.cmake
[0.726s] -- Up-to-date: /home/pandora/robot/ros2_pro/install/mmr_interfaces/share/mmr_interfaces/cmake/export_mmr_interfaces__rosidl_generator_pyExport-noconfig.cmake
[0.726s] -- Up-to-date: /home/pandora/robot/ros2_pro/install/mmr_interfaces/share/mmr_interfaces/cmake/rosidl_cmake-extras.cmake
[0.726s] -- Up-to-date: /home/pandora/robot/ros2_pro/install/mmr_interfaces/share/mmr_interfaces/cmake/ament_cmake_export_dependencies-extras.cmake
[0.726s] -- Up-to-date: /home/pandora/robot/ros2_pro/install/mmr_interfaces/share/mmr_interfaces/cmake/ament_cmake_export_include_directories-extras.cmake
[0.726s] -- Up-to-date: /home/pandora/robot/ros2_pro/install/mmr_interfaces/share/mmr_interfaces/cmake/ament_cmake_export_libraries-extras.cmake
[0.726s] -- Up-to-date: /home/pandora/robot/ros2_pro/install/mmr_interfaces/share/mmr_interfaces/cmake/ament_cmake_export_targets-extras.cmake
[0.726s] -- Up-to-date: /home/pandora/robot/ros2_pro/install/mmr_interfaces/share/mmr_interfaces/cmake/rosidl_cmake_export_typesupport_targets-extras.cmake
[0.726s] -- Up-to-date: /home/pandora/robot/ros2_pro/install/mmr_interfaces/share/mmr_interfaces/cmake/rosidl_cmake_export_typesupport_libraries-extras.cmake
[0.727s] -- Up-to-date: /home/pandora/robot/ros2_pro/install/mmr_interfaces/share/mmr_interfaces/cmake/mmr_interfacesConfig.cmake
[0.727s] -- Up-to-date: /home/pandora/robot/ros2_pro/install/mmr_interfaces/share/mmr_interfaces/cmake/mmr_interfacesConfig-version.cmake
[0.727s] -- Up-to-date: /home/pandora/robot/ros2_pro/install/mmr_interfaces/share/mmr_interfaces/package.xml
[0.732s] Invoked command in '/home/pandora/robot/ros2_pro/build/mmr_interfaces' returned '0': PS1=(.venv_production) \[\e]0;\u@\h: \w\a\]${debian_chroot:+($debian_chroot)}\[\033[01;32m\]\u@\h\[\033[00m\]:\[\033[01;34m\]\w\[\033[00m\]\$ VIRTUAL_ENV_PROMPT=(.venv_production) /usr/bin/cmake --install /home/pandora/robot/ros2_pro/build/mmr_interfaces
