[0.021s] Invoking command in '/home/pandora/robot/ros2_pro/build/mmr_interfaces': PS1=(.venv_production) \[\e]0;\u@\h: \w\a\]${debian_chroot:+($debian_chroot)}\[\033[01;32m\]\u@\h\[\033[00m\]:\[\033[01;34m\]\w\[\033[00m\]\$ VIRTUAL_ENV_PROMPT=(.venv_production) /usr/bin/cmake /home/pandora/robot/ros2_pro/src/mmr_interfaces -DCATKIN_INSTALL_INTO_PREFIX_ROOT=0 -DCATKIN_SYMLINK_INSTALL=ON -DCMAKE_INSTALL_PREFIX=/home/pandora/robot/ros2_pro/install/mmr_interfaces
[0.085s] -- Found ament_cmake: 1.3.12 (/opt/ros/humble/share/ament_cmake/cmake)
[0.352s] -- Found rosidl_default_generators: 1.2.0 (/opt/ros/humble/share/rosidl_default_generators/cmake)
[0.356s] -- Using all available rosidl_typesupport_c: rosidl_typesupport_fastrtps_c;rosidl_typesupport_introspection_c
[0.363s] -- Found rosidl_adapter: 3.1.7 (/opt/ros/humble/share/rosidl_adapter/cmake)
[0.427s] -- Using all available rosidl_typesupport_cpp: rosidl_typesupport_fastrtps_cpp;rosidl_typesupport_introspection_cpp
[0.480s] -- Found sensor_msgs: 4.9.0 (/opt/ros/humble/share/sensor_msgs/cmake)
[0.762s] [31mCMake Error at /opt/ros/humble/share/rosidl_adapter/cmake/rosidl_adapt_interfaces.cmake:59 (message):
[0.762s]   
[0.763s]   execute_process(/home/pandora/dev/strawberry/shared/venvs/.venv_production/bin/python3
[0.763s]   -m rosidl_adapter --package-name mmr_interfaces --arguments-file
[0.763s]   /home/pandora/robot/ros2_pro/build/mmr_interfaces/rosidl_adapter__arguments__mmr_interfaces.json
[0.763s]   --output-dir
[0.763s]   /home/pandora/robot/ros2_pro/build/mmr_interfaces/rosidl_adapter/mmr_interfaces
[0.764s]   --output-file
[0.764s]   /home/pandora/robot/ros2_pro/build/mmr_interfaces/rosidl_adapter/mmr_interfaces.idls)
[0.764s]   returned error code 1:
[0.764s] 
[0.764s]   Traceback (most recent call last):
[0.764s] 
[0.765s]     File "/usr/lib/python3.10/runpy.py", line 196, in _run_module_as_main
[0.765s]       return _run_code(code, main_globals, None,
[0.765s]     File "/usr/lib/python3.10/runpy.py", line 86, in _run_code
[0.765s]       exec(code, run_globals)
[0.765s]     File "/opt/ros/humble/local/lib/python3.10/dist-packages/rosidl_adapter/__main__.py", line 19, in <module>
[0.765s]       sys.exit(main())
[0.765s]     File "/opt/ros/humble/local/lib/python3.10/dist-packages/rosidl_adapter/main.py", line 53, in main
[0.766s]       abs_idl_file = convert_to_idl(
[0.766s]     File "/opt/ros/humble/local/lib/python3.10/dist-packages/rosidl_adapter/__init__.py", line 23, in convert_to_idl
[0.766s]       from rosidl_adapter.srv import convert_srv_to_idl
[0.766s]     File "/opt/ros/humble/local/lib/python3.10/dist-packages/rosidl_adapter/srv/__init__.py", line 16, in <module>
[0.766s]       from rosidl_adapter.resource import expand_template
[0.767s]     File "/opt/ros/humble/local/lib/python3.10/dist-packages/rosidl_adapter/resource/__init__.py", line 19, in <module>
[0.767s]       import em
[0.767s] 
[0.767s]   ModuleNotFoundError: No module named 'em'
[0.767s] 
[0.767s] Call Stack (most recent call first):
[0.767s]   /opt/ros/humble/share/rosidl_cmake/cmake/rosidl_generate_interfaces.cmake:130 (rosidl_adapt_interfaces)
[0.767s]   CMakeLists.txt:8 (rosidl_generate_interfaces)
[0.768s] 
[0.768s] [0m
[0.768s] -- Configuring incomplete, errors occurred!
[0.768s] See also "/home/pandora/robot/ros2_pro/build/mmr_interfaces/CMakeFiles/CMakeOutput.log".
[0.786s] Invoked command in '/home/pandora/robot/ros2_pro/build/mmr_interfaces' returned '1': PS1=(.venv_production) \[\e]0;\u@\h: \w\a\]${debian_chroot:+($debian_chroot)}\[\033[01;32m\]\u@\h\[\033[00m\]:\[\033[01;34m\]\w\[\033[00m\]\$ VIRTUAL_ENV_PROMPT=(.venv_production) /usr/bin/cmake /home/pandora/robot/ros2_pro/src/mmr_interfaces -DCATKIN_INSTALL_INTO_PREFIX_ROOT=0 -DCATKIN_SYMLINK_INSTALL=ON -DCMAKE_INSTALL_PREFIX=/home/pandora/robot/ros2_pro/install/mmr_interfaces
