[0.196s] DEBUG:colcon:Command line arguments: ['/usr/bin/colcon', 'build', '--symlink-install']
[0.196s] DEBUG:colcon:Parsed command line arguments: Namespace(log_base=None, log_level=None, verb_name='build', build_base='build', install_base='install', merge_install=False, symlink_install=True, test_result_base=None, continue_on_error=False, executor='parallel', parallel_workers=8, event_handlers=None, ignore_user_meta=False, metas=['./colcon.meta'], base_paths=['.'], packages_ignore=None, packages_ignore_regex=None, paths=None, packages_up_to=None, packages_up_to_regex=None, packages_above=None, packages_above_and_dependencies=None, packages_above_depth=None, packages_select_by_dep=None, packages_skip_by_dep=None, packages_skip_up_to=None, packages_select_build_failed=False, packages_skip_build_finished=False, packages_select_test_failures=False, packages_skip_test_passed=False, packages_select=None, packages_skip=None, packages_select_regex=None, packages_skip_regex=None, packages_start=None, packages_end=None, allow_overriding=[], cmake_args=None, cmake_target=None, cmake_target_skip_unavailable=False, cmake_clean_cache=False, cmake_clean_first=False, cmake_force_configure=False, ament_cmake_args=None, catkin_cmake_args=None, catkin_skip_building_tests=False, mixin_files=None, mixin=None, verb_parser=<colcon_mixin.mixin.mixin_argument.MixinArgumentDecorator object at 0xffffa090f5b0>, verb_extension=<colcon_core.verb.build.BuildVerb object at 0xffffa090ebf0>, main=<bound method BuildVerb.main of <colcon_core.verb.build.BuildVerb object at 0xffffa090ebf0>>, mixin_verb=('build',))
[0.486s] Level 1:colcon.colcon_core.package_discovery:discover_packages(colcon_meta) check parameters
[0.487s] Level 1:colcon.colcon_core.package_discovery:discover_packages(recursive) check parameters
[0.487s] Level 1:colcon.colcon_core.package_discovery:discover_packages(ignore) check parameters
[0.487s] Level 1:colcon.colcon_core.package_discovery:discover_packages(path) check parameters
[0.487s] Level 1:colcon.colcon_core.package_discovery:discover_packages(colcon_meta) discover
[0.487s] Level 1:colcon.colcon_core.package_discovery:discover_packages(recursive) discover
[0.487s] INFO:colcon.colcon_core.package_discovery:Crawling recursively for packages in '/home/pandora/robot/ros2_pro'
[0.487s] Level 1:colcon.colcon_core.package_identification:_identify(.) by extensions ['ignore', 'ignore_ament_install']
[0.487s] Level 1:colcon.colcon_core.package_identification:_identify(.) by extension 'ignore'
[0.487s] Level 1:colcon.colcon_core.package_identification:_identify(.) by extension 'ignore_ament_install'
[0.488s] Level 1:colcon.colcon_core.package_identification:_identify(.) by extensions ['colcon_pkg']
[0.488s] Level 1:colcon.colcon_core.package_identification:_identify(.) by extension 'colcon_pkg'
[0.488s] Level 1:colcon.colcon_core.package_identification:_identify(.) by extensions ['colcon_meta']
[0.488s] Level 1:colcon.colcon_core.package_identification:_identify(.) by extension 'colcon_meta'
[0.488s] Level 1:colcon.colcon_core.package_identification:_identify(.) by extensions ['ros']
[0.488s] Level 1:colcon.colcon_core.package_identification:_identify(.) by extension 'ros'
[0.508s] Level 1:colcon.colcon_core.package_identification:_identify(.) by extensions ['cmake', 'python']
[0.509s] Level 1:colcon.colcon_core.package_identification:_identify(.) by extension 'cmake'
[0.509s] Level 1:colcon.colcon_core.package_identification:_identify(.) by extension 'python'
[0.509s] Level 1:colcon.colcon_core.package_identification:_identify(.) by extensions ['python_setup_py']
[0.509s] Level 1:colcon.colcon_core.package_identification:_identify(.) by extension 'python_setup_py'
[0.509s] Level 1:colcon.colcon_core.package_identification:_identify(build) by extensions ['ignore', 'ignore_ament_install']
[0.509s] Level 1:colcon.colcon_core.package_identification:_identify(build) by extension 'ignore'
[0.509s] Level 1:colcon.colcon_core.package_identification:_identify(build) ignored
[0.510s] Level 1:colcon.colcon_core.package_identification:_identify(install) by extensions ['ignore', 'ignore_ament_install']
[0.510s] Level 1:colcon.colcon_core.package_identification:_identify(install) by extension 'ignore'
[0.510s] Level 1:colcon.colcon_core.package_identification:_identify(install) ignored
[0.510s] Level 1:colcon.colcon_core.package_identification:_identify(log) by extensions ['ignore', 'ignore_ament_install']
[0.510s] Level 1:colcon.colcon_core.package_identification:_identify(log) by extension 'ignore'
[0.510s] Level 1:colcon.colcon_core.package_identification:_identify(log) ignored
[0.510s] Level 1:colcon.colcon_core.package_identification:_identify(src) by extensions ['ignore', 'ignore_ament_install']
[0.511s] Level 1:colcon.colcon_core.package_identification:_identify(src) by extension 'ignore'
[0.511s] Level 1:colcon.colcon_core.package_identification:_identify(src) by extension 'ignore_ament_install'
[0.511s] Level 1:colcon.colcon_core.package_identification:_identify(src) by extensions ['colcon_pkg']
[0.511s] Level 1:colcon.colcon_core.package_identification:_identify(src) by extension 'colcon_pkg'
[0.511s] Level 1:colcon.colcon_core.package_identification:_identify(src) by extensions ['colcon_meta']
[0.511s] Level 1:colcon.colcon_core.package_identification:_identify(src) by extension 'colcon_meta'
[0.511s] Level 1:colcon.colcon_core.package_identification:_identify(src) by extensions ['ros']
[0.511s] Level 1:colcon.colcon_core.package_identification:_identify(src) by extension 'ros'
[0.511s] Level 1:colcon.colcon_core.package_identification:_identify(src) by extensions ['cmake', 'python']
[0.511s] Level 1:colcon.colcon_core.package_identification:_identify(src) by extension 'cmake'
[0.511s] Level 1:colcon.colcon_core.package_identification:_identify(src) by extension 'python'
[0.511s] Level 1:colcon.colcon_core.package_identification:_identify(src) by extensions ['python_setup_py']
[0.511s] Level 1:colcon.colcon_core.package_identification:_identify(src) by extension 'python_setup_py'
[0.512s] Level 1:colcon.colcon_core.package_identification:_identify(src/amr_controller) by extensions ['ignore', 'ignore_ament_install']
[0.512s] Level 1:colcon.colcon_core.package_identification:_identify(src/amr_controller) by extension 'ignore'
[0.512s] Level 1:colcon.colcon_core.package_identification:_identify(src/amr_controller) by extension 'ignore_ament_install'
[0.512s] Level 1:colcon.colcon_core.package_identification:_identify(src/amr_controller) by extensions ['colcon_pkg']
[0.512s] Level 1:colcon.colcon_core.package_identification:_identify(src/amr_controller) by extension 'colcon_pkg'
[0.512s] Level 1:colcon.colcon_core.package_identification:_identify(src/amr_controller) by extensions ['colcon_meta']
[0.512s] Level 1:colcon.colcon_core.package_identification:_identify(src/amr_controller) by extension 'colcon_meta'
[0.512s] Level 1:colcon.colcon_core.package_identification:_identify(src/amr_controller) by extensions ['ros']
[0.512s] Level 1:colcon.colcon_core.package_identification:_identify(src/amr_controller) by extension 'ros'
[0.516s] DEBUG:colcon.colcon_core.package_identification:Package 'src/amr_controller' with type 'ros.ament_python' and name 'amr_controller'
[0.517s] Level 1:colcon.colcon_core.package_identification:_identify(src/kinetic) by extensions ['ignore', 'ignore_ament_install']
[0.517s] Level 1:colcon.colcon_core.package_identification:_identify(src/kinetic) by extension 'ignore'
[0.517s] Level 1:colcon.colcon_core.package_identification:_identify(src/kinetic) by extension 'ignore_ament_install'
[0.517s] Level 1:colcon.colcon_core.package_identification:_identify(src/kinetic) by extensions ['colcon_pkg']
[0.517s] Level 1:colcon.colcon_core.package_identification:_identify(src/kinetic) by extension 'colcon_pkg'
[0.517s] Level 1:colcon.colcon_core.package_identification:_identify(src/kinetic) by extensions ['colcon_meta']
[0.517s] Level 1:colcon.colcon_core.package_identification:_identify(src/kinetic) by extension 'colcon_meta'
[0.518s] Level 1:colcon.colcon_core.package_identification:_identify(src/kinetic) by extensions ['ros']
[0.518s] Level 1:colcon.colcon_core.package_identification:_identify(src/kinetic) by extension 'ros'
[0.518s] DEBUG:colcon.colcon_core.package_identification:Package 'src/kinetic' with type 'ros.ament_python' and name 'kinetic'
[0.519s] Level 1:colcon.colcon_core.package_identification:_identify(src/mmr_interfaces) by extensions ['ignore', 'ignore_ament_install']
[0.519s] Level 1:colcon.colcon_core.package_identification:_identify(src/mmr_interfaces) by extension 'ignore'
[0.519s] Level 1:colcon.colcon_core.package_identification:_identify(src/mmr_interfaces) by extension 'ignore_ament_install'
[0.519s] Level 1:colcon.colcon_core.package_identification:_identify(src/mmr_interfaces) by extensions ['colcon_pkg']
[0.519s] Level 1:colcon.colcon_core.package_identification:_identify(src/mmr_interfaces) by extension 'colcon_pkg'
[0.519s] Level 1:colcon.colcon_core.package_identification:_identify(src/mmr_interfaces) by extensions ['colcon_meta']
[0.519s] Level 1:colcon.colcon_core.package_identification:_identify(src/mmr_interfaces) by extension 'colcon_meta'
[0.519s] Level 1:colcon.colcon_core.package_identification:_identify(src/mmr_interfaces) by extensions ['ros']
[0.519s] Level 1:colcon.colcon_core.package_identification:_identify(src/mmr_interfaces) by extension 'ros'
[0.520s] DEBUG:colcon.colcon_core.package_identification:Package 'src/mmr_interfaces' with type 'ros.catkin' and name 'mmr_interfaces'
[0.520s] Level 1:colcon.colcon_core.package_identification:_identify(src/mmr_orchestrator) by extensions ['ignore', 'ignore_ament_install']
[0.521s] Level 1:colcon.colcon_core.package_identification:_identify(src/mmr_orchestrator) by extension 'ignore'
[0.521s] Level 1:colcon.colcon_core.package_identification:_identify(src/mmr_orchestrator) by extension 'ignore_ament_install'
[0.521s] Level 1:colcon.colcon_core.package_identification:_identify(src/mmr_orchestrator) by extensions ['colcon_pkg']
[0.521s] Level 1:colcon.colcon_core.package_identification:_identify(src/mmr_orchestrator) by extension 'colcon_pkg'
[0.521s] Level 1:colcon.colcon_core.package_identification:_identify(src/mmr_orchestrator) by extensions ['colcon_meta']
[0.521s] Level 1:colcon.colcon_core.package_identification:_identify(src/mmr_orchestrator) by extension 'colcon_meta'
[0.521s] Level 1:colcon.colcon_core.package_identification:_identify(src/mmr_orchestrator) by extensions ['ros']
[0.521s] Level 1:colcon.colcon_core.package_identification:_identify(src/mmr_orchestrator) by extension 'ros'
[0.522s] DEBUG:colcon.colcon_core.package_identification:Package 'src/mmr_orchestrator' with type 'ros.ament_python' and name 'mmr_orchestrator'
[0.522s] Level 1:colcon.colcon_core.package_identification:_identify(src/vision) by extensions ['ignore', 'ignore_ament_install']
[0.522s] Level 1:colcon.colcon_core.package_identification:_identify(src/vision) by extension 'ignore'
[0.522s] Level 1:colcon.colcon_core.package_identification:_identify(src/vision) by extension 'ignore_ament_install'
[0.523s] Level 1:colcon.colcon_core.package_identification:_identify(src/vision) by extensions ['colcon_pkg']
[0.523s] Level 1:colcon.colcon_core.package_identification:_identify(src/vision) by extension 'colcon_pkg'
[0.523s] Level 1:colcon.colcon_core.package_identification:_identify(src/vision) by extensions ['colcon_meta']
[0.523s] Level 1:colcon.colcon_core.package_identification:_identify(src/vision) by extension 'colcon_meta'
[0.523s] Level 1:colcon.colcon_core.package_identification:_identify(src/vision) by extensions ['ros']
[0.523s] Level 1:colcon.colcon_core.package_identification:_identify(src/vision) by extension 'ros'
[0.524s] DEBUG:colcon.colcon_core.package_identification:Package 'src/vision' with type 'ros.ament_python' and name 'vision'
[0.524s] Level 1:colcon.colcon_core.package_discovery:discover_packages(recursive) using defaults
[0.524s] Level 1:colcon.colcon_core.package_discovery:discover_packages(ignore) discover
[0.524s] Level 1:colcon.colcon_core.package_discovery:discover_packages(ignore) using defaults
[0.524s] Level 1:colcon.colcon_core.package_discovery:discover_packages(path) discover
[0.524s] Level 1:colcon.colcon_core.package_discovery:discover_packages(path) using defaults
[0.592s] Level 1:colcon.colcon_core.package_discovery:discover_packages(prefix_path) check parameters
[0.592s] Level 1:colcon.colcon_core.package_discovery:discover_packages(prefix_path) discover
[0.595s] DEBUG:colcon.colcon_installed_package_information.package_discovery:Found 5 installed packages in /home/pandora/robot/ros2_pro/install
[0.597s] DEBUG:colcon.colcon_installed_package_information.package_discovery:Found 271 installed packages in /opt/ros/humble
[0.599s] Level 1:colcon.colcon_core.package_discovery:discover_packages(prefix_path) using defaults
[0.659s] Level 5:colcon.colcon_core.verb:set package 'mmr_interfaces' build argument 'cmake_args' from command line to 'None'
[0.660s] Level 5:colcon.colcon_core.verb:set package 'mmr_interfaces' build argument 'cmake_target' from command line to 'None'
[0.660s] Level 5:colcon.colcon_core.verb:set package 'mmr_interfaces' build argument 'cmake_target_skip_unavailable' from command line to 'False'
[0.660s] Level 5:colcon.colcon_core.verb:set package 'mmr_interfaces' build argument 'cmake_clean_cache' from command line to 'False'
[0.660s] Level 5:colcon.colcon_core.verb:set package 'mmr_interfaces' build argument 'cmake_clean_first' from command line to 'False'
[0.660s] Level 5:colcon.colcon_core.verb:set package 'mmr_interfaces' build argument 'cmake_force_configure' from command line to 'False'
[0.660s] Level 5:colcon.colcon_core.verb:set package 'mmr_interfaces' build argument 'ament_cmake_args' from command line to 'None'
[0.660s] Level 5:colcon.colcon_core.verb:set package 'mmr_interfaces' build argument 'catkin_cmake_args' from command line to 'None'
[0.660s] Level 5:colcon.colcon_core.verb:set package 'mmr_interfaces' build argument 'catkin_skip_building_tests' from command line to 'False'
[0.660s] DEBUG:colcon.colcon_core.verb:Building package 'mmr_interfaces' with the following arguments: {'ament_cmake_args': None, 'build_base': '/home/pandora/robot/ros2_pro/build/mmr_interfaces', 'catkin_cmake_args': None, 'catkin_skip_building_tests': False, 'cmake_args': None, 'cmake_clean_cache': False, 'cmake_clean_first': False, 'cmake_force_configure': False, 'cmake_target': None, 'cmake_target_skip_unavailable': False, 'install_base': '/home/pandora/robot/ros2_pro/install/mmr_interfaces', 'merge_install': False, 'path': '/home/pandora/robot/ros2_pro/src/mmr_interfaces', 'symlink_install': True, 'test_result_base': None}
[0.661s] Level 5:colcon.colcon_core.verb:set package 'amr_controller' build argument 'cmake_args' from command line to 'None'
[0.661s] Level 5:colcon.colcon_core.verb:set package 'amr_controller' build argument 'cmake_target' from command line to 'None'
[0.661s] Level 5:colcon.colcon_core.verb:set package 'amr_controller' build argument 'cmake_target_skip_unavailable' from command line to 'False'
[0.661s] Level 5:colcon.colcon_core.verb:set package 'amr_controller' build argument 'cmake_clean_cache' from command line to 'False'
[0.661s] Level 5:colcon.colcon_core.verb:set package 'amr_controller' build argument 'cmake_clean_first' from command line to 'False'
[0.661s] Level 5:colcon.colcon_core.verb:set package 'amr_controller' build argument 'cmake_force_configure' from command line to 'False'
[0.661s] Level 5:colcon.colcon_core.verb:set package 'amr_controller' build argument 'ament_cmake_args' from command line to 'None'
[0.661s] Level 5:colcon.colcon_core.verb:set package 'amr_controller' build argument 'catkin_cmake_args' from command line to 'None'
[0.661s] Level 5:colcon.colcon_core.verb:set package 'amr_controller' build argument 'catkin_skip_building_tests' from command line to 'False'
[0.661s] DEBUG:colcon.colcon_core.verb:Building package 'amr_controller' with the following arguments: {'ament_cmake_args': None, 'build_base': '/home/pandora/robot/ros2_pro/build/amr_controller', 'catkin_cmake_args': None, 'catkin_skip_building_tests': False, 'cmake_args': None, 'cmake_clean_cache': False, 'cmake_clean_first': False, 'cmake_force_configure': False, 'cmake_target': None, 'cmake_target_skip_unavailable': False, 'install_base': '/home/pandora/robot/ros2_pro/install/amr_controller', 'merge_install': False, 'path': '/home/pandora/robot/ros2_pro/src/amr_controller', 'symlink_install': True, 'test_result_base': None}
[0.662s] Level 5:colcon.colcon_core.verb:set package 'kinetic' build argument 'cmake_args' from command line to 'None'
[0.662s] Level 5:colcon.colcon_core.verb:set package 'kinetic' build argument 'cmake_target' from command line to 'None'
[0.662s] Level 5:colcon.colcon_core.verb:set package 'kinetic' build argument 'cmake_target_skip_unavailable' from command line to 'False'
[0.662s] Level 5:colcon.colcon_core.verb:set package 'kinetic' build argument 'cmake_clean_cache' from command line to 'False'
[0.662s] Level 5:colcon.colcon_core.verb:set package 'kinetic' build argument 'cmake_clean_first' from command line to 'False'
[0.662s] Level 5:colcon.colcon_core.verb:set package 'kinetic' build argument 'cmake_force_configure' from command line to 'False'
[0.662s] Level 5:colcon.colcon_core.verb:set package 'kinetic' build argument 'ament_cmake_args' from command line to 'None'
[0.662s] Level 5:colcon.colcon_core.verb:set package 'kinetic' build argument 'catkin_cmake_args' from command line to 'None'
[0.662s] Level 5:colcon.colcon_core.verb:set package 'kinetic' build argument 'catkin_skip_building_tests' from command line to 'False'
[0.662s] DEBUG:colcon.colcon_core.verb:Building package 'kinetic' with the following arguments: {'ament_cmake_args': None, 'build_base': '/home/pandora/robot/ros2_pro/build/kinetic', 'catkin_cmake_args': None, 'catkin_skip_building_tests': False, 'cmake_args': None, 'cmake_clean_cache': False, 'cmake_clean_first': False, 'cmake_force_configure': False, 'cmake_target': None, 'cmake_target_skip_unavailable': False, 'install_base': '/home/pandora/robot/ros2_pro/install/kinetic', 'merge_install': False, 'path': '/home/pandora/robot/ros2_pro/src/kinetic', 'symlink_install': True, 'test_result_base': None}
[0.662s] Level 5:colcon.colcon_core.verb:set package 'mmr_orchestrator' build argument 'cmake_args' from command line to 'None'
[0.663s] Level 5:colcon.colcon_core.verb:set package 'mmr_orchestrator' build argument 'cmake_target' from command line to 'None'
[0.663s] Level 5:colcon.colcon_core.verb:set package 'mmr_orchestrator' build argument 'cmake_target_skip_unavailable' from command line to 'False'
[0.663s] Level 5:colcon.colcon_core.verb:set package 'mmr_orchestrator' build argument 'cmake_clean_cache' from command line to 'False'
[0.663s] Level 5:colcon.colcon_core.verb:set package 'mmr_orchestrator' build argument 'cmake_clean_first' from command line to 'False'
[0.663s] Level 5:colcon.colcon_core.verb:set package 'mmr_orchestrator' build argument 'cmake_force_configure' from command line to 'False'
[0.663s] Level 5:colcon.colcon_core.verb:set package 'mmr_orchestrator' build argument 'ament_cmake_args' from command line to 'None'
[0.663s] Level 5:colcon.colcon_core.verb:set package 'mmr_orchestrator' build argument 'catkin_cmake_args' from command line to 'None'
[0.663s] Level 5:colcon.colcon_core.verb:set package 'mmr_orchestrator' build argument 'catkin_skip_building_tests' from command line to 'False'
[0.663s] DEBUG:colcon.colcon_core.verb:Building package 'mmr_orchestrator' with the following arguments: {'ament_cmake_args': None, 'build_base': '/home/pandora/robot/ros2_pro/build/mmr_orchestrator', 'catkin_cmake_args': None, 'catkin_skip_building_tests': False, 'cmake_args': None, 'cmake_clean_cache': False, 'cmake_clean_first': False, 'cmake_force_configure': False, 'cmake_target': None, 'cmake_target_skip_unavailable': False, 'install_base': '/home/pandora/robot/ros2_pro/install/mmr_orchestrator', 'merge_install': False, 'path': '/home/pandora/robot/ros2_pro/src/mmr_orchestrator', 'symlink_install': True, 'test_result_base': None}
[0.663s] Level 5:colcon.colcon_core.verb:set package 'vision' build argument 'cmake_args' from command line to 'None'
[0.663s] Level 5:colcon.colcon_core.verb:set package 'vision' build argument 'cmake_target' from command line to 'None'
[0.663s] Level 5:colcon.colcon_core.verb:set package 'vision' build argument 'cmake_target_skip_unavailable' from command line to 'False'
[0.664s] Level 5:colcon.colcon_core.verb:set package 'vision' build argument 'cmake_clean_cache' from command line to 'False'
[0.664s] Level 5:colcon.colcon_core.verb:set package 'vision' build argument 'cmake_clean_first' from command line to 'False'
[0.664s] Level 5:colcon.colcon_core.verb:set package 'vision' build argument 'cmake_force_configure' from command line to 'False'
[0.664s] Level 5:colcon.colcon_core.verb:set package 'vision' build argument 'ament_cmake_args' from command line to 'None'
[0.664s] Level 5:colcon.colcon_core.verb:set package 'vision' build argument 'catkin_cmake_args' from command line to 'None'
[0.664s] Level 5:colcon.colcon_core.verb:set package 'vision' build argument 'catkin_skip_building_tests' from command line to 'False'
[0.664s] DEBUG:colcon.colcon_core.verb:Building package 'vision' with the following arguments: {'ament_cmake_args': None, 'build_base': '/home/pandora/robot/ros2_pro/build/vision', 'catkin_cmake_args': None, 'catkin_skip_building_tests': False, 'cmake_args': None, 'cmake_clean_cache': False, 'cmake_clean_first': False, 'cmake_force_configure': False, 'cmake_target': None, 'cmake_target_skip_unavailable': False, 'install_base': '/home/pandora/robot/ros2_pro/install/vision', 'merge_install': False, 'path': '/home/pandora/robot/ros2_pro/src/vision', 'symlink_install': True, 'test_result_base': None}
[0.664s] INFO:colcon.colcon_core.executor:Executing jobs using 'parallel' executor
[0.666s] DEBUG:colcon.colcon_parallel_executor.executor.parallel:run_until_complete
[0.667s] INFO:colcon.colcon_ros.task.catkin.build:Building ROS package in '/home/pandora/robot/ros2_pro/src/mmr_interfaces' with build type 'catkin'
[0.667s] INFO:colcon.colcon_cmake.task.cmake.build:Building CMake package in '/home/pandora/robot/ros2_pro/src/mmr_interfaces'
[0.671s] INFO:colcon.colcon_core.plugin_system:Skipping extension 'colcon_core.shell.bat': Not used on non-Windows systems
[0.671s] INFO:colcon.colcon_core.shell:Skip shell extension 'powershell' for command environment: Not usable outside of PowerShell
[0.672s] DEBUG:colcon.colcon_core.shell:Skip shell extension 'dsv' for command environment
[0.687s] DEBUG:colcon.colcon_core.event_handler.log_command:Invoking command in '/home/pandora/robot/ros2_pro/build/mmr_interfaces': PS1=(.venv_production) \[\e]0;\u@\h: \w\a\]${debian_chroot:+($debian_chroot)}\[\033[01;32m\]\u@\h\[\033[00m\]:\[\033[01;34m\]\w\[\033[00m\]\$ VIRTUAL_ENV_PROMPT=(.venv_production) /usr/bin/cmake --build /home/pandora/robot/ros2_pro/build/mmr_interfaces -- -j8 -l8
[1.270s] DEBUG:colcon.colcon_core.event_handler.log_command:Invoked command in '/home/pandora/robot/ros2_pro/build/mmr_interfaces' returned '0': PS1=(.venv_production) \[\e]0;\u@\h: \w\a\]${debian_chroot:+($debian_chroot)}\[\033[01;32m\]\u@\h\[\033[00m\]:\[\033[01;34m\]\w\[\033[00m\]\$ VIRTUAL_ENV_PROMPT=(.venv_production) /usr/bin/cmake --build /home/pandora/robot/ros2_pro/build/mmr_interfaces -- -j8 -l8
[1.287s] DEBUG:colcon.colcon_core.event_handler.log_command:Invoking command in '/home/pandora/robot/ros2_pro/build/mmr_interfaces': PS1=(.venv_production) \[\e]0;\u@\h: \w\a\]${debian_chroot:+($debian_chroot)}\[\033[01;32m\]\u@\h\[\033[00m\]:\[\033[01;34m\]\w\[\033[00m\]\$ VIRTUAL_ENV_PROMPT=(.venv_production) /usr/bin/cmake --install /home/pandora/robot/ros2_pro/build/mmr_interfaces
[1.400s] DEBUG:colcon.colcon_core.event_handler.log_command:Invoked command in '/home/pandora/robot/ros2_pro/build/mmr_interfaces' returned '0': PS1=(.venv_production) \[\e]0;\u@\h: \w\a\]${debian_chroot:+($debian_chroot)}\[\033[01;32m\]\u@\h\[\033[00m\]:\[\033[01;34m\]\w\[\033[00m\]\$ VIRTUAL_ENV_PROMPT=(.venv_production) /usr/bin/cmake --install /home/pandora/robot/ros2_pro/build/mmr_interfaces
[1.400s] Level 1:colcon.colcon_core.shell:create_environment_hook('mmr_interfaces', 'ros_package_path')
[1.401s] INFO:colcon.colcon_core.shell:Creating environment hook '/home/pandora/robot/ros2_pro/install/mmr_interfaces/share/mmr_interfaces/hook/ros_package_path.ps1'
[1.402s] INFO:colcon.colcon_core.shell:Creating environment descriptor '/home/pandora/robot/ros2_pro/install/mmr_interfaces/share/mmr_interfaces/hook/ros_package_path.dsv'
[1.403s] INFO:colcon.colcon_core.shell:Creating environment hook '/home/pandora/robot/ros2_pro/install/mmr_interfaces/share/mmr_interfaces/hook/ros_package_path.sh'
[1.404s] Level 1:colcon.colcon_ros.task.catkin:checking '/home/pandora/robot/ros2_pro/install/mmr_interfaces/lib/python3.10/site-packages'
[1.404s] Level 1:colcon.colcon_core.shell:create_environment_hook('mmr_interfaces', 'catkin_pythonpath')
[1.405s] INFO:colcon.colcon_core.shell:Creating environment hook '/home/pandora/robot/ros2_pro/install/mmr_interfaces/share/mmr_interfaces/hook/catkin_pythonpath.ps1'
[1.405s] INFO:colcon.colcon_core.shell:Creating environment descriptor '/home/pandora/robot/ros2_pro/install/mmr_interfaces/share/mmr_interfaces/hook/catkin_pythonpath.dsv'
[1.406s] INFO:colcon.colcon_core.shell:Creating environment hook '/home/pandora/robot/ros2_pro/install/mmr_interfaces/share/mmr_interfaces/hook/catkin_pythonpath.sh'
[1.407s] Level 1:colcon.colcon_core.shell:create_environment_hook('mmr_interfaces', 'pkg_config_path')
[1.407s] INFO:colcon.colcon_core.shell:Creating environment hook '/home/pandora/robot/ros2_pro/install/mmr_interfaces/share/mmr_interfaces/hook/pkg_config_path.ps1'
[1.408s] INFO:colcon.colcon_core.shell:Creating environment descriptor '/home/pandora/robot/ros2_pro/install/mmr_interfaces/share/mmr_interfaces/hook/pkg_config_path.dsv'
[1.408s] INFO:colcon.colcon_core.shell:Creating environment hook '/home/pandora/robot/ros2_pro/install/mmr_interfaces/share/mmr_interfaces/hook/pkg_config_path.sh'
[1.412s] Level 1:colcon.colcon_core.shell:create_environment_hook('mmr_interfaces', 'pkg_config_path_multiarch')
[1.412s] INFO:colcon.colcon_core.shell:Creating environment hook '/home/pandora/robot/ros2_pro/install/mmr_interfaces/share/mmr_interfaces/hook/pkg_config_path_multiarch.ps1'
[1.413s] INFO:colcon.colcon_core.shell:Creating environment descriptor '/home/pandora/robot/ros2_pro/install/mmr_interfaces/share/mmr_interfaces/hook/pkg_config_path_multiarch.dsv'
[1.414s] INFO:colcon.colcon_core.shell:Creating environment hook '/home/pandora/robot/ros2_pro/install/mmr_interfaces/share/mmr_interfaces/hook/pkg_config_path_multiarch.sh'
[1.416s] Level 1:colcon.colcon_core.environment:create_environment_scripts_only(mmr_interfaces)
[1.420s] Level 1:colcon.colcon_core.environment:checking '/home/pandora/robot/ros2_pro/install/mmr_interfaces' for CMake module files
[1.422s] Level 1:colcon.colcon_core.environment:checking '/home/pandora/robot/ros2_pro/install/mmr_interfaces' for CMake config files
[1.424s] Level 1:colcon.colcon_core.shell:create_environment_hook('mmr_interfaces', 'cmake_prefix_path')
[1.424s] INFO:colcon.colcon_core.shell:Creating environment hook '/home/pandora/robot/ros2_pro/install/mmr_interfaces/share/mmr_interfaces/hook/cmake_prefix_path.ps1'
[1.425s] INFO:colcon.colcon_core.shell:Creating environment descriptor '/home/pandora/robot/ros2_pro/install/mmr_interfaces/share/mmr_interfaces/hook/cmake_prefix_path.dsv'
[1.426s] INFO:colcon.colcon_core.shell:Creating environment hook '/home/pandora/robot/ros2_pro/install/mmr_interfaces/share/mmr_interfaces/hook/cmake_prefix_path.sh'
[1.427s] Level 1:colcon.colcon_core.environment:checking '/home/pandora/robot/ros2_pro/install/mmr_interfaces/lib'
[1.428s] Level 1:colcon.colcon_core.shell:create_environment_hook('mmr_interfaces', 'ld_library_path_lib')
[1.428s] INFO:colcon.colcon_core.shell:Creating environment hook '/home/pandora/robot/ros2_pro/install/mmr_interfaces/share/mmr_interfaces/hook/ld_library_path_lib.ps1'
[1.429s] INFO:colcon.colcon_core.shell:Creating environment descriptor '/home/pandora/robot/ros2_pro/install/mmr_interfaces/share/mmr_interfaces/hook/ld_library_path_lib.dsv'
[1.430s] INFO:colcon.colcon_core.shell:Creating environment hook '/home/pandora/robot/ros2_pro/install/mmr_interfaces/share/mmr_interfaces/hook/ld_library_path_lib.sh'
[1.431s] Level 1:colcon.colcon_core.environment:checking '/home/pandora/robot/ros2_pro/install/mmr_interfaces/bin'
[1.432s] Level 1:colcon.colcon_core.environment:checking '/home/pandora/robot/ros2_pro/install/mmr_interfaces/lib/pkgconfig/mmr_interfaces.pc'
[1.432s] Level 1:colcon.colcon_core.environment:checking '/home/pandora/robot/ros2_pro/install/mmr_interfaces/lib/python3.10/site-packages'
[1.432s] Level 1:colcon.colcon_core.shell:create_environment_hook('mmr_interfaces', 'pythonpath')
[1.433s] INFO:colcon.colcon_core.shell:Creating environment hook '/home/pandora/robot/ros2_pro/install/mmr_interfaces/share/mmr_interfaces/hook/pythonpath.ps1'
[1.434s] INFO:colcon.colcon_core.shell:Creating environment descriptor '/home/pandora/robot/ros2_pro/install/mmr_interfaces/share/mmr_interfaces/hook/pythonpath.dsv'
[1.435s] INFO:colcon.colcon_core.shell:Creating environment hook '/home/pandora/robot/ros2_pro/install/mmr_interfaces/share/mmr_interfaces/hook/pythonpath.sh'
[1.437s] Level 1:colcon.colcon_core.environment:checking '/home/pandora/robot/ros2_pro/install/mmr_interfaces/bin'
[1.438s] INFO:colcon.colcon_core.shell:Creating package script '/home/pandora/robot/ros2_pro/install/mmr_interfaces/share/mmr_interfaces/package.ps1'
[1.441s] INFO:colcon.colcon_core.shell:Creating package descriptor '/home/pandora/robot/ros2_pro/install/mmr_interfaces/share/mmr_interfaces/package.dsv'
[1.442s] INFO:colcon.colcon_core.shell:Creating package script '/home/pandora/robot/ros2_pro/install/mmr_interfaces/share/mmr_interfaces/package.sh'
[1.444s] INFO:colcon.colcon_core.shell:Creating package script '/home/pandora/robot/ros2_pro/install/mmr_interfaces/share/mmr_interfaces/package.bash'
[1.446s] INFO:colcon.colcon_core.shell:Creating package script '/home/pandora/robot/ros2_pro/install/mmr_interfaces/share/mmr_interfaces/package.zsh'
[1.448s] Level 1:colcon.colcon_core.environment:create_file_with_runtime_dependencies(/home/pandora/robot/ros2_pro/install/mmr_interfaces/share/colcon-core/packages/mmr_interfaces)
[1.449s] INFO:colcon.colcon_ros.task.ament_python.build:Building ROS package in '/home/pandora/robot/ros2_pro/src/amr_controller' with build type 'ament_python'
[1.449s] Level 1:colcon.colcon_core.shell:create_environment_hook('amr_controller', 'ament_prefix_path')
[1.450s] INFO:colcon.colcon_core.shell:Creating environment hook '/home/pandora/robot/ros2_pro/install/amr_controller/share/amr_controller/hook/ament_prefix_path.ps1'
[1.452s] INFO:colcon.colcon_core.shell:Creating environment descriptor '/home/pandora/robot/ros2_pro/install/amr_controller/share/amr_controller/hook/ament_prefix_path.dsv'
[1.453s] INFO:colcon.colcon_core.shell:Creating environment hook '/home/pandora/robot/ros2_pro/install/amr_controller/share/amr_controller/hook/ament_prefix_path.sh'
[1.454s] INFO:colcon.colcon_core.shell:Skip shell extension 'powershell' for command environment: Not usable outside of PowerShell
[1.454s] DEBUG:colcon.colcon_core.shell:Skip shell extension 'dsv' for command environment
[1.462s] INFO:colcon.colcon_ros.task.ament_python.build:Building ROS package in '/home/pandora/robot/ros2_pro/src/kinetic' with build type 'ament_python'
[1.463s] Level 1:colcon.colcon_core.shell:create_environment_hook('kinetic', 'ament_prefix_path')
[1.463s] INFO:colcon.colcon_core.shell:Creating environment hook '/home/pandora/robot/ros2_pro/install/kinetic/share/kinetic/hook/ament_prefix_path.ps1'
[1.464s] INFO:colcon.colcon_core.shell:Creating environment descriptor '/home/pandora/robot/ros2_pro/install/kinetic/share/kinetic/hook/ament_prefix_path.dsv'
[1.465s] INFO:colcon.colcon_core.shell:Creating environment hook '/home/pandora/robot/ros2_pro/install/kinetic/share/kinetic/hook/ament_prefix_path.sh'
[1.467s] INFO:colcon.colcon_core.shell:Skip shell extension 'powershell' for command environment: Not usable outside of PowerShell
[1.467s] DEBUG:colcon.colcon_core.shell:Skip shell extension 'dsv' for command environment
[1.474s] INFO:colcon.colcon_ros.task.ament_python.build:Building ROS package in '/home/pandora/robot/ros2_pro/src/mmr_orchestrator' with build type 'ament_python'
[1.474s] Level 1:colcon.colcon_core.shell:create_environment_hook('mmr_orchestrator', 'ament_prefix_path')
[1.475s] INFO:colcon.colcon_core.shell:Creating environment hook '/home/pandora/robot/ros2_pro/install/mmr_orchestrator/share/mmr_orchestrator/hook/ament_prefix_path.ps1'
[1.476s] INFO:colcon.colcon_core.shell:Creating environment descriptor '/home/pandora/robot/ros2_pro/install/mmr_orchestrator/share/mmr_orchestrator/hook/ament_prefix_path.dsv'
[1.477s] INFO:colcon.colcon_core.shell:Creating environment hook '/home/pandora/robot/ros2_pro/install/mmr_orchestrator/share/mmr_orchestrator/hook/ament_prefix_path.sh'
[1.478s] INFO:colcon.colcon_core.shell:Skip shell extension 'powershell' for command environment: Not usable outside of PowerShell
[1.478s] DEBUG:colcon.colcon_core.shell:Skip shell extension 'dsv' for command environment
[1.484s] INFO:colcon.colcon_ros.task.ament_python.build:Building ROS package in '/home/pandora/robot/ros2_pro/src/vision' with build type 'ament_python'
[1.485s] Level 1:colcon.colcon_core.shell:create_environment_hook('vision', 'ament_prefix_path')
[1.485s] INFO:colcon.colcon_core.shell:Creating environment hook '/home/pandora/robot/ros2_pro/install/vision/share/vision/hook/ament_prefix_path.ps1'
[1.487s] INFO:colcon.colcon_core.shell:Creating environment descriptor '/home/pandora/robot/ros2_pro/install/vision/share/vision/hook/ament_prefix_path.dsv'
[1.488s] INFO:colcon.colcon_core.shell:Creating environment hook '/home/pandora/robot/ros2_pro/install/vision/share/vision/hook/ament_prefix_path.sh'
[1.489s] INFO:colcon.colcon_core.shell:Skip shell extension 'powershell' for command environment: Not usable outside of PowerShell
[1.489s] DEBUG:colcon.colcon_core.shell:Skip shell extension 'dsv' for command environment
[1.966s] INFO:colcon.colcon_core.task.python.build:Building Python package in '/home/pandora/robot/ros2_pro/src/amr_controller'
[1.967s] INFO:colcon.colcon_core.shell:Skip shell extension 'powershell' for command environment: Not usable outside of PowerShell
[1.967s] DEBUG:colcon.colcon_core.shell:Skip shell extension 'dsv' for command environment
[2.439s] INFO:colcon.colcon_core.task.python.build:Building Python package in '/home/pandora/robot/ros2_pro/src/kinetic'
[2.439s] INFO:colcon.colcon_core.shell:Skip shell extension 'powershell' for command environment: Not usable outside of PowerShell
[2.439s] DEBUG:colcon.colcon_core.shell:Skip shell extension 'dsv' for command environment
[2.917s] INFO:colcon.colcon_core.task.python.build:Building Python package in '/home/pandora/robot/ros2_pro/src/mmr_orchestrator'
[2.918s] INFO:colcon.colcon_core.shell:Skip shell extension 'powershell' for command environment: Not usable outside of PowerShell
[2.918s] DEBUG:colcon.colcon_core.shell:Skip shell extension 'dsv' for command environment
[3.378s] INFO:colcon.colcon_core.task.python.build:Building Python package in '/home/pandora/robot/ros2_pro/src/vision'
[3.380s] INFO:colcon.colcon_core.shell:Skip shell extension 'powershell' for command environment: Not usable outside of PowerShell
[3.380s] DEBUG:colcon.colcon_core.shell:Skip shell extension 'dsv' for command environment
[4.041s] DEBUG:colcon.colcon_core.event_handler.log_command:Invoking command in '/home/pandora/robot/ros2_pro/build/kinetic': PS1=(.venv_production) \[\e]0;\u@\h: \w\a\]${debian_chroot:+($debian_chroot)}\[\033[01;32m\]\u@\h\[\033[00m\]:\[\033[01;34m\]\w\[\033[00m\]\$ PYTHONPATH=/home/pandora/robot/ros2_pro/build/kinetic/prefix_override:/usr/lib/python3/dist-packages/colcon_core/task/python/colcon_distutils_commands:/home/pandora/robot/ros2_pro/install/kinetic/lib/python3.10/site-packages:/home/pandora/robot/ros2_pro/install/mmr_interfaces/lib/python3.10/site-packages:/home/pandora/robot/ros2_pro/build/vision:/home/pandora/robot/ros2_pro/install/vision/lib/python3.10/site-packages:/home/pandora/robot/ros2_pro/build/mmr_orchestrator:/home/pandora/robot/ros2_pro/install/mmr_orchestrator/lib/python3.10/site-packages:/home/pandora/robot/ros2_pro/build/kinetic:/home/pandora/robot/ros2_pro/install/kinetic/lib/python3.10/site-packages:/home/pandora/robot/ros2_pro/build/amr_controller:/home/pandora/robot/ros2_pro/install/amr_controller/lib/python3.10/site-packages:/opt/ros/humble/lib/python3.10/site-packages:/opt/ros/humble/local/lib/python3.10/dist-packages VIRTUAL_ENV_PROMPT=(.venv_production) /usr/bin/python3 -W ignore:setup.py install is deprecated -W ignore:easy_install command is deprecated setup.py develop --editable --build-directory /home/pandora/robot/ros2_pro/build/kinetic/build --no-deps symlink_data
[4.044s] DEBUG:colcon.colcon_core.event_handler.log_command:Invoking command in '/home/pandora/robot/ros2_pro/build/mmr_orchestrator': PS1=(.venv_production) \[\e]0;\u@\h: \w\a\]${debian_chroot:+($debian_chroot)}\[\033[01;32m\]\u@\h\[\033[00m\]:\[\033[01;34m\]\w\[\033[00m\]\$ PYTHONPATH=/home/pandora/robot/ros2_pro/build/mmr_orchestrator/prefix_override:/usr/lib/python3/dist-packages/colcon_core/task/python/colcon_distutils_commands:/home/pandora/robot/ros2_pro/install/mmr_orchestrator/lib/python3.10/site-packages:/home/pandora/robot/ros2_pro/install/mmr_interfaces/lib/python3.10/site-packages:/home/pandora/robot/ros2_pro/build/vision:/home/pandora/robot/ros2_pro/install/vision/lib/python3.10/site-packages:/home/pandora/robot/ros2_pro/build/mmr_orchestrator:/home/pandora/robot/ros2_pro/install/mmr_orchestrator/lib/python3.10/site-packages:/home/pandora/robot/ros2_pro/build/kinetic:/home/pandora/robot/ros2_pro/install/kinetic/lib/python3.10/site-packages:/home/pandora/robot/ros2_pro/build/amr_controller:/home/pandora/robot/ros2_pro/install/amr_controller/lib/python3.10/site-packages:/opt/ros/humble/lib/python3.10/site-packages:/opt/ros/humble/local/lib/python3.10/dist-packages VIRTUAL_ENV_PROMPT=(.venv_production) /usr/bin/python3 -W ignore:setup.py install is deprecated -W ignore:easy_install command is deprecated setup.py develop --editable --build-directory /home/pandora/robot/ros2_pro/build/mmr_orchestrator/build --no-deps symlink_data
[4.051s] DEBUG:colcon.colcon_core.event_handler.log_command:Invoking command in '/home/pandora/robot/ros2_pro/build/amr_controller': PS1=(.venv_production) \[\e]0;\u@\h: \w\a\]${debian_chroot:+($debian_chroot)}\[\033[01;32m\]\u@\h\[\033[00m\]:\[\033[01;34m\]\w\[\033[00m\]\$ PYTHONPATH=/home/pandora/robot/ros2_pro/build/amr_controller/prefix_override:/usr/lib/python3/dist-packages/colcon_core/task/python/colcon_distutils_commands:/home/pandora/robot/ros2_pro/install/amr_controller/lib/python3.10/site-packages:/home/pandora/robot/ros2_pro/install/mmr_interfaces/lib/python3.10/site-packages:/home/pandora/robot/ros2_pro/build/vision:/home/pandora/robot/ros2_pro/install/vision/lib/python3.10/site-packages:/home/pandora/robot/ros2_pro/build/mmr_orchestrator:/home/pandora/robot/ros2_pro/install/mmr_orchestrator/lib/python3.10/site-packages:/home/pandora/robot/ros2_pro/build/kinetic:/home/pandora/robot/ros2_pro/install/kinetic/lib/python3.10/site-packages:/home/pandora/robot/ros2_pro/build/amr_controller:/home/pandora/robot/ros2_pro/install/amr_controller/lib/python3.10/site-packages:/opt/ros/humble/lib/python3.10/site-packages:/opt/ros/humble/local/lib/python3.10/dist-packages VIRTUAL_ENV_PROMPT=(.venv_production) /usr/bin/python3 -W ignore:setup.py install is deprecated -W ignore:easy_install command is deprecated setup.py develop --editable --build-directory /home/pandora/robot/ros2_pro/build/amr_controller/build --no-deps symlink_data
[4.057s] DEBUG:colcon.colcon_core.event_handler.log_command:Invoking command in '/home/pandora/robot/ros2_pro/build/vision': PS1=(.venv_production) \[\e]0;\u@\h: \w\a\]${debian_chroot:+($debian_chroot)}\[\033[01;32m\]\u@\h\[\033[00m\]:\[\033[01;34m\]\w\[\033[00m\]\$ PYTHONPATH=/home/pandora/robot/ros2_pro/build/vision/prefix_override:/usr/lib/python3/dist-packages/colcon_core/task/python/colcon_distutils_commands:/home/pandora/robot/ros2_pro/install/vision/lib/python3.10/site-packages:/home/pandora/robot/ros2_pro/install/mmr_interfaces/lib/python3.10/site-packages:/home/pandora/robot/ros2_pro/build/vision:/home/pandora/robot/ros2_pro/install/vision/lib/python3.10/site-packages:/home/pandora/robot/ros2_pro/build/mmr_orchestrator:/home/pandora/robot/ros2_pro/install/mmr_orchestrator/lib/python3.10/site-packages:/home/pandora/robot/ros2_pro/build/kinetic:/home/pandora/robot/ros2_pro/install/kinetic/lib/python3.10/site-packages:/home/pandora/robot/ros2_pro/build/amr_controller:/home/pandora/robot/ros2_pro/install/amr_controller/lib/python3.10/site-packages:/opt/ros/humble/lib/python3.10/site-packages:/opt/ros/humble/local/lib/python3.10/dist-packages VIRTUAL_ENV_PROMPT=(.venv_production) /usr/bin/python3 -W ignore:setup.py install is deprecated -W ignore:easy_install command is deprecated setup.py develop --editable --build-directory /home/pandora/robot/ros2_pro/build/vision/build --no-deps symlink_data
[4.888s] Level 1:colcon.colcon_core.shell:create_environment_hook('mmr_orchestrator', 'pythonpath_develop')
[4.889s] INFO:colcon.colcon_core.shell:Creating environment hook '/home/pandora/robot/ros2_pro/build/mmr_orchestrator/share/mmr_orchestrator/hook/pythonpath_develop.ps1'
[4.891s] DEBUG:colcon.colcon_core.event_handler.log_command:Invoked command in '/home/pandora/robot/ros2_pro/build/mmr_orchestrator' returned '0': PS1=(.venv_production) \[\e]0;\u@\h: \w\a\]${debian_chroot:+($debian_chroot)}\[\033[01;32m\]\u@\h\[\033[00m\]:\[\033[01;34m\]\w\[\033[00m\]\$ PYTHONPATH=/home/pandora/robot/ros2_pro/build/mmr_orchestrator/prefix_override:/usr/lib/python3/dist-packages/colcon_core/task/python/colcon_distutils_commands:/home/pandora/robot/ros2_pro/install/mmr_orchestrator/lib/python3.10/site-packages:/home/pandora/robot/ros2_pro/install/mmr_interfaces/lib/python3.10/site-packages:/home/pandora/robot/ros2_pro/build/vision:/home/pandora/robot/ros2_pro/install/vision/lib/python3.10/site-packages:/home/pandora/robot/ros2_pro/build/mmr_orchestrator:/home/pandora/robot/ros2_pro/install/mmr_orchestrator/lib/python3.10/site-packages:/home/pandora/robot/ros2_pro/build/kinetic:/home/pandora/robot/ros2_pro/install/kinetic/lib/python3.10/site-packages:/home/pandora/robot/ros2_pro/build/amr_controller:/home/pandora/robot/ros2_pro/install/amr_controller/lib/python3.10/site-packages:/opt/ros/humble/lib/python3.10/site-packages:/opt/ros/humble/local/lib/python3.10/dist-packages VIRTUAL_ENV_PROMPT=(.venv_production) /usr/bin/python3 -W ignore:setup.py install is deprecated -W ignore:easy_install command is deprecated setup.py develop --editable --build-directory /home/pandora/robot/ros2_pro/build/mmr_orchestrator/build --no-deps symlink_data
[4.893s] INFO:colcon.colcon_core.shell:Creating environment descriptor '/home/pandora/robot/ros2_pro/build/mmr_orchestrator/share/mmr_orchestrator/hook/pythonpath_develop.dsv'
[4.895s] INFO:colcon.colcon_core.shell:Creating environment hook '/home/pandora/robot/ros2_pro/build/mmr_orchestrator/share/mmr_orchestrator/hook/pythonpath_develop.sh'
[4.897s] Level 1:colcon.colcon_core.environment:checking '/home/pandora/robot/ros2_pro/install/mmr_orchestrator' for CMake module files
[4.898s] Level 1:colcon.colcon_core.environment:checking '/home/pandora/robot/ros2_pro/install/mmr_orchestrator' for CMake config files
[4.900s] Level 1:colcon.colcon_core.environment:checking '/home/pandora/robot/ros2_pro/install/mmr_orchestrator/lib'
[4.900s] Level 1:colcon.colcon_core.environment:checking '/home/pandora/robot/ros2_pro/install/mmr_orchestrator/bin'
[4.901s] Level 1:colcon.colcon_core.environment:checking '/home/pandora/robot/ros2_pro/install/mmr_orchestrator/lib/pkgconfig/mmr_orchestrator.pc'
[4.902s] Level 1:colcon.colcon_core.environment:checking '/home/pandora/robot/ros2_pro/install/mmr_orchestrator/lib/python3.10/site-packages'
[4.902s] Level 1:colcon.colcon_core.shell:create_environment_hook('mmr_orchestrator', 'pythonpath')
[4.903s] INFO:colcon.colcon_core.shell:Creating environment hook '/home/pandora/robot/ros2_pro/install/mmr_orchestrator/share/mmr_orchestrator/hook/pythonpath.ps1'
[4.905s] INFO:colcon.colcon_core.shell:Creating environment descriptor '/home/pandora/robot/ros2_pro/install/mmr_orchestrator/share/mmr_orchestrator/hook/pythonpath.dsv'
[4.906s] INFO:colcon.colcon_core.shell:Creating environment hook '/home/pandora/robot/ros2_pro/install/mmr_orchestrator/share/mmr_orchestrator/hook/pythonpath.sh'
[4.909s] Level 1:colcon.colcon_core.environment:checking '/home/pandora/robot/ros2_pro/install/mmr_orchestrator/bin'
[4.909s] Level 1:colcon.colcon_core.environment:create_environment_scripts_only(mmr_orchestrator)
[4.910s] INFO:colcon.colcon_core.shell:Creating package script '/home/pandora/robot/ros2_pro/install/mmr_orchestrator/share/mmr_orchestrator/package.ps1'
[4.912s] INFO:colcon.colcon_core.shell:Creating package descriptor '/home/pandora/robot/ros2_pro/install/mmr_orchestrator/share/mmr_orchestrator/package.dsv'
[4.914s] INFO:colcon.colcon_core.shell:Creating package script '/home/pandora/robot/ros2_pro/install/mmr_orchestrator/share/mmr_orchestrator/package.sh'
[4.916s] INFO:colcon.colcon_core.shell:Creating package script '/home/pandora/robot/ros2_pro/install/mmr_orchestrator/share/mmr_orchestrator/package.bash'
[4.917s] INFO:colcon.colcon_core.shell:Creating package script '/home/pandora/robot/ros2_pro/install/mmr_orchestrator/share/mmr_orchestrator/package.zsh'
[4.918s] Level 1:colcon.colcon_core.environment:create_file_with_runtime_dependencies(/home/pandora/robot/ros2_pro/install/mmr_orchestrator/share/colcon-core/packages/mmr_orchestrator)
[4.919s] Level 1:colcon.colcon_core.shell:create_environment_hook('kinetic', 'pythonpath_develop')
[4.920s] INFO:colcon.colcon_core.shell:Creating environment hook '/home/pandora/robot/ros2_pro/build/kinetic/share/kinetic/hook/pythonpath_develop.ps1'
[4.924s] INFO:colcon.colcon_core.shell:Creating environment descriptor '/home/pandora/robot/ros2_pro/build/kinetic/share/kinetic/hook/pythonpath_develop.dsv'
[4.925s] DEBUG:colcon.colcon_core.event_handler.log_command:Invoked command in '/home/pandora/robot/ros2_pro/build/kinetic' returned '0': PS1=(.venv_production) \[\e]0;\u@\h: \w\a\]${debian_chroot:+($debian_chroot)}\[\033[01;32m\]\u@\h\[\033[00m\]:\[\033[01;34m\]\w\[\033[00m\]\$ PYTHONPATH=/home/pandora/robot/ros2_pro/build/kinetic/prefix_override:/usr/lib/python3/dist-packages/colcon_core/task/python/colcon_distutils_commands:/home/pandora/robot/ros2_pro/install/kinetic/lib/python3.10/site-packages:/home/pandora/robot/ros2_pro/install/mmr_interfaces/lib/python3.10/site-packages:/home/pandora/robot/ros2_pro/build/vision:/home/pandora/robot/ros2_pro/install/vision/lib/python3.10/site-packages:/home/pandora/robot/ros2_pro/build/mmr_orchestrator:/home/pandora/robot/ros2_pro/install/mmr_orchestrator/lib/python3.10/site-packages:/home/pandora/robot/ros2_pro/build/kinetic:/home/pandora/robot/ros2_pro/install/kinetic/lib/python3.10/site-packages:/home/pandora/robot/ros2_pro/build/amr_controller:/home/pandora/robot/ros2_pro/install/amr_controller/lib/python3.10/site-packages:/opt/ros/humble/lib/python3.10/site-packages:/opt/ros/humble/local/lib/python3.10/dist-packages VIRTUAL_ENV_PROMPT=(.venv_production) /usr/bin/python3 -W ignore:setup.py install is deprecated -W ignore:easy_install command is deprecated setup.py develop --editable --build-directory /home/pandora/robot/ros2_pro/build/kinetic/build --no-deps symlink_data
[4.925s] INFO:colcon.colcon_core.shell:Creating environment hook '/home/pandora/robot/ros2_pro/build/kinetic/share/kinetic/hook/pythonpath_develop.sh'
[4.927s] Level 1:colcon.colcon_core.environment:checking '/home/pandora/robot/ros2_pro/install/kinetic' for CMake module files
[4.928s] Level 1:colcon.colcon_core.environment:checking '/home/pandora/robot/ros2_pro/install/kinetic' for CMake config files
[4.930s] Level 1:colcon.colcon_core.environment:checking '/home/pandora/robot/ros2_pro/install/kinetic/lib'
[4.930s] Level 1:colcon.colcon_core.environment:checking '/home/pandora/robot/ros2_pro/install/kinetic/bin'
[4.930s] Level 1:colcon.colcon_core.environment:checking '/home/pandora/robot/ros2_pro/install/kinetic/lib/pkgconfig/kinetic.pc'
[4.931s] Level 1:colcon.colcon_core.environment:checking '/home/pandora/robot/ros2_pro/install/kinetic/lib/python3.10/site-packages'
[4.931s] Level 1:colcon.colcon_core.shell:create_environment_hook('kinetic', 'pythonpath')
[4.931s] INFO:colcon.colcon_core.shell:Creating environment hook '/home/pandora/robot/ros2_pro/install/kinetic/share/kinetic/hook/pythonpath.ps1'
[4.932s] INFO:colcon.colcon_core.shell:Creating environment descriptor '/home/pandora/robot/ros2_pro/install/kinetic/share/kinetic/hook/pythonpath.dsv'
[4.933s] INFO:colcon.colcon_core.shell:Creating environment hook '/home/pandora/robot/ros2_pro/install/kinetic/share/kinetic/hook/pythonpath.sh'
[4.936s] Level 1:colcon.colcon_core.environment:checking '/home/pandora/robot/ros2_pro/install/kinetic/bin'
[4.936s] Level 1:colcon.colcon_core.environment:create_environment_scripts_only(kinetic)
[4.938s] INFO:colcon.colcon_core.shell:Creating package script '/home/pandora/robot/ros2_pro/install/kinetic/share/kinetic/package.ps1'
[4.940s] INFO:colcon.colcon_core.shell:Creating package descriptor '/home/pandora/robot/ros2_pro/install/kinetic/share/kinetic/package.dsv'
[4.942s] INFO:colcon.colcon_core.shell:Creating package script '/home/pandora/robot/ros2_pro/install/kinetic/share/kinetic/package.sh'
[4.943s] INFO:colcon.colcon_core.shell:Creating package script '/home/pandora/robot/ros2_pro/install/kinetic/share/kinetic/package.bash'
[4.944s] INFO:colcon.colcon_core.shell:Creating package script '/home/pandora/robot/ros2_pro/install/kinetic/share/kinetic/package.zsh'
[4.945s] Level 1:colcon.colcon_core.environment:create_file_with_runtime_dependencies(/home/pandora/robot/ros2_pro/install/kinetic/share/colcon-core/packages/kinetic)
[4.948s] Level 1:colcon.colcon_core.shell:create_environment_hook('amr_controller', 'pythonpath_develop')
[4.948s] INFO:colcon.colcon_core.shell:Creating environment hook '/home/pandora/robot/ros2_pro/build/amr_controller/share/amr_controller/hook/pythonpath_develop.ps1'
[4.951s] DEBUG:colcon.colcon_core.event_handler.log_command:Invoked command in '/home/pandora/robot/ros2_pro/build/amr_controller' returned '0': PS1=(.venv_production) \[\e]0;\u@\h: \w\a\]${debian_chroot:+($debian_chroot)}\[\033[01;32m\]\u@\h\[\033[00m\]:\[\033[01;34m\]\w\[\033[00m\]\$ PYTHONPATH=/home/pandora/robot/ros2_pro/build/amr_controller/prefix_override:/usr/lib/python3/dist-packages/colcon_core/task/python/colcon_distutils_commands:/home/pandora/robot/ros2_pro/install/amr_controller/lib/python3.10/site-packages:/home/pandora/robot/ros2_pro/install/mmr_interfaces/lib/python3.10/site-packages:/home/pandora/robot/ros2_pro/build/vision:/home/pandora/robot/ros2_pro/install/vision/lib/python3.10/site-packages:/home/pandora/robot/ros2_pro/build/mmr_orchestrator:/home/pandora/robot/ros2_pro/install/mmr_orchestrator/lib/python3.10/site-packages:/home/pandora/robot/ros2_pro/build/kinetic:/home/pandora/robot/ros2_pro/install/kinetic/lib/python3.10/site-packages:/home/pandora/robot/ros2_pro/build/amr_controller:/home/pandora/robot/ros2_pro/install/amr_controller/lib/python3.10/site-packages:/opt/ros/humble/lib/python3.10/site-packages:/opt/ros/humble/local/lib/python3.10/dist-packages VIRTUAL_ENV_PROMPT=(.venv_production) /usr/bin/python3 -W ignore:setup.py install is deprecated -W ignore:easy_install command is deprecated setup.py develop --editable --build-directory /home/pandora/robot/ros2_pro/build/amr_controller/build --no-deps symlink_data
[4.952s] INFO:colcon.colcon_core.shell:Creating environment descriptor '/home/pandora/robot/ros2_pro/build/amr_controller/share/amr_controller/hook/pythonpath_develop.dsv'
[4.953s] INFO:colcon.colcon_core.shell:Creating environment hook '/home/pandora/robot/ros2_pro/build/amr_controller/share/amr_controller/hook/pythonpath_develop.sh'
[4.955s] Level 1:colcon.colcon_core.environment:checking '/home/pandora/robot/ros2_pro/install/amr_controller' for CMake module files
[4.957s] Level 1:colcon.colcon_core.environment:checking '/home/pandora/robot/ros2_pro/install/amr_controller' for CMake config files
[4.959s] Level 1:colcon.colcon_core.environment:checking '/home/pandora/robot/ros2_pro/install/amr_controller/lib'
[4.959s] Level 1:colcon.colcon_core.environment:checking '/home/pandora/robot/ros2_pro/install/amr_controller/bin'
[4.959s] Level 1:colcon.colcon_core.environment:checking '/home/pandora/robot/ros2_pro/install/amr_controller/lib/pkgconfig/amr_controller.pc'
[4.960s] Level 1:colcon.colcon_core.environment:checking '/home/pandora/robot/ros2_pro/install/amr_controller/lib/python3.10/site-packages'
[4.960s] Level 1:colcon.colcon_core.shell:create_environment_hook('amr_controller', 'pythonpath')
[4.960s] INFO:colcon.colcon_core.shell:Creating environment hook '/home/pandora/robot/ros2_pro/install/amr_controller/share/amr_controller/hook/pythonpath.ps1'
[4.962s] INFO:colcon.colcon_core.shell:Creating environment descriptor '/home/pandora/robot/ros2_pro/install/amr_controller/share/amr_controller/hook/pythonpath.dsv'
[4.963s] INFO:colcon.colcon_core.shell:Creating environment hook '/home/pandora/robot/ros2_pro/install/amr_controller/share/amr_controller/hook/pythonpath.sh'
[4.966s] Level 1:colcon.colcon_core.environment:checking '/home/pandora/robot/ros2_pro/install/amr_controller/bin'
[4.966s] Level 1:colcon.colcon_core.environment:create_environment_scripts_only(amr_controller)
[4.967s] INFO:colcon.colcon_core.shell:Creating package script '/home/pandora/robot/ros2_pro/install/amr_controller/share/amr_controller/package.ps1'
[4.969s] INFO:colcon.colcon_core.shell:Creating package descriptor '/home/pandora/robot/ros2_pro/install/amr_controller/share/amr_controller/package.dsv'
[4.970s] INFO:colcon.colcon_core.shell:Creating package script '/home/pandora/robot/ros2_pro/install/amr_controller/share/amr_controller/package.sh'
[4.971s] INFO:colcon.colcon_core.shell:Creating package script '/home/pandora/robot/ros2_pro/install/amr_controller/share/amr_controller/package.bash'
[4.972s] INFO:colcon.colcon_core.shell:Creating package script '/home/pandora/robot/ros2_pro/install/amr_controller/share/amr_controller/package.zsh'
[4.973s] Level 1:colcon.colcon_core.environment:create_file_with_runtime_dependencies(/home/pandora/robot/ros2_pro/install/amr_controller/share/colcon-core/packages/amr_controller)
[4.974s] Level 1:colcon.colcon_core.shell:create_environment_hook('vision', 'pythonpath_develop')
[4.975s] INFO:colcon.colcon_core.shell:Creating environment hook '/home/pandora/robot/ros2_pro/build/vision/share/vision/hook/pythonpath_develop.ps1'
[4.977s] INFO:colcon.colcon_core.shell:Creating environment descriptor '/home/pandora/robot/ros2_pro/build/vision/share/vision/hook/pythonpath_develop.dsv'
[4.978s] DEBUG:colcon.colcon_core.event_handler.log_command:Invoked command in '/home/pandora/robot/ros2_pro/build/vision' returned '0': PS1=(.venv_production) \[\e]0;\u@\h: \w\a\]${debian_chroot:+($debian_chroot)}\[\033[01;32m\]\u@\h\[\033[00m\]:\[\033[01;34m\]\w\[\033[00m\]\$ PYTHONPATH=/home/pandora/robot/ros2_pro/build/vision/prefix_override:/usr/lib/python3/dist-packages/colcon_core/task/python/colcon_distutils_commands:/home/pandora/robot/ros2_pro/install/vision/lib/python3.10/site-packages:/home/pandora/robot/ros2_pro/install/mmr_interfaces/lib/python3.10/site-packages:/home/pandora/robot/ros2_pro/build/vision:/home/pandora/robot/ros2_pro/install/vision/lib/python3.10/site-packages:/home/pandora/robot/ros2_pro/build/mmr_orchestrator:/home/pandora/robot/ros2_pro/install/mmr_orchestrator/lib/python3.10/site-packages:/home/pandora/robot/ros2_pro/build/kinetic:/home/pandora/robot/ros2_pro/install/kinetic/lib/python3.10/site-packages:/home/pandora/robot/ros2_pro/build/amr_controller:/home/pandora/robot/ros2_pro/install/amr_controller/lib/python3.10/site-packages:/opt/ros/humble/lib/python3.10/site-packages:/opt/ros/humble/local/lib/python3.10/dist-packages VIRTUAL_ENV_PROMPT=(.venv_production) /usr/bin/python3 -W ignore:setup.py install is deprecated -W ignore:easy_install command is deprecated setup.py develop --editable --build-directory /home/pandora/robot/ros2_pro/build/vision/build --no-deps symlink_data
[4.979s] INFO:colcon.colcon_core.shell:Creating environment hook '/home/pandora/robot/ros2_pro/build/vision/share/vision/hook/pythonpath_develop.sh'
[4.980s] Level 1:colcon.colcon_core.environment:checking '/home/pandora/robot/ros2_pro/install/vision' for CMake module files
[4.980s] Level 1:colcon.colcon_core.environment:checking '/home/pandora/robot/ros2_pro/install/vision' for CMake config files
[4.981s] Level 1:colcon.colcon_core.environment:checking '/home/pandora/robot/ros2_pro/install/vision/lib'
[4.982s] Level 1:colcon.colcon_core.environment:checking '/home/pandora/robot/ros2_pro/install/vision/bin'
[4.982s] Level 1:colcon.colcon_core.environment:checking '/home/pandora/robot/ros2_pro/install/vision/lib/pkgconfig/vision.pc'
[4.982s] Level 1:colcon.colcon_core.environment:checking '/home/pandora/robot/ros2_pro/install/vision/lib/python3.10/site-packages'
[4.982s] Level 1:colcon.colcon_core.shell:create_environment_hook('vision', 'pythonpath')
[4.983s] INFO:colcon.colcon_core.shell:Creating environment hook '/home/pandora/robot/ros2_pro/install/vision/share/vision/hook/pythonpath.ps1'
[4.984s] INFO:colcon.colcon_core.shell:Creating environment descriptor '/home/pandora/robot/ros2_pro/install/vision/share/vision/hook/pythonpath.dsv'
[4.985s] INFO:colcon.colcon_core.shell:Creating environment hook '/home/pandora/robot/ros2_pro/install/vision/share/vision/hook/pythonpath.sh'
[4.986s] Level 1:colcon.colcon_core.environment:checking '/home/pandora/robot/ros2_pro/install/vision/bin'
[4.986s] Level 1:colcon.colcon_core.environment:create_environment_scripts_only(vision)
[4.987s] INFO:colcon.colcon_core.shell:Creating package script '/home/pandora/robot/ros2_pro/install/vision/share/vision/package.ps1'
[4.988s] INFO:colcon.colcon_core.shell:Creating package descriptor '/home/pandora/robot/ros2_pro/install/vision/share/vision/package.dsv'
[4.989s] INFO:colcon.colcon_core.shell:Creating package script '/home/pandora/robot/ros2_pro/install/vision/share/vision/package.sh'
[4.990s] INFO:colcon.colcon_core.shell:Creating package script '/home/pandora/robot/ros2_pro/install/vision/share/vision/package.bash'
[4.991s] INFO:colcon.colcon_core.shell:Creating package script '/home/pandora/robot/ros2_pro/install/vision/share/vision/package.zsh'
[4.992s] Level 1:colcon.colcon_core.environment:create_file_with_runtime_dependencies(/home/pandora/robot/ros2_pro/install/vision/share/colcon-core/packages/vision)
[4.992s] DEBUG:colcon.colcon_parallel_executor.executor.parallel:closing loop
[4.993s] DEBUG:colcon.colcon_parallel_executor.executor.parallel:loop closed
[4.993s] DEBUG:colcon.colcon_parallel_executor.executor.parallel:run_until_complete finished with '0'
[4.994s] DEBUG:colcon.colcon_core.event_reactor:joining thread
[5.006s] INFO:colcon.colcon_core.plugin_system:Skipping extension 'colcon_notification.desktop_notification.terminal_notifier': Not used on non-Darwin systems
[5.007s] INFO:colcon.colcon_core.plugin_system:Skipping extension 'colcon_notification.desktop_notification.win32': Not used on non-Windows systems
[5.007s] INFO:colcon.colcon_notification.desktop_notification:Sending desktop notification using 'notify2'
[5.045s] DEBUG:colcon.colcon_core.event_reactor:joined thread
[5.046s] INFO:colcon.colcon_core.shell:Creating prefix script '/home/pandora/robot/ros2_pro/install/local_setup.ps1'
[5.048s] INFO:colcon.colcon_core.shell:Creating prefix util module '/home/pandora/robot/ros2_pro/install/_local_setup_util_ps1.py'
[5.052s] INFO:colcon.colcon_core.shell:Creating prefix chain script '/home/pandora/robot/ros2_pro/install/setup.ps1'
[5.055s] INFO:colcon.colcon_core.shell:Creating prefix script '/home/pandora/robot/ros2_pro/install/local_setup.sh'
[5.056s] INFO:colcon.colcon_core.shell:Creating prefix util module '/home/pandora/robot/ros2_pro/install/_local_setup_util_sh.py'
[5.058s] INFO:colcon.colcon_core.shell:Creating prefix chain script '/home/pandora/robot/ros2_pro/install/setup.sh'
[5.060s] INFO:colcon.colcon_core.shell:Creating prefix script '/home/pandora/robot/ros2_pro/install/local_setup.bash'
[5.061s] INFO:colcon.colcon_core.shell:Creating prefix chain script '/home/pandora/robot/ros2_pro/install/setup.bash'
[5.064s] INFO:colcon.colcon_core.shell:Creating prefix script '/home/pandora/robot/ros2_pro/install/local_setup.zsh'
[5.065s] INFO:colcon.colcon_core.shell:Creating prefix chain script '/home/pandora/robot/ros2_pro/install/setup.zsh'
