[0.018s] Invoking command in '/home/pandora/robot/ros2_pro/build/mmr_interfaces': PS1=(.venv_production) \[\e]0;\u@\h: \w\a\]${debian_chroot:+($debian_chroot)}\[\033[01;32m\]\u@\h\[\033[00m\]:\[\033[01;34m\]\w\[\033[00m\]\$ VIRTUAL_ENV_PROMPT=(.venv_production) /usr/bin/cmake /home/pandora/robot/ros2_pro/src/mmr_interfaces -DCATKIN_INSTALL_INTO_PREFIX_ROOT=0 -DCATKIN_SYMLINK_INSTALL=ON -DCMAKE_INSTALL_PREFIX=/home/pandora/robot/ros2_pro/install/mmr_interfaces
[0.039s] -- Found ament_cmake: 1.3.12 (/opt/ros/humble/share/ament_cmake/cmake)
[0.292s] -- Found rosidl_default_generators: 1.2.0 (/opt/ros/humble/share/rosidl_default_generators/cmake)
[0.295s] -- Using all available rosidl_typesupport_c: rosidl_typesupport_fastrtps_c;rosidl_typesupport_introspection_c
[0.302s] -- Found rosidl_adapter: 3.1.7 (/opt/ros/humble/share/rosidl_adapter/cmake)
[0.359s] -- Using all available rosidl_typesupport_cpp: rosidl_typesupport_fastrtps_cpp;rosidl_typesupport_introspection_cpp
[0.396s] -- Found sensor_msgs: 4.9.0 (/opt/ros/humble/share/sensor_msgs/cmake)
[0.900s] Traceback (most recent call last):
[0.901s]   File "/opt/ros/humble/share/ament_cmake_core/cmake/core/package_xml_2_cmake.py", line 22, in <module>
[0.901s]     from catkin_pkg.package import parse_package_string
[0.901s] ModuleNotFoundError: No module named 'catkin_pkg'
[0.906s] [31mCMake Error at /opt/ros/humble/share/ament_cmake_core/cmake/core/ament_package_xml.cmake:95 (message):
[0.906s]   
[0.907s]   execute_process(/home/pandora/dev/strawberry/shared/venvs/.venv_production/bin/python3
[0.907s]   /opt/ros/humble/share/ament_cmake_core/cmake/core/package_xml_2_cmake.py
[0.907s]   /home/pandora/robot/ros2_pro/src/mmr_interfaces/package.xml
[0.907s]   /home/pandora/robot/ros2_pro/build/mmr_interfaces/ament_cmake_core/package.cmake)
[0.908s]   returned error code 1
[0.908s] Call Stack (most recent call first):
[0.908s]   /opt/ros/humble/share/ament_cmake_core/cmake/core/ament_package_xml.cmake:49 (_ament_package_xml)
[0.908s]   /opt/ros/humble/share/rosidl_cmake/cmake/rosidl_generate_interfaces.cmake:226 (ament_package_xml)
[0.908s]   CMakeLists.txt:8 (rosidl_generate_interfaces)
[0.909s] 
[0.909s] [0m
[0.909s] -- Configuring incomplete, errors occurred!
[0.909s] See also "/home/pandora/robot/ros2_pro/build/mmr_interfaces/CMakeFiles/CMakeOutput.log".
[0.927s] Invoked command in '/home/pandora/robot/ros2_pro/build/mmr_interfaces' returned '1': PS1=(.venv_production) \[\e]0;\u@\h: \w\a\]${debian_chroot:+($debian_chroot)}\[\033[01;32m\]\u@\h\[\033[00m\]:\[\033[01;34m\]\w\[\033[00m\]\$ VIRTUAL_ENV_PROMPT=(.venv_production) /usr/bin/cmake /home/pandora/robot/ros2_pro/src/mmr_interfaces -DCATKIN_INSTALL_INTO_PREFIX_ROOT=0 -DCATKIN_SYMLINK_INSTALL=ON -DCMAKE_INSTALL_PREFIX=/home/pandora/robot/ros2_pro/install/mmr_interfaces
