running develop
running egg_info
creating amr_controller.egg-info
writing amr_controller.egg-info/PKG-INFO
writing dependency_links to amr_controller.egg-info/dependency_links.txt
writing entry points to amr_controller.egg-info/entry_points.txt
writing requirements to amr_controller.egg-info/requires.txt
writing top-level names to amr_controller.egg-info/top_level.txt
writing manifest file 'amr_controller.egg-info/SOURCES.txt'
reading manifest file 'amr_controller.egg-info/SOURCES.txt'
writing manifest file 'amr_controller.egg-info/SOURCES.txt'
running build_ext
Creating /home/pandora/robot/ros2_pro/install/amr_controller/lib/python3.10/site-packages/amr-controller.egg-link (link to .)
Installing amr_move_node script to /home/pandora/robot/ros2_pro/install/amr_controller/lib/amr_controller

Installed /home/pandora/robot/ros2_pro/build/amr_controller
running symlink_data
creating /home/pandora/robot/ros2_pro/install/amr_controller/share/ament_index
creating /home/pandora/robot/ros2_pro/install/amr_controller/share/ament_index/resource_index
creating /home/pandora/robot/ros2_pro/install/amr_controller/share/ament_index/resource_index/packages
symbolically linking /home/pandora/robot/ros2_pro/build/amr_controller/resource/amr_controller -> /home/pandora/robot/ros2_pro/install/amr_controller/share/ament_index/resource_index/packages
symbolically linking /home/pandora/robot/ros2_pro/build/amr_controller/package.xml -> /home/pandora/robot/ros2_pro/install/amr_controller/share/amr_controller
