-- Found ament_cmake: 1.3.12 (/opt/ros/humble/share/ament_cmake/cmake)
-- Found rosidl_default_generators: 1.2.0 (/opt/ros/humble/share/rosidl_default_generators/cmake)
-- Using all available rosidl_typesupport_c: rosidl_typesupport_fastrtps_c;rosidl_typesupport_introspection_c
-- Found rosidl_adapter: 3.1.7 (/opt/ros/humble/share/rosidl_adapter/cmake)
-- Using all available rosidl_typesupport_cpp: rosidl_typesupport_fastrtps_cpp;rosidl_typesupport_introspection_cpp
-- Found sensor_msgs: 4.9.0 (/opt/ros/humble/share/sensor_msgs/cmake)
-- Found ament_cmake_ros: 0.10.0 (/opt/ros/humble/share/ament_cmake_ros/cmake)
-- Using all available rosidl_typesupport_c: rosidl_typesupport_fastrtps_c;rosidl_typesupport_introspection_c
-- Using all available rosidl_typesupport_cpp: rosidl_typesupport_fastrtps_cpp;rosidl_typesupport_introspection_cpp
-- Found PythonInterp: /home/pandora/dev/strawberry/shared/venvs/.venv_production/bin/python3 (found suitable version "3.10.12", minimum required is "3.6") 
-- Found python_cmake_module: 0.10.0 (/opt/ros/humble/share/python_cmake_module/cmake)
-- Found PythonLibs: /usr/lib/aarch64-linux-gnu/libpython3.10.so (found suitable version "3.10.12", minimum required is "3.5") 
-- Using PYTHON_EXECUTABLE: /home/pandora/dev/strawberry/shared/venvs/.venv_production/bin/python3
-- Using PYTHON_INCLUDE_DIRS: /usr/include/python3.10
-- Using PYTHON_LIBRARIES: /usr/lib/aarch64-linux-gnu/libpython3.10.so
-- Found PythonExtra: .so  
-- Configuring done
-- Generating done
-- Build files have been written to: /home/pandora/robot/ros2_pro/build/mmr_interfaces
[  1%] [34m[1mGenerating C code for ROS interfaces[0m
[  2%] [34m[1mGenerating C++ code for ROS interfaces[0m
[  2%] Built target ament_cmake_python_copy_mmr_interfaces
running egg_info
creating mmr_interfaces.egg-info
writing mmr_interfaces.egg-info/PKG-INFO
writing dependency_links to mmr_interfaces.egg-info/dependency_links.txt
writing top-level names to mmr_interfaces.egg-info/top_level.txt
writing manifest file 'mmr_interfaces.egg-info/SOURCES.txt'
reading manifest file 'mmr_interfaces.egg-info/SOURCES.txt'
writing manifest file 'mmr_interfaces.egg-info/SOURCES.txt'
[  2%] Built target ament_cmake_python_build_mmr_interfaces_egg
[  5%] [32mBuilding C object CMakeFiles/mmr_interfaces__rosidl_generator_c.dir/rosidl_generator_c/mmr_interfaces/srv/detail/get_drop_pose__functions.c.o[0m
[  7%] Built target mmr_interfaces__cpp
[  7%] [32mBuilding C object CMakeFiles/mmr_interfaces__rosidl_generator_c.dir/rosidl_generator_c/mmr_interfaces/srv/detail/rotate_turret__functions.c.o[0m
[  8%] [32mBuilding C object CMakeFiles/mmr_interfaces__rosidl_generator_c.dir/rosidl_generator_c/mmr_interfaces/srv/detail/move_distance__functions.c.o[0m
[  8%] [32mBuilding C object CMakeFiles/mmr_interfaces__rosidl_generator_c.dir/rosidl_generator_c/mmr_interfaces/action/detail/palletize__functions.c.o[0m
[  9%] [32mBuilding C object CMakeFiles/mmr_interfaces__rosidl_generator_c.dir/rosidl_generator_c/mmr_interfaces/srv/detail/capture_vision__functions.c.o[0m
[ 11%] [32mBuilding C object CMakeFiles/mmr_interfaces__rosidl_generator_c.dir/rosidl_generator_c/mmr_interfaces/action/detail/pick_and_place__functions.c.o[0m
[ 12%] [34m[1mGenerating C++ type support dispatch for ROS interfaces[0m
[ 14%] [34m[1mGenerating C++ type support for eProsima Fast-RTPS[0m
[ 15%] [34m[1mGenerating C++ introspection for ROS interfaces[0m
[ 16%] [32m[1mLinking C shared library libmmr_interfaces__rosidl_generator_c.so[0m
[ 16%] Built target mmr_interfaces__rosidl_generator_c
[ 19%] [34m[1mGenerating C type support for eProsima Fast-RTPS[0m
[ 19%] [34m[1mGenerating C introspection for ROS interfaces[0m
[ 21%] [34m[1mGenerating C type support dispatch for ROS interfaces[0m
[ 25%] [32mBuilding CXX object CMakeFiles/mmr_interfaces__rosidl_typesupport_cpp.dir/rosidl_typesupport_cpp/mmr_interfaces/srv/capture_vision__type_support.cpp.o[0m
[ 25%] [32mBuilding CXX object CMakeFiles/mmr_interfaces__rosidl_typesupport_cpp.dir/rosidl_typesupport_cpp/mmr_interfaces/srv/get_drop_pose__type_support.cpp.o[0m
[ 25%] [32mBuilding CXX object CMakeFiles/mmr_interfaces__rosidl_typesupport_cpp.dir/rosidl_typesupport_cpp/mmr_interfaces/srv/move_distance__type_support.cpp.o[0m
[ 26%] [32mBuilding CXX object CMakeFiles/mmr_interfaces__rosidl_typesupport_c.dir/rosidl_typesupport_c/mmr_interfaces/srv/move_distance__type_support.cpp.o[0m
[ 28%] [32mBuilding CXX object CMakeFiles/mmr_interfaces__rosidl_typesupport_c.dir/rosidl_typesupport_c/mmr_interfaces/srv/capture_vision__type_support.cpp.o[0m
[ 29%] [32mBuilding CXX object CMakeFiles/mmr_interfaces__rosidl_typesupport_introspection_cpp.dir/rosidl_typesupport_introspection_cpp/mmr_interfaces/srv/detail/move_distance__type_support.cpp.o[0m
[ 30%] [32mBuilding CXX object CMakeFiles/mmr_interfaces__rosidl_typesupport_introspection_cpp.dir/rosidl_typesupport_introspection_cpp/mmr_interfaces/srv/detail/capture_vision__type_support.cpp.o[0m
[ 32%] [32mBuilding CXX object CMakeFiles/mmr_interfaces__rosidl_typesupport_cpp.dir/rosidl_typesupport_cpp/mmr_interfaces/srv/rotate_turret__type_support.cpp.o[0m
[ 33%] [32mBuilding CXX object CMakeFiles/mmr_interfaces__rosidl_typesupport_c.dir/rosidl_typesupport_c/mmr_interfaces/srv/get_drop_pose__type_support.cpp.o[0m
[ 35%] [32mBuilding CXX object CMakeFiles/mmr_interfaces__rosidl_typesupport_fastrtps_cpp.dir/rosidl_typesupport_fastrtps_cpp/mmr_interfaces/srv/detail/dds_fastrtps/move_distance__type_support.cpp.o[0m
[ 36%] [32mBuilding CXX object CMakeFiles/mmr_interfaces__rosidl_typesupport_c.dir/rosidl_typesupport_c/mmr_interfaces/srv/rotate_turret__type_support.cpp.o[0m
[ 38%] [32mBuilding CXX object CMakeFiles/mmr_interfaces__rosidl_typesupport_fastrtps_cpp.dir/rosidl_typesupport_fastrtps_cpp/mmr_interfaces/srv/detail/dds_fastrtps/capture_vision__type_support.cpp.o[0m
[ 39%] [32mBuilding CXX object CMakeFiles/mmr_interfaces__rosidl_typesupport_c.dir/rosidl_typesupport_c/mmr_interfaces/action/palletize__type_support.cpp.o[0m
[ 40%] [32mBuilding CXX object CMakeFiles/mmr_interfaces__rosidl_typesupport_c.dir/rosidl_typesupport_c/mmr_interfaces/action/pick_and_place__type_support.cpp.o[0m
[ 42%] [32m[1mLinking CXX shared library libmmr_interfaces__rosidl_typesupport_c.so[0m
[ 43%] [32mBuilding C object CMakeFiles/mmr_interfaces__rosidl_typesupport_introspection_c.dir/rosidl_typesupport_introspection_c/mmr_interfaces/srv/detail/move_distance__type_support.c.o[0m
[ 43%] Built target mmr_interfaces__rosidl_typesupport_c
[ 45%] [32mBuilding CXX object CMakeFiles/mmr_interfaces__rosidl_typesupport_fastrtps_cpp.dir/rosidl_typesupport_fastrtps_cpp/mmr_interfaces/srv/detail/dds_fastrtps/get_drop_pose__type_support.cpp.o[0m
[ 46%] [32mBuilding C object CMakeFiles/mmr_interfaces__rosidl_typesupport_introspection_c.dir/rosidl_typesupport_introspection_c/mmr_interfaces/srv/detail/capture_vision__type_support.c.o[0m
[ 47%] [32mBuilding CXX object CMakeFiles/mmr_interfaces__rosidl_typesupport_cpp.dir/rosidl_typesupport_cpp/mmr_interfaces/action/palletize__type_support.cpp.o[0m
[ 49%] [32mBuilding CXX object CMakeFiles/mmr_interfaces__rosidl_typesupport_fastrtps_c.dir/rosidl_typesupport_fastrtps_c/mmr_interfaces/srv/detail/move_distance__type_support_c.cpp.o[0m
[ 50%] [32mBuilding C object CMakeFiles/mmr_interfaces__rosidl_typesupport_introspection_c.dir/rosidl_typesupport_introspection_c/mmr_interfaces/srv/detail/get_drop_pose__type_support.c.o[0m
[ 52%] [32mBuilding C object CMakeFiles/mmr_interfaces__rosidl_typesupport_introspection_c.dir/rosidl_typesupport_introspection_c/mmr_interfaces/srv/detail/rotate_turret__type_support.c.o[0m
[ 53%] [32mBuilding CXX object CMakeFiles/mmr_interfaces__rosidl_typesupport_introspection_cpp.dir/rosidl_typesupport_introspection_cpp/mmr_interfaces/srv/detail/get_drop_pose__type_support.cpp.o[0m
[ 54%] [32mBuilding C object CMakeFiles/mmr_interfaces__rosidl_typesupport_introspection_c.dir/rosidl_typesupport_introspection_c/mmr_interfaces/action/detail/palletize__type_support.c.o[0m
[ 56%] [32mBuilding CXX object CMakeFiles/mmr_interfaces__rosidl_typesupport_fastrtps_cpp.dir/rosidl_typesupport_fastrtps_cpp/mmr_interfaces/srv/detail/dds_fastrtps/rotate_turret__type_support.cpp.o[0m
[ 57%] [32mBuilding CXX object CMakeFiles/mmr_interfaces__rosidl_typesupport_introspection_cpp.dir/rosidl_typesupport_introspection_cpp/mmr_interfaces/srv/detail/rotate_turret__type_support.cpp.o[0m
[ 59%] [32mBuilding C object CMakeFiles/mmr_interfaces__rosidl_typesupport_introspection_c.dir/rosidl_typesupport_introspection_c/mmr_interfaces/action/detail/pick_and_place__type_support.c.o[0m
[ 60%] [32m[1mLinking C shared library libmmr_interfaces__rosidl_typesupport_introspection_c.so[0m
[ 61%] [32mBuilding CXX object CMakeFiles/mmr_interfaces__rosidl_typesupport_fastrtps_cpp.dir/rosidl_typesupport_fastrtps_cpp/mmr_interfaces/action/detail/dds_fastrtps/palletize__type_support.cpp.o[0m
[ 61%] Built target mmr_interfaces__rosidl_typesupport_introspection_c
[ 63%] [32mBuilding CXX object CMakeFiles/mmr_interfaces__rosidl_typesupport_fastrtps_cpp.dir/rosidl_typesupport_fastrtps_cpp/mmr_interfaces/action/detail/dds_fastrtps/pick_and_place__type_support.cpp.o[0m
[ 64%] [32mBuilding CXX object CMakeFiles/mmr_interfaces__rosidl_typesupport_fastrtps_c.dir/rosidl_typesupport_fastrtps_c/mmr_interfaces/srv/detail/capture_vision__type_support_c.cpp.o[0m
[ 66%] [32mBuilding CXX object CMakeFiles/mmr_interfaces__rosidl_typesupport_introspection_cpp.dir/rosidl_typesupport_introspection_cpp/mmr_interfaces/action/detail/palletize__type_support.cpp.o[0m
[ 67%] [32mBuilding CXX object CMakeFiles/mmr_interfaces__rosidl_typesupport_fastrtps_c.dir/rosidl_typesupport_fastrtps_c/mmr_interfaces/srv/detail/get_drop_pose__type_support_c.cpp.o[0m
[ 69%] [32mBuilding CXX object CMakeFiles/mmr_interfaces__rosidl_typesupport_cpp.dir/rosidl_typesupport_cpp/mmr_interfaces/action/pick_and_place__type_support.cpp.o[0m
[ 70%] [32mBuilding CXX object CMakeFiles/mmr_interfaces__rosidl_typesupport_introspection_cpp.dir/rosidl_typesupport_introspection_cpp/mmr_interfaces/action/detail/pick_and_place__type_support.cpp.o[0m
[ 71%] [32mBuilding CXX object CMakeFiles/mmr_interfaces__rosidl_typesupport_fastrtps_c.dir/rosidl_typesupport_fastrtps_c/mmr_interfaces/srv/detail/rotate_turret__type_support_c.cpp.o[0m
[ 73%] [32mBuilding CXX object CMakeFiles/mmr_interfaces__rosidl_typesupport_fastrtps_c.dir/rosidl_typesupport_fastrtps_c/mmr_interfaces/action/detail/palletize__type_support_c.cpp.o[0m
[ 74%] [32mBuilding CXX object CMakeFiles/mmr_interfaces__rosidl_typesupport_fastrtps_c.dir/rosidl_typesupport_fastrtps_c/mmr_interfaces/action/detail/pick_and_place__type_support_c.cpp.o[0m
[ 76%] [32m[1mLinking CXX shared library libmmr_interfaces__rosidl_typesupport_fastrtps_cpp.so[0m
[ 77%] [32m[1mLinking CXX shared library libmmr_interfaces__rosidl_typesupport_cpp.so[0m
[ 77%] Built target mmr_interfaces__rosidl_typesupport_fastrtps_cpp
[ 77%] Built target mmr_interfaces__rosidl_typesupport_cpp
[ 78%] [32m[1mLinking CXX shared library libmmr_interfaces__rosidl_typesupport_fastrtps_c.so[0m
[ 80%] [32m[1mLinking CXX shared library libmmr_interfaces__rosidl_typesupport_introspection_cpp.so[0m
[ 80%] Built target mmr_interfaces__rosidl_typesupport_fastrtps_c
[ 80%] Built target mmr_interfaces__rosidl_typesupport_introspection_cpp
[ 80%] Built target mmr_interfaces
[ 81%] [34m[1mGenerating Python code for ROS interfaces[0m
[ 81%] Built target mmr_interfaces__py
[ 83%] [32mBuilding C object CMakeFiles/mmr_interfaces__rosidl_generator_py.dir/rosidl_generator_py/mmr_interfaces/srv/_get_drop_pose_s.c.o[0m
[ 84%] [32mBuilding C object CMakeFiles/mmr_interfaces__rosidl_generator_py.dir/rosidl_generator_py/mmr_interfaces/srv/_move_distance_s.c.o[0m
[ 85%] [32mBuilding C object CMakeFiles/mmr_interfaces__rosidl_generator_py.dir/rosidl_generator_py/mmr_interfaces/srv/_capture_vision_s.c.o[0m
[ 87%] [32mBuilding C object CMakeFiles/mmr_interfaces__rosidl_generator_py.dir/rosidl_generator_py/mmr_interfaces/srv/_rotate_turret_s.c.o[0m
[ 88%] [32mBuilding C object CMakeFiles/mmr_interfaces__rosidl_generator_py.dir/rosidl_generator_py/mmr_interfaces/action/_pick_and_place_s.c.o[0m
[ 90%] [32mBuilding C object CMakeFiles/mmr_interfaces__rosidl_generator_py.dir/rosidl_generator_py/mmr_interfaces/action/_palletize_s.c.o[0m
[ 91%] [32m[1mLinking C shared library rosidl_generator_py/mmr_interfaces/libmmr_interfaces__rosidl_generator_py.so[0m
[ 91%] Built target mmr_interfaces__rosidl_generator_py
[ 94%] [32mBuilding C object CMakeFiles/mmr_interfaces__rosidl_typesupport_introspection_c__pyext.dir/rosidl_generator_py/mmr_interfaces/_mmr_interfaces_s.ep.rosidl_typesupport_introspection_c.c.o[0m
[ 94%] [32mBuilding C object CMakeFiles/mmr_interfaces__rosidl_typesupport_c__pyext.dir/rosidl_generator_py/mmr_interfaces/_mmr_interfaces_s.ep.rosidl_typesupport_c.c.o[0m
[ 95%] [32mBuilding C object CMakeFiles/mmr_interfaces__rosidl_typesupport_fastrtps_c__pyext.dir/rosidl_generator_py/mmr_interfaces/_mmr_interfaces_s.ep.rosidl_typesupport_fastrtps_c.c.o[0m
[ 98%] [32m[1mLinking C shared library rosidl_generator_py/mmr_interfaces/mmr_interfaces_s__rosidl_typesupport_c.cpython-310-aarch64-linux-gnu.so[0m
[ 98%] [32m[1mLinking C shared library rosidl_generator_py/mmr_interfaces/mmr_interfaces_s__rosidl_typesupport_introspection_c.cpython-310-aarch64-linux-gnu.so[0m
[100%] [32m[1mLinking C shared library rosidl_generator_py/mmr_interfaces/mmr_interfaces_s__rosidl_typesupport_fastrtps_c.cpython-310-aarch64-linux-gnu.so[0m
[100%] Built target mmr_interfaces__rosidl_typesupport_c__pyext
[100%] Built target mmr_interfaces__rosidl_typesupport_introspection_c__pyext
[100%] Built target mmr_interfaces__rosidl_typesupport_fastrtps_c__pyext
-- Install configuration: ""
-- Installing: /home/pandora/robot/ros2_pro/install/mmr_interfaces/share/ament_index/resource_index/rosidl_interfaces/mmr_interfaces
-- Installing: /home/pandora/robot/ros2_pro/install/mmr_interfaces/include/mmr_interfaces/mmr_interfaces
-- Installing: /home/pandora/robot/ros2_pro/install/mmr_interfaces/include/mmr_interfaces/mmr_interfaces/action
-- Installing: /home/pandora/robot/ros2_pro/install/mmr_interfaces/include/mmr_interfaces/mmr_interfaces/action/detail
-- Installing: /home/pandora/robot/ros2_pro/install/mmr_interfaces/include/mmr_interfaces/mmr_interfaces/action/detail/palletize__functions.h
-- Installing: /home/pandora/robot/ros2_pro/install/mmr_interfaces/include/mmr_interfaces/mmr_interfaces/action/detail/pick_and_place__functions.h
-- Installing: /home/pandora/robot/ros2_pro/install/mmr_interfaces/include/mmr_interfaces/mmr_interfaces/action/detail/palletize__struct.h
-- Installing: /home/pandora/robot/ros2_pro/install/mmr_interfaces/include/mmr_interfaces/mmr_interfaces/action/detail/pick_and_place__struct.h
-- Installing: /home/pandora/robot/ros2_pro/install/mmr_interfaces/include/mmr_interfaces/mmr_interfaces/action/detail/palletize__functions.c
-- Installing: /home/pandora/robot/ros2_pro/install/mmr_interfaces/include/mmr_interfaces/mmr_interfaces/action/detail/pick_and_place__functions.c
-- Installing: /home/pandora/robot/ros2_pro/install/mmr_interfaces/include/mmr_interfaces/mmr_interfaces/action/detail/pick_and_place__type_support.h
-- Installing: /home/pandora/robot/ros2_pro/install/mmr_interfaces/include/mmr_interfaces/mmr_interfaces/action/detail/palletize__type_support.h
-- Installing: /home/pandora/robot/ros2_pro/install/mmr_interfaces/include/mmr_interfaces/mmr_interfaces/action/palletize.h
-- Installing: /home/pandora/robot/ros2_pro/install/mmr_interfaces/include/mmr_interfaces/mmr_interfaces/action/pick_and_place.h
-- Installing: /home/pandora/robot/ros2_pro/install/mmr_interfaces/include/mmr_interfaces/mmr_interfaces/srv
-- Installing: /home/pandora/robot/ros2_pro/install/mmr_interfaces/include/mmr_interfaces/mmr_interfaces/srv/detail
-- Installing: /home/pandora/robot/ros2_pro/install/mmr_interfaces/include/mmr_interfaces/mmr_interfaces/srv/detail/get_drop_pose__type_support.h
-- Installing: /home/pandora/robot/ros2_pro/install/mmr_interfaces/include/mmr_interfaces/mmr_interfaces/srv/detail/get_drop_pose__functions.c
-- Installing: /home/pandora/robot/ros2_pro/install/mmr_interfaces/include/mmr_interfaces/mmr_interfaces/srv/detail/capture_vision__functions.h
-- Installing: /home/pandora/robot/ros2_pro/install/mmr_interfaces/include/mmr_interfaces/mmr_interfaces/srv/detail/move_distance__functions.c
-- Installing: /home/pandora/robot/ros2_pro/install/mmr_interfaces/include/mmr_interfaces/mmr_interfaces/srv/detail/rotate_turret__struct.h
-- Installing: /home/pandora/robot/ros2_pro/install/mmr_interfaces/include/mmr_interfaces/mmr_interfaces/srv/detail/capture_vision__functions.c
-- Installing: /home/pandora/robot/ros2_pro/install/mmr_interfaces/include/mmr_interfaces/mmr_interfaces/srv/detail/capture_vision__struct.h
-- Installing: /home/pandora/robot/ros2_pro/install/mmr_interfaces/include/mmr_interfaces/mmr_interfaces/srv/detail/move_distance__struct.h
-- Installing: /home/pandora/robot/ros2_pro/install/mmr_interfaces/include/mmr_interfaces/mmr_interfaces/srv/detail/move_distance__type_support.h
-- Installing: /home/pandora/robot/ros2_pro/install/mmr_interfaces/include/mmr_interfaces/mmr_interfaces/srv/detail/get_drop_pose__struct.h
-- Installing: /home/pandora/robot/ros2_pro/install/mmr_interfaces/include/mmr_interfaces/mmr_interfaces/srv/detail/rotate_turret__functions.c
-- Installing: /home/pandora/robot/ros2_pro/install/mmr_interfaces/include/mmr_interfaces/mmr_interfaces/srv/detail/rotate_turret__type_support.h
-- Installing: /home/pandora/robot/ros2_pro/install/mmr_interfaces/include/mmr_interfaces/mmr_interfaces/srv/detail/rotate_turret__functions.h
-- Installing: /home/pandora/robot/ros2_pro/install/mmr_interfaces/include/mmr_interfaces/mmr_interfaces/srv/detail/get_drop_pose__functions.h
-- Installing: /home/pandora/robot/ros2_pro/install/mmr_interfaces/include/mmr_interfaces/mmr_interfaces/srv/detail/move_distance__functions.h
-- Installing: /home/pandora/robot/ros2_pro/install/mmr_interfaces/include/mmr_interfaces/mmr_interfaces/srv/detail/capture_vision__type_support.h
-- Installing: /home/pandora/robot/ros2_pro/install/mmr_interfaces/include/mmr_interfaces/mmr_interfaces/srv/capture_vision.h
-- Installing: /home/pandora/robot/ros2_pro/install/mmr_interfaces/include/mmr_interfaces/mmr_interfaces/srv/move_distance.h
-- Installing: /home/pandora/robot/ros2_pro/install/mmr_interfaces/include/mmr_interfaces/mmr_interfaces/srv/rotate_turret.h
-- Installing: /home/pandora/robot/ros2_pro/install/mmr_interfaces/include/mmr_interfaces/mmr_interfaces/srv/get_drop_pose.h
-- Installing: /home/pandora/robot/ros2_pro/install/mmr_interfaces/include/mmr_interfaces/mmr_interfaces/msg
-- Installing: /home/pandora/robot/ros2_pro/install/mmr_interfaces/include/mmr_interfaces/mmr_interfaces/msg/rosidl_generator_c__visibility_control.h
-- Installing: /home/pandora/robot/ros2_pro/install/mmr_interfaces/share/mmr_interfaces/environment/library_path.sh
-- Installing: /home/pandora/robot/ros2_pro/install/mmr_interfaces/share/mmr_interfaces/environment/library_path.dsv
-- Installing: /home/pandora/robot/ros2_pro/install/mmr_interfaces/lib/libmmr_interfaces__rosidl_generator_c.so
-- Set runtime path of "/home/pandora/robot/ros2_pro/install/mmr_interfaces/lib/libmmr_interfaces__rosidl_generator_c.so" to ""
-- Up-to-date: /home/pandora/robot/ros2_pro/install/mmr_interfaces/include/mmr_interfaces/mmr_interfaces
-- Up-to-date: /home/pandora/robot/ros2_pro/install/mmr_interfaces/include/mmr_interfaces/mmr_interfaces/action
-- Up-to-date: /home/pandora/robot/ros2_pro/install/mmr_interfaces/include/mmr_interfaces/mmr_interfaces/action/detail
-- Installing: /home/pandora/robot/ros2_pro/install/mmr_interfaces/include/mmr_interfaces/mmr_interfaces/action/detail/pick_and_place__rosidl_typesupport_fastrtps_c.h
-- Installing: /home/pandora/robot/ros2_pro/install/mmr_interfaces/include/mmr_interfaces/mmr_interfaces/action/detail/palletize__rosidl_typesupport_fastrtps_c.h
-- Up-to-date: /home/pandora/robot/ros2_pro/install/mmr_interfaces/include/mmr_interfaces/mmr_interfaces/srv
-- Up-to-date: /home/pandora/robot/ros2_pro/install/mmr_interfaces/include/mmr_interfaces/mmr_interfaces/srv/detail
-- Installing: /home/pandora/robot/ros2_pro/install/mmr_interfaces/include/mmr_interfaces/mmr_interfaces/srv/detail/capture_vision__rosidl_typesupport_fastrtps_c.h
-- Installing: /home/pandora/robot/ros2_pro/install/mmr_interfaces/include/mmr_interfaces/mmr_interfaces/srv/detail/rotate_turret__rosidl_typesupport_fastrtps_c.h
-- Installing: /home/pandora/robot/ros2_pro/install/mmr_interfaces/include/mmr_interfaces/mmr_interfaces/srv/detail/get_drop_pose__rosidl_typesupport_fastrtps_c.h
-- Installing: /home/pandora/robot/ros2_pro/install/mmr_interfaces/include/mmr_interfaces/mmr_interfaces/srv/detail/move_distance__rosidl_typesupport_fastrtps_c.h
-- Up-to-date: /home/pandora/robot/ros2_pro/install/mmr_interfaces/include/mmr_interfaces/mmr_interfaces/msg
-- Installing: /home/pandora/robot/ros2_pro/install/mmr_interfaces/include/mmr_interfaces/mmr_interfaces/msg/rosidl_typesupport_fastrtps_c__visibility_control.h
-- Installing: /home/pandora/robot/ros2_pro/install/mmr_interfaces/lib/libmmr_interfaces__rosidl_typesupport_fastrtps_c.so
-- Set runtime path of "/home/pandora/robot/ros2_pro/install/mmr_interfaces/lib/libmmr_interfaces__rosidl_typesupport_fastrtps_c.so" to ""
-- Up-to-date: /home/pandora/robot/ros2_pro/install/mmr_interfaces/include/mmr_interfaces/mmr_interfaces
-- Up-to-date: /home/pandora/robot/ros2_pro/install/mmr_interfaces/include/mmr_interfaces/mmr_interfaces/action
-- Up-to-date: /home/pandora/robot/ros2_pro/install/mmr_interfaces/include/mmr_interfaces/mmr_interfaces/action/detail
-- Installing: /home/pandora/robot/ros2_pro/install/mmr_interfaces/include/mmr_interfaces/mmr_interfaces/action/detail/pick_and_place__rosidl_typesupport_introspection_c.h
-- Installing: /home/pandora/robot/ros2_pro/install/mmr_interfaces/include/mmr_interfaces/mmr_interfaces/action/detail/palletize__rosidl_typesupport_introspection_c.h
-- Installing: /home/pandora/robot/ros2_pro/install/mmr_interfaces/include/mmr_interfaces/mmr_interfaces/action/detail/palletize__type_support.c
-- Installing: /home/pandora/robot/ros2_pro/install/mmr_interfaces/include/mmr_interfaces/mmr_interfaces/action/detail/pick_and_place__type_support.c
-- Up-to-date: /home/pandora/robot/ros2_pro/install/mmr_interfaces/include/mmr_interfaces/mmr_interfaces/srv
-- Up-to-date: /home/pandora/robot/ros2_pro/install/mmr_interfaces/include/mmr_interfaces/mmr_interfaces/srv/detail
-- Installing: /home/pandora/robot/ros2_pro/install/mmr_interfaces/include/mmr_interfaces/mmr_interfaces/srv/detail/capture_vision__type_support.c
-- Installing: /home/pandora/robot/ros2_pro/install/mmr_interfaces/include/mmr_interfaces/mmr_interfaces/srv/detail/rotate_turret__type_support.c
-- Installing: /home/pandora/robot/ros2_pro/install/mmr_interfaces/include/mmr_interfaces/mmr_interfaces/srv/detail/capture_vision__rosidl_typesupport_introspection_c.h
-- Installing: /home/pandora/robot/ros2_pro/install/mmr_interfaces/include/mmr_interfaces/mmr_interfaces/srv/detail/rotate_turret__rosidl_typesupport_introspection_c.h
-- Installing: /home/pandora/robot/ros2_pro/install/mmr_interfaces/include/mmr_interfaces/mmr_interfaces/srv/detail/move_distance__rosidl_typesupport_introspection_c.h
-- Installing: /home/pandora/robot/ros2_pro/install/mmr_interfaces/include/mmr_interfaces/mmr_interfaces/srv/detail/move_distance__type_support.c
-- Installing: /home/pandora/robot/ros2_pro/install/mmr_interfaces/include/mmr_interfaces/mmr_interfaces/srv/detail/get_drop_pose__type_support.c
-- Installing: /home/pandora/robot/ros2_pro/install/mmr_interfaces/include/mmr_interfaces/mmr_interfaces/srv/detail/get_drop_pose__rosidl_typesupport_introspection_c.h
-- Up-to-date: /home/pandora/robot/ros2_pro/install/mmr_interfaces/include/mmr_interfaces/mmr_interfaces/msg
-- Installing: /home/pandora/robot/ros2_pro/install/mmr_interfaces/include/mmr_interfaces/mmr_interfaces/msg/rosidl_typesupport_introspection_c__visibility_control.h
-- Installing: /home/pandora/robot/ros2_pro/install/mmr_interfaces/lib/libmmr_interfaces__rosidl_typesupport_introspection_c.so
-- Set runtime path of "/home/pandora/robot/ros2_pro/install/mmr_interfaces/lib/libmmr_interfaces__rosidl_typesupport_introspection_c.so" to ""
-- Installing: /home/pandora/robot/ros2_pro/install/mmr_interfaces/lib/libmmr_interfaces__rosidl_typesupport_c.so
-- Set runtime path of "/home/pandora/robot/ros2_pro/install/mmr_interfaces/lib/libmmr_interfaces__rosidl_typesupport_c.so" to ""
-- Up-to-date: /home/pandora/robot/ros2_pro/install/mmr_interfaces/include/mmr_interfaces/mmr_interfaces
-- Up-to-date: /home/pandora/robot/ros2_pro/install/mmr_interfaces/include/mmr_interfaces/mmr_interfaces/action
-- Up-to-date: /home/pandora/robot/ros2_pro/install/mmr_interfaces/include/mmr_interfaces/mmr_interfaces/action/detail
-- Installing: /home/pandora/robot/ros2_pro/install/mmr_interfaces/include/mmr_interfaces/mmr_interfaces/action/detail/pick_and_place__type_support.hpp
-- Installing: /home/pandora/robot/ros2_pro/install/mmr_interfaces/include/mmr_interfaces/mmr_interfaces/action/detail/pick_and_place__builder.hpp
-- Installing: /home/pandora/robot/ros2_pro/install/mmr_interfaces/include/mmr_interfaces/mmr_interfaces/action/detail/palletize__type_support.hpp
-- Installing: /home/pandora/robot/ros2_pro/install/mmr_interfaces/include/mmr_interfaces/mmr_interfaces/action/detail/pick_and_place__struct.hpp
-- Installing: /home/pandora/robot/ros2_pro/install/mmr_interfaces/include/mmr_interfaces/mmr_interfaces/action/detail/palletize__traits.hpp
-- Installing: /home/pandora/robot/ros2_pro/install/mmr_interfaces/include/mmr_interfaces/mmr_interfaces/action/detail/palletize__builder.hpp
-- Installing: /home/pandora/robot/ros2_pro/install/mmr_interfaces/include/mmr_interfaces/mmr_interfaces/action/detail/pick_and_place__traits.hpp
-- Installing: /home/pandora/robot/ros2_pro/install/mmr_interfaces/include/mmr_interfaces/mmr_interfaces/action/detail/palletize__struct.hpp
-- Installing: /home/pandora/robot/ros2_pro/install/mmr_interfaces/include/mmr_interfaces/mmr_interfaces/action/pick_and_place.hpp
-- Installing: /home/pandora/robot/ros2_pro/install/mmr_interfaces/include/mmr_interfaces/mmr_interfaces/action/palletize.hpp
-- Up-to-date: /home/pandora/robot/ros2_pro/install/mmr_interfaces/include/mmr_interfaces/mmr_interfaces/srv
-- Up-to-date: /home/pandora/robot/ros2_pro/install/mmr_interfaces/include/mmr_interfaces/mmr_interfaces/srv/detail
-- Installing: /home/pandora/robot/ros2_pro/install/mmr_interfaces/include/mmr_interfaces/mmr_interfaces/srv/detail/rotate_turret__builder.hpp
-- Installing: /home/pandora/robot/ros2_pro/install/mmr_interfaces/include/mmr_interfaces/mmr_interfaces/srv/detail/move_distance__type_support.hpp
-- Installing: /home/pandora/robot/ros2_pro/install/mmr_interfaces/include/mmr_interfaces/mmr_interfaces/srv/detail/move_distance__traits.hpp
-- Installing: /home/pandora/robot/ros2_pro/install/mmr_interfaces/include/mmr_interfaces/mmr_interfaces/srv/detail/capture_vision__type_support.hpp
-- Installing: /home/pandora/robot/ros2_pro/install/mmr_interfaces/include/mmr_interfaces/mmr_interfaces/srv/detail/move_distance__struct.hpp
-- Installing: /home/pandora/robot/ros2_pro/install/mmr_interfaces/include/mmr_interfaces/mmr_interfaces/srv/detail/rotate_turret__struct.hpp
-- Installing: /home/pandora/robot/ros2_pro/install/mmr_interfaces/include/mmr_interfaces/mmr_interfaces/srv/detail/capture_vision__struct.hpp
-- Installing: /home/pandora/robot/ros2_pro/install/mmr_interfaces/include/mmr_interfaces/mmr_interfaces/srv/detail/rotate_turret__type_support.hpp
-- Installing: /home/pandora/robot/ros2_pro/install/mmr_interfaces/include/mmr_interfaces/mmr_interfaces/srv/detail/move_distance__builder.hpp
-- Installing: /home/pandora/robot/ros2_pro/install/mmr_interfaces/include/mmr_interfaces/mmr_interfaces/srv/detail/capture_vision__traits.hpp
-- Installing: /home/pandora/robot/ros2_pro/install/mmr_interfaces/include/mmr_interfaces/mmr_interfaces/srv/detail/get_drop_pose__builder.hpp
-- Installing: /home/pandora/robot/ros2_pro/install/mmr_interfaces/include/mmr_interfaces/mmr_interfaces/srv/detail/get_drop_pose__struct.hpp
-- Installing: /home/pandora/robot/ros2_pro/install/mmr_interfaces/include/mmr_interfaces/mmr_interfaces/srv/detail/capture_vision__builder.hpp
-- Installing: /home/pandora/robot/ros2_pro/install/mmr_interfaces/include/mmr_interfaces/mmr_interfaces/srv/detail/get_drop_pose__traits.hpp
-- Installing: /home/pandora/robot/ros2_pro/install/mmr_interfaces/include/mmr_interfaces/mmr_interfaces/srv/detail/get_drop_pose__type_support.hpp
-- Installing: /home/pandora/robot/ros2_pro/install/mmr_interfaces/include/mmr_interfaces/mmr_interfaces/srv/detail/rotate_turret__traits.hpp
-- Installing: /home/pandora/robot/ros2_pro/install/mmr_interfaces/include/mmr_interfaces/mmr_interfaces/srv/rotate_turret.hpp
-- Installing: /home/pandora/robot/ros2_pro/install/mmr_interfaces/include/mmr_interfaces/mmr_interfaces/srv/move_distance.hpp
-- Installing: /home/pandora/robot/ros2_pro/install/mmr_interfaces/include/mmr_interfaces/mmr_interfaces/srv/capture_vision.hpp
-- Installing: /home/pandora/robot/ros2_pro/install/mmr_interfaces/include/mmr_interfaces/mmr_interfaces/srv/get_drop_pose.hpp
-- Up-to-date: /home/pandora/robot/ros2_pro/install/mmr_interfaces/include/mmr_interfaces/mmr_interfaces/msg
-- Installing: /home/pandora/robot/ros2_pro/install/mmr_interfaces/include/mmr_interfaces/mmr_interfaces/msg/rosidl_generator_cpp__visibility_control.hpp
-- Up-to-date: /home/pandora/robot/ros2_pro/install/mmr_interfaces/include/mmr_interfaces/mmr_interfaces
-- Up-to-date: /home/pandora/robot/ros2_pro/install/mmr_interfaces/include/mmr_interfaces/mmr_interfaces/action
-- Up-to-date: /home/pandora/robot/ros2_pro/install/mmr_interfaces/include/mmr_interfaces/mmr_interfaces/action/detail
-- Installing: /home/pandora/robot/ros2_pro/install/mmr_interfaces/include/mmr_interfaces/mmr_interfaces/action/detail/dds_fastrtps
-- Installing: /home/pandora/robot/ros2_pro/install/mmr_interfaces/include/mmr_interfaces/mmr_interfaces/action/detail/palletize__rosidl_typesupport_fastrtps_cpp.hpp
-- Installing: /home/pandora/robot/ros2_pro/install/mmr_interfaces/include/mmr_interfaces/mmr_interfaces/action/detail/pick_and_place__rosidl_typesupport_fastrtps_cpp.hpp
-- Up-to-date: /home/pandora/robot/ros2_pro/install/mmr_interfaces/include/mmr_interfaces/mmr_interfaces/srv
-- Up-to-date: /home/pandora/robot/ros2_pro/install/mmr_interfaces/include/mmr_interfaces/mmr_interfaces/srv/detail
-- Installing: /home/pandora/robot/ros2_pro/install/mmr_interfaces/include/mmr_interfaces/mmr_interfaces/srv/detail/capture_vision__rosidl_typesupport_fastrtps_cpp.hpp
-- Installing: /home/pandora/robot/ros2_pro/install/mmr_interfaces/include/mmr_interfaces/mmr_interfaces/srv/detail/get_drop_pose__rosidl_typesupport_fastrtps_cpp.hpp
-- Installing: /home/pandora/robot/ros2_pro/install/mmr_interfaces/include/mmr_interfaces/mmr_interfaces/srv/detail/move_distance__rosidl_typesupport_fastrtps_cpp.hpp
-- Installing: /home/pandora/robot/ros2_pro/install/mmr_interfaces/include/mmr_interfaces/mmr_interfaces/srv/detail/rotate_turret__rosidl_typesupport_fastrtps_cpp.hpp
-- Installing: /home/pandora/robot/ros2_pro/install/mmr_interfaces/include/mmr_interfaces/mmr_interfaces/srv/detail/dds_fastrtps
-- Up-to-date: /home/pandora/robot/ros2_pro/install/mmr_interfaces/include/mmr_interfaces/mmr_interfaces/msg
-- Installing: /home/pandora/robot/ros2_pro/install/mmr_interfaces/include/mmr_interfaces/mmr_interfaces/msg/rosidl_typesupport_fastrtps_cpp__visibility_control.h
-- Installing: /home/pandora/robot/ros2_pro/install/mmr_interfaces/lib/libmmr_interfaces__rosidl_typesupport_fastrtps_cpp.so
-- Set runtime path of "/home/pandora/robot/ros2_pro/install/mmr_interfaces/lib/libmmr_interfaces__rosidl_typesupport_fastrtps_cpp.so" to ""
-- Up-to-date: /home/pandora/robot/ros2_pro/install/mmr_interfaces/include/mmr_interfaces/mmr_interfaces
-- Up-to-date: /home/pandora/robot/ros2_pro/install/mmr_interfaces/include/mmr_interfaces/mmr_interfaces/action
-- Up-to-date: /home/pandora/robot/ros2_pro/install/mmr_interfaces/include/mmr_interfaces/mmr_interfaces/action/detail
-- Installing: /home/pandora/robot/ros2_pro/install/mmr_interfaces/include/mmr_interfaces/mmr_interfaces/action/detail/pick_and_place__type_support.cpp
-- Installing: /home/pandora/robot/ros2_pro/install/mmr_interfaces/include/mmr_interfaces/mmr_interfaces/action/detail/palletize__rosidl_typesupport_introspection_cpp.hpp
-- Installing: /home/pandora/robot/ros2_pro/install/mmr_interfaces/include/mmr_interfaces/mmr_interfaces/action/detail/pick_and_place__rosidl_typesupport_introspection_cpp.hpp
-- Installing: /home/pandora/robot/ros2_pro/install/mmr_interfaces/include/mmr_interfaces/mmr_interfaces/action/detail/palletize__type_support.cpp
-- Up-to-date: /home/pandora/robot/ros2_pro/install/mmr_interfaces/include/mmr_interfaces/mmr_interfaces/srv
-- Up-to-date: /home/pandora/robot/ros2_pro/install/mmr_interfaces/include/mmr_interfaces/mmr_interfaces/srv/detail
-- Installing: /home/pandora/robot/ros2_pro/install/mmr_interfaces/include/mmr_interfaces/mmr_interfaces/srv/detail/move_distance__type_support.cpp
-- Installing: /home/pandora/robot/ros2_pro/install/mmr_interfaces/include/mmr_interfaces/mmr_interfaces/srv/detail/get_drop_pose__rosidl_typesupport_introspection_cpp.hpp
-- Installing: /home/pandora/robot/ros2_pro/install/mmr_interfaces/include/mmr_interfaces/mmr_interfaces/srv/detail/move_distance__rosidl_typesupport_introspection_cpp.hpp
-- Installing: /home/pandora/robot/ros2_pro/install/mmr_interfaces/include/mmr_interfaces/mmr_interfaces/srv/detail/capture_vision__type_support.cpp
-- Installing: /home/pandora/robot/ros2_pro/install/mmr_interfaces/include/mmr_interfaces/mmr_interfaces/srv/detail/capture_vision__rosidl_typesupport_introspection_cpp.hpp
-- Installing: /home/pandora/robot/ros2_pro/install/mmr_interfaces/include/mmr_interfaces/mmr_interfaces/srv/detail/rotate_turret__rosidl_typesupport_introspection_cpp.hpp
-- Installing: /home/pandora/robot/ros2_pro/install/mmr_interfaces/include/mmr_interfaces/mmr_interfaces/srv/detail/rotate_turret__type_support.cpp
-- Installing: /home/pandora/robot/ros2_pro/install/mmr_interfaces/include/mmr_interfaces/mmr_interfaces/srv/detail/get_drop_pose__type_support.cpp
-- Installing: /home/pandora/robot/ros2_pro/install/mmr_interfaces/lib/libmmr_interfaces__rosidl_typesupport_introspection_cpp.so
-- Set runtime path of "/home/pandora/robot/ros2_pro/install/mmr_interfaces/lib/libmmr_interfaces__rosidl_typesupport_introspection_cpp.so" to ""
-- Installing: /home/pandora/robot/ros2_pro/install/mmr_interfaces/lib/libmmr_interfaces__rosidl_typesupport_cpp.so
-- Set runtime path of "/home/pandora/robot/ros2_pro/install/mmr_interfaces/lib/libmmr_interfaces__rosidl_typesupport_cpp.so" to ""
-- Installing: /home/pandora/robot/ros2_pro/install/mmr_interfaces/share/mmr_interfaces/environment/pythonpath.sh
-- Installing: /home/pandora/robot/ros2_pro/install/mmr_interfaces/share/mmr_interfaces/environment/pythonpath.dsv
-- Installing: /home/pandora/robot/ros2_pro/install/mmr_interfaces/lib/python3.10/site-packages/mmr_interfaces-0.0.1-py3.10.egg-info
-- Installing: /home/pandora/robot/ros2_pro/install/mmr_interfaces/lib/python3.10/site-packages/mmr_interfaces-0.0.1-py3.10.egg-info/SOURCES.txt
-- Installing: /home/pandora/robot/ros2_pro/install/mmr_interfaces/lib/python3.10/site-packages/mmr_interfaces-0.0.1-py3.10.egg-info/PKG-INFO
-- Installing: /home/pandora/robot/ros2_pro/install/mmr_interfaces/lib/python3.10/site-packages/mmr_interfaces-0.0.1-py3.10.egg-info/dependency_links.txt
-- Installing: /home/pandora/robot/ros2_pro/install/mmr_interfaces/lib/python3.10/site-packages/mmr_interfaces-0.0.1-py3.10.egg-info/top_level.txt
-- Installing: /home/pandora/robot/ros2_pro/install/mmr_interfaces/lib/python3.10/site-packages/mmr_interfaces
-- Installing: /home/pandora/robot/ros2_pro/install/mmr_interfaces/lib/python3.10/site-packages/mmr_interfaces/action
-- Installing: /home/pandora/robot/ros2_pro/install/mmr_interfaces/lib/python3.10/site-packages/mmr_interfaces/action/_palletize.py
-- Installing: /home/pandora/robot/ros2_pro/install/mmr_interfaces/lib/python3.10/site-packages/mmr_interfaces/action/__init__.py
-- Installing: /home/pandora/robot/ros2_pro/install/mmr_interfaces/lib/python3.10/site-packages/mmr_interfaces/action/_pick_and_place.py
-- Installing: /home/pandora/robot/ros2_pro/install/mmr_interfaces/lib/python3.10/site-packages/mmr_interfaces/action/_pick_and_place_s.c
-- Installing: /home/pandora/robot/ros2_pro/install/mmr_interfaces/lib/python3.10/site-packages/mmr_interfaces/action/_palletize_s.c
-- Installing: /home/pandora/robot/ros2_pro/install/mmr_interfaces/lib/python3.10/site-packages/mmr_interfaces/libmmr_interfaces__rosidl_generator_py.so
-- Installing: /home/pandora/robot/ros2_pro/install/mmr_interfaces/lib/python3.10/site-packages/mmr_interfaces/_mmr_interfaces_s.ep.rosidl_typesupport_c.c
-- Installing: /home/pandora/robot/ros2_pro/install/mmr_interfaces/lib/python3.10/site-packages/mmr_interfaces/_mmr_interfaces_s.ep.rosidl_typesupport_introspection_c.c
-- Installing: /home/pandora/robot/ros2_pro/install/mmr_interfaces/lib/python3.10/site-packages/mmr_interfaces/__init__.py
-- Installing: /home/pandora/robot/ros2_pro/install/mmr_interfaces/lib/python3.10/site-packages/mmr_interfaces/srv
-- Installing: /home/pandora/robot/ros2_pro/install/mmr_interfaces/lib/python3.10/site-packages/mmr_interfaces/srv/_get_drop_pose.py
-- Installing: /home/pandora/robot/ros2_pro/install/mmr_interfaces/lib/python3.10/site-packages/mmr_interfaces/srv/_move_distance_s.c
-- Installing: /home/pandora/robot/ros2_pro/install/mmr_interfaces/lib/python3.10/site-packages/mmr_interfaces/srv/_capture_vision.py
-- Installing: /home/pandora/robot/ros2_pro/install/mmr_interfaces/lib/python3.10/site-packages/mmr_interfaces/srv/__init__.py
-- Installing: /home/pandora/robot/ros2_pro/install/mmr_interfaces/lib/python3.10/site-packages/mmr_interfaces/srv/_move_distance.py
-- Installing: /home/pandora/robot/ros2_pro/install/mmr_interfaces/lib/python3.10/site-packages/mmr_interfaces/srv/_get_drop_pose_s.c
-- Installing: /home/pandora/robot/ros2_pro/install/mmr_interfaces/lib/python3.10/site-packages/mmr_interfaces/srv/_rotate_turret.py
-- Installing: /home/pandora/robot/ros2_pro/install/mmr_interfaces/lib/python3.10/site-packages/mmr_interfaces/srv/_capture_vision_s.c
-- Installing: /home/pandora/robot/ros2_pro/install/mmr_interfaces/lib/python3.10/site-packages/mmr_interfaces/srv/_rotate_turret_s.c
-- Installing: /home/pandora/robot/ros2_pro/install/mmr_interfaces/lib/python3.10/site-packages/mmr_interfaces/mmr_interfaces_s__rosidl_typesupport_fastrtps_c.cpython-310-aarch64-linux-gnu.so
-- Installing: /home/pandora/robot/ros2_pro/install/mmr_interfaces/lib/python3.10/site-packages/mmr_interfaces/_mmr_interfaces_s.ep.rosidl_typesupport_fastrtps_c.c
-- Installing: /home/pandora/robot/ros2_pro/install/mmr_interfaces/lib/python3.10/site-packages/mmr_interfaces/mmr_interfaces_s__rosidl_typesupport_c.cpython-310-aarch64-linux-gnu.so
-- Installing: /home/pandora/robot/ros2_pro/install/mmr_interfaces/lib/python3.10/site-packages/mmr_interfaces/mmr_interfaces_s__rosidl_typesupport_introspection_c.cpython-310-aarch64-linux-gnu.so
Listing '/home/pandora/robot/ros2_pro/install/mmr_interfaces/lib/python3.10/site-packages/mmr_interfaces'...
Compiling '/home/pandora/robot/ros2_pro/install/mmr_interfaces/lib/python3.10/site-packages/mmr_interfaces/__init__.py'...
Listing '/home/pandora/robot/ros2_pro/install/mmr_interfaces/lib/python3.10/site-packages/mmr_interfaces/action'...
Compiling '/home/pandora/robot/ros2_pro/install/mmr_interfaces/lib/python3.10/site-packages/mmr_interfaces/action/__init__.py'...
Compiling '/home/pandora/robot/ros2_pro/install/mmr_interfaces/lib/python3.10/site-packages/mmr_interfaces/action/_palletize.py'...
Compiling '/home/pandora/robot/ros2_pro/install/mmr_interfaces/lib/python3.10/site-packages/mmr_interfaces/action/_pick_and_place.py'...
Listing '/home/pandora/robot/ros2_pro/install/mmr_interfaces/lib/python3.10/site-packages/mmr_interfaces/srv'...
Compiling '/home/pandora/robot/ros2_pro/install/mmr_interfaces/lib/python3.10/site-packages/mmr_interfaces/srv/__init__.py'...
Compiling '/home/pandora/robot/ros2_pro/install/mmr_interfaces/lib/python3.10/site-packages/mmr_interfaces/srv/_capture_vision.py'...
Compiling '/home/pandora/robot/ros2_pro/install/mmr_interfaces/lib/python3.10/site-packages/mmr_interfaces/srv/_get_drop_pose.py'...
Compiling '/home/pandora/robot/ros2_pro/install/mmr_interfaces/lib/python3.10/site-packages/mmr_interfaces/srv/_move_distance.py'...
Compiling '/home/pandora/robot/ros2_pro/install/mmr_interfaces/lib/python3.10/site-packages/mmr_interfaces/srv/_rotate_turret.py'...
-- Installing: /home/pandora/robot/ros2_pro/install/mmr_interfaces/lib/python3.10/site-packages/mmr_interfaces/mmr_interfaces_s__rosidl_typesupport_fastrtps_c.cpython-310-aarch64-linux-gnu.so
-- Set runtime path of "/home/pandora/robot/ros2_pro/install/mmr_interfaces/lib/python3.10/site-packages/mmr_interfaces/mmr_interfaces_s__rosidl_typesupport_fastrtps_c.cpython-310-aarch64-linux-gnu.so" to ""
-- Installing: /home/pandora/robot/ros2_pro/install/mmr_interfaces/lib/python3.10/site-packages/mmr_interfaces/mmr_interfaces_s__rosidl_typesupport_introspection_c.cpython-310-aarch64-linux-gnu.so
-- Set runtime path of "/home/pandora/robot/ros2_pro/install/mmr_interfaces/lib/python3.10/site-packages/mmr_interfaces/mmr_interfaces_s__rosidl_typesupport_introspection_c.cpython-310-aarch64-linux-gnu.so" to ""
-- Installing: /home/pandora/robot/ros2_pro/install/mmr_interfaces/lib/python3.10/site-packages/mmr_interfaces/mmr_interfaces_s__rosidl_typesupport_c.cpython-310-aarch64-linux-gnu.so
-- Set runtime path of "/home/pandora/robot/ros2_pro/install/mmr_interfaces/lib/python3.10/site-packages/mmr_interfaces/mmr_interfaces_s__rosidl_typesupport_c.cpython-310-aarch64-linux-gnu.so" to ""
-- Installing: /home/pandora/robot/ros2_pro/install/mmr_interfaces/lib/libmmr_interfaces__rosidl_generator_py.so
-- Set runtime path of "/home/pandora/robot/ros2_pro/install/mmr_interfaces/lib/libmmr_interfaces__rosidl_generator_py.so" to ""
-- Installing: /home/pandora/robot/ros2_pro/install/mmr_interfaces/share/mmr_interfaces/srv/MoveDistance.idl
-- Installing: /home/pandora/robot/ros2_pro/install/mmr_interfaces/share/mmr_interfaces/srv/CaptureVision.idl
-- Installing: /home/pandora/robot/ros2_pro/install/mmr_interfaces/share/mmr_interfaces/srv/GetDropPose.idl
-- Installing: /home/pandora/robot/ros2_pro/install/mmr_interfaces/share/mmr_interfaces/srv/RotateTurret.idl
-- Installing: /home/pandora/robot/ros2_pro/install/mmr_interfaces/share/mmr_interfaces/action/Palletize.idl
-- Installing: /home/pandora/robot/ros2_pro/install/mmr_interfaces/share/mmr_interfaces/action/PickAndPlace.idl
-- Installing: /home/pandora/robot/ros2_pro/install/mmr_interfaces/share/mmr_interfaces/srv/MoveDistance.srv
-- Installing: /home/pandora/robot/ros2_pro/install/mmr_interfaces/share/mmr_interfaces/srv/MoveDistance_Request.msg
-- Installing: /home/pandora/robot/ros2_pro/install/mmr_interfaces/share/mmr_interfaces/srv/MoveDistance_Response.msg
-- Installing: /home/pandora/robot/ros2_pro/install/mmr_interfaces/share/mmr_interfaces/srv/CaptureVision.srv
-- Installing: /home/pandora/robot/ros2_pro/install/mmr_interfaces/share/mmr_interfaces/srv/CaptureVision_Request.msg
-- Installing: /home/pandora/robot/ros2_pro/install/mmr_interfaces/share/mmr_interfaces/srv/CaptureVision_Response.msg
-- Installing: /home/pandora/robot/ros2_pro/install/mmr_interfaces/share/mmr_interfaces/srv/GetDropPose.srv
-- Installing: /home/pandora/robot/ros2_pro/install/mmr_interfaces/share/mmr_interfaces/srv/GetDropPose_Request.msg
-- Installing: /home/pandora/robot/ros2_pro/install/mmr_interfaces/share/mmr_interfaces/srv/GetDropPose_Response.msg
-- Installing: /home/pandora/robot/ros2_pro/install/mmr_interfaces/share/mmr_interfaces/srv/RotateTurret.srv
-- Installing: /home/pandora/robot/ros2_pro/install/mmr_interfaces/share/mmr_interfaces/srv/RotateTurret_Request.msg
-- Installing: /home/pandora/robot/ros2_pro/install/mmr_interfaces/share/mmr_interfaces/srv/RotateTurret_Response.msg
-- Installing: /home/pandora/robot/ros2_pro/install/mmr_interfaces/share/mmr_interfaces/action/Palletize.action
-- Installing: /home/pandora/robot/ros2_pro/install/mmr_interfaces/share/mmr_interfaces/action/PickAndPlace.action
-- Installing: /home/pandora/robot/ros2_pro/install/mmr_interfaces/share/ament_index/resource_index/package_run_dependencies/mmr_interfaces
-- Installing: /home/pandora/robot/ros2_pro/install/mmr_interfaces/share/ament_index/resource_index/parent_prefix_path/mmr_interfaces
-- Installing: /home/pandora/robot/ros2_pro/install/mmr_interfaces/share/mmr_interfaces/environment/ament_prefix_path.sh
-- Installing: /home/pandora/robot/ros2_pro/install/mmr_interfaces/share/mmr_interfaces/environment/ament_prefix_path.dsv
-- Installing: /home/pandora/robot/ros2_pro/install/mmr_interfaces/share/mmr_interfaces/environment/path.sh
-- Installing: /home/pandora/robot/ros2_pro/install/mmr_interfaces/share/mmr_interfaces/environment/path.dsv
-- Installing: /home/pandora/robot/ros2_pro/install/mmr_interfaces/share/mmr_interfaces/local_setup.bash
-- Installing: /home/pandora/robot/ros2_pro/install/mmr_interfaces/share/mmr_interfaces/local_setup.sh
-- Installing: /home/pandora/robot/ros2_pro/install/mmr_interfaces/share/mmr_interfaces/local_setup.zsh
-- Installing: /home/pandora/robot/ros2_pro/install/mmr_interfaces/share/mmr_interfaces/local_setup.dsv
-- Installing: /home/pandora/robot/ros2_pro/install/mmr_interfaces/share/mmr_interfaces/package.dsv
-- Installing: /home/pandora/robot/ros2_pro/install/mmr_interfaces/share/ament_index/resource_index/packages/mmr_interfaces
-- Installing: /home/pandora/robot/ros2_pro/install/mmr_interfaces/share/mmr_interfaces/cmake/export_mmr_interfaces__rosidl_generator_cExport.cmake
-- Installing: /home/pandora/robot/ros2_pro/install/mmr_interfaces/share/mmr_interfaces/cmake/export_mmr_interfaces__rosidl_generator_cExport-noconfig.cmake
-- Installing: /home/pandora/robot/ros2_pro/install/mmr_interfaces/share/mmr_interfaces/cmake/export_mmr_interfaces__rosidl_typesupport_fastrtps_cExport.cmake
-- Installing: /home/pandora/robot/ros2_pro/install/mmr_interfaces/share/mmr_interfaces/cmake/export_mmr_interfaces__rosidl_typesupport_fastrtps_cExport-noconfig.cmake
-- Installing: /home/pandora/robot/ros2_pro/install/mmr_interfaces/share/mmr_interfaces/cmake/mmr_interfaces__rosidl_typesupport_introspection_cExport.cmake
-- Installing: /home/pandora/robot/ros2_pro/install/mmr_interfaces/share/mmr_interfaces/cmake/mmr_interfaces__rosidl_typesupport_introspection_cExport-noconfig.cmake
-- Installing: /home/pandora/robot/ros2_pro/install/mmr_interfaces/share/mmr_interfaces/cmake/mmr_interfaces__rosidl_typesupport_cExport.cmake
-- Installing: /home/pandora/robot/ros2_pro/install/mmr_interfaces/share/mmr_interfaces/cmake/mmr_interfaces__rosidl_typesupport_cExport-noconfig.cmake
-- Installing: /home/pandora/robot/ros2_pro/install/mmr_interfaces/share/mmr_interfaces/cmake/export_mmr_interfaces__rosidl_generator_cppExport.cmake
-- Installing: /home/pandora/robot/ros2_pro/install/mmr_interfaces/share/mmr_interfaces/cmake/export_mmr_interfaces__rosidl_typesupport_fastrtps_cppExport.cmake
-- Installing: /home/pandora/robot/ros2_pro/install/mmr_interfaces/share/mmr_interfaces/cmake/export_mmr_interfaces__rosidl_typesupport_fastrtps_cppExport-noconfig.cmake
-- Installing: /home/pandora/robot/ros2_pro/install/mmr_interfaces/share/mmr_interfaces/cmake/mmr_interfaces__rosidl_typesupport_introspection_cppExport.cmake
-- Installing: /home/pandora/robot/ros2_pro/install/mmr_interfaces/share/mmr_interfaces/cmake/mmr_interfaces__rosidl_typesupport_introspection_cppExport-noconfig.cmake
-- Installing: /home/pandora/robot/ros2_pro/install/mmr_interfaces/share/mmr_interfaces/cmake/mmr_interfaces__rosidl_typesupport_cppExport.cmake
-- Installing: /home/pandora/robot/ros2_pro/install/mmr_interfaces/share/mmr_interfaces/cmake/mmr_interfaces__rosidl_typesupport_cppExport-noconfig.cmake
-- Installing: /home/pandora/robot/ros2_pro/install/mmr_interfaces/share/mmr_interfaces/cmake/export_mmr_interfaces__rosidl_generator_pyExport.cmake
-- Installing: /home/pandora/robot/ros2_pro/install/mmr_interfaces/share/mmr_interfaces/cmake/export_mmr_interfaces__rosidl_generator_pyExport-noconfig.cmake
-- Installing: /home/pandora/robot/ros2_pro/install/mmr_interfaces/share/mmr_interfaces/cmake/rosidl_cmake-extras.cmake
-- Installing: /home/pandora/robot/ros2_pro/install/mmr_interfaces/share/mmr_interfaces/cmake/ament_cmake_export_dependencies-extras.cmake
-- Installing: /home/pandora/robot/ros2_pro/install/mmr_interfaces/share/mmr_interfaces/cmake/ament_cmake_export_include_directories-extras.cmake
-- Installing: /home/pandora/robot/ros2_pro/install/mmr_interfaces/share/mmr_interfaces/cmake/ament_cmake_export_libraries-extras.cmake
-- Installing: /home/pandora/robot/ros2_pro/install/mmr_interfaces/share/mmr_interfaces/cmake/ament_cmake_export_targets-extras.cmake
-- Installing: /home/pandora/robot/ros2_pro/install/mmr_interfaces/share/mmr_interfaces/cmake/rosidl_cmake_export_typesupport_targets-extras.cmake
-- Installing: /home/pandora/robot/ros2_pro/install/mmr_interfaces/share/mmr_interfaces/cmake/rosidl_cmake_export_typesupport_libraries-extras.cmake
-- Installing: /home/pandora/robot/ros2_pro/install/mmr_interfaces/share/mmr_interfaces/cmake/mmr_interfacesConfig.cmake
-- Installing: /home/pandora/robot/ros2_pro/install/mmr_interfaces/share/mmr_interfaces/cmake/mmr_interfacesConfig-version.cmake
-- Installing: /home/pandora/robot/ros2_pro/install/mmr_interfaces/share/mmr_interfaces/package.xml
