[0.015s] Invoking command in '/home/pandora/robot/ros2_pro/build/mmr_interfaces': PS1=(.venv_production) \[\e]0;\u@\h: \w\a\]${debian_chroot:+($debian_chroot)}\[\033[01;32m\]\u@\h\[\033[00m\]:\[\033[01;34m\]\w\[\033[00m\]\$ VIRTUAL_ENV_PROMPT=(.venv_production) /usr/bin/cmake /home/pandora/robot/ros2_pro/src/mmr_interfaces -DCATKIN_INSTALL_INTO_PREFIX_ROOT=0 -DCATKIN_SYMLINK_INSTALL=ON -DCMAKE_INSTALL_PREFIX=/home/pandora/robot/ros2_pro/install/mmr_interfaces
[0.037s] -- Found ament_cmake: 1.3.12 (/opt/ros/humble/share/ament_cmake/cmake)
[0.251s] -- Found rosidl_default_generators: 1.2.0 (/opt/ros/humble/share/rosidl_default_generators/cmake)
[0.254s] -- Using all available rosidl_typesupport_c: rosidl_typesupport_fastrtps_c;rosidl_typesupport_introspection_c
[0.261s] -- Found rosidl_adapter: 3.1.7 (/opt/ros/humble/share/rosidl_adapter/cmake)
[0.312s] -- Using all available rosidl_typesupport_cpp: rosidl_typesupport_fastrtps_cpp;rosidl_typesupport_introspection_cpp
[0.348s] -- Found sensor_msgs: 4.9.0 (/opt/ros/humble/share/sensor_msgs/cmake)
[1.114s] -- Found ament_cmake_ros: 0.10.0 (/opt/ros/humble/share/ament_cmake_ros/cmake)
[1.632s] -- Using all available rosidl_typesupport_c: rosidl_typesupport_fastrtps_c;rosidl_typesupport_introspection_c
[2.312s] -- Using all available rosidl_typesupport_cpp: rosidl_typesupport_fastrtps_cpp;rosidl_typesupport_introspection_cpp
[2.348s] -- Found PythonInterp: /home/pandora/dev/strawberry/shared/venvs/.venv_production/bin/python3 (found suitable version "3.10.12", minimum required is "3.6") 
[2.352s] -- Found python_cmake_module: 0.10.0 (/opt/ros/humble/share/python_cmake_module/cmake)
[2.403s] -- Found PythonLibs: /usr/lib/aarch64-linux-gnu/libpython3.10.so (found suitable version "3.10.12", minimum required is "3.5") 
[2.403s] -- Using PYTHON_EXECUTABLE: /home/pandora/dev/strawberry/shared/venvs/.venv_production/bin/python3
[2.404s] -- Using PYTHON_INCLUDE_DIRS: /usr/include/python3.10
[2.404s] -- Using PYTHON_LIBRARIES: /usr/lib/aarch64-linux-gnu/libpython3.10.so
[2.435s] -- Found PythonExtra: .so  
[2.587s] -- Configuring done
[2.671s] -- Generating done
[2.693s] -- Build files have been written to: /home/pandora/robot/ros2_pro/build/mmr_interfaces
[2.713s] Invoked command in '/home/pandora/robot/ros2_pro/build/mmr_interfaces' returned '0': PS1=(.venv_production) \[\e]0;\u@\h: \w\a\]${debian_chroot:+($debian_chroot)}\[\033[01;32m\]\u@\h\[\033[00m\]:\[\033[01;34m\]\w\[\033[00m\]\$ VIRTUAL_ENV_PROMPT=(.venv_production) /usr/bin/cmake /home/pandora/robot/ros2_pro/src/mmr_interfaces -DCATKIN_INSTALL_INTO_PREFIX_ROOT=0 -DCATKIN_SYMLINK_INSTALL=ON -DCMAKE_INSTALL_PREFIX=/home/pandora/robot/ros2_pro/install/mmr_interfaces
[2.718s] Invoking command in '/home/pandora/robot/ros2_pro/build/mmr_interfaces': PS1=(.venv_production) \[\e]0;\u@\h: \w\a\]${debian_chroot:+($debian_chroot)}\[\033[01;32m\]\u@\h\[\033[00m\]:\[\033[01;34m\]\w\[\033[00m\]\$ VIRTUAL_ENV_PROMPT=(.venv_production) /usr/bin/cmake --build /home/pandora/robot/ros2_pro/build/mmr_interfaces -- -j8 -l8
[2.786s] [  1%] [34m[1mGenerating C code for ROS interfaces[0m
[2.802s] [  2%] [34m[1mGenerating C++ code for ROS interfaces[0m
[2.818s] [  2%] Built target ament_cmake_python_copy_mmr_interfaces
[3.165s] running egg_info
[3.166s] creating mmr_interfaces.egg-info
[3.166s] writing mmr_interfaces.egg-info/PKG-INFO
[3.167s] writing dependency_links to mmr_interfaces.egg-info/dependency_links.txt
[3.167s] writing top-level names to mmr_interfaces.egg-info/top_level.txt
[3.167s] writing manifest file 'mmr_interfaces.egg-info/SOURCES.txt'
[3.170s] reading manifest file 'mmr_interfaces.egg-info/SOURCES.txt'
[3.172s] writing manifest file 'mmr_interfaces.egg-info/SOURCES.txt'
[3.234s] [  2%] Built target ament_cmake_python_build_mmr_interfaces_egg
[4.621s] [  5%] [32mBuilding C object CMakeFiles/mmr_interfaces__rosidl_generator_c.dir/rosidl_generator_c/mmr_interfaces/srv/detail/get_drop_pose__functions.c.o[0m
[4.621s] [  7%] Built target mmr_interfaces__cpp
[4.622s] [  7%] [32mBuilding C object CMakeFiles/mmr_interfaces__rosidl_generator_c.dir/rosidl_generator_c/mmr_interfaces/srv/detail/rotate_turret__functions.c.o[0m
[4.622s] [  8%] [32mBuilding C object CMakeFiles/mmr_interfaces__rosidl_generator_c.dir/rosidl_generator_c/mmr_interfaces/srv/detail/move_distance__functions.c.o[0m
[4.622s] [  8%] [32mBuilding C object CMakeFiles/mmr_interfaces__rosidl_generator_c.dir/rosidl_generator_c/mmr_interfaces/action/detail/palletize__functions.c.o[0m
[4.624s] [  9%] [32mBuilding C object CMakeFiles/mmr_interfaces__rosidl_generator_c.dir/rosidl_generator_c/mmr_interfaces/srv/detail/capture_vision__functions.c.o[0m
[4.626s] [ 11%] [32mBuilding C object CMakeFiles/mmr_interfaces__rosidl_generator_c.dir/rosidl_generator_c/mmr_interfaces/action/detail/pick_and_place__functions.c.o[0m
[4.641s] [ 12%] [34m[1mGenerating C++ type support dispatch for ROS interfaces[0m
[4.641s] [ 14%] [34m[1mGenerating C++ type support for eProsima Fast-RTPS[0m
[4.848s] [ 15%] [34m[1mGenerating C++ introspection for ROS interfaces[0m
[4.950s] [ 16%] [32m[1mLinking C shared library libmmr_interfaces__rosidl_generator_c.so[0m
[5.044s] [ 16%] Built target mmr_interfaces__rosidl_generator_c
[5.065s] [ 19%] [34m[1mGenerating C type support for eProsima Fast-RTPS[0m
[5.065s] [ 19%] [34m[1mGenerating C introspection for ROS interfaces[0m
[5.068s] [ 21%] [34m[1mGenerating C type support dispatch for ROS interfaces[0m
[5.763s] [ 25%] [32mBuilding CXX object CMakeFiles/mmr_interfaces__rosidl_typesupport_cpp.dir/rosidl_typesupport_cpp/mmr_interfaces/srv/capture_vision__type_support.cpp.o[0m
[5.764s] [ 25%] [32mBuilding CXX object CMakeFiles/mmr_interfaces__rosidl_typesupport_cpp.dir/rosidl_typesupport_cpp/mmr_interfaces/srv/get_drop_pose__type_support.cpp.o[0m
[5.764s] [ 25%] [32mBuilding CXX object CMakeFiles/mmr_interfaces__rosidl_typesupport_cpp.dir/rosidl_typesupport_cpp/mmr_interfaces/srv/move_distance__type_support.cpp.o[0m
[6.288s] [ 26%] [32mBuilding CXX object CMakeFiles/mmr_interfaces__rosidl_typesupport_c.dir/rosidl_typesupport_c/mmr_interfaces/srv/move_distance__type_support.cpp.o[0m
[6.354s] [ 28%] [32mBuilding CXX object CMakeFiles/mmr_interfaces__rosidl_typesupport_c.dir/rosidl_typesupport_c/mmr_interfaces/srv/capture_vision__type_support.cpp.o[0m
[6.376s] [ 29%] [32mBuilding CXX object CMakeFiles/mmr_interfaces__rosidl_typesupport_introspection_cpp.dir/rosidl_typesupport_introspection_cpp/mmr_interfaces/srv/detail/move_distance__type_support.cpp.o[0m
[6.389s] [ 30%] [32mBuilding CXX object CMakeFiles/mmr_interfaces__rosidl_typesupport_introspection_cpp.dir/rosidl_typesupport_introspection_cpp/mmr_interfaces/srv/detail/capture_vision__type_support.cpp.o[0m
[6.397s] [ 32%] [32mBuilding CXX object CMakeFiles/mmr_interfaces__rosidl_typesupport_cpp.dir/rosidl_typesupport_cpp/mmr_interfaces/srv/rotate_turret__type_support.cpp.o[0m
[6.418s] [ 33%] [32mBuilding CXX object CMakeFiles/mmr_interfaces__rosidl_typesupport_c.dir/rosidl_typesupport_c/mmr_interfaces/srv/get_drop_pose__type_support.cpp.o[0m
[6.425s] [ 35%] [32mBuilding CXX object CMakeFiles/mmr_interfaces__rosidl_typesupport_fastrtps_cpp.dir/rosidl_typesupport_fastrtps_cpp/mmr_interfaces/srv/detail/dds_fastrtps/move_distance__type_support.cpp.o[0m
[6.435s] [ 36%] [32mBuilding CXX object CMakeFiles/mmr_interfaces__rosidl_typesupport_c.dir/rosidl_typesupport_c/mmr_interfaces/srv/rotate_turret__type_support.cpp.o[0m
[6.505s] [ 38%] [32mBuilding CXX object CMakeFiles/mmr_interfaces__rosidl_typesupport_fastrtps_cpp.dir/rosidl_typesupport_fastrtps_cpp/mmr_interfaces/srv/detail/dds_fastrtps/capture_vision__type_support.cpp.o[0m
[6.548s] [ 39%] [32mBuilding CXX object CMakeFiles/mmr_interfaces__rosidl_typesupport_c.dir/rosidl_typesupport_c/mmr_interfaces/action/palletize__type_support.cpp.o[0m
[6.751s] [ 40%] [32mBuilding CXX object CMakeFiles/mmr_interfaces__rosidl_typesupport_c.dir/rosidl_typesupport_c/mmr_interfaces/action/pick_and_place__type_support.cpp.o[0m
[6.843s] [ 42%] [32m[1mLinking CXX shared library libmmr_interfaces__rosidl_typesupport_c.so[0m
[6.934s] [ 43%] [32mBuilding C object CMakeFiles/mmr_interfaces__rosidl_typesupport_introspection_c.dir/rosidl_typesupport_introspection_c/mmr_interfaces/srv/detail/move_distance__type_support.c.o[0m
[6.936s] [ 43%] Built target mmr_interfaces__rosidl_typesupport_c
[6.951s] [ 45%] [32mBuilding CXX object CMakeFiles/mmr_interfaces__rosidl_typesupport_fastrtps_cpp.dir/rosidl_typesupport_fastrtps_cpp/mmr_interfaces/srv/detail/dds_fastrtps/get_drop_pose__type_support.cpp.o[0m
[7.008s] [ 46%] [32mBuilding C object CMakeFiles/mmr_interfaces__rosidl_typesupport_introspection_c.dir/rosidl_typesupport_introspection_c/mmr_interfaces/srv/detail/capture_vision__type_support.c.o[0m
[7.016s] [ 47%] [32mBuilding CXX object CMakeFiles/mmr_interfaces__rosidl_typesupport_cpp.dir/rosidl_typesupport_cpp/mmr_interfaces/action/palletize__type_support.cpp.o[0m
[7.073s] [ 49%] [32mBuilding CXX object CMakeFiles/mmr_interfaces__rosidl_typesupport_fastrtps_c.dir/rosidl_typesupport_fastrtps_c/mmr_interfaces/srv/detail/move_distance__type_support_c.cpp.o[0m
[7.122s] [ 50%] [32mBuilding C object CMakeFiles/mmr_interfaces__rosidl_typesupport_introspection_c.dir/rosidl_typesupport_introspection_c/mmr_interfaces/srv/detail/get_drop_pose__type_support.c.o[0m
[7.200s] [ 52%] [32mBuilding C object CMakeFiles/mmr_interfaces__rosidl_typesupport_introspection_c.dir/rosidl_typesupport_introspection_c/mmr_interfaces/srv/detail/rotate_turret__type_support.c.o[0m
[7.215s] [ 53%] [32mBuilding CXX object CMakeFiles/mmr_interfaces__rosidl_typesupport_introspection_cpp.dir/rosidl_typesupport_introspection_cpp/mmr_interfaces/srv/detail/get_drop_pose__type_support.cpp.o[0m
[7.295s] [ 54%] [32mBuilding C object CMakeFiles/mmr_interfaces__rosidl_typesupport_introspection_c.dir/rosidl_typesupport_introspection_c/mmr_interfaces/action/detail/palletize__type_support.c.o[0m
[7.340s] [ 56%] [32mBuilding CXX object CMakeFiles/mmr_interfaces__rosidl_typesupport_fastrtps_cpp.dir/rosidl_typesupport_fastrtps_cpp/mmr_interfaces/srv/detail/dds_fastrtps/rotate_turret__type_support.cpp.o[0m
[7.383s] [ 57%] [32mBuilding CXX object CMakeFiles/mmr_interfaces__rosidl_typesupport_introspection_cpp.dir/rosidl_typesupport_introspection_cpp/mmr_interfaces/srv/detail/rotate_turret__type_support.cpp.o[0m
[7.414s] [ 59%] [32mBuilding C object CMakeFiles/mmr_interfaces__rosidl_typesupport_introspection_c.dir/rosidl_typesupport_introspection_c/mmr_interfaces/action/detail/pick_and_place__type_support.c.o[0m
[7.560s] [ 60%] [32m[1mLinking C shared library libmmr_interfaces__rosidl_typesupport_introspection_c.so[0m
[7.600s] [ 61%] [32mBuilding CXX object CMakeFiles/mmr_interfaces__rosidl_typesupport_fastrtps_cpp.dir/rosidl_typesupport_fastrtps_cpp/mmr_interfaces/action/detail/dds_fastrtps/palletize__type_support.cpp.o[0m
[7.644s] [ 61%] Built target mmr_interfaces__rosidl_typesupport_introspection_c
[7.662s] [ 63%] [32mBuilding CXX object CMakeFiles/mmr_interfaces__rosidl_typesupport_fastrtps_cpp.dir/rosidl_typesupport_fastrtps_cpp/mmr_interfaces/action/detail/dds_fastrtps/pick_and_place__type_support.cpp.o[0m
[7.795s] [ 64%] [32mBuilding CXX object CMakeFiles/mmr_interfaces__rosidl_typesupport_fastrtps_c.dir/rosidl_typesupport_fastrtps_c/mmr_interfaces/srv/detail/capture_vision__type_support_c.cpp.o[0m
[7.804s] [ 66%] [32mBuilding CXX object CMakeFiles/mmr_interfaces__rosidl_typesupport_introspection_cpp.dir/rosidl_typesupport_introspection_cpp/mmr_interfaces/action/detail/palletize__type_support.cpp.o[0m
[8.062s] [ 67%] [32mBuilding CXX object CMakeFiles/mmr_interfaces__rosidl_typesupport_fastrtps_c.dir/rosidl_typesupport_fastrtps_c/mmr_interfaces/srv/detail/get_drop_pose__type_support_c.cpp.o[0m
[8.079s] [ 69%] [32mBuilding CXX object CMakeFiles/mmr_interfaces__rosidl_typesupport_cpp.dir/rosidl_typesupport_cpp/mmr_interfaces/action/pick_and_place__type_support.cpp.o[0m
[8.162s] [ 70%] [32mBuilding CXX object CMakeFiles/mmr_interfaces__rosidl_typesupport_introspection_cpp.dir/rosidl_typesupport_introspection_cpp/mmr_interfaces/action/detail/pick_and_place__type_support.cpp.o[0m
[8.166s] [ 71%] [32mBuilding CXX object CMakeFiles/mmr_interfaces__rosidl_typesupport_fastrtps_c.dir/rosidl_typesupport_fastrtps_c/mmr_interfaces/srv/detail/rotate_turret__type_support_c.cpp.o[0m
[8.692s] [ 73%] [32mBuilding CXX object CMakeFiles/mmr_interfaces__rosidl_typesupport_fastrtps_c.dir/rosidl_typesupport_fastrtps_c/mmr_interfaces/action/detail/palletize__type_support_c.cpp.o[0m
[8.826s] [ 74%] [32mBuilding CXX object CMakeFiles/mmr_interfaces__rosidl_typesupport_fastrtps_c.dir/rosidl_typesupport_fastrtps_c/mmr_interfaces/action/detail/pick_and_place__type_support_c.cpp.o[0m
[9.049s] [ 76%] [32m[1mLinking CXX shared library libmmr_interfaces__rosidl_typesupport_fastrtps_cpp.so[0m
[9.196s] [ 77%] [32m[1mLinking CXX shared library libmmr_interfaces__rosidl_typesupport_cpp.so[0m
[9.242s] [ 77%] Built target mmr_interfaces__rosidl_typesupport_fastrtps_cpp
[9.272s] [ 77%] Built target mmr_interfaces__rosidl_typesupport_cpp
[9.589s] [ 78%] [32m[1mLinking CXX shared library libmmr_interfaces__rosidl_typesupport_fastrtps_c.so[0m
[9.631s] [ 80%] [32m[1mLinking CXX shared library libmmr_interfaces__rosidl_typesupport_introspection_cpp.so[0m
[9.737s] [ 80%] Built target mmr_interfaces__rosidl_typesupport_fastrtps_c
[9.783s] [ 80%] Built target mmr_interfaces__rosidl_typesupport_introspection_cpp
[9.822s] [ 80%] Built target mmr_interfaces
[9.864s] [ 81%] [34m[1mGenerating Python code for ROS interfaces[0m
[13.128s] [ 81%] Built target mmr_interfaces__py
[13.186s] [ 83%] [32mBuilding C object CMakeFiles/mmr_interfaces__rosidl_generator_py.dir/rosidl_generator_py/mmr_interfaces/srv/_get_drop_pose_s.c.o[0m
[13.189s] [ 84%] [32mBuilding C object CMakeFiles/mmr_interfaces__rosidl_generator_py.dir/rosidl_generator_py/mmr_interfaces/srv/_move_distance_s.c.o[0m
[13.190s] [ 85%] [32mBuilding C object CMakeFiles/mmr_interfaces__rosidl_generator_py.dir/rosidl_generator_py/mmr_interfaces/srv/_capture_vision_s.c.o[0m
[13.194s] [ 87%] [32mBuilding C object CMakeFiles/mmr_interfaces__rosidl_generator_py.dir/rosidl_generator_py/mmr_interfaces/srv/_rotate_turret_s.c.o[0m
[13.218s] [ 88%] [32mBuilding C object CMakeFiles/mmr_interfaces__rosidl_generator_py.dir/rosidl_generator_py/mmr_interfaces/action/_pick_and_place_s.c.o[0m
[13.220s] [ 90%] [32mBuilding C object CMakeFiles/mmr_interfaces__rosidl_generator_py.dir/rosidl_generator_py/mmr_interfaces/action/_palletize_s.c.o[0m
[13.588s] [ 91%] [32m[1mLinking C shared library rosidl_generator_py/mmr_interfaces/libmmr_interfaces__rosidl_generator_py.so[0m
[13.675s] [ 91%] Built target mmr_interfaces__rosidl_generator_py
[13.718s] [ 94%] [32mBuilding C object CMakeFiles/mmr_interfaces__rosidl_typesupport_introspection_c__pyext.dir/rosidl_generator_py/mmr_interfaces/_mmr_interfaces_s.ep.rosidl_typesupport_introspection_c.c.o[0m
[13.718s] [ 94%] [32mBuilding C object CMakeFiles/mmr_interfaces__rosidl_typesupport_c__pyext.dir/rosidl_generator_py/mmr_interfaces/_mmr_interfaces_s.ep.rosidl_typesupport_c.c.o[0m
[13.718s] [ 95%] [32mBuilding C object CMakeFiles/mmr_interfaces__rosidl_typesupport_fastrtps_c__pyext.dir/rosidl_generator_py/mmr_interfaces/_mmr_interfaces_s.ep.rosidl_typesupport_fastrtps_c.c.o[0m
[14.021s] [ 98%] [32m[1mLinking C shared library rosidl_generator_py/mmr_interfaces/mmr_interfaces_s__rosidl_typesupport_c.cpython-310-aarch64-linux-gnu.so[0m
[14.021s] [ 98%] [32m[1mLinking C shared library rosidl_generator_py/mmr_interfaces/mmr_interfaces_s__rosidl_typesupport_introspection_c.cpython-310-aarch64-linux-gnu.so[0m
[14.035s] [100%] [32m[1mLinking C shared library rosidl_generator_py/mmr_interfaces/mmr_interfaces_s__rosidl_typesupport_fastrtps_c.cpython-310-aarch64-linux-gnu.so[0m
[14.102s] [100%] Built target mmr_interfaces__rosidl_typesupport_c__pyext
[14.102s] [100%] Built target mmr_interfaces__rosidl_typesupport_introspection_c__pyext
[14.117s] [100%] Built target mmr_interfaces__rosidl_typesupport_fastrtps_c__pyext
[14.147s] Invoked command in '/home/pandora/robot/ros2_pro/build/mmr_interfaces' returned '0': PS1=(.venv_production) \[\e]0;\u@\h: \w\a\]${debian_chroot:+($debian_chroot)}\[\033[01;32m\]\u@\h\[\033[00m\]:\[\033[01;34m\]\w\[\033[00m\]\$ VIRTUAL_ENV_PROMPT=(.venv_production) /usr/bin/cmake --build /home/pandora/robot/ros2_pro/build/mmr_interfaces -- -j8 -l8
[14.166s] Invoking command in '/home/pandora/robot/ros2_pro/build/mmr_interfaces': PS1=(.venv_production) \[\e]0;\u@\h: \w\a\]${debian_chroot:+($debian_chroot)}\[\033[01;32m\]\u@\h\[\033[00m\]:\[\033[01;34m\]\w\[\033[00m\]\$ VIRTUAL_ENV_PROMPT=(.venv_production) /usr/bin/cmake --install /home/pandora/robot/ros2_pro/build/mmr_interfaces
[14.182s] -- Install configuration: ""
[14.182s] -- Installing: /home/pandora/robot/ros2_pro/install/mmr_interfaces/share/ament_index/resource_index/rosidl_interfaces/mmr_interfaces
[14.183s] -- Installing: /home/pandora/robot/ros2_pro/install/mmr_interfaces/include/mmr_interfaces/mmr_interfaces
[14.183s] -- Installing: /home/pandora/robot/ros2_pro/install/mmr_interfaces/include/mmr_interfaces/mmr_interfaces/action
[14.183s] -- Installing: /home/pandora/robot/ros2_pro/install/mmr_interfaces/include/mmr_interfaces/mmr_interfaces/action/detail
[14.183s] -- Installing: /home/pandora/robot/ros2_pro/install/mmr_interfaces/include/mmr_interfaces/mmr_interfaces/action/detail/palletize__functions.h
[14.184s] -- Installing: /home/pandora/robot/ros2_pro/install/mmr_interfaces/include/mmr_interfaces/mmr_interfaces/action/detail/pick_and_place__functions.h
[14.184s] -- Installing: /home/pandora/robot/ros2_pro/install/mmr_interfaces/include/mmr_interfaces/mmr_interfaces/action/detail/palletize__struct.h
[14.185s] -- Installing: /home/pandora/robot/ros2_pro/install/mmr_interfaces/include/mmr_interfaces/mmr_interfaces/action/detail/pick_and_place__struct.h
[14.185s] -- Installing: /home/pandora/robot/ros2_pro/install/mmr_interfaces/include/mmr_interfaces/mmr_interfaces/action/detail/palletize__functions.c
[14.185s] -- Installing: /home/pandora/robot/ros2_pro/install/mmr_interfaces/include/mmr_interfaces/mmr_interfaces/action/detail/pick_and_place__functions.c
[14.185s] -- Installing: /home/pandora/robot/ros2_pro/install/mmr_interfaces/include/mmr_interfaces/mmr_interfaces/action/detail/pick_and_place__type_support.h
[14.186s] -- Installing: /home/pandora/robot/ros2_pro/install/mmr_interfaces/include/mmr_interfaces/mmr_interfaces/action/detail/palletize__type_support.h
[14.186s] -- Installing: /home/pandora/robot/ros2_pro/install/mmr_interfaces/include/mmr_interfaces/mmr_interfaces/action/palletize.h
[14.186s] -- Installing: /home/pandora/robot/ros2_pro/install/mmr_interfaces/include/mmr_interfaces/mmr_interfaces/action/pick_and_place.h
[14.186s] -- Installing: /home/pandora/robot/ros2_pro/install/mmr_interfaces/include/mmr_interfaces/mmr_interfaces/srv
[14.186s] -- Installing: /home/pandora/robot/ros2_pro/install/mmr_interfaces/include/mmr_interfaces/mmr_interfaces/srv/detail
[14.187s] -- Installing: /home/pandora/robot/ros2_pro/install/mmr_interfaces/include/mmr_interfaces/mmr_interfaces/srv/detail/get_drop_pose__type_support.h
[14.187s] -- Installing: /home/pandora/robot/ros2_pro/install/mmr_interfaces/include/mmr_interfaces/mmr_interfaces/srv/detail/get_drop_pose__functions.c
[14.187s] -- Installing: /home/pandora/robot/ros2_pro/install/mmr_interfaces/include/mmr_interfaces/mmr_interfaces/srv/detail/capture_vision__functions.h
[14.187s] -- Installing: /home/pandora/robot/ros2_pro/install/mmr_interfaces/include/mmr_interfaces/mmr_interfaces/srv/detail/move_distance__functions.c
[14.187s] -- Installing: /home/pandora/robot/ros2_pro/install/mmr_interfaces/include/mmr_interfaces/mmr_interfaces/srv/detail/rotate_turret__struct.h
[14.188s] -- Installing: /home/pandora/robot/ros2_pro/install/mmr_interfaces/include/mmr_interfaces/mmr_interfaces/srv/detail/capture_vision__functions.c
[14.188s] -- Installing: /home/pandora/robot/ros2_pro/install/mmr_interfaces/include/mmr_interfaces/mmr_interfaces/srv/detail/capture_vision__struct.h
[14.188s] -- Installing: /home/pandora/robot/ros2_pro/install/mmr_interfaces/include/mmr_interfaces/mmr_interfaces/srv/detail/move_distance__struct.h
[14.188s] -- Installing: /home/pandora/robot/ros2_pro/install/mmr_interfaces/include/mmr_interfaces/mmr_interfaces/srv/detail/move_distance__type_support.h
[14.189s] -- Installing: /home/pandora/robot/ros2_pro/install/mmr_interfaces/include/mmr_interfaces/mmr_interfaces/srv/detail/get_drop_pose__struct.h
[14.189s] -- Installing: /home/pandora/robot/ros2_pro/install/mmr_interfaces/include/mmr_interfaces/mmr_interfaces/srv/detail/rotate_turret__functions.c
[14.189s] -- Installing: /home/pandora/robot/ros2_pro/install/mmr_interfaces/include/mmr_interfaces/mmr_interfaces/srv/detail/rotate_turret__type_support.h
[14.189s] -- Installing: /home/pandora/robot/ros2_pro/install/mmr_interfaces/include/mmr_interfaces/mmr_interfaces/srv/detail/rotate_turret__functions.h
[14.189s] -- Installing: /home/pandora/robot/ros2_pro/install/mmr_interfaces/include/mmr_interfaces/mmr_interfaces/srv/detail/get_drop_pose__functions.h
[14.189s] -- Installing: /home/pandora/robot/ros2_pro/install/mmr_interfaces/include/mmr_interfaces/mmr_interfaces/srv/detail/move_distance__functions.h
[14.190s] -- Installing: /home/pandora/robot/ros2_pro/install/mmr_interfaces/include/mmr_interfaces/mmr_interfaces/srv/detail/capture_vision__type_support.h
[14.190s] -- Installing: /home/pandora/robot/ros2_pro/install/mmr_interfaces/include/mmr_interfaces/mmr_interfaces/srv/capture_vision.h
[14.190s] -- Installing: /home/pandora/robot/ros2_pro/install/mmr_interfaces/include/mmr_interfaces/mmr_interfaces/srv/move_distance.h
[14.190s] -- Installing: /home/pandora/robot/ros2_pro/install/mmr_interfaces/include/mmr_interfaces/mmr_interfaces/srv/rotate_turret.h
[14.190s] -- Installing: /home/pandora/robot/ros2_pro/install/mmr_interfaces/include/mmr_interfaces/mmr_interfaces/srv/get_drop_pose.h
[14.191s] -- Installing: /home/pandora/robot/ros2_pro/install/mmr_interfaces/include/mmr_interfaces/mmr_interfaces/msg
[14.191s] -- Installing: /home/pandora/robot/ros2_pro/install/mmr_interfaces/include/mmr_interfaces/mmr_interfaces/msg/rosidl_generator_c__visibility_control.h
[14.191s] -- Installing: /home/pandora/robot/ros2_pro/install/mmr_interfaces/share/mmr_interfaces/environment/library_path.sh
[14.191s] -- Installing: /home/pandora/robot/ros2_pro/install/mmr_interfaces/share/mmr_interfaces/environment/library_path.dsv
[14.192s] -- Installing: /home/pandora/robot/ros2_pro/install/mmr_interfaces/lib/libmmr_interfaces__rosidl_generator_c.so
[14.193s] -- Set runtime path of "/home/pandora/robot/ros2_pro/install/mmr_interfaces/lib/libmmr_interfaces__rosidl_generator_c.so" to ""
[14.193s] -- Up-to-date: /home/pandora/robot/ros2_pro/install/mmr_interfaces/include/mmr_interfaces/mmr_interfaces
[14.193s] -- Up-to-date: /home/pandora/robot/ros2_pro/install/mmr_interfaces/include/mmr_interfaces/mmr_interfaces/action
[14.193s] -- Up-to-date: /home/pandora/robot/ros2_pro/install/mmr_interfaces/include/mmr_interfaces/mmr_interfaces/action/detail
[14.193s] -- Installing: /home/pandora/robot/ros2_pro/install/mmr_interfaces/include/mmr_interfaces/mmr_interfaces/action/detail/pick_and_place__rosidl_typesupport_fastrtps_c.h
[14.193s] -- Installing: /home/pandora/robot/ros2_pro/install/mmr_interfaces/include/mmr_interfaces/mmr_interfaces/action/detail/palletize__rosidl_typesupport_fastrtps_c.h
[14.194s] -- Up-to-date: /home/pandora/robot/ros2_pro/install/mmr_interfaces/include/mmr_interfaces/mmr_interfaces/srv
[14.194s] -- Up-to-date: /home/pandora/robot/ros2_pro/install/mmr_interfaces/include/mmr_interfaces/mmr_interfaces/srv/detail
[14.194s] -- Installing: /home/pandora/robot/ros2_pro/install/mmr_interfaces/include/mmr_interfaces/mmr_interfaces/srv/detail/capture_vision__rosidl_typesupport_fastrtps_c.h
[14.194s] -- Installing: /home/pandora/robot/ros2_pro/install/mmr_interfaces/include/mmr_interfaces/mmr_interfaces/srv/detail/rotate_turret__rosidl_typesupport_fastrtps_c.h
[14.194s] -- Installing: /home/pandora/robot/ros2_pro/install/mmr_interfaces/include/mmr_interfaces/mmr_interfaces/srv/detail/get_drop_pose__rosidl_typesupport_fastrtps_c.h
[14.194s] -- Installing: /home/pandora/robot/ros2_pro/install/mmr_interfaces/include/mmr_interfaces/mmr_interfaces/srv/detail/move_distance__rosidl_typesupport_fastrtps_c.h
[14.194s] -- Up-to-date: /home/pandora/robot/ros2_pro/install/mmr_interfaces/include/mmr_interfaces/mmr_interfaces/msg
[14.194s] -- Installing: /home/pandora/robot/ros2_pro/install/mmr_interfaces/include/mmr_interfaces/mmr_interfaces/msg/rosidl_typesupport_fastrtps_c__visibility_control.h
[14.195s] -- Installing: /home/pandora/robot/ros2_pro/install/mmr_interfaces/lib/libmmr_interfaces__rosidl_typesupport_fastrtps_c.so
[14.195s] -- Set runtime path of "/home/pandora/robot/ros2_pro/install/mmr_interfaces/lib/libmmr_interfaces__rosidl_typesupport_fastrtps_c.so" to ""
[14.195s] -- Up-to-date: /home/pandora/robot/ros2_pro/install/mmr_interfaces/include/mmr_interfaces/mmr_interfaces
[14.195s] -- Up-to-date: /home/pandora/robot/ros2_pro/install/mmr_interfaces/include/mmr_interfaces/mmr_interfaces/action
[14.195s] -- Up-to-date: /home/pandora/robot/ros2_pro/install/mmr_interfaces/include/mmr_interfaces/mmr_interfaces/action/detail
[14.196s] -- Installing: /home/pandora/robot/ros2_pro/install/mmr_interfaces/include/mmr_interfaces/mmr_interfaces/action/detail/pick_and_place__rosidl_typesupport_introspection_c.h
[14.196s] -- Installing: /home/pandora/robot/ros2_pro/install/mmr_interfaces/include/mmr_interfaces/mmr_interfaces/action/detail/palletize__rosidl_typesupport_introspection_c.h
[14.196s] -- Installing: /home/pandora/robot/ros2_pro/install/mmr_interfaces/include/mmr_interfaces/mmr_interfaces/action/detail/palletize__type_support.c
[14.196s] -- Installing: /home/pandora/robot/ros2_pro/install/mmr_interfaces/include/mmr_interfaces/mmr_interfaces/action/detail/pick_and_place__type_support.c
[14.196s] -- Up-to-date: /home/pandora/robot/ros2_pro/install/mmr_interfaces/include/mmr_interfaces/mmr_interfaces/srv
[14.197s] -- Up-to-date: /home/pandora/robot/ros2_pro/install/mmr_interfaces/include/mmr_interfaces/mmr_interfaces/srv/detail
[14.197s] -- Installing: /home/pandora/robot/ros2_pro/install/mmr_interfaces/include/mmr_interfaces/mmr_interfaces/srv/detail/capture_vision__type_support.c
[14.197s] -- Installing: /home/pandora/robot/ros2_pro/install/mmr_interfaces/include/mmr_interfaces/mmr_interfaces/srv/detail/rotate_turret__type_support.c
[14.197s] -- Installing: /home/pandora/robot/ros2_pro/install/mmr_interfaces/include/mmr_interfaces/mmr_interfaces/srv/detail/capture_vision__rosidl_typesupport_introspection_c.h
[14.197s] -- Installing: /home/pandora/robot/ros2_pro/install/mmr_interfaces/include/mmr_interfaces/mmr_interfaces/srv/detail/rotate_turret__rosidl_typesupport_introspection_c.h
[14.197s] -- Installing: /home/pandora/robot/ros2_pro/install/mmr_interfaces/include/mmr_interfaces/mmr_interfaces/srv/detail/move_distance__rosidl_typesupport_introspection_c.h
[14.197s] -- Installing: /home/pandora/robot/ros2_pro/install/mmr_interfaces/include/mmr_interfaces/mmr_interfaces/srv/detail/move_distance__type_support.c
[14.198s] -- Installing: /home/pandora/robot/ros2_pro/install/mmr_interfaces/include/mmr_interfaces/mmr_interfaces/srv/detail/get_drop_pose__type_support.c
[14.198s] -- Installing: /home/pandora/robot/ros2_pro/install/mmr_interfaces/include/mmr_interfaces/mmr_interfaces/srv/detail/get_drop_pose__rosidl_typesupport_introspection_c.h
[14.198s] -- Up-to-date: /home/pandora/robot/ros2_pro/install/mmr_interfaces/include/mmr_interfaces/mmr_interfaces/msg
[14.198s] -- Installing: /home/pandora/robot/ros2_pro/install/mmr_interfaces/include/mmr_interfaces/mmr_interfaces/msg/rosidl_typesupport_introspection_c__visibility_control.h
[14.198s] -- Installing: /home/pandora/robot/ros2_pro/install/mmr_interfaces/lib/libmmr_interfaces__rosidl_typesupport_introspection_c.so
[14.199s] -- Set runtime path of "/home/pandora/robot/ros2_pro/install/mmr_interfaces/lib/libmmr_interfaces__rosidl_typesupport_introspection_c.so" to ""
[14.199s] -- Installing: /home/pandora/robot/ros2_pro/install/mmr_interfaces/lib/libmmr_interfaces__rosidl_typesupport_c.so
[14.199s] -- Set runtime path of "/home/pandora/robot/ros2_pro/install/mmr_interfaces/lib/libmmr_interfaces__rosidl_typesupport_c.so" to ""
[14.200s] -- Up-to-date: /home/pandora/robot/ros2_pro/install/mmr_interfaces/include/mmr_interfaces/mmr_interfaces
[14.200s] -- Up-to-date: /home/pandora/robot/ros2_pro/install/mmr_interfaces/include/mmr_interfaces/mmr_interfaces/action
[14.200s] -- Up-to-date: /home/pandora/robot/ros2_pro/install/mmr_interfaces/include/mmr_interfaces/mmr_interfaces/action/detail
[14.200s] -- Installing: /home/pandora/robot/ros2_pro/install/mmr_interfaces/include/mmr_interfaces/mmr_interfaces/action/detail/pick_and_place__type_support.hpp
[14.200s] -- Installing: /home/pandora/robot/ros2_pro/install/mmr_interfaces/include/mmr_interfaces/mmr_interfaces/action/detail/pick_and_place__builder.hpp
[14.200s] -- Installing: /home/pandora/robot/ros2_pro/install/mmr_interfaces/include/mmr_interfaces/mmr_interfaces/action/detail/palletize__type_support.hpp
[14.200s] -- Installing: /home/pandora/robot/ros2_pro/install/mmr_interfaces/include/mmr_interfaces/mmr_interfaces/action/detail/pick_and_place__struct.hpp
[14.201s] -- Installing: /home/pandora/robot/ros2_pro/install/mmr_interfaces/include/mmr_interfaces/mmr_interfaces/action/detail/palletize__traits.hpp
[14.201s] -- Installing: /home/pandora/robot/ros2_pro/install/mmr_interfaces/include/mmr_interfaces/mmr_interfaces/action/detail/palletize__builder.hpp
[14.201s] -- Installing: /home/pandora/robot/ros2_pro/install/mmr_interfaces/include/mmr_interfaces/mmr_interfaces/action/detail/pick_and_place__traits.hpp
[14.201s] -- Installing: /home/pandora/robot/ros2_pro/install/mmr_interfaces/include/mmr_interfaces/mmr_interfaces/action/detail/palletize__struct.hpp
[14.201s] -- Installing: /home/pandora/robot/ros2_pro/install/mmr_interfaces/include/mmr_interfaces/mmr_interfaces/action/pick_and_place.hpp
[14.202s] -- Installing: /home/pandora/robot/ros2_pro/install/mmr_interfaces/include/mmr_interfaces/mmr_interfaces/action/palletize.hpp
[14.202s] -- Up-to-date: /home/pandora/robot/ros2_pro/install/mmr_interfaces/include/mmr_interfaces/mmr_interfaces/srv
[14.202s] -- Up-to-date: /home/pandora/robot/ros2_pro/install/mmr_interfaces/include/mmr_interfaces/mmr_interfaces/srv/detail
[14.202s] -- Installing: /home/pandora/robot/ros2_pro/install/mmr_interfaces/include/mmr_interfaces/mmr_interfaces/srv/detail/rotate_turret__builder.hpp
[14.202s] -- Installing: /home/pandora/robot/ros2_pro/install/mmr_interfaces/include/mmr_interfaces/mmr_interfaces/srv/detail/move_distance__type_support.hpp
[14.202s] -- Installing: /home/pandora/robot/ros2_pro/install/mmr_interfaces/include/mmr_interfaces/mmr_interfaces/srv/detail/move_distance__traits.hpp
[14.202s] -- Installing: /home/pandora/robot/ros2_pro/install/mmr_interfaces/include/mmr_interfaces/mmr_interfaces/srv/detail/capture_vision__type_support.hpp
[14.203s] -- Installing: /home/pandora/robot/ros2_pro/install/mmr_interfaces/include/mmr_interfaces/mmr_interfaces/srv/detail/move_distance__struct.hpp
[14.203s] -- Installing: /home/pandora/robot/ros2_pro/install/mmr_interfaces/include/mmr_interfaces/mmr_interfaces/srv/detail/rotate_turret__struct.hpp
[14.203s] -- Installing: /home/pandora/robot/ros2_pro/install/mmr_interfaces/include/mmr_interfaces/mmr_interfaces/srv/detail/capture_vision__struct.hpp
[14.203s] -- Installing: /home/pandora/robot/ros2_pro/install/mmr_interfaces/include/mmr_interfaces/mmr_interfaces/srv/detail/rotate_turret__type_support.hpp
[14.203s] -- Installing: /home/pandora/robot/ros2_pro/install/mmr_interfaces/include/mmr_interfaces/mmr_interfaces/srv/detail/move_distance__builder.hpp
[14.203s] -- Installing: /home/pandora/robot/ros2_pro/install/mmr_interfaces/include/mmr_interfaces/mmr_interfaces/srv/detail/capture_vision__traits.hpp
[14.204s] -- Installing: /home/pandora/robot/ros2_pro/install/mmr_interfaces/include/mmr_interfaces/mmr_interfaces/srv/detail/get_drop_pose__builder.hpp
[14.204s] -- Installing: /home/pandora/robot/ros2_pro/install/mmr_interfaces/include/mmr_interfaces/mmr_interfaces/srv/detail/get_drop_pose__struct.hpp
[14.204s] -- Installing: /home/pandora/robot/ros2_pro/install/mmr_interfaces/include/mmr_interfaces/mmr_interfaces/srv/detail/capture_vision__builder.hpp
[14.204s] -- Installing: /home/pandora/robot/ros2_pro/install/mmr_interfaces/include/mmr_interfaces/mmr_interfaces/srv/detail/get_drop_pose__traits.hpp
[14.204s] -- Installing: /home/pandora/robot/ros2_pro/install/mmr_interfaces/include/mmr_interfaces/mmr_interfaces/srv/detail/get_drop_pose__type_support.hpp
[14.205s] -- Installing: /home/pandora/robot/ros2_pro/install/mmr_interfaces/include/mmr_interfaces/mmr_interfaces/srv/detail/rotate_turret__traits.hpp
[14.205s] -- Installing: /home/pandora/robot/ros2_pro/install/mmr_interfaces/include/mmr_interfaces/mmr_interfaces/srv/rotate_turret.hpp
[14.205s] -- Installing: /home/pandora/robot/ros2_pro/install/mmr_interfaces/include/mmr_interfaces/mmr_interfaces/srv/move_distance.hpp
[14.205s] -- Installing: /home/pandora/robot/ros2_pro/install/mmr_interfaces/include/mmr_interfaces/mmr_interfaces/srv/capture_vision.hpp
[14.205s] -- Installing: /home/pandora/robot/ros2_pro/install/mmr_interfaces/include/mmr_interfaces/mmr_interfaces/srv/get_drop_pose.hpp
[14.205s] -- Up-to-date: /home/pandora/robot/ros2_pro/install/mmr_interfaces/include/mmr_interfaces/mmr_interfaces/msg
[14.206s] -- Installing: /home/pandora/robot/ros2_pro/install/mmr_interfaces/include/mmr_interfaces/mmr_interfaces/msg/rosidl_generator_cpp__visibility_control.hpp
[14.206s] -- Up-to-date: /home/pandora/robot/ros2_pro/install/mmr_interfaces/include/mmr_interfaces/mmr_interfaces
[14.206s] -- Up-to-date: /home/pandora/robot/ros2_pro/install/mmr_interfaces/include/mmr_interfaces/mmr_interfaces/action
[14.206s] -- Up-to-date: /home/pandora/robot/ros2_pro/install/mmr_interfaces/include/mmr_interfaces/mmr_interfaces/action/detail
[14.206s] -- Installing: /home/pandora/robot/ros2_pro/install/mmr_interfaces/include/mmr_interfaces/mmr_interfaces/action/detail/dds_fastrtps
[14.206s] -- Installing: /home/pandora/robot/ros2_pro/install/mmr_interfaces/include/mmr_interfaces/mmr_interfaces/action/detail/palletize__rosidl_typesupport_fastrtps_cpp.hpp
[14.206s] -- Installing: /home/pandora/robot/ros2_pro/install/mmr_interfaces/include/mmr_interfaces/mmr_interfaces/action/detail/pick_and_place__rosidl_typesupport_fastrtps_cpp.hpp
[14.207s] -- Up-to-date: /home/pandora/robot/ros2_pro/install/mmr_interfaces/include/mmr_interfaces/mmr_interfaces/srv
[14.207s] -- Up-to-date: /home/pandora/robot/ros2_pro/install/mmr_interfaces/include/mmr_interfaces/mmr_interfaces/srv/detail
[14.207s] -- Installing: /home/pandora/robot/ros2_pro/install/mmr_interfaces/include/mmr_interfaces/mmr_interfaces/srv/detail/capture_vision__rosidl_typesupport_fastrtps_cpp.hpp
[14.208s] -- Installing: /home/pandora/robot/ros2_pro/install/mmr_interfaces/include/mmr_interfaces/mmr_interfaces/srv/detail/get_drop_pose__rosidl_typesupport_fastrtps_cpp.hpp
[14.208s] -- Installing: /home/pandora/robot/ros2_pro/install/mmr_interfaces/include/mmr_interfaces/mmr_interfaces/srv/detail/move_distance__rosidl_typesupport_fastrtps_cpp.hpp
[14.208s] -- Installing: /home/pandora/robot/ros2_pro/install/mmr_interfaces/include/mmr_interfaces/mmr_interfaces/srv/detail/rotate_turret__rosidl_typesupport_fastrtps_cpp.hpp
[14.208s] -- Installing: /home/pandora/robot/ros2_pro/install/mmr_interfaces/include/mmr_interfaces/mmr_interfaces/srv/detail/dds_fastrtps
[14.208s] -- Up-to-date: /home/pandora/robot/ros2_pro/install/mmr_interfaces/include/mmr_interfaces/mmr_interfaces/msg
[14.208s] -- Installing: /home/pandora/robot/ros2_pro/install/mmr_interfaces/include/mmr_interfaces/mmr_interfaces/msg/rosidl_typesupport_fastrtps_cpp__visibility_control.h
[14.208s] -- Installing: /home/pandora/robot/ros2_pro/install/mmr_interfaces/lib/libmmr_interfaces__rosidl_typesupport_fastrtps_cpp.so
[14.209s] -- Set runtime path of "/home/pandora/robot/ros2_pro/install/mmr_interfaces/lib/libmmr_interfaces__rosidl_typesupport_fastrtps_cpp.so" to ""
[14.209s] -- Up-to-date: /home/pandora/robot/ros2_pro/install/mmr_interfaces/include/mmr_interfaces/mmr_interfaces
[14.209s] -- Up-to-date: /home/pandora/robot/ros2_pro/install/mmr_interfaces/include/mmr_interfaces/mmr_interfaces/action
[14.209s] -- Up-to-date: /home/pandora/robot/ros2_pro/install/mmr_interfaces/include/mmr_interfaces/mmr_interfaces/action/detail
[14.210s] -- Installing: /home/pandora/robot/ros2_pro/install/mmr_interfaces/include/mmr_interfaces/mmr_interfaces/action/detail/pick_and_place__type_support.cpp
[14.210s] -- Installing: /home/pandora/robot/ros2_pro/install/mmr_interfaces/include/mmr_interfaces/mmr_interfaces/action/detail/palletize__rosidl_typesupport_introspection_cpp.hpp
[14.210s] -- Installing: /home/pandora/robot/ros2_pro/install/mmr_interfaces/include/mmr_interfaces/mmr_interfaces/action/detail/pick_and_place__rosidl_typesupport_introspection_cpp.hpp
[14.210s] -- Installing: /home/pandora/robot/ros2_pro/install/mmr_interfaces/include/mmr_interfaces/mmr_interfaces/action/detail/palletize__type_support.cpp
[14.210s] -- Up-to-date: /home/pandora/robot/ros2_pro/install/mmr_interfaces/include/mmr_interfaces/mmr_interfaces/srv
[14.210s] -- Up-to-date: /home/pandora/robot/ros2_pro/install/mmr_interfaces/include/mmr_interfaces/mmr_interfaces/srv/detail
[14.210s] -- Installing: /home/pandora/robot/ros2_pro/install/mmr_interfaces/include/mmr_interfaces/mmr_interfaces/srv/detail/move_distance__type_support.cpp
[14.210s] -- Installing: /home/pandora/robot/ros2_pro/install/mmr_interfaces/include/mmr_interfaces/mmr_interfaces/srv/detail/get_drop_pose__rosidl_typesupport_introspection_cpp.hpp
[14.211s] -- Installing: /home/pandora/robot/ros2_pro/install/mmr_interfaces/include/mmr_interfaces/mmr_interfaces/srv/detail/move_distance__rosidl_typesupport_introspection_cpp.hpp
[14.211s] -- Installing: /home/pandora/robot/ros2_pro/install/mmr_interfaces/include/mmr_interfaces/mmr_interfaces/srv/detail/capture_vision__type_support.cpp
[14.211s] -- Installing: /home/pandora/robot/ros2_pro/install/mmr_interfaces/include/mmr_interfaces/mmr_interfaces/srv/detail/capture_vision__rosidl_typesupport_introspection_cpp.hpp
[14.211s] -- Installing: /home/pandora/robot/ros2_pro/install/mmr_interfaces/include/mmr_interfaces/mmr_interfaces/srv/detail/rotate_turret__rosidl_typesupport_introspection_cpp.hpp
[14.211s] -- Installing: /home/pandora/robot/ros2_pro/install/mmr_interfaces/include/mmr_interfaces/mmr_interfaces/srv/detail/rotate_turret__type_support.cpp
[14.211s] -- Installing: /home/pandora/robot/ros2_pro/install/mmr_interfaces/include/mmr_interfaces/mmr_interfaces/srv/detail/get_drop_pose__type_support.cpp
[14.212s] -- Installing: /home/pandora/robot/ros2_pro/install/mmr_interfaces/lib/libmmr_interfaces__rosidl_typesupport_introspection_cpp.so
[14.213s] -- Set runtime path of "/home/pandora/robot/ros2_pro/install/mmr_interfaces/lib/libmmr_interfaces__rosidl_typesupport_introspection_cpp.so" to ""
[14.213s] -- Installing: /home/pandora/robot/ros2_pro/install/mmr_interfaces/lib/libmmr_interfaces__rosidl_typesupport_cpp.so
[14.214s] -- Set runtime path of "/home/pandora/robot/ros2_pro/install/mmr_interfaces/lib/libmmr_interfaces__rosidl_typesupport_cpp.so" to ""
[14.214s] -- Installing: /home/pandora/robot/ros2_pro/install/mmr_interfaces/share/mmr_interfaces/environment/pythonpath.sh
[14.214s] -- Installing: /home/pandora/robot/ros2_pro/install/mmr_interfaces/share/mmr_interfaces/environment/pythonpath.dsv
[14.214s] -- Installing: /home/pandora/robot/ros2_pro/install/mmr_interfaces/lib/python3.10/site-packages/mmr_interfaces-0.0.1-py3.10.egg-info
[14.214s] -- Installing: /home/pandora/robot/ros2_pro/install/mmr_interfaces/lib/python3.10/site-packages/mmr_interfaces-0.0.1-py3.10.egg-info/SOURCES.txt
[14.214s] -- Installing: /home/pandora/robot/ros2_pro/install/mmr_interfaces/lib/python3.10/site-packages/mmr_interfaces-0.0.1-py3.10.egg-info/PKG-INFO
[14.215s] -- Installing: /home/pandora/robot/ros2_pro/install/mmr_interfaces/lib/python3.10/site-packages/mmr_interfaces-0.0.1-py3.10.egg-info/dependency_links.txt
[14.215s] -- Installing: /home/pandora/robot/ros2_pro/install/mmr_interfaces/lib/python3.10/site-packages/mmr_interfaces-0.0.1-py3.10.egg-info/top_level.txt
[14.215s] -- Installing: /home/pandora/robot/ros2_pro/install/mmr_interfaces/lib/python3.10/site-packages/mmr_interfaces
[14.215s] -- Installing: /home/pandora/robot/ros2_pro/install/mmr_interfaces/lib/python3.10/site-packages/mmr_interfaces/action
[14.215s] -- Installing: /home/pandora/robot/ros2_pro/install/mmr_interfaces/lib/python3.10/site-packages/mmr_interfaces/action/_palletize.py
[14.215s] -- Installing: /home/pandora/robot/ros2_pro/install/mmr_interfaces/lib/python3.10/site-packages/mmr_interfaces/action/__init__.py
[14.216s] -- Installing: /home/pandora/robot/ros2_pro/install/mmr_interfaces/lib/python3.10/site-packages/mmr_interfaces/action/_pick_and_place.py
[14.216s] -- Installing: /home/pandora/robot/ros2_pro/install/mmr_interfaces/lib/python3.10/site-packages/mmr_interfaces/action/_pick_and_place_s.c
[14.216s] -- Installing: /home/pandora/robot/ros2_pro/install/mmr_interfaces/lib/python3.10/site-packages/mmr_interfaces/action/_palletize_s.c
[14.217s] -- Installing: /home/pandora/robot/ros2_pro/install/mmr_interfaces/lib/python3.10/site-packages/mmr_interfaces/libmmr_interfaces__rosidl_generator_py.so
[14.217s] -- Installing: /home/pandora/robot/ros2_pro/install/mmr_interfaces/lib/python3.10/site-packages/mmr_interfaces/_mmr_interfaces_s.ep.rosidl_typesupport_c.c
[14.217s] -- Installing: /home/pandora/robot/ros2_pro/install/mmr_interfaces/lib/python3.10/site-packages/mmr_interfaces/_mmr_interfaces_s.ep.rosidl_typesupport_introspection_c.c
[14.218s] -- Installing: /home/pandora/robot/ros2_pro/install/mmr_interfaces/lib/python3.10/site-packages/mmr_interfaces/__init__.py
[14.218s] -- Installing: /home/pandora/robot/ros2_pro/install/mmr_interfaces/lib/python3.10/site-packages/mmr_interfaces/srv
[14.218s] -- Installing: /home/pandora/robot/ros2_pro/install/mmr_interfaces/lib/python3.10/site-packages/mmr_interfaces/srv/_get_drop_pose.py
[14.218s] -- Installing: /home/pandora/robot/ros2_pro/install/mmr_interfaces/lib/python3.10/site-packages/mmr_interfaces/srv/_move_distance_s.c
[14.218s] -- Installing: /home/pandora/robot/ros2_pro/install/mmr_interfaces/lib/python3.10/site-packages/mmr_interfaces/srv/_capture_vision.py
[14.219s] -- Installing: /home/pandora/robot/ros2_pro/install/mmr_interfaces/lib/python3.10/site-packages/mmr_interfaces/srv/__init__.py
[14.219s] -- Installing: /home/pandora/robot/ros2_pro/install/mmr_interfaces/lib/python3.10/site-packages/mmr_interfaces/srv/_move_distance.py
[14.219s] -- Installing: /home/pandora/robot/ros2_pro/install/mmr_interfaces/lib/python3.10/site-packages/mmr_interfaces/srv/_get_drop_pose_s.c
[14.219s] -- Installing: /home/pandora/robot/ros2_pro/install/mmr_interfaces/lib/python3.10/site-packages/mmr_interfaces/srv/_rotate_turret.py
[14.219s] -- Installing: /home/pandora/robot/ros2_pro/install/mmr_interfaces/lib/python3.10/site-packages/mmr_interfaces/srv/_capture_vision_s.c
[14.219s] -- Installing: /home/pandora/robot/ros2_pro/install/mmr_interfaces/lib/python3.10/site-packages/mmr_interfaces/srv/_rotate_turret_s.c
[14.220s] -- Installing: /home/pandora/robot/ros2_pro/install/mmr_interfaces/lib/python3.10/site-packages/mmr_interfaces/mmr_interfaces_s__rosidl_typesupport_fastrtps_c.cpython-310-aarch64-linux-gnu.so
[14.220s] -- Installing: /home/pandora/robot/ros2_pro/install/mmr_interfaces/lib/python3.10/site-packages/mmr_interfaces/_mmr_interfaces_s.ep.rosidl_typesupport_fastrtps_c.c
[14.220s] -- Installing: /home/pandora/robot/ros2_pro/install/mmr_interfaces/lib/python3.10/site-packages/mmr_interfaces/mmr_interfaces_s__rosidl_typesupport_c.cpython-310-aarch64-linux-gnu.so
[14.221s] -- Installing: /home/pandora/robot/ros2_pro/install/mmr_interfaces/lib/python3.10/site-packages/mmr_interfaces/mmr_interfaces_s__rosidl_typesupport_introspection_c.cpython-310-aarch64-linux-gnu.so
[14.305s] Listing '/home/pandora/robot/ros2_pro/install/mmr_interfaces/lib/python3.10/site-packages/mmr_interfaces'...
[14.305s] Compiling '/home/pandora/robot/ros2_pro/install/mmr_interfaces/lib/python3.10/site-packages/mmr_interfaces/__init__.py'...
[14.305s] Listing '/home/pandora/robot/ros2_pro/install/mmr_interfaces/lib/python3.10/site-packages/mmr_interfaces/action'...
[14.305s] Compiling '/home/pandora/robot/ros2_pro/install/mmr_interfaces/lib/python3.10/site-packages/mmr_interfaces/action/__init__.py'...
[14.305s] Compiling '/home/pandora/robot/ros2_pro/install/mmr_interfaces/lib/python3.10/site-packages/mmr_interfaces/action/_palletize.py'...
[14.305s] Compiling '/home/pandora/robot/ros2_pro/install/mmr_interfaces/lib/python3.10/site-packages/mmr_interfaces/action/_pick_and_place.py'...
[14.305s] Listing '/home/pandora/robot/ros2_pro/install/mmr_interfaces/lib/python3.10/site-packages/mmr_interfaces/srv'...
[14.306s] Compiling '/home/pandora/robot/ros2_pro/install/mmr_interfaces/lib/python3.10/site-packages/mmr_interfaces/srv/__init__.py'...
[14.306s] Compiling '/home/pandora/robot/ros2_pro/install/mmr_interfaces/lib/python3.10/site-packages/mmr_interfaces/srv/_capture_vision.py'...
[14.306s] Compiling '/home/pandora/robot/ros2_pro/install/mmr_interfaces/lib/python3.10/site-packages/mmr_interfaces/srv/_get_drop_pose.py'...
[14.306s] Compiling '/home/pandora/robot/ros2_pro/install/mmr_interfaces/lib/python3.10/site-packages/mmr_interfaces/srv/_move_distance.py'...
[14.306s] Compiling '/home/pandora/robot/ros2_pro/install/mmr_interfaces/lib/python3.10/site-packages/mmr_interfaces/srv/_rotate_turret.py'...
[14.317s] -- Installing: /home/pandora/robot/ros2_pro/install/mmr_interfaces/lib/python3.10/site-packages/mmr_interfaces/mmr_interfaces_s__rosidl_typesupport_fastrtps_c.cpython-310-aarch64-linux-gnu.so
[14.317s] -- Set runtime path of "/home/pandora/robot/ros2_pro/install/mmr_interfaces/lib/python3.10/site-packages/mmr_interfaces/mmr_interfaces_s__rosidl_typesupport_fastrtps_c.cpython-310-aarch64-linux-gnu.so" to ""
[14.318s] -- Installing: /home/pandora/robot/ros2_pro/install/mmr_interfaces/lib/python3.10/site-packages/mmr_interfaces/mmr_interfaces_s__rosidl_typesupport_introspection_c.cpython-310-aarch64-linux-gnu.so
[14.318s] -- Set runtime path of "/home/pandora/robot/ros2_pro/install/mmr_interfaces/lib/python3.10/site-packages/mmr_interfaces/mmr_interfaces_s__rosidl_typesupport_introspection_c.cpython-310-aarch64-linux-gnu.so" to ""
[14.319s] -- Installing: /home/pandora/robot/ros2_pro/install/mmr_interfaces/lib/python3.10/site-packages/mmr_interfaces/mmr_interfaces_s__rosidl_typesupport_c.cpython-310-aarch64-linux-gnu.so
[14.319s] -- Set runtime path of "/home/pandora/robot/ros2_pro/install/mmr_interfaces/lib/python3.10/site-packages/mmr_interfaces/mmr_interfaces_s__rosidl_typesupport_c.cpython-310-aarch64-linux-gnu.so" to ""
[14.319s] -- Installing: /home/pandora/robot/ros2_pro/install/mmr_interfaces/lib/libmmr_interfaces__rosidl_generator_py.so
[14.320s] -- Set runtime path of "/home/pandora/robot/ros2_pro/install/mmr_interfaces/lib/libmmr_interfaces__rosidl_generator_py.so" to ""
[14.320s] -- Installing: /home/pandora/robot/ros2_pro/install/mmr_interfaces/share/mmr_interfaces/srv/MoveDistance.idl
[14.321s] -- Installing: /home/pandora/robot/ros2_pro/install/mmr_interfaces/share/mmr_interfaces/srv/CaptureVision.idl
[14.321s] -- Installing: /home/pandora/robot/ros2_pro/install/mmr_interfaces/share/mmr_interfaces/srv/GetDropPose.idl
[14.321s] -- Installing: /home/pandora/robot/ros2_pro/install/mmr_interfaces/share/mmr_interfaces/srv/RotateTurret.idl
[14.322s] -- Installing: /home/pandora/robot/ros2_pro/install/mmr_interfaces/share/mmr_interfaces/action/Palletize.idl
[14.322s] -- Installing: /home/pandora/robot/ros2_pro/install/mmr_interfaces/share/mmr_interfaces/action/PickAndPlace.idl
[14.322s] -- Installing: /home/pandora/robot/ros2_pro/install/mmr_interfaces/share/mmr_interfaces/srv/MoveDistance.srv
[14.322s] -- Installing: /home/pandora/robot/ros2_pro/install/mmr_interfaces/share/mmr_interfaces/srv/MoveDistance_Request.msg
[14.323s] -- Installing: /home/pandora/robot/ros2_pro/install/mmr_interfaces/share/mmr_interfaces/srv/MoveDistance_Response.msg
[14.323s] -- Installing: /home/pandora/robot/ros2_pro/install/mmr_interfaces/share/mmr_interfaces/srv/CaptureVision.srv
[14.323s] -- Installing: /home/pandora/robot/ros2_pro/install/mmr_interfaces/share/mmr_interfaces/srv/CaptureVision_Request.msg
[14.323s] -- Installing: /home/pandora/robot/ros2_pro/install/mmr_interfaces/share/mmr_interfaces/srv/CaptureVision_Response.msg
[14.324s] -- Installing: /home/pandora/robot/ros2_pro/install/mmr_interfaces/share/mmr_interfaces/srv/GetDropPose.srv
[14.324s] -- Installing: /home/pandora/robot/ros2_pro/install/mmr_interfaces/share/mmr_interfaces/srv/GetDropPose_Request.msg
[14.324s] -- Installing: /home/pandora/robot/ros2_pro/install/mmr_interfaces/share/mmr_interfaces/srv/GetDropPose_Response.msg
[14.324s] -- Installing: /home/pandora/robot/ros2_pro/install/mmr_interfaces/share/mmr_interfaces/srv/RotateTurret.srv
[14.325s] -- Installing: /home/pandora/robot/ros2_pro/install/mmr_interfaces/share/mmr_interfaces/srv/RotateTurret_Request.msg
[14.325s] -- Installing: /home/pandora/robot/ros2_pro/install/mmr_interfaces/share/mmr_interfaces/srv/RotateTurret_Response.msg
[14.325s] -- Installing: /home/pandora/robot/ros2_pro/install/mmr_interfaces/share/mmr_interfaces/action/Palletize.action
[14.326s] -- Installing: /home/pandora/robot/ros2_pro/install/mmr_interfaces/share/mmr_interfaces/action/PickAndPlace.action
[14.326s] -- Installing: /home/pandora/robot/ros2_pro/install/mmr_interfaces/share/ament_index/resource_index/package_run_dependencies/mmr_interfaces
[14.326s] -- Installing: /home/pandora/robot/ros2_pro/install/mmr_interfaces/share/ament_index/resource_index/parent_prefix_path/mmr_interfaces
[14.326s] -- Installing: /home/pandora/robot/ros2_pro/install/mmr_interfaces/share/mmr_interfaces/environment/ament_prefix_path.sh
[14.327s] -- Installing: /home/pandora/robot/ros2_pro/install/mmr_interfaces/share/mmr_interfaces/environment/ament_prefix_path.dsv
[14.327s] -- Installing: /home/pandora/robot/ros2_pro/install/mmr_interfaces/share/mmr_interfaces/environment/path.sh
[14.327s] -- Installing: /home/pandora/robot/ros2_pro/install/mmr_interfaces/share/mmr_interfaces/environment/path.dsv
[14.328s] -- Installing: /home/pandora/robot/ros2_pro/install/mmr_interfaces/share/mmr_interfaces/local_setup.bash
[14.328s] -- Installing: /home/pandora/robot/ros2_pro/install/mmr_interfaces/share/mmr_interfaces/local_setup.sh
[14.328s] -- Installing: /home/pandora/robot/ros2_pro/install/mmr_interfaces/share/mmr_interfaces/local_setup.zsh
[14.328s] -- Installing: /home/pandora/robot/ros2_pro/install/mmr_interfaces/share/mmr_interfaces/local_setup.dsv
[14.329s] -- Installing: /home/pandora/robot/ros2_pro/install/mmr_interfaces/share/mmr_interfaces/package.dsv
[14.329s] -- Installing: /home/pandora/robot/ros2_pro/install/mmr_interfaces/share/ament_index/resource_index/packages/mmr_interfaces
[14.329s] -- Installing: /home/pandora/robot/ros2_pro/install/mmr_interfaces/share/mmr_interfaces/cmake/export_mmr_interfaces__rosidl_generator_cExport.cmake
[14.330s] -- Installing: /home/pandora/robot/ros2_pro/install/mmr_interfaces/share/mmr_interfaces/cmake/export_mmr_interfaces__rosidl_generator_cExport-noconfig.cmake
[14.330s] -- Installing: /home/pandora/robot/ros2_pro/install/mmr_interfaces/share/mmr_interfaces/cmake/export_mmr_interfaces__rosidl_typesupport_fastrtps_cExport.cmake
[14.330s] -- Installing: /home/pandora/robot/ros2_pro/install/mmr_interfaces/share/mmr_interfaces/cmake/export_mmr_interfaces__rosidl_typesupport_fastrtps_cExport-noconfig.cmake
[14.330s] -- Installing: /home/pandora/robot/ros2_pro/install/mmr_interfaces/share/mmr_interfaces/cmake/mmr_interfaces__rosidl_typesupport_introspection_cExport.cmake
[14.331s] -- Installing: /home/pandora/robot/ros2_pro/install/mmr_interfaces/share/mmr_interfaces/cmake/mmr_interfaces__rosidl_typesupport_introspection_cExport-noconfig.cmake
[14.331s] -- Installing: /home/pandora/robot/ros2_pro/install/mmr_interfaces/share/mmr_interfaces/cmake/mmr_interfaces__rosidl_typesupport_cExport.cmake
[14.331s] -- Installing: /home/pandora/robot/ros2_pro/install/mmr_interfaces/share/mmr_interfaces/cmake/mmr_interfaces__rosidl_typesupport_cExport-noconfig.cmake
[14.332s] -- Installing: /home/pandora/robot/ros2_pro/install/mmr_interfaces/share/mmr_interfaces/cmake/export_mmr_interfaces__rosidl_generator_cppExport.cmake
[14.332s] -- Installing: /home/pandora/robot/ros2_pro/install/mmr_interfaces/share/mmr_interfaces/cmake/export_mmr_interfaces__rosidl_typesupport_fastrtps_cppExport.cmake
[14.332s] -- Installing: /home/pandora/robot/ros2_pro/install/mmr_interfaces/share/mmr_interfaces/cmake/export_mmr_interfaces__rosidl_typesupport_fastrtps_cppExport-noconfig.cmake
[14.333s] -- Installing: /home/pandora/robot/ros2_pro/install/mmr_interfaces/share/mmr_interfaces/cmake/mmr_interfaces__rosidl_typesupport_introspection_cppExport.cmake
[14.333s] -- Installing: /home/pandora/robot/ros2_pro/install/mmr_interfaces/share/mmr_interfaces/cmake/mmr_interfaces__rosidl_typesupport_introspection_cppExport-noconfig.cmake
[14.333s] -- Installing: /home/pandora/robot/ros2_pro/install/mmr_interfaces/share/mmr_interfaces/cmake/mmr_interfaces__rosidl_typesupport_cppExport.cmake
[14.333s] -- Installing: /home/pandora/robot/ros2_pro/install/mmr_interfaces/share/mmr_interfaces/cmake/mmr_interfaces__rosidl_typesupport_cppExport-noconfig.cmake
[14.333s] -- Installing: /home/pandora/robot/ros2_pro/install/mmr_interfaces/share/mmr_interfaces/cmake/export_mmr_interfaces__rosidl_generator_pyExport.cmake
[14.334s] -- Installing: /home/pandora/robot/ros2_pro/install/mmr_interfaces/share/mmr_interfaces/cmake/export_mmr_interfaces__rosidl_generator_pyExport-noconfig.cmake
[14.334s] -- Installing: /home/pandora/robot/ros2_pro/install/mmr_interfaces/share/mmr_interfaces/cmake/rosidl_cmake-extras.cmake
[14.334s] -- Installing: /home/pandora/robot/ros2_pro/install/mmr_interfaces/share/mmr_interfaces/cmake/ament_cmake_export_dependencies-extras.cmake
[14.334s] -- Installing: /home/pandora/robot/ros2_pro/install/mmr_interfaces/share/mmr_interfaces/cmake/ament_cmake_export_include_directories-extras.cmake
[14.334s] -- Installing: /home/pandora/robot/ros2_pro/install/mmr_interfaces/share/mmr_interfaces/cmake/ament_cmake_export_libraries-extras.cmake
[14.335s] -- Installing: /home/pandora/robot/ros2_pro/install/mmr_interfaces/share/mmr_interfaces/cmake/ament_cmake_export_targets-extras.cmake
[14.335s] -- Installing: /home/pandora/robot/ros2_pro/install/mmr_interfaces/share/mmr_interfaces/cmake/rosidl_cmake_export_typesupport_targets-extras.cmake
[14.335s] -- Installing: /home/pandora/robot/ros2_pro/install/mmr_interfaces/share/mmr_interfaces/cmake/rosidl_cmake_export_typesupport_libraries-extras.cmake
[14.335s] -- Installing: /home/pandora/robot/ros2_pro/install/mmr_interfaces/share/mmr_interfaces/cmake/mmr_interfacesConfig.cmake
[14.336s] -- Installing: /home/pandora/robot/ros2_pro/install/mmr_interfaces/share/mmr_interfaces/cmake/mmr_interfacesConfig-version.cmake
[14.336s] -- Installing: /home/pandora/robot/ros2_pro/install/mmr_interfaces/share/mmr_interfaces/package.xml
[14.342s] Invoked command in '/home/pandora/robot/ros2_pro/build/mmr_interfaces' returned '0': PS1=(.venv_production) \[\e]0;\u@\h: \w\a\]${debian_chroot:+($debian_chroot)}\[\033[01;32m\]\u@\h\[\033[00m\]:\[\033[01;34m\]\w\[\033[00m\]\$ VIRTUAL_ENV_PROMPT=(.venv_production) /usr/bin/cmake --install /home/pandora/robot/ros2_pro/build/mmr_interfaces
