[0.180s] DEBUG:colcon:Command line arguments: ['/usr/bin/colcon', 'build', '--symlink-install']
[0.180s] DEBUG:colcon:Parsed command line arguments: Namespace(log_base=None, log_level=None, verb_name='build', build_base='build', install_base='install', merge_install=False, symlink_install=True, test_result_base=None, continue_on_error=False, executor='parallel', parallel_workers=8, event_handlers=None, ignore_user_meta=False, metas=['./colcon.meta'], base_paths=['.'], packages_ignore=None, packages_ignore_regex=None, paths=None, packages_up_to=None, packages_up_to_regex=None, packages_above=None, packages_above_and_dependencies=None, packages_above_depth=None, packages_select_by_dep=None, packages_skip_by_dep=None, packages_skip_up_to=None, packages_select_build_failed=False, packages_skip_build_finished=False, packages_select_test_failures=False, packages_skip_test_passed=False, packages_select=None, packages_skip=None, packages_select_regex=None, packages_skip_regex=None, packages_start=None, packages_end=None, allow_overriding=[], cmake_args=None, cmake_target=None, cmake_target_skip_unavailable=False, cmake_clean_cache=False, cmake_clean_first=False, cmake_force_configure=False, ament_cmake_args=None, catkin_cmake_args=None, catkin_skip_building_tests=False, mixin_files=None, mixin=None, verb_parser=<colcon_mixin.mixin.mixin_argument.MixinArgumentDecorator object at 0xffff9fe5d7e0>, verb_extension=<colcon_core.verb.build.BuildVerb object at 0xffff9fe5ce20>, main=<bound method BuildVerb.main of <colcon_core.verb.build.BuildVerb object at 0xffff9fe5ce20>>, mixin_verb=('build',))
[0.458s] Level 1:colcon.colcon_core.package_discovery:discover_packages(colcon_meta) check parameters
[0.458s] Level 1:colcon.colcon_core.package_discovery:discover_packages(recursive) check parameters
[0.458s] Level 1:colcon.colcon_core.package_discovery:discover_packages(ignore) check parameters
[0.458s] Level 1:colcon.colcon_core.package_discovery:discover_packages(path) check parameters
[0.458s] Level 1:colcon.colcon_core.package_discovery:discover_packages(colcon_meta) discover
[0.458s] Level 1:colcon.colcon_core.package_discovery:discover_packages(recursive) discover
[0.458s] INFO:colcon.colcon_core.package_discovery:Crawling recursively for packages in '/home/pandora/robot/ros2_pro'
[0.459s] Level 1:colcon.colcon_core.package_identification:_identify(.) by extensions ['ignore', 'ignore_ament_install']
[0.459s] Level 1:colcon.colcon_core.package_identification:_identify(.) by extension 'ignore'
[0.459s] Level 1:colcon.colcon_core.package_identification:_identify(.) by extension 'ignore_ament_install'
[0.459s] Level 1:colcon.colcon_core.package_identification:_identify(.) by extensions ['colcon_pkg']
[0.459s] Level 1:colcon.colcon_core.package_identification:_identify(.) by extension 'colcon_pkg'
[0.459s] Level 1:colcon.colcon_core.package_identification:_identify(.) by extensions ['colcon_meta']
[0.459s] Level 1:colcon.colcon_core.package_identification:_identify(.) by extension 'colcon_meta'
[0.459s] Level 1:colcon.colcon_core.package_identification:_identify(.) by extensions ['ros']
[0.459s] Level 1:colcon.colcon_core.package_identification:_identify(.) by extension 'ros'
[0.477s] Level 1:colcon.colcon_core.package_identification:_identify(.) by extensions ['cmake', 'python']
[0.478s] Level 1:colcon.colcon_core.package_identification:_identify(.) by extension 'cmake'
[0.478s] Level 1:colcon.colcon_core.package_identification:_identify(.) by extension 'python'
[0.478s] Level 1:colcon.colcon_core.package_identification:_identify(.) by extensions ['python_setup_py']
[0.478s] Level 1:colcon.colcon_core.package_identification:_identify(.) by extension 'python_setup_py'
[0.478s] Level 1:colcon.colcon_core.package_identification:_identify(build) by extensions ['ignore', 'ignore_ament_install']
[0.478s] Level 1:colcon.colcon_core.package_identification:_identify(build) by extension 'ignore'
[0.479s] Level 1:colcon.colcon_core.package_identification:_identify(build) ignored
[0.479s] Level 1:colcon.colcon_core.package_identification:_identify(install) by extensions ['ignore', 'ignore_ament_install']
[0.479s] Level 1:colcon.colcon_core.package_identification:_identify(install) by extension 'ignore'
[0.479s] Level 1:colcon.colcon_core.package_identification:_identify(install) ignored
[0.479s] Level 1:colcon.colcon_core.package_identification:_identify(log) by extensions ['ignore', 'ignore_ament_install']
[0.479s] Level 1:colcon.colcon_core.package_identification:_identify(log) by extension 'ignore'
[0.479s] Level 1:colcon.colcon_core.package_identification:_identify(log) ignored
[0.480s] Level 1:colcon.colcon_core.package_identification:_identify(src) by extensions ['ignore', 'ignore_ament_install']
[0.480s] Level 1:colcon.colcon_core.package_identification:_identify(src) by extension 'ignore'
[0.480s] Level 1:colcon.colcon_core.package_identification:_identify(src) by extension 'ignore_ament_install'
[0.480s] Level 1:colcon.colcon_core.package_identification:_identify(src) by extensions ['colcon_pkg']
[0.480s] Level 1:colcon.colcon_core.package_identification:_identify(src) by extension 'colcon_pkg'
[0.480s] Level 1:colcon.colcon_core.package_identification:_identify(src) by extensions ['colcon_meta']
[0.480s] Level 1:colcon.colcon_core.package_identification:_identify(src) by extension 'colcon_meta'
[0.480s] Level 1:colcon.colcon_core.package_identification:_identify(src) by extensions ['ros']
[0.480s] Level 1:colcon.colcon_core.package_identification:_identify(src) by extension 'ros'
[0.480s] Level 1:colcon.colcon_core.package_identification:_identify(src) by extensions ['cmake', 'python']
[0.480s] Level 1:colcon.colcon_core.package_identification:_identify(src) by extension 'cmake'
[0.481s] Level 1:colcon.colcon_core.package_identification:_identify(src) by extension 'python'
[0.481s] Level 1:colcon.colcon_core.package_identification:_identify(src) by extensions ['python_setup_py']
[0.481s] Level 1:colcon.colcon_core.package_identification:_identify(src) by extension 'python_setup_py'
[0.481s] Level 1:colcon.colcon_core.package_identification:_identify(src/amr_controller) by extensions ['ignore', 'ignore_ament_install']
[0.481s] Level 1:colcon.colcon_core.package_identification:_identify(src/amr_controller) by extension 'ignore'
[0.481s] Level 1:colcon.colcon_core.package_identification:_identify(src/amr_controller) by extension 'ignore_ament_install'
[0.481s] Level 1:colcon.colcon_core.package_identification:_identify(src/amr_controller) by extensions ['colcon_pkg']
[0.481s] Level 1:colcon.colcon_core.package_identification:_identify(src/amr_controller) by extension 'colcon_pkg'
[0.481s] Level 1:colcon.colcon_core.package_identification:_identify(src/amr_controller) by extensions ['colcon_meta']
[0.481s] Level 1:colcon.colcon_core.package_identification:_identify(src/amr_controller) by extension 'colcon_meta'
[0.481s] Level 1:colcon.colcon_core.package_identification:_identify(src/amr_controller) by extensions ['ros']
[0.481s] Level 1:colcon.colcon_core.package_identification:_identify(src/amr_controller) by extension 'ros'
[0.485s] DEBUG:colcon.colcon_core.package_identification:Package 'src/amr_controller' with type 'ros.catkin' and name 'amr_controller'
[0.486s] Level 1:colcon.colcon_core.package_identification:_identify(src/kinetic) by extensions ['ignore', 'ignore_ament_install']
[0.486s] Level 1:colcon.colcon_core.package_identification:_identify(src/kinetic) by extension 'ignore'
[0.486s] Level 1:colcon.colcon_core.package_identification:_identify(src/kinetic) by extension 'ignore_ament_install'
[0.486s] Level 1:colcon.colcon_core.package_identification:_identify(src/kinetic) by extensions ['colcon_pkg']
[0.486s] Level 1:colcon.colcon_core.package_identification:_identify(src/kinetic) by extension 'colcon_pkg'
[0.486s] Level 1:colcon.colcon_core.package_identification:_identify(src/kinetic) by extensions ['colcon_meta']
[0.486s] Level 1:colcon.colcon_core.package_identification:_identify(src/kinetic) by extension 'colcon_meta'
[0.486s] Level 1:colcon.colcon_core.package_identification:_identify(src/kinetic) by extensions ['ros']
[0.487s] Level 1:colcon.colcon_core.package_identification:_identify(src/kinetic) by extension 'ros'
[0.487s] DEBUG:colcon.colcon_core.package_identification:Package 'src/kinetic' with type 'ros.catkin' and name 'kinetic'
[0.488s] Level 1:colcon.colcon_core.package_identification:_identify(src/mmr_interfaces) by extensions ['ignore', 'ignore_ament_install']
[0.488s] Level 1:colcon.colcon_core.package_identification:_identify(src/mmr_interfaces) by extension 'ignore'
[0.488s] Level 1:colcon.colcon_core.package_identification:_identify(src/mmr_interfaces) by extension 'ignore_ament_install'
[0.488s] Level 1:colcon.colcon_core.package_identification:_identify(src/mmr_interfaces) by extensions ['colcon_pkg']
[0.488s] Level 1:colcon.colcon_core.package_identification:_identify(src/mmr_interfaces) by extension 'colcon_pkg'
[0.488s] Level 1:colcon.colcon_core.package_identification:_identify(src/mmr_interfaces) by extensions ['colcon_meta']
[0.488s] Level 1:colcon.colcon_core.package_identification:_identify(src/mmr_interfaces) by extension 'colcon_meta'
[0.488s] Level 1:colcon.colcon_core.package_identification:_identify(src/mmr_interfaces) by extensions ['ros']
[0.488s] Level 1:colcon.colcon_core.package_identification:_identify(src/mmr_interfaces) by extension 'ros'
[0.489s] DEBUG:colcon.colcon_core.package_identification:Package 'src/mmr_interfaces' with type 'ros.catkin' and name 'mmr_interfaces'
[0.489s] Level 1:colcon.colcon_core.package_identification:_identify(src/mmr_orchestrator) by extensions ['ignore', 'ignore_ament_install']
[0.489s] Level 1:colcon.colcon_core.package_identification:_identify(src/mmr_orchestrator) by extension 'ignore'
[0.490s] Level 1:colcon.colcon_core.package_identification:_identify(src/mmr_orchestrator) by extension 'ignore_ament_install'
[0.490s] Level 1:colcon.colcon_core.package_identification:_identify(src/mmr_orchestrator) by extensions ['colcon_pkg']
[0.490s] Level 1:colcon.colcon_core.package_identification:_identify(src/mmr_orchestrator) by extension 'colcon_pkg'
[0.490s] Level 1:colcon.colcon_core.package_identification:_identify(src/mmr_orchestrator) by extensions ['colcon_meta']
[0.490s] Level 1:colcon.colcon_core.package_identification:_identify(src/mmr_orchestrator) by extension 'colcon_meta'
[0.490s] Level 1:colcon.colcon_core.package_identification:_identify(src/mmr_orchestrator) by extensions ['ros']
[0.490s] Level 1:colcon.colcon_core.package_identification:_identify(src/mmr_orchestrator) by extension 'ros'
[0.491s] DEBUG:colcon.colcon_core.package_identification:Package 'src/mmr_orchestrator' with type 'ros.catkin' and name 'mmr_orchestrator'
[0.491s] Level 1:colcon.colcon_core.package_identification:_identify(src/vision) by extensions ['ignore', 'ignore_ament_install']
[0.491s] Level 1:colcon.colcon_core.package_identification:_identify(src/vision) by extension 'ignore'
[0.491s] Level 1:colcon.colcon_core.package_identification:_identify(src/vision) by extension 'ignore_ament_install'
[0.491s] Level 1:colcon.colcon_core.package_identification:_identify(src/vision) by extensions ['colcon_pkg']
[0.491s] Level 1:colcon.colcon_core.package_identification:_identify(src/vision) by extension 'colcon_pkg'
[0.491s] Level 1:colcon.colcon_core.package_identification:_identify(src/vision) by extensions ['colcon_meta']
[0.491s] Level 1:colcon.colcon_core.package_identification:_identify(src/vision) by extension 'colcon_meta'
[0.492s] Level 1:colcon.colcon_core.package_identification:_identify(src/vision) by extensions ['ros']
[0.492s] Level 1:colcon.colcon_core.package_identification:_identify(src/vision) by extension 'ros'
[0.492s] DEBUG:colcon.colcon_core.package_identification:Package 'src/vision' with type 'ros.catkin' and name 'vision'
[0.492s] Level 1:colcon.colcon_core.package_discovery:discover_packages(recursive) using defaults
[0.492s] Level 1:colcon.colcon_core.package_discovery:discover_packages(ignore) discover
[0.493s] Level 1:colcon.colcon_core.package_discovery:discover_packages(ignore) using defaults
[0.493s] Level 1:colcon.colcon_core.package_discovery:discover_packages(path) discover
[0.493s] Level 1:colcon.colcon_core.package_discovery:discover_packages(path) using defaults
[0.558s] Level 1:colcon.colcon_core.package_discovery:discover_packages(prefix_path) check parameters
[0.559s] Level 1:colcon.colcon_core.package_discovery:discover_packages(prefix_path) discover
[0.563s] DEBUG:colcon.colcon_installed_package_information.package_discovery:Found 271 installed packages in /opt/ros/humble
[0.565s] Level 1:colcon.colcon_core.package_discovery:discover_packages(prefix_path) using defaults
[0.623s] Level 5:colcon.colcon_core.verb:set package 'mmr_interfaces' build argument 'cmake_args' from command line to 'None'
[0.623s] Level 5:colcon.colcon_core.verb:set package 'mmr_interfaces' build argument 'cmake_target' from command line to 'None'
[0.623s] Level 5:colcon.colcon_core.verb:set package 'mmr_interfaces' build argument 'cmake_target_skip_unavailable' from command line to 'False'
[0.624s] Level 5:colcon.colcon_core.verb:set package 'mmr_interfaces' build argument 'cmake_clean_cache' from command line to 'False'
[0.624s] Level 5:colcon.colcon_core.verb:set package 'mmr_interfaces' build argument 'cmake_clean_first' from command line to 'False'
[0.624s] Level 5:colcon.colcon_core.verb:set package 'mmr_interfaces' build argument 'cmake_force_configure' from command line to 'False'
[0.624s] Level 5:colcon.colcon_core.verb:set package 'mmr_interfaces' build argument 'ament_cmake_args' from command line to 'None'
[0.624s] Level 5:colcon.colcon_core.verb:set package 'mmr_interfaces' build argument 'catkin_cmake_args' from command line to 'None'
[0.624s] Level 5:colcon.colcon_core.verb:set package 'mmr_interfaces' build argument 'catkin_skip_building_tests' from command line to 'False'
[0.624s] DEBUG:colcon.colcon_core.verb:Building package 'mmr_interfaces' with the following arguments: {'ament_cmake_args': None, 'build_base': '/home/pandora/robot/ros2_pro/build/mmr_interfaces', 'catkin_cmake_args': None, 'catkin_skip_building_tests': False, 'cmake_args': None, 'cmake_clean_cache': False, 'cmake_clean_first': False, 'cmake_force_configure': False, 'cmake_target': None, 'cmake_target_skip_unavailable': False, 'install_base': '/home/pandora/robot/ros2_pro/install/mmr_interfaces', 'merge_install': False, 'path': '/home/pandora/robot/ros2_pro/src/mmr_interfaces', 'symlink_install': True, 'test_result_base': None}
[0.624s] Level 5:colcon.colcon_core.verb:set package 'amr_controller' build argument 'cmake_args' from command line to 'None'
[0.624s] Level 5:colcon.colcon_core.verb:set package 'amr_controller' build argument 'cmake_target' from command line to 'None'
[0.625s] Level 5:colcon.colcon_core.verb:set package 'amr_controller' build argument 'cmake_target_skip_unavailable' from command line to 'False'
[0.625s] Level 5:colcon.colcon_core.verb:set package 'amr_controller' build argument 'cmake_clean_cache' from command line to 'False'
[0.625s] Level 5:colcon.colcon_core.verb:set package 'amr_controller' build argument 'cmake_clean_first' from command line to 'False'
[0.625s] Level 5:colcon.colcon_core.verb:set package 'amr_controller' build argument 'cmake_force_configure' from command line to 'False'
[0.625s] Level 5:colcon.colcon_core.verb:set package 'amr_controller' build argument 'ament_cmake_args' from command line to 'None'
[0.625s] Level 5:colcon.colcon_core.verb:set package 'amr_controller' build argument 'catkin_cmake_args' from command line to 'None'
[0.625s] Level 5:colcon.colcon_core.verb:set package 'amr_controller' build argument 'catkin_skip_building_tests' from command line to 'False'
[0.625s] DEBUG:colcon.colcon_core.verb:Building package 'amr_controller' with the following arguments: {'ament_cmake_args': None, 'build_base': '/home/pandora/robot/ros2_pro/build/amr_controller', 'catkin_cmake_args': None, 'catkin_skip_building_tests': False, 'cmake_args': None, 'cmake_clean_cache': False, 'cmake_clean_first': False, 'cmake_force_configure': False, 'cmake_target': None, 'cmake_target_skip_unavailable': False, 'install_base': '/home/pandora/robot/ros2_pro/install/amr_controller', 'merge_install': False, 'path': '/home/pandora/robot/ros2_pro/src/amr_controller', 'symlink_install': True, 'test_result_base': None}
[0.625s] Level 5:colcon.colcon_core.verb:set package 'kinetic' build argument 'cmake_args' from command line to 'None'
[0.625s] Level 5:colcon.colcon_core.verb:set package 'kinetic' build argument 'cmake_target' from command line to 'None'
[0.625s] Level 5:colcon.colcon_core.verb:set package 'kinetic' build argument 'cmake_target_skip_unavailable' from command line to 'False'
[0.626s] Level 5:colcon.colcon_core.verb:set package 'kinetic' build argument 'cmake_clean_cache' from command line to 'False'
[0.626s] Level 5:colcon.colcon_core.verb:set package 'kinetic' build argument 'cmake_clean_first' from command line to 'False'
[0.626s] Level 5:colcon.colcon_core.verb:set package 'kinetic' build argument 'cmake_force_configure' from command line to 'False'
[0.626s] Level 5:colcon.colcon_core.verb:set package 'kinetic' build argument 'ament_cmake_args' from command line to 'None'
[0.626s] Level 5:colcon.colcon_core.verb:set package 'kinetic' build argument 'catkin_cmake_args' from command line to 'None'
[0.626s] Level 5:colcon.colcon_core.verb:set package 'kinetic' build argument 'catkin_skip_building_tests' from command line to 'False'
[0.626s] DEBUG:colcon.colcon_core.verb:Building package 'kinetic' with the following arguments: {'ament_cmake_args': None, 'build_base': '/home/pandora/robot/ros2_pro/build/kinetic', 'catkin_cmake_args': None, 'catkin_skip_building_tests': False, 'cmake_args': None, 'cmake_clean_cache': False, 'cmake_clean_first': False, 'cmake_force_configure': False, 'cmake_target': None, 'cmake_target_skip_unavailable': False, 'install_base': '/home/pandora/robot/ros2_pro/install/kinetic', 'merge_install': False, 'path': '/home/pandora/robot/ros2_pro/src/kinetic', 'symlink_install': True, 'test_result_base': None}
[0.626s] Level 5:colcon.colcon_core.verb:set package 'mmr_orchestrator' build argument 'cmake_args' from command line to 'None'
[0.626s] Level 5:colcon.colcon_core.verb:set package 'mmr_orchestrator' build argument 'cmake_target' from command line to 'None'
[0.626s] Level 5:colcon.colcon_core.verb:set package 'mmr_orchestrator' build argument 'cmake_target_skip_unavailable' from command line to 'False'
[0.626s] Level 5:colcon.colcon_core.verb:set package 'mmr_orchestrator' build argument 'cmake_clean_cache' from command line to 'False'
[0.626s] Level 5:colcon.colcon_core.verb:set package 'mmr_orchestrator' build argument 'cmake_clean_first' from command line to 'False'
[0.626s] Level 5:colcon.colcon_core.verb:set package 'mmr_orchestrator' build argument 'cmake_force_configure' from command line to 'False'
[0.626s] Level 5:colcon.colcon_core.verb:set package 'mmr_orchestrator' build argument 'ament_cmake_args' from command line to 'None'
[0.627s] Level 5:colcon.colcon_core.verb:set package 'mmr_orchestrator' build argument 'catkin_cmake_args' from command line to 'None'
[0.627s] Level 5:colcon.colcon_core.verb:set package 'mmr_orchestrator' build argument 'catkin_skip_building_tests' from command line to 'False'
[0.627s] DEBUG:colcon.colcon_core.verb:Building package 'mmr_orchestrator' with the following arguments: {'ament_cmake_args': None, 'build_base': '/home/pandora/robot/ros2_pro/build/mmr_orchestrator', 'catkin_cmake_args': None, 'catkin_skip_building_tests': False, 'cmake_args': None, 'cmake_clean_cache': False, 'cmake_clean_first': False, 'cmake_force_configure': False, 'cmake_target': None, 'cmake_target_skip_unavailable': False, 'install_base': '/home/pandora/robot/ros2_pro/install/mmr_orchestrator', 'merge_install': False, 'path': '/home/pandora/robot/ros2_pro/src/mmr_orchestrator', 'symlink_install': True, 'test_result_base': None}
[0.627s] Level 5:colcon.colcon_core.verb:set package 'vision' build argument 'cmake_args' from command line to 'None'
[0.627s] Level 5:colcon.colcon_core.verb:set package 'vision' build argument 'cmake_target' from command line to 'None'
[0.627s] Level 5:colcon.colcon_core.verb:set package 'vision' build argument 'cmake_target_skip_unavailable' from command line to 'False'
[0.627s] Level 5:colcon.colcon_core.verb:set package 'vision' build argument 'cmake_clean_cache' from command line to 'False'
[0.627s] Level 5:colcon.colcon_core.verb:set package 'vision' build argument 'cmake_clean_first' from command line to 'False'
[0.627s] Level 5:colcon.colcon_core.verb:set package 'vision' build argument 'cmake_force_configure' from command line to 'False'
[0.627s] Level 5:colcon.colcon_core.verb:set package 'vision' build argument 'ament_cmake_args' from command line to 'None'
[0.627s] Level 5:colcon.colcon_core.verb:set package 'vision' build argument 'catkin_cmake_args' from command line to 'None'
[0.627s] Level 5:colcon.colcon_core.verb:set package 'vision' build argument 'catkin_skip_building_tests' from command line to 'False'
[0.628s] DEBUG:colcon.colcon_core.verb:Building package 'vision' with the following arguments: {'ament_cmake_args': None, 'build_base': '/home/pandora/robot/ros2_pro/build/vision', 'catkin_cmake_args': None, 'catkin_skip_building_tests': False, 'cmake_args': None, 'cmake_clean_cache': False, 'cmake_clean_first': False, 'cmake_force_configure': False, 'cmake_target': None, 'cmake_target_skip_unavailable': False, 'install_base': '/home/pandora/robot/ros2_pro/install/vision', 'merge_install': False, 'path': '/home/pandora/robot/ros2_pro/src/vision', 'symlink_install': True, 'test_result_base': None}
[0.628s] INFO:colcon.colcon_core.executor:Executing jobs using 'parallel' executor
[0.629s] DEBUG:colcon.colcon_parallel_executor.executor.parallel:run_until_complete
[0.630s] INFO:colcon.colcon_ros.task.catkin.build:Building ROS package in '/home/pandora/robot/ros2_pro/src/mmr_interfaces' with build type 'catkin'
[0.630s] INFO:colcon.colcon_cmake.task.cmake.build:Building CMake package in '/home/pandora/robot/ros2_pro/src/mmr_interfaces'
[0.634s] INFO:colcon.colcon_core.plugin_system:Skipping extension 'colcon_core.shell.bat': Not used on non-Windows systems
[0.634s] INFO:colcon.colcon_core.shell:Skip shell extension 'powershell' for command environment: Not usable outside of PowerShell
[0.634s] DEBUG:colcon.colcon_core.shell:Skip shell extension 'dsv' for command environment
[0.647s] DEBUG:colcon.colcon_core.event_handler.log_command:Invoking command in '/home/pandora/robot/ros2_pro/build/mmr_interfaces': PS1=(.venv_production) \[\e]0;\u@\h: \w\a\]${debian_chroot:+($debian_chroot)}\[\033[01;32m\]\u@\h\[\033[00m\]:\[\033[01;34m\]\w\[\033[00m\]\$ VIRTUAL_ENV_PROMPT=(.venv_production) /usr/bin/cmake /home/pandora/robot/ros2_pro/src/mmr_interfaces -DCATKIN_INSTALL_INTO_PREFIX_ROOT=0 -DCATKIN_SYMLINK_INSTALL=ON -DCMAKE_INSTALL_PREFIX=/home/pandora/robot/ros2_pro/install/mmr_interfaces
[3.344s] DEBUG:colcon.colcon_core.event_handler.log_command:Invoked command in '/home/pandora/robot/ros2_pro/build/mmr_interfaces' returned '0': PS1=(.venv_production) \[\e]0;\u@\h: \w\a\]${debian_chroot:+($debian_chroot)}\[\033[01;32m\]\u@\h\[\033[00m\]:\[\033[01;34m\]\w\[\033[00m\]\$ VIRTUAL_ENV_PROMPT=(.venv_production) /usr/bin/cmake /home/pandora/robot/ros2_pro/src/mmr_interfaces -DCATKIN_INSTALL_INTO_PREFIX_ROOT=0 -DCATKIN_SYMLINK_INSTALL=ON -DCMAKE_INSTALL_PREFIX=/home/pandora/robot/ros2_pro/install/mmr_interfaces
[3.350s] DEBUG:colcon.colcon_core.event_handler.log_command:Invoking command in '/home/pandora/robot/ros2_pro/build/mmr_interfaces': PS1=(.venv_production) \[\e]0;\u@\h: \w\a\]${debian_chroot:+($debian_chroot)}\[\033[01;32m\]\u@\h\[\033[00m\]:\[\033[01;34m\]\w\[\033[00m\]\$ VIRTUAL_ENV_PROMPT=(.venv_production) /usr/bin/cmake --build /home/pandora/robot/ros2_pro/build/mmr_interfaces -- -j8 -l8
[14.778s] DEBUG:colcon.colcon_core.event_handler.log_command:Invoked command in '/home/pandora/robot/ros2_pro/build/mmr_interfaces' returned '0': PS1=(.venv_production) \[\e]0;\u@\h: \w\a\]${debian_chroot:+($debian_chroot)}\[\033[01;32m\]\u@\h\[\033[00m\]:\[\033[01;34m\]\w\[\033[00m\]\$ VIRTUAL_ENV_PROMPT=(.venv_production) /usr/bin/cmake --build /home/pandora/robot/ros2_pro/build/mmr_interfaces -- -j8 -l8
[14.798s] DEBUG:colcon.colcon_core.event_handler.log_command:Invoking command in '/home/pandora/robot/ros2_pro/build/mmr_interfaces': PS1=(.venv_production) \[\e]0;\u@\h: \w\a\]${debian_chroot:+($debian_chroot)}\[\033[01;32m\]\u@\h\[\033[00m\]:\[\033[01;34m\]\w\[\033[00m\]\$ VIRTUAL_ENV_PROMPT=(.venv_production) /usr/bin/cmake --install /home/pandora/robot/ros2_pro/build/mmr_interfaces
[14.974s] DEBUG:colcon.colcon_core.event_handler.log_command:Invoked command in '/home/pandora/robot/ros2_pro/build/mmr_interfaces' returned '0': PS1=(.venv_production) \[\e]0;\u@\h: \w\a\]${debian_chroot:+($debian_chroot)}\[\033[01;32m\]\u@\h\[\033[00m\]:\[\033[01;34m\]\w\[\033[00m\]\$ VIRTUAL_ENV_PROMPT=(.venv_production) /usr/bin/cmake --install /home/pandora/robot/ros2_pro/build/mmr_interfaces
[14.974s] Level 1:colcon.colcon_core.shell:create_environment_hook('mmr_interfaces', 'ros_package_path')
[14.975s] INFO:colcon.colcon_core.shell:Creating environment hook '/home/pandora/robot/ros2_pro/install/mmr_interfaces/share/mmr_interfaces/hook/ros_package_path.ps1'
[14.979s] INFO:colcon.colcon_core.shell:Creating environment descriptor '/home/pandora/robot/ros2_pro/install/mmr_interfaces/share/mmr_interfaces/hook/ros_package_path.dsv'
[14.980s] INFO:colcon.colcon_core.shell:Creating environment hook '/home/pandora/robot/ros2_pro/install/mmr_interfaces/share/mmr_interfaces/hook/ros_package_path.sh'
[14.985s] Level 1:colcon.colcon_ros.task.catkin:checking '/home/pandora/robot/ros2_pro/install/mmr_interfaces/lib/python3.10/site-packages'
[14.985s] Level 1:colcon.colcon_core.shell:create_environment_hook('mmr_interfaces', 'catkin_pythonpath')
[14.986s] INFO:colcon.colcon_core.shell:Creating environment hook '/home/pandora/robot/ros2_pro/install/mmr_interfaces/share/mmr_interfaces/hook/catkin_pythonpath.ps1'
[14.988s] INFO:colcon.colcon_core.shell:Creating environment descriptor '/home/pandora/robot/ros2_pro/install/mmr_interfaces/share/mmr_interfaces/hook/catkin_pythonpath.dsv'
[14.988s] INFO:colcon.colcon_core.shell:Creating environment hook '/home/pandora/robot/ros2_pro/install/mmr_interfaces/share/mmr_interfaces/hook/catkin_pythonpath.sh'
[14.989s] Level 1:colcon.colcon_core.shell:create_environment_hook('mmr_interfaces', 'pkg_config_path')
[14.989s] INFO:colcon.colcon_core.shell:Creating environment hook '/home/pandora/robot/ros2_pro/install/mmr_interfaces/share/mmr_interfaces/hook/pkg_config_path.ps1'
[14.990s] INFO:colcon.colcon_core.shell:Creating environment descriptor '/home/pandora/robot/ros2_pro/install/mmr_interfaces/share/mmr_interfaces/hook/pkg_config_path.dsv'
[14.990s] INFO:colcon.colcon_core.shell:Creating environment hook '/home/pandora/robot/ros2_pro/install/mmr_interfaces/share/mmr_interfaces/hook/pkg_config_path.sh'
[14.994s] Level 1:colcon.colcon_core.shell:create_environment_hook('mmr_interfaces', 'pkg_config_path_multiarch')
[14.995s] INFO:colcon.colcon_core.shell:Creating environment hook '/home/pandora/robot/ros2_pro/install/mmr_interfaces/share/mmr_interfaces/hook/pkg_config_path_multiarch.ps1'
[14.996s] INFO:colcon.colcon_core.shell:Creating environment descriptor '/home/pandora/robot/ros2_pro/install/mmr_interfaces/share/mmr_interfaces/hook/pkg_config_path_multiarch.dsv'
[14.997s] INFO:colcon.colcon_core.shell:Creating environment hook '/home/pandora/robot/ros2_pro/install/mmr_interfaces/share/mmr_interfaces/hook/pkg_config_path_multiarch.sh'
[15.000s] Level 1:colcon.colcon_core.environment:create_environment_scripts_only(mmr_interfaces)
[15.006s] Level 1:colcon.colcon_core.environment:checking '/home/pandora/robot/ros2_pro/install/mmr_interfaces' for CMake module files
[15.008s] Level 1:colcon.colcon_core.environment:checking '/home/pandora/robot/ros2_pro/install/mmr_interfaces' for CMake config files
[15.012s] Level 1:colcon.colcon_core.shell:create_environment_hook('mmr_interfaces', 'cmake_prefix_path')
[15.012s] INFO:colcon.colcon_core.shell:Creating environment hook '/home/pandora/robot/ros2_pro/install/mmr_interfaces/share/mmr_interfaces/hook/cmake_prefix_path.ps1'
[15.014s] INFO:colcon.colcon_core.shell:Creating environment descriptor '/home/pandora/robot/ros2_pro/install/mmr_interfaces/share/mmr_interfaces/hook/cmake_prefix_path.dsv'
[15.015s] INFO:colcon.colcon_core.shell:Creating environment hook '/home/pandora/robot/ros2_pro/install/mmr_interfaces/share/mmr_interfaces/hook/cmake_prefix_path.sh'
[15.016s] Level 1:colcon.colcon_core.environment:checking '/home/pandora/robot/ros2_pro/install/mmr_interfaces/lib'
[15.017s] Level 1:colcon.colcon_core.shell:create_environment_hook('mmr_interfaces', 'ld_library_path_lib')
[15.017s] INFO:colcon.colcon_core.shell:Creating environment hook '/home/pandora/robot/ros2_pro/install/mmr_interfaces/share/mmr_interfaces/hook/ld_library_path_lib.ps1'
[15.018s] INFO:colcon.colcon_core.shell:Creating environment descriptor '/home/pandora/robot/ros2_pro/install/mmr_interfaces/share/mmr_interfaces/hook/ld_library_path_lib.dsv'
[15.019s] INFO:colcon.colcon_core.shell:Creating environment hook '/home/pandora/robot/ros2_pro/install/mmr_interfaces/share/mmr_interfaces/hook/ld_library_path_lib.sh'
[15.020s] Level 1:colcon.colcon_core.environment:checking '/home/pandora/robot/ros2_pro/install/mmr_interfaces/bin'
[15.021s] Level 1:colcon.colcon_core.environment:checking '/home/pandora/robot/ros2_pro/install/mmr_interfaces/lib/pkgconfig/mmr_interfaces.pc'
[15.021s] Level 1:colcon.colcon_core.environment:checking '/home/pandora/robot/ros2_pro/install/mmr_interfaces/lib/python3.10/site-packages'
[15.021s] Level 1:colcon.colcon_core.shell:create_environment_hook('mmr_interfaces', 'pythonpath')
[15.022s] INFO:colcon.colcon_core.shell:Creating environment hook '/home/pandora/robot/ros2_pro/install/mmr_interfaces/share/mmr_interfaces/hook/pythonpath.ps1'
[15.023s] INFO:colcon.colcon_core.shell:Creating environment descriptor '/home/pandora/robot/ros2_pro/install/mmr_interfaces/share/mmr_interfaces/hook/pythonpath.dsv'
[15.024s] INFO:colcon.colcon_core.shell:Creating environment hook '/home/pandora/robot/ros2_pro/install/mmr_interfaces/share/mmr_interfaces/hook/pythonpath.sh'
[15.025s] Level 1:colcon.colcon_core.environment:checking '/home/pandora/robot/ros2_pro/install/mmr_interfaces/bin'
[15.026s] INFO:colcon.colcon_core.shell:Creating package script '/home/pandora/robot/ros2_pro/install/mmr_interfaces/share/mmr_interfaces/package.ps1'
[15.030s] INFO:colcon.colcon_core.shell:Creating package descriptor '/home/pandora/robot/ros2_pro/install/mmr_interfaces/share/mmr_interfaces/package.dsv'
[15.032s] INFO:colcon.colcon_core.shell:Creating package script '/home/pandora/robot/ros2_pro/install/mmr_interfaces/share/mmr_interfaces/package.sh'
[15.035s] INFO:colcon.colcon_core.shell:Creating package script '/home/pandora/robot/ros2_pro/install/mmr_interfaces/share/mmr_interfaces/package.bash'
[15.037s] INFO:colcon.colcon_core.shell:Creating package script '/home/pandora/robot/ros2_pro/install/mmr_interfaces/share/mmr_interfaces/package.zsh'
[15.039s] Level 1:colcon.colcon_core.environment:create_file_with_runtime_dependencies(/home/pandora/robot/ros2_pro/install/mmr_interfaces/share/colcon-core/packages/mmr_interfaces)
[15.041s] INFO:colcon.colcon_ros.task.catkin.build:Building ROS package in '/home/pandora/robot/ros2_pro/src/amr_controller' with build type 'catkin'
[15.042s] INFO:colcon.colcon_cmake.task.cmake.build:Building CMake package in '/home/pandora/robot/ros2_pro/src/amr_controller'
[15.042s] INFO:colcon.colcon_core.shell:Skip shell extension 'powershell' for command environment: Not usable outside of PowerShell
[15.043s] DEBUG:colcon.colcon_core.shell:Skip shell extension 'dsv' for command environment
[15.048s] INFO:colcon.colcon_ros.task.catkin.build:Building ROS package in '/home/pandora/robot/ros2_pro/src/kinetic' with build type 'catkin'
[15.048s] INFO:colcon.colcon_cmake.task.cmake.build:Building CMake package in '/home/pandora/robot/ros2_pro/src/kinetic'
[15.049s] INFO:colcon.colcon_core.shell:Skip shell extension 'powershell' for command environment: Not usable outside of PowerShell
[15.049s] DEBUG:colcon.colcon_core.shell:Skip shell extension 'dsv' for command environment
[15.054s] INFO:colcon.colcon_ros.task.catkin.build:Building ROS package in '/home/pandora/robot/ros2_pro/src/mmr_orchestrator' with build type 'catkin'
[15.054s] INFO:colcon.colcon_cmake.task.cmake.build:Building CMake package in '/home/pandora/robot/ros2_pro/src/mmr_orchestrator'
[15.055s] INFO:colcon.colcon_core.shell:Skip shell extension 'powershell' for command environment: Not usable outside of PowerShell
[15.055s] DEBUG:colcon.colcon_core.shell:Skip shell extension 'dsv' for command environment
[15.060s] INFO:colcon.colcon_ros.task.catkin.build:Building ROS package in '/home/pandora/robot/ros2_pro/src/vision' with build type 'catkin'
[15.060s] INFO:colcon.colcon_cmake.task.cmake.build:Building CMake package in '/home/pandora/robot/ros2_pro/src/vision'
[15.060s] INFO:colcon.colcon_core.shell:Skip shell extension 'powershell' for command environment: Not usable outside of PowerShell
[15.061s] DEBUG:colcon.colcon_core.shell:Skip shell extension 'dsv' for command environment
[15.078s] DEBUG:colcon.colcon_core.event_handler.log_command:Invoking command in '/home/pandora/robot/ros2_pro/build/amr_controller': CMAKE_PREFIX_PATH=/home/pandora/robot/ros2_pro/install/mmr_interfaces LD_LIBRARY_PATH=/home/pandora/robot/ros2_pro/install/mmr_interfaces/lib:${LD_LIBRARY_PATH} PKG_CONFIG_PATH=/home/pandora/robot/ros2_pro/install/mmr_interfaces/lib/aarch64-linux-gnu/pkgconfig:/home/pandora/robot/ros2_pro/install/mmr_interfaces/lib/pkgconfig PS1=(.venv_production) \[\e]0;\u@\h: \w\a\]${debian_chroot:+($debian_chroot)}\[\033[01;32m\]\u@\h\[\033[00m\]:\[\033[01;34m\]\w\[\033[00m\]\$ PYTHONPATH=/home/pandora/robot/ros2_pro/install/mmr_interfaces/lib/python3.10/site-packages:${PYTHONPATH} ROS_PACKAGE_PATH=/home/pandora/robot/ros2_pro/install/mmr_interfaces/share VIRTUAL_ENV_PROMPT=(.venv_production) /usr/bin/cmake /home/pandora/robot/ros2_pro/src/amr_controller -DCATKIN_INSTALL_INTO_PREFIX_ROOT=0 -DCATKIN_SYMLINK_INSTALL=ON -DCMAKE_INSTALL_PREFIX=/home/pandora/robot/ros2_pro/install/amr_controller
[15.083s] DEBUG:colcon.colcon_core.event_handler.log_command:Invoking command in '/home/pandora/robot/ros2_pro/build/kinetic': CMAKE_PREFIX_PATH=/home/pandora/robot/ros2_pro/install/mmr_interfaces LD_LIBRARY_PATH=/home/pandora/robot/ros2_pro/install/mmr_interfaces/lib:${LD_LIBRARY_PATH} PKG_CONFIG_PATH=/home/pandora/robot/ros2_pro/install/mmr_interfaces/lib/aarch64-linux-gnu/pkgconfig:/home/pandora/robot/ros2_pro/install/mmr_interfaces/lib/pkgconfig PS1=(.venv_production) \[\e]0;\u@\h: \w\a\]${debian_chroot:+($debian_chroot)}\[\033[01;32m\]\u@\h\[\033[00m\]:\[\033[01;34m\]\w\[\033[00m\]\$ PYTHONPATH=/home/pandora/robot/ros2_pro/install/mmr_interfaces/lib/python3.10/site-packages:${PYTHONPATH} ROS_PACKAGE_PATH=/home/pandora/robot/ros2_pro/install/mmr_interfaces/share VIRTUAL_ENV_PROMPT=(.venv_production) /usr/bin/cmake /home/pandora/robot/ros2_pro/src/kinetic -DCATKIN_INSTALL_INTO_PREFIX_ROOT=0 -DCATKIN_SYMLINK_INSTALL=ON -DCMAKE_INSTALL_PREFIX=/home/pandora/robot/ros2_pro/install/kinetic
[15.090s] DEBUG:colcon.colcon_core.event_handler.log_command:Invoking command in '/home/pandora/robot/ros2_pro/build/mmr_orchestrator': CMAKE_PREFIX_PATH=/home/pandora/robot/ros2_pro/install/mmr_interfaces LD_LIBRARY_PATH=/home/pandora/robot/ros2_pro/install/mmr_interfaces/lib:${LD_LIBRARY_PATH} PKG_CONFIG_PATH=/home/pandora/robot/ros2_pro/install/mmr_interfaces/lib/aarch64-linux-gnu/pkgconfig:/home/pandora/robot/ros2_pro/install/mmr_interfaces/lib/pkgconfig PS1=(.venv_production) \[\e]0;\u@\h: \w\a\]${debian_chroot:+($debian_chroot)}\[\033[01;32m\]\u@\h\[\033[00m\]:\[\033[01;34m\]\w\[\033[00m\]\$ PYTHONPATH=/home/pandora/robot/ros2_pro/install/mmr_interfaces/lib/python3.10/site-packages:${PYTHONPATH} ROS_PACKAGE_PATH=/home/pandora/robot/ros2_pro/install/mmr_interfaces/share VIRTUAL_ENV_PROMPT=(.venv_production) /usr/bin/cmake /home/pandora/robot/ros2_pro/src/mmr_orchestrator -DCATKIN_INSTALL_INTO_PREFIX_ROOT=0 -DCATKIN_SYMLINK_INSTALL=ON -DCMAKE_INSTALL_PREFIX=/home/pandora/robot/ros2_pro/install/mmr_orchestrator
[15.101s] DEBUG:colcon.colcon_core.event_handler.log_command:Invoking command in '/home/pandora/robot/ros2_pro/build/vision': CMAKE_PREFIX_PATH=/home/pandora/robot/ros2_pro/install/mmr_interfaces LD_LIBRARY_PATH=/home/pandora/robot/ros2_pro/install/mmr_interfaces/lib:${LD_LIBRARY_PATH} PKG_CONFIG_PATH=/home/pandora/robot/ros2_pro/install/mmr_interfaces/lib/aarch64-linux-gnu/pkgconfig:/home/pandora/robot/ros2_pro/install/mmr_interfaces/lib/pkgconfig PS1=(.venv_production) \[\e]0;\u@\h: \w\a\]${debian_chroot:+($debian_chroot)}\[\033[01;32m\]\u@\h\[\033[00m\]:\[\033[01;34m\]\w\[\033[00m\]\$ PYTHONPATH=/home/pandora/robot/ros2_pro/install/mmr_interfaces/lib/python3.10/site-packages:${PYTHONPATH} ROS_PACKAGE_PATH=/home/pandora/robot/ros2_pro/install/mmr_interfaces/share VIRTUAL_ENV_PROMPT=(.venv_production) /usr/bin/cmake /home/pandora/robot/ros2_pro/src/vision -DCATKIN_INSTALL_INTO_PREFIX_ROOT=0 -DCATKIN_SYMLINK_INSTALL=ON -DCMAKE_INSTALL_PREFIX=/home/pandora/robot/ros2_pro/install/vision
[15.101s] Level 1:colcon.colcon_core.environment:create_environment_scripts_only(amr_controller)
[15.102s] Level 1:colcon.colcon_core.environment:checking '/home/pandora/robot/ros2_pro/install/amr_controller' for CMake module files
[15.103s] Level 1:colcon.colcon_core.environment:checking '/home/pandora/robot/ros2_pro/install/amr_controller' for CMake config files
[15.104s] Level 1:colcon.colcon_core.environment:checking '/home/pandora/robot/ros2_pro/install/amr_controller/bin'
[15.104s] Level 1:colcon.colcon_core.environment:checking '/home/pandora/robot/ros2_pro/install/amr_controller/lib/pkgconfig/amr_controller.pc'
[15.105s] Level 1:colcon.colcon_core.environment:checking '/home/pandora/robot/ros2_pro/install/amr_controller/lib/python3.10/site-packages'
[15.105s] DEBUG:colcon.colcon_core.event_handler.log_command:Invoked command in '/home/pandora/robot/ros2_pro/build/amr_controller' returned '1': CMAKE_PREFIX_PATH=/home/pandora/robot/ros2_pro/install/mmr_interfaces LD_LIBRARY_PATH=/home/pandora/robot/ros2_pro/install/mmr_interfaces/lib:${LD_LIBRARY_PATH} PKG_CONFIG_PATH=/home/pandora/robot/ros2_pro/install/mmr_interfaces/lib/aarch64-linux-gnu/pkgconfig:/home/pandora/robot/ros2_pro/install/mmr_interfaces/lib/pkgconfig PS1=(.venv_production) \[\e]0;\u@\h: \w\a\]${debian_chroot:+($debian_chroot)}\[\033[01;32m\]\u@\h\[\033[00m\]:\[\033[01;34m\]\w\[\033[00m\]\$ PYTHONPATH=/home/pandora/robot/ros2_pro/install/mmr_interfaces/lib/python3.10/site-packages:${PYTHONPATH} ROS_PACKAGE_PATH=/home/pandora/robot/ros2_pro/install/mmr_interfaces/share VIRTUAL_ENV_PROMPT=(.venv_production) /usr/bin/cmake /home/pandora/robot/ros2_pro/src/amr_controller -DCATKIN_INSTALL_INTO_PREFIX_ROOT=0 -DCATKIN_SYMLINK_INSTALL=ON -DCMAKE_INSTALL_PREFIX=/home/pandora/robot/ros2_pro/install/amr_controller
[15.106s] Level 1:colcon.colcon_core.environment:checking '/home/pandora/robot/ros2_pro/install/amr_controller/bin'
[15.106s] INFO:colcon.colcon_core.shell:Creating package script '/home/pandora/robot/ros2_pro/install/amr_controller/share/amr_controller/package.ps1'
[15.108s] INFO:colcon.colcon_core.shell:Creating package descriptor '/home/pandora/robot/ros2_pro/install/amr_controller/share/amr_controller/package.dsv'
[15.108s] INFO:colcon.colcon_core.shell:Creating package script '/home/pandora/robot/ros2_pro/install/amr_controller/share/amr_controller/package.sh'
[15.109s] INFO:colcon.colcon_core.shell:Creating package script '/home/pandora/robot/ros2_pro/install/amr_controller/share/amr_controller/package.bash'
[15.110s] INFO:colcon.colcon_core.shell:Creating package script '/home/pandora/robot/ros2_pro/install/amr_controller/share/amr_controller/package.zsh'
[15.110s] Level 1:colcon.colcon_core.environment:create_file_with_runtime_dependencies(/home/pandora/robot/ros2_pro/install/amr_controller/share/colcon-core/packages/amr_controller)
[15.112s] Level 1:colcon.colcon_core.environment:create_environment_scripts_only(kinetic)
[15.113s] Level 1:colcon.colcon_core.environment:checking '/home/pandora/robot/ros2_pro/install/kinetic' for CMake module files
[15.113s] Level 1:colcon.colcon_core.environment:checking '/home/pandora/robot/ros2_pro/install/kinetic' for CMake config files
[15.114s] Level 1:colcon.colcon_core.environment:checking '/home/pandora/robot/ros2_pro/install/kinetic/bin'
[15.114s] Level 1:colcon.colcon_core.environment:checking '/home/pandora/robot/ros2_pro/install/kinetic/lib/pkgconfig/kinetic.pc'
[15.115s] Level 1:colcon.colcon_core.environment:checking '/home/pandora/robot/ros2_pro/install/kinetic/lib/python3.10/site-packages'
[15.115s] Level 1:colcon.colcon_core.environment:checking '/home/pandora/robot/ros2_pro/install/kinetic/bin'
[15.116s] INFO:colcon.colcon_core.shell:Creating package script '/home/pandora/robot/ros2_pro/install/kinetic/share/kinetic/package.ps1'
[15.117s] DEBUG:colcon.colcon_core.event_handler.log_command:Invoked command in '/home/pandora/robot/ros2_pro/build/kinetic' returned '1': CMAKE_PREFIX_PATH=/home/pandora/robot/ros2_pro/install/mmr_interfaces LD_LIBRARY_PATH=/home/pandora/robot/ros2_pro/install/mmr_interfaces/lib:${LD_LIBRARY_PATH} PKG_CONFIG_PATH=/home/pandora/robot/ros2_pro/install/mmr_interfaces/lib/aarch64-linux-gnu/pkgconfig:/home/pandora/robot/ros2_pro/install/mmr_interfaces/lib/pkgconfig PS1=(.venv_production) \[\e]0;\u@\h: \w\a\]${debian_chroot:+($debian_chroot)}\[\033[01;32m\]\u@\h\[\033[00m\]:\[\033[01;34m\]\w\[\033[00m\]\$ PYTHONPATH=/home/pandora/robot/ros2_pro/install/mmr_interfaces/lib/python3.10/site-packages:${PYTHONPATH} ROS_PACKAGE_PATH=/home/pandora/robot/ros2_pro/install/mmr_interfaces/share VIRTUAL_ENV_PROMPT=(.venv_production) /usr/bin/cmake /home/pandora/robot/ros2_pro/src/kinetic -DCATKIN_INSTALL_INTO_PREFIX_ROOT=0 -DCATKIN_SYMLINK_INSTALL=ON -DCMAKE_INSTALL_PREFIX=/home/pandora/robot/ros2_pro/install/kinetic
[15.118s] INFO:colcon.colcon_core.shell:Creating package descriptor '/home/pandora/robot/ros2_pro/install/kinetic/share/kinetic/package.dsv'
[15.118s] INFO:colcon.colcon_core.shell:Creating package script '/home/pandora/robot/ros2_pro/install/kinetic/share/kinetic/package.sh'
[15.119s] INFO:colcon.colcon_core.shell:Creating package script '/home/pandora/robot/ros2_pro/install/kinetic/share/kinetic/package.bash'
[15.120s] INFO:colcon.colcon_core.shell:Creating package script '/home/pandora/robot/ros2_pro/install/kinetic/share/kinetic/package.zsh'
[15.120s] Level 1:colcon.colcon_core.environment:create_file_with_runtime_dependencies(/home/pandora/robot/ros2_pro/install/kinetic/share/colcon-core/packages/kinetic)
[15.134s] DEBUG:colcon.colcon_parallel_executor.executor.parallel:closing loop
[15.134s] DEBUG:colcon.colcon_parallel_executor.executor.parallel:loop closed
[15.134s] DEBUG:colcon.colcon_parallel_executor.executor.parallel:run_until_complete finished with '1'
[15.135s] DEBUG:colcon.colcon_core.event_reactor:joining thread
[15.151s] INFO:colcon.colcon_core.plugin_system:Skipping extension 'colcon_notification.desktop_notification.terminal_notifier': Not used on non-Darwin systems
[15.151s] INFO:colcon.colcon_core.plugin_system:Skipping extension 'colcon_notification.desktop_notification.win32': Not used on non-Windows systems
[15.151s] INFO:colcon.colcon_notification.desktop_notification:Sending desktop notification using 'notify2'
[15.187s] DEBUG:colcon.colcon_core.event_reactor:joined thread
[15.188s] INFO:colcon.colcon_core.shell:Creating prefix script '/home/pandora/robot/ros2_pro/install/local_setup.ps1'
[15.191s] INFO:colcon.colcon_core.shell:Creating prefix util module '/home/pandora/robot/ros2_pro/install/_local_setup_util_ps1.py'
[15.195s] INFO:colcon.colcon_core.shell:Creating prefix chain script '/home/pandora/robot/ros2_pro/install/setup.ps1'
[15.198s] INFO:colcon.colcon_core.shell:Creating prefix script '/home/pandora/robot/ros2_pro/install/local_setup.sh'
[15.200s] INFO:colcon.colcon_core.shell:Creating prefix util module '/home/pandora/robot/ros2_pro/install/_local_setup_util_sh.py'
[15.201s] INFO:colcon.colcon_core.shell:Creating prefix chain script '/home/pandora/robot/ros2_pro/install/setup.sh'
[15.203s] INFO:colcon.colcon_core.shell:Creating prefix script '/home/pandora/robot/ros2_pro/install/local_setup.bash'
[15.204s] INFO:colcon.colcon_core.shell:Creating prefix chain script '/home/pandora/robot/ros2_pro/install/setup.bash'
[15.206s] INFO:colcon.colcon_core.shell:Creating prefix script '/home/pandora/robot/ros2_pro/install/local_setup.zsh'
[15.207s] INFO:colcon.colcon_core.shell:Creating prefix chain script '/home/pandora/robot/ros2_pro/install/setup.zsh'
