[0.018s] Invoking command in '/home/pandora/robot/ros2_pro/build/mmr_interfaces': PS1=(.venv_production) \[\e]0;\u@\h: \w\a\]${debian_chroot:+($debian_chroot)}\[\033[01;32m\]\u@\h\[\033[00m\]:\[\033[01;34m\]\w\[\033[00m\]\$ VIRTUAL_ENV_PROMPT=(.venv_production) /usr/bin/cmake /home/pandora/robot/ros2_pro/src/mmr_interfaces -DCATKIN_INSTALL_INTO_PREFIX_ROOT=0 -DCATKIN_SYMLINK_INSTALL=ON -DCMAKE_INSTALL_PREFIX=/home/pandora/robot/ros2_pro/install/mmr_interfaces
[0.251s] -- The C compiler identification is GNU 11.4.0
[0.404s] -- The CXX compiler identification is GNU 11.4.0
[0.420s] -- Detecting C compiler ABI info
[0.576s] -- Detecting C compiler ABI info - done
[0.600s] -- Check for working C compiler: /usr/bin/cc - skipped
[0.601s] -- Detecting C compile features
[0.603s] -- Detecting C compile features - done
[0.617s] -- Detecting CXX compiler ABI info
[0.797s] -- Detecting CXX compiler ABI info - done
[0.812s] -- Check for working CXX compiler: /usr/bin/c++ - skipped
[0.812s] -- Detecting CXX compile features
[0.814s] -- Detecting CXX compile features - done
[0.822s] -- Found ament_cmake: 1.3.12 (/opt/ros/humble/share/ament_cmake/cmake)
[1.094s] -- Found Python3: /home/pandora/dev/strawberry/shared/venvs/.venv_production/bin/python3 (found version "3.10.12") found components: Interpreter 
[1.290s] -- Found rosidl_default_generators: 1.2.0 (/opt/ros/humble/share/rosidl_default_generators/cmake)
[1.296s] -- Using all available rosidl_typesupport_c: rosidl_typesupport_fastrtps_c;rosidl_typesupport_introspection_c
[1.309s] -- Found rosidl_adapter: 3.1.7 (/opt/ros/humble/share/rosidl_adapter/cmake)
[1.390s] -- Using all available rosidl_typesupport_cpp: rosidl_typesupport_fastrtps_cpp;rosidl_typesupport_introspection_cpp
[1.445s] -- Found sensor_msgs: 4.9.0 (/opt/ros/humble/share/sensor_msgs/cmake)
[1.747s] [31mCMake Error at /opt/ros/humble/share/rosidl_adapter/cmake/rosidl_adapt_interfaces.cmake:59 (message):
[1.747s]   
[1.748s]   execute_process(/home/pandora/dev/strawberry/shared/venvs/.venv_production/bin/python3
[1.748s]   -m rosidl_adapter --package-name mmr_interfaces --arguments-file
[1.748s]   /home/pandora/robot/ros2_pro/build/mmr_interfaces/rosidl_adapter__arguments__mmr_interfaces.json
[1.748s]   --output-dir
[1.749s]   /home/pandora/robot/ros2_pro/build/mmr_interfaces/rosidl_adapter/mmr_interfaces
[1.749s]   --output-file
[1.749s]   /home/pandora/robot/ros2_pro/build/mmr_interfaces/rosidl_adapter/mmr_interfaces.idls)
[1.749s]   returned error code 1:
[1.749s] 
[1.750s]   Traceback (most recent call last):
[1.750s] 
[1.750s]     File "/usr/lib/python3.10/runpy.py", line 196, in _run_module_as_main
[1.750s]       return _run_code(code, main_globals, None,
[1.750s]     File "/usr/lib/python3.10/runpy.py", line 86, in _run_code
[1.751s]       exec(code, run_globals)
[1.751s]     File "/opt/ros/humble/local/lib/python3.10/dist-packages/rosidl_adapter/__main__.py", line 19, in <module>
[1.751s]       sys.exit(main())
[1.751s]     File "/opt/ros/humble/local/lib/python3.10/dist-packages/rosidl_adapter/main.py", line 53, in main
[1.751s]       abs_idl_file = convert_to_idl(
[1.752s]     File "/opt/ros/humble/local/lib/python3.10/dist-packages/rosidl_adapter/__init__.py", line 23, in convert_to_idl
[1.752s]       from rosidl_adapter.srv import convert_srv_to_idl
[1.752s]     File "/opt/ros/humble/local/lib/python3.10/dist-packages/rosidl_adapter/srv/__init__.py", line 16, in <module>
[1.752s]       from rosidl_adapter.resource import expand_template
[1.752s]     File "/opt/ros/humble/local/lib/python3.10/dist-packages/rosidl_adapter/resource/__init__.py", line 19, in <module>
[1.753s]       import em
[1.753s] 
[1.753s]   ModuleNotFoundError: No module named 'em'
[1.753s] 
[1.753s] Call Stack (most recent call first):
[1.754s]   /opt/ros/humble/share/rosidl_cmake/cmake/rosidl_generate_interfaces.cmake:130 (rosidl_adapt_interfaces)
[1.754s]   CMakeLists.txt:8 (rosidl_generate_interfaces)
[1.754s] 
[1.754s] [0m
[1.754s] -- Configuring incomplete, errors occurred!
[1.754s] See also "/home/pandora/robot/ros2_pro/build/mmr_interfaces/CMakeFiles/CMakeOutput.log".
[1.780s] Invoked command in '/home/pandora/robot/ros2_pro/build/mmr_interfaces' returned '1': PS1=(.venv_production) \[\e]0;\u@\h: \w\a\]${debian_chroot:+($debian_chroot)}\[\033[01;32m\]\u@\h\[\033[00m\]:\[\033[01;34m\]\w\[\033[00m\]\$ VIRTUAL_ENV_PROMPT=(.venv_production) /usr/bin/cmake /home/pandora/robot/ros2_pro/src/mmr_interfaces -DCATKIN_INSTALL_INTO_PREFIX_ROOT=0 -DCATKIN_SYMLINK_INSTALL=ON -DCMAKE_INSTALL_PREFIX=/home/pandora/robot/ros2_pro/install/mmr_interfaces
