[35m[1mConsolidate compiler generated dependencies of target mmr_interfaces__rosidl_generator_c[0m
[  1%] Built target mmr_interfaces__cpp
[ 12%] Built target mmr_interfaces__rosidl_generator_c
[35m[1mConsolidate compiler generated dependencies of target mmr_interfaces__rosidl_typesupport_introspection_cpp[0m
[ 12%] Built target ament_cmake_python_copy_mmr_interfaces
[35m[1mConsolidate compiler generated dependencies of target mmr_interfaces__rosidl_typesupport_fastrtps_cpp[0m
[35m[1mConsolidate compiler generated dependencies of target mmr_interfaces__rosidl_typesupport_c[0m
[35m[1mConsolidate compiler generated dependencies of target mmr_interfaces__rosidl_typesupport_fastrtps_c[0m
[35m[1mConsolidate compiler generated dependencies of target mmr_interfaces__rosidl_typesupport_cpp[0m
[35m[1mConsolidate compiler generated dependencies of target mmr_interfaces__rosidl_typesupport_introspection_c[0m
[ 23%] Built target mmr_interfaces__rosidl_typesupport_introspection_cpp
[ 35%] Built target mmr_interfaces__rosidl_typesupport_c
[ 64%] Built target mmr_interfaces__rosidl_typesupport_cpp
[ 64%] Built target mmr_interfaces__rosidl_typesupport_fastrtps_cpp
[ 69%] Built target mmr_interfaces__rosidl_typesupport_introspection_c
[ 80%] Built target mmr_interfaces__rosidl_typesupport_fastrtps_c
[ 80%] Built target mmr_interfaces
[ 81%] Built target mmr_interfaces__py
[35m[1mConsolidate compiler generated dependencies of target mmr_interfaces__rosidl_generator_py[0m
[ 91%] Built target mmr_interfaces__rosidl_generator_py
[35m[1mConsolidate compiler generated dependencies of target mmr_interfaces__rosidl_typesupport_fastrtps_c__pyext[0m
[35m[1mConsolidate compiler generated dependencies of target mmr_interfaces__rosidl_typesupport_introspection_c__pyext[0m
[35m[1mConsolidate compiler generated dependencies of target mmr_interfaces__rosidl_typesupport_c__pyext[0m
[ 97%] Built target mmr_interfaces__rosidl_typesupport_introspection_c__pyext
[ 97%] Built target mmr_interfaces__rosidl_typesupport_fastrtps_c__pyext
[100%] Built target mmr_interfaces__rosidl_typesupport_c__pyext
running egg_info
writing mmr_interfaces.egg-info/PKG-INFO
writing dependency_links to mmr_interfaces.egg-info/dependency_links.txt
writing top-level names to mmr_interfaces.egg-info/top_level.txt
reading manifest file 'mmr_interfaces.egg-info/SOURCES.txt'
writing manifest file 'mmr_interfaces.egg-info/SOURCES.txt'
[100%] Built target ament_cmake_python_build_mmr_interfaces_egg
-- Install configuration: ""
-- Up-to-date: /home/pandora/robot/ros2_pro/install/mmr_interfaces/share/ament_index/resource_index/rosidl_interfaces/mmr_interfaces
-- Up-to-date: /home/pandora/robot/ros2_pro/install/mmr_interfaces/include/mmr_interfaces/mmr_interfaces
-- Up-to-date: /home/pandora/robot/ros2_pro/install/mmr_interfaces/include/mmr_interfaces/mmr_interfaces/action
-- Up-to-date: /home/pandora/robot/ros2_pro/install/mmr_interfaces/include/mmr_interfaces/mmr_interfaces/action/detail
-- Up-to-date: /home/pandora/robot/ros2_pro/install/mmr_interfaces/include/mmr_interfaces/mmr_interfaces/action/detail/palletize__functions.h
-- Up-to-date: /home/pandora/robot/ros2_pro/install/mmr_interfaces/include/mmr_interfaces/mmr_interfaces/action/detail/pick_and_place__functions.h
-- Up-to-date: /home/pandora/robot/ros2_pro/install/mmr_interfaces/include/mmr_interfaces/mmr_interfaces/action/detail/palletize__struct.h
-- Up-to-date: /home/pandora/robot/ros2_pro/install/mmr_interfaces/include/mmr_interfaces/mmr_interfaces/action/detail/pick_and_place__struct.h
-- Up-to-date: /home/pandora/robot/ros2_pro/install/mmr_interfaces/include/mmr_interfaces/mmr_interfaces/action/detail/palletize__functions.c
-- Up-to-date: /home/pandora/robot/ros2_pro/install/mmr_interfaces/include/mmr_interfaces/mmr_interfaces/action/detail/pick_and_place__functions.c
-- Up-to-date: /home/pandora/robot/ros2_pro/install/mmr_interfaces/include/mmr_interfaces/mmr_interfaces/action/detail/pick_and_place__type_support.h
-- Up-to-date: /home/pandora/robot/ros2_pro/install/mmr_interfaces/include/mmr_interfaces/mmr_interfaces/action/detail/palletize__type_support.h
-- Up-to-date: /home/pandora/robot/ros2_pro/install/mmr_interfaces/include/mmr_interfaces/mmr_interfaces/action/palletize.h
-- Up-to-date: /home/pandora/robot/ros2_pro/install/mmr_interfaces/include/mmr_interfaces/mmr_interfaces/action/pick_and_place.h
-- Up-to-date: /home/pandora/robot/ros2_pro/install/mmr_interfaces/include/mmr_interfaces/mmr_interfaces/srv
-- Up-to-date: /home/pandora/robot/ros2_pro/install/mmr_interfaces/include/mmr_interfaces/mmr_interfaces/srv/detail
-- Up-to-date: /home/pandora/robot/ros2_pro/install/mmr_interfaces/include/mmr_interfaces/mmr_interfaces/srv/detail/get_drop_pose__type_support.h
-- Up-to-date: /home/pandora/robot/ros2_pro/install/mmr_interfaces/include/mmr_interfaces/mmr_interfaces/srv/detail/get_drop_pose__functions.c
-- Up-to-date: /home/pandora/robot/ros2_pro/install/mmr_interfaces/include/mmr_interfaces/mmr_interfaces/srv/detail/capture_vision__functions.h
-- Up-to-date: /home/pandora/robot/ros2_pro/install/mmr_interfaces/include/mmr_interfaces/mmr_interfaces/srv/detail/move_distance__functions.c
-- Up-to-date: /home/pandora/robot/ros2_pro/install/mmr_interfaces/include/mmr_interfaces/mmr_interfaces/srv/detail/rotate_turret__struct.h
-- Up-to-date: /home/pandora/robot/ros2_pro/install/mmr_interfaces/include/mmr_interfaces/mmr_interfaces/srv/detail/capture_vision__functions.c
-- Up-to-date: /home/pandora/robot/ros2_pro/install/mmr_interfaces/include/mmr_interfaces/mmr_interfaces/srv/detail/capture_vision__struct.h
-- Up-to-date: /home/pandora/robot/ros2_pro/install/mmr_interfaces/include/mmr_interfaces/mmr_interfaces/srv/detail/move_distance__struct.h
-- Up-to-date: /home/pandora/robot/ros2_pro/install/mmr_interfaces/include/mmr_interfaces/mmr_interfaces/srv/detail/move_distance__type_support.h
-- Up-to-date: /home/pandora/robot/ros2_pro/install/mmr_interfaces/include/mmr_interfaces/mmr_interfaces/srv/detail/get_drop_pose__struct.h
-- Up-to-date: /home/pandora/robot/ros2_pro/install/mmr_interfaces/include/mmr_interfaces/mmr_interfaces/srv/detail/rotate_turret__functions.c
-- Up-to-date: /home/pandora/robot/ros2_pro/install/mmr_interfaces/include/mmr_interfaces/mmr_interfaces/srv/detail/rotate_turret__type_support.h
-- Up-to-date: /home/pandora/robot/ros2_pro/install/mmr_interfaces/include/mmr_interfaces/mmr_interfaces/srv/detail/rotate_turret__functions.h
-- Up-to-date: /home/pandora/robot/ros2_pro/install/mmr_interfaces/include/mmr_interfaces/mmr_interfaces/srv/detail/get_drop_pose__functions.h
-- Up-to-date: /home/pandora/robot/ros2_pro/install/mmr_interfaces/include/mmr_interfaces/mmr_interfaces/srv/detail/move_distance__functions.h
-- Up-to-date: /home/pandora/robot/ros2_pro/install/mmr_interfaces/include/mmr_interfaces/mmr_interfaces/srv/detail/capture_vision__type_support.h
-- Up-to-date: /home/pandora/robot/ros2_pro/install/mmr_interfaces/include/mmr_interfaces/mmr_interfaces/srv/capture_vision.h
-- Up-to-date: /home/pandora/robot/ros2_pro/install/mmr_interfaces/include/mmr_interfaces/mmr_interfaces/srv/move_distance.h
-- Up-to-date: /home/pandora/robot/ros2_pro/install/mmr_interfaces/include/mmr_interfaces/mmr_interfaces/srv/rotate_turret.h
-- Up-to-date: /home/pandora/robot/ros2_pro/install/mmr_interfaces/include/mmr_interfaces/mmr_interfaces/srv/get_drop_pose.h
-- Up-to-date: /home/pandora/robot/ros2_pro/install/mmr_interfaces/include/mmr_interfaces/mmr_interfaces/msg
-- Up-to-date: /home/pandora/robot/ros2_pro/install/mmr_interfaces/include/mmr_interfaces/mmr_interfaces/msg/rosidl_generator_c__visibility_control.h
-- Up-to-date: /home/pandora/robot/ros2_pro/install/mmr_interfaces/share/mmr_interfaces/environment/library_path.sh
-- Up-to-date: /home/pandora/robot/ros2_pro/install/mmr_interfaces/share/mmr_interfaces/environment/library_path.dsv
-- Up-to-date: /home/pandora/robot/ros2_pro/install/mmr_interfaces/lib/libmmr_interfaces__rosidl_generator_c.so
-- Up-to-date: /home/pandora/robot/ros2_pro/install/mmr_interfaces/include/mmr_interfaces/mmr_interfaces
-- Up-to-date: /home/pandora/robot/ros2_pro/install/mmr_interfaces/include/mmr_interfaces/mmr_interfaces/action
-- Up-to-date: /home/pandora/robot/ros2_pro/install/mmr_interfaces/include/mmr_interfaces/mmr_interfaces/action/detail
-- Up-to-date: /home/pandora/robot/ros2_pro/install/mmr_interfaces/include/mmr_interfaces/mmr_interfaces/action/detail/pick_and_place__rosidl_typesupport_fastrtps_c.h
-- Up-to-date: /home/pandora/robot/ros2_pro/install/mmr_interfaces/include/mmr_interfaces/mmr_interfaces/action/detail/palletize__rosidl_typesupport_fastrtps_c.h
-- Up-to-date: /home/pandora/robot/ros2_pro/install/mmr_interfaces/include/mmr_interfaces/mmr_interfaces/srv
-- Up-to-date: /home/pandora/robot/ros2_pro/install/mmr_interfaces/include/mmr_interfaces/mmr_interfaces/srv/detail
-- Up-to-date: /home/pandora/robot/ros2_pro/install/mmr_interfaces/include/mmr_interfaces/mmr_interfaces/srv/detail/capture_vision__rosidl_typesupport_fastrtps_c.h
-- Up-to-date: /home/pandora/robot/ros2_pro/install/mmr_interfaces/include/mmr_interfaces/mmr_interfaces/srv/detail/rotate_turret__rosidl_typesupport_fastrtps_c.h
-- Up-to-date: /home/pandora/robot/ros2_pro/install/mmr_interfaces/include/mmr_interfaces/mmr_interfaces/srv/detail/get_drop_pose__rosidl_typesupport_fastrtps_c.h
-- Up-to-date: /home/pandora/robot/ros2_pro/install/mmr_interfaces/include/mmr_interfaces/mmr_interfaces/srv/detail/move_distance__rosidl_typesupport_fastrtps_c.h
-- Up-to-date: /home/pandora/robot/ros2_pro/install/mmr_interfaces/include/mmr_interfaces/mmr_interfaces/msg
-- Up-to-date: /home/pandora/robot/ros2_pro/install/mmr_interfaces/include/mmr_interfaces/mmr_interfaces/msg/rosidl_typesupport_fastrtps_c__visibility_control.h
-- Up-to-date: /home/pandora/robot/ros2_pro/install/mmr_interfaces/lib/libmmr_interfaces__rosidl_typesupport_fastrtps_c.so
-- Up-to-date: /home/pandora/robot/ros2_pro/install/mmr_interfaces/include/mmr_interfaces/mmr_interfaces
-- Up-to-date: /home/pandora/robot/ros2_pro/install/mmr_interfaces/include/mmr_interfaces/mmr_interfaces/action
-- Up-to-date: /home/pandora/robot/ros2_pro/install/mmr_interfaces/include/mmr_interfaces/mmr_interfaces/action/detail
-- Up-to-date: /home/pandora/robot/ros2_pro/install/mmr_interfaces/include/mmr_interfaces/mmr_interfaces/action/detail/pick_and_place__rosidl_typesupport_introspection_c.h
-- Up-to-date: /home/pandora/robot/ros2_pro/install/mmr_interfaces/include/mmr_interfaces/mmr_interfaces/action/detail/palletize__rosidl_typesupport_introspection_c.h
-- Up-to-date: /home/pandora/robot/ros2_pro/install/mmr_interfaces/include/mmr_interfaces/mmr_interfaces/action/detail/palletize__type_support.c
-- Up-to-date: /home/pandora/robot/ros2_pro/install/mmr_interfaces/include/mmr_interfaces/mmr_interfaces/action/detail/pick_and_place__type_support.c
-- Up-to-date: /home/pandora/robot/ros2_pro/install/mmr_interfaces/include/mmr_interfaces/mmr_interfaces/srv
-- Up-to-date: /home/pandora/robot/ros2_pro/install/mmr_interfaces/include/mmr_interfaces/mmr_interfaces/srv/detail
-- Up-to-date: /home/pandora/robot/ros2_pro/install/mmr_interfaces/include/mmr_interfaces/mmr_interfaces/srv/detail/capture_vision__type_support.c
-- Up-to-date: /home/pandora/robot/ros2_pro/install/mmr_interfaces/include/mmr_interfaces/mmr_interfaces/srv/detail/rotate_turret__type_support.c
-- Up-to-date: /home/pandora/robot/ros2_pro/install/mmr_interfaces/include/mmr_interfaces/mmr_interfaces/srv/detail/capture_vision__rosidl_typesupport_introspection_c.h
-- Up-to-date: /home/pandora/robot/ros2_pro/install/mmr_interfaces/include/mmr_interfaces/mmr_interfaces/srv/detail/rotate_turret__rosidl_typesupport_introspection_c.h
-- Up-to-date: /home/pandora/robot/ros2_pro/install/mmr_interfaces/include/mmr_interfaces/mmr_interfaces/srv/detail/move_distance__rosidl_typesupport_introspection_c.h
-- Up-to-date: /home/pandora/robot/ros2_pro/install/mmr_interfaces/include/mmr_interfaces/mmr_interfaces/srv/detail/move_distance__type_support.c
-- Up-to-date: /home/pandora/robot/ros2_pro/install/mmr_interfaces/include/mmr_interfaces/mmr_interfaces/srv/detail/get_drop_pose__type_support.c
-- Up-to-date: /home/pandora/robot/ros2_pro/install/mmr_interfaces/include/mmr_interfaces/mmr_interfaces/srv/detail/get_drop_pose__rosidl_typesupport_introspection_c.h
-- Up-to-date: /home/pandora/robot/ros2_pro/install/mmr_interfaces/include/mmr_interfaces/mmr_interfaces/msg
-- Up-to-date: /home/pandora/robot/ros2_pro/install/mmr_interfaces/include/mmr_interfaces/mmr_interfaces/msg/rosidl_typesupport_introspection_c__visibility_control.h
-- Up-to-date: /home/pandora/robot/ros2_pro/install/mmr_interfaces/lib/libmmr_interfaces__rosidl_typesupport_introspection_c.so
-- Up-to-date: /home/pandora/robot/ros2_pro/install/mmr_interfaces/lib/libmmr_interfaces__rosidl_typesupport_c.so
-- Up-to-date: /home/pandora/robot/ros2_pro/install/mmr_interfaces/include/mmr_interfaces/mmr_interfaces
-- Up-to-date: /home/pandora/robot/ros2_pro/install/mmr_interfaces/include/mmr_interfaces/mmr_interfaces/action
-- Up-to-date: /home/pandora/robot/ros2_pro/install/mmr_interfaces/include/mmr_interfaces/mmr_interfaces/action/detail
-- Up-to-date: /home/pandora/robot/ros2_pro/install/mmr_interfaces/include/mmr_interfaces/mmr_interfaces/action/detail/pick_and_place__type_support.hpp
-- Up-to-date: /home/pandora/robot/ros2_pro/install/mmr_interfaces/include/mmr_interfaces/mmr_interfaces/action/detail/pick_and_place__builder.hpp
-- Up-to-date: /home/pandora/robot/ros2_pro/install/mmr_interfaces/include/mmr_interfaces/mmr_interfaces/action/detail/palletize__type_support.hpp
-- Up-to-date: /home/pandora/robot/ros2_pro/install/mmr_interfaces/include/mmr_interfaces/mmr_interfaces/action/detail/pick_and_place__struct.hpp
-- Up-to-date: /home/pandora/robot/ros2_pro/install/mmr_interfaces/include/mmr_interfaces/mmr_interfaces/action/detail/palletize__traits.hpp
-- Up-to-date: /home/pandora/robot/ros2_pro/install/mmr_interfaces/include/mmr_interfaces/mmr_interfaces/action/detail/palletize__builder.hpp
-- Up-to-date: /home/pandora/robot/ros2_pro/install/mmr_interfaces/include/mmr_interfaces/mmr_interfaces/action/detail/pick_and_place__traits.hpp
-- Up-to-date: /home/pandora/robot/ros2_pro/install/mmr_interfaces/include/mmr_interfaces/mmr_interfaces/action/detail/palletize__struct.hpp
-- Up-to-date: /home/pandora/robot/ros2_pro/install/mmr_interfaces/include/mmr_interfaces/mmr_interfaces/action/pick_and_place.hpp
-- Up-to-date: /home/pandora/robot/ros2_pro/install/mmr_interfaces/include/mmr_interfaces/mmr_interfaces/action/palletize.hpp
-- Up-to-date: /home/pandora/robot/ros2_pro/install/mmr_interfaces/include/mmr_interfaces/mmr_interfaces/srv
-- Up-to-date: /home/pandora/robot/ros2_pro/install/mmr_interfaces/include/mmr_interfaces/mmr_interfaces/srv/detail
-- Up-to-date: /home/pandora/robot/ros2_pro/install/mmr_interfaces/include/mmr_interfaces/mmr_interfaces/srv/detail/rotate_turret__builder.hpp
-- Up-to-date: /home/pandora/robot/ros2_pro/install/mmr_interfaces/include/mmr_interfaces/mmr_interfaces/srv/detail/move_distance__type_support.hpp
-- Up-to-date: /home/pandora/robot/ros2_pro/install/mmr_interfaces/include/mmr_interfaces/mmr_interfaces/srv/detail/move_distance__traits.hpp
-- Up-to-date: /home/pandora/robot/ros2_pro/install/mmr_interfaces/include/mmr_interfaces/mmr_interfaces/srv/detail/capture_vision__type_support.hpp
-- Up-to-date: /home/pandora/robot/ros2_pro/install/mmr_interfaces/include/mmr_interfaces/mmr_interfaces/srv/detail/move_distance__struct.hpp
-- Up-to-date: /home/pandora/robot/ros2_pro/install/mmr_interfaces/include/mmr_interfaces/mmr_interfaces/srv/detail/rotate_turret__struct.hpp
-- Up-to-date: /home/pandora/robot/ros2_pro/install/mmr_interfaces/include/mmr_interfaces/mmr_interfaces/srv/detail/capture_vision__struct.hpp
-- Up-to-date: /home/pandora/robot/ros2_pro/install/mmr_interfaces/include/mmr_interfaces/mmr_interfaces/srv/detail/rotate_turret__type_support.hpp
-- Up-to-date: /home/pandora/robot/ros2_pro/install/mmr_interfaces/include/mmr_interfaces/mmr_interfaces/srv/detail/move_distance__builder.hpp
-- Up-to-date: /home/pandora/robot/ros2_pro/install/mmr_interfaces/include/mmr_interfaces/mmr_interfaces/srv/detail/capture_vision__traits.hpp
-- Up-to-date: /home/pandora/robot/ros2_pro/install/mmr_interfaces/include/mmr_interfaces/mmr_interfaces/srv/detail/get_drop_pose__builder.hpp
-- Up-to-date: /home/pandora/robot/ros2_pro/install/mmr_interfaces/include/mmr_interfaces/mmr_interfaces/srv/detail/get_drop_pose__struct.hpp
-- Up-to-date: /home/pandora/robot/ros2_pro/install/mmr_interfaces/include/mmr_interfaces/mmr_interfaces/srv/detail/capture_vision__builder.hpp
-- Up-to-date: /home/pandora/robot/ros2_pro/install/mmr_interfaces/include/mmr_interfaces/mmr_interfaces/srv/detail/get_drop_pose__traits.hpp
-- Up-to-date: /home/pandora/robot/ros2_pro/install/mmr_interfaces/include/mmr_interfaces/mmr_interfaces/srv/detail/get_drop_pose__type_support.hpp
-- Up-to-date: /home/pandora/robot/ros2_pro/install/mmr_interfaces/include/mmr_interfaces/mmr_interfaces/srv/detail/rotate_turret__traits.hpp
-- Up-to-date: /home/pandora/robot/ros2_pro/install/mmr_interfaces/include/mmr_interfaces/mmr_interfaces/srv/rotate_turret.hpp
-- Up-to-date: /home/pandora/robot/ros2_pro/install/mmr_interfaces/include/mmr_interfaces/mmr_interfaces/srv/move_distance.hpp
-- Up-to-date: /home/pandora/robot/ros2_pro/install/mmr_interfaces/include/mmr_interfaces/mmr_interfaces/srv/capture_vision.hpp
-- Up-to-date: /home/pandora/robot/ros2_pro/install/mmr_interfaces/include/mmr_interfaces/mmr_interfaces/srv/get_drop_pose.hpp
-- Up-to-date: /home/pandora/robot/ros2_pro/install/mmr_interfaces/include/mmr_interfaces/mmr_interfaces/msg
-- Up-to-date: /home/pandora/robot/ros2_pro/install/mmr_interfaces/include/mmr_interfaces/mmr_interfaces/msg/rosidl_generator_cpp__visibility_control.hpp
-- Up-to-date: /home/pandora/robot/ros2_pro/install/mmr_interfaces/include/mmr_interfaces/mmr_interfaces
-- Up-to-date: /home/pandora/robot/ros2_pro/install/mmr_interfaces/include/mmr_interfaces/mmr_interfaces/action
-- Up-to-date: /home/pandora/robot/ros2_pro/install/mmr_interfaces/include/mmr_interfaces/mmr_interfaces/action/detail
-- Up-to-date: /home/pandora/robot/ros2_pro/install/mmr_interfaces/include/mmr_interfaces/mmr_interfaces/action/detail/dds_fastrtps
-- Up-to-date: /home/pandora/robot/ros2_pro/install/mmr_interfaces/include/mmr_interfaces/mmr_interfaces/action/detail/palletize__rosidl_typesupport_fastrtps_cpp.hpp
-- Up-to-date: /home/pandora/robot/ros2_pro/install/mmr_interfaces/include/mmr_interfaces/mmr_interfaces/action/detail/pick_and_place__rosidl_typesupport_fastrtps_cpp.hpp
-- Up-to-date: /home/pandora/robot/ros2_pro/install/mmr_interfaces/include/mmr_interfaces/mmr_interfaces/srv
-- Up-to-date: /home/pandora/robot/ros2_pro/install/mmr_interfaces/include/mmr_interfaces/mmr_interfaces/srv/detail
-- Up-to-date: /home/pandora/robot/ros2_pro/install/mmr_interfaces/include/mmr_interfaces/mmr_interfaces/srv/detail/capture_vision__rosidl_typesupport_fastrtps_cpp.hpp
-- Up-to-date: /home/pandora/robot/ros2_pro/install/mmr_interfaces/include/mmr_interfaces/mmr_interfaces/srv/detail/get_drop_pose__rosidl_typesupport_fastrtps_cpp.hpp
-- Up-to-date: /home/pandora/robot/ros2_pro/install/mmr_interfaces/include/mmr_interfaces/mmr_interfaces/srv/detail/move_distance__rosidl_typesupport_fastrtps_cpp.hpp
-- Up-to-date: /home/pandora/robot/ros2_pro/install/mmr_interfaces/include/mmr_interfaces/mmr_interfaces/srv/detail/rotate_turret__rosidl_typesupport_fastrtps_cpp.hpp
-- Up-to-date: /home/pandora/robot/ros2_pro/install/mmr_interfaces/include/mmr_interfaces/mmr_interfaces/srv/detail/dds_fastrtps
-- Up-to-date: /home/pandora/robot/ros2_pro/install/mmr_interfaces/include/mmr_interfaces/mmr_interfaces/msg
-- Up-to-date: /home/pandora/robot/ros2_pro/install/mmr_interfaces/include/mmr_interfaces/mmr_interfaces/msg/rosidl_typesupport_fastrtps_cpp__visibility_control.h
-- Up-to-date: /home/pandora/robot/ros2_pro/install/mmr_interfaces/lib/libmmr_interfaces__rosidl_typesupport_fastrtps_cpp.so
-- Up-to-date: /home/pandora/robot/ros2_pro/install/mmr_interfaces/include/mmr_interfaces/mmr_interfaces
-- Up-to-date: /home/pandora/robot/ros2_pro/install/mmr_interfaces/include/mmr_interfaces/mmr_interfaces/action
-- Up-to-date: /home/pandora/robot/ros2_pro/install/mmr_interfaces/include/mmr_interfaces/mmr_interfaces/action/detail
-- Up-to-date: /home/pandora/robot/ros2_pro/install/mmr_interfaces/include/mmr_interfaces/mmr_interfaces/action/detail/pick_and_place__type_support.cpp
-- Up-to-date: /home/pandora/robot/ros2_pro/install/mmr_interfaces/include/mmr_interfaces/mmr_interfaces/action/detail/palletize__rosidl_typesupport_introspection_cpp.hpp
-- Up-to-date: /home/pandora/robot/ros2_pro/install/mmr_interfaces/include/mmr_interfaces/mmr_interfaces/action/detail/pick_and_place__rosidl_typesupport_introspection_cpp.hpp
-- Up-to-date: /home/pandora/robot/ros2_pro/install/mmr_interfaces/include/mmr_interfaces/mmr_interfaces/action/detail/palletize__type_support.cpp
-- Up-to-date: /home/pandora/robot/ros2_pro/install/mmr_interfaces/include/mmr_interfaces/mmr_interfaces/srv
-- Up-to-date: /home/pandora/robot/ros2_pro/install/mmr_interfaces/include/mmr_interfaces/mmr_interfaces/srv/detail
-- Up-to-date: /home/pandora/robot/ros2_pro/install/mmr_interfaces/include/mmr_interfaces/mmr_interfaces/srv/detail/move_distance__type_support.cpp
-- Up-to-date: /home/pandora/robot/ros2_pro/install/mmr_interfaces/include/mmr_interfaces/mmr_interfaces/srv/detail/get_drop_pose__rosidl_typesupport_introspection_cpp.hpp
-- Up-to-date: /home/pandora/robot/ros2_pro/install/mmr_interfaces/include/mmr_interfaces/mmr_interfaces/srv/detail/move_distance__rosidl_typesupport_introspection_cpp.hpp
-- Up-to-date: /home/pandora/robot/ros2_pro/install/mmr_interfaces/include/mmr_interfaces/mmr_interfaces/srv/detail/capture_vision__type_support.cpp
-- Up-to-date: /home/pandora/robot/ros2_pro/install/mmr_interfaces/include/mmr_interfaces/mmr_interfaces/srv/detail/capture_vision__rosidl_typesupport_introspection_cpp.hpp
-- Up-to-date: /home/pandora/robot/ros2_pro/install/mmr_interfaces/include/mmr_interfaces/mmr_interfaces/srv/detail/rotate_turret__rosidl_typesupport_introspection_cpp.hpp
-- Up-to-date: /home/pandora/robot/ros2_pro/install/mmr_interfaces/include/mmr_interfaces/mmr_interfaces/srv/detail/rotate_turret__type_support.cpp
-- Up-to-date: /home/pandora/robot/ros2_pro/install/mmr_interfaces/include/mmr_interfaces/mmr_interfaces/srv/detail/get_drop_pose__type_support.cpp
-- Up-to-date: /home/pandora/robot/ros2_pro/install/mmr_interfaces/lib/libmmr_interfaces__rosidl_typesupport_introspection_cpp.so
-- Up-to-date: /home/pandora/robot/ros2_pro/install/mmr_interfaces/lib/libmmr_interfaces__rosidl_typesupport_cpp.so
-- Up-to-date: /home/pandora/robot/ros2_pro/install/mmr_interfaces/share/mmr_interfaces/environment/pythonpath.sh
-- Up-to-date: /home/pandora/robot/ros2_pro/install/mmr_interfaces/share/mmr_interfaces/environment/pythonpath.dsv
-- Up-to-date: /home/pandora/robot/ros2_pro/install/mmr_interfaces/lib/python3.10/site-packages/mmr_interfaces-0.0.1-py3.10.egg-info
-- Installing: /home/pandora/robot/ros2_pro/install/mmr_interfaces/lib/python3.10/site-packages/mmr_interfaces-0.0.1-py3.10.egg-info/SOURCES.txt
-- Installing: /home/pandora/robot/ros2_pro/install/mmr_interfaces/lib/python3.10/site-packages/mmr_interfaces-0.0.1-py3.10.egg-info/PKG-INFO
-- Installing: /home/pandora/robot/ros2_pro/install/mmr_interfaces/lib/python3.10/site-packages/mmr_interfaces-0.0.1-py3.10.egg-info/dependency_links.txt
-- Installing: /home/pandora/robot/ros2_pro/install/mmr_interfaces/lib/python3.10/site-packages/mmr_interfaces-0.0.1-py3.10.egg-info/top_level.txt
-- Up-to-date: /home/pandora/robot/ros2_pro/install/mmr_interfaces/lib/python3.10/site-packages/mmr_interfaces
-- Up-to-date: /home/pandora/robot/ros2_pro/install/mmr_interfaces/lib/python3.10/site-packages/mmr_interfaces/action
-- Up-to-date: /home/pandora/robot/ros2_pro/install/mmr_interfaces/lib/python3.10/site-packages/mmr_interfaces/action/_palletize.py
-- Up-to-date: /home/pandora/robot/ros2_pro/install/mmr_interfaces/lib/python3.10/site-packages/mmr_interfaces/action/__init__.py
-- Up-to-date: /home/pandora/robot/ros2_pro/install/mmr_interfaces/lib/python3.10/site-packages/mmr_interfaces/action/_pick_and_place.py
-- Up-to-date: /home/pandora/robot/ros2_pro/install/mmr_interfaces/lib/python3.10/site-packages/mmr_interfaces/action/_pick_and_place_s.c
-- Up-to-date: /home/pandora/robot/ros2_pro/install/mmr_interfaces/lib/python3.10/site-packages/mmr_interfaces/action/_palletize_s.c
-- Up-to-date: /home/pandora/robot/ros2_pro/install/mmr_interfaces/lib/python3.10/site-packages/mmr_interfaces/libmmr_interfaces__rosidl_generator_py.so
-- Up-to-date: /home/pandora/robot/ros2_pro/install/mmr_interfaces/lib/python3.10/site-packages/mmr_interfaces/_mmr_interfaces_s.ep.rosidl_typesupport_c.c
-- Up-to-date: /home/pandora/robot/ros2_pro/install/mmr_interfaces/lib/python3.10/site-packages/mmr_interfaces/_mmr_interfaces_s.ep.rosidl_typesupport_introspection_c.c
-- Up-to-date: /home/pandora/robot/ros2_pro/install/mmr_interfaces/lib/python3.10/site-packages/mmr_interfaces/__init__.py
-- Up-to-date: /home/pandora/robot/ros2_pro/install/mmr_interfaces/lib/python3.10/site-packages/mmr_interfaces/srv
-- Up-to-date: /home/pandora/robot/ros2_pro/install/mmr_interfaces/lib/python3.10/site-packages/mmr_interfaces/srv/_get_drop_pose.py
-- Up-to-date: /home/pandora/robot/ros2_pro/install/mmr_interfaces/lib/python3.10/site-packages/mmr_interfaces/srv/_move_distance_s.c
-- Up-to-date: /home/pandora/robot/ros2_pro/install/mmr_interfaces/lib/python3.10/site-packages/mmr_interfaces/srv/_capture_vision.py
-- Up-to-date: /home/pandora/robot/ros2_pro/install/mmr_interfaces/lib/python3.10/site-packages/mmr_interfaces/srv/__init__.py
-- Up-to-date: /home/pandora/robot/ros2_pro/install/mmr_interfaces/lib/python3.10/site-packages/mmr_interfaces/srv/_move_distance.py
-- Up-to-date: /home/pandora/robot/ros2_pro/install/mmr_interfaces/lib/python3.10/site-packages/mmr_interfaces/srv/_get_drop_pose_s.c
-- Up-to-date: /home/pandora/robot/ros2_pro/install/mmr_interfaces/lib/python3.10/site-packages/mmr_interfaces/srv/_rotate_turret.py
-- Up-to-date: /home/pandora/robot/ros2_pro/install/mmr_interfaces/lib/python3.10/site-packages/mmr_interfaces/srv/_capture_vision_s.c
-- Up-to-date: /home/pandora/robot/ros2_pro/install/mmr_interfaces/lib/python3.10/site-packages/mmr_interfaces/srv/_rotate_turret_s.c
-- Up-to-date: /home/pandora/robot/ros2_pro/install/mmr_interfaces/lib/python3.10/site-packages/mmr_interfaces/mmr_interfaces_s__rosidl_typesupport_fastrtps_c.cpython-310-aarch64-linux-gnu.so
-- Up-to-date: /home/pandora/robot/ros2_pro/install/mmr_interfaces/lib/python3.10/site-packages/mmr_interfaces/_mmr_interfaces_s.ep.rosidl_typesupport_fastrtps_c.c
-- Up-to-date: /home/pandora/robot/ros2_pro/install/mmr_interfaces/lib/python3.10/site-packages/mmr_interfaces/mmr_interfaces_s__rosidl_typesupport_c.cpython-310-aarch64-linux-gnu.so
-- Up-to-date: /home/pandora/robot/ros2_pro/install/mmr_interfaces/lib/python3.10/site-packages/mmr_interfaces/mmr_interfaces_s__rosidl_typesupport_introspection_c.cpython-310-aarch64-linux-gnu.so
Listing '/home/pandora/robot/ros2_pro/install/mmr_interfaces/lib/python3.10/site-packages/mmr_interfaces'...
Listing '/home/pandora/robot/ros2_pro/install/mmr_interfaces/lib/python3.10/site-packages/mmr_interfaces/action'...
Listing '/home/pandora/robot/ros2_pro/install/mmr_interfaces/lib/python3.10/site-packages/mmr_interfaces/srv'...
-- Up-to-date: /home/pandora/robot/ros2_pro/install/mmr_interfaces/lib/python3.10/site-packages/mmr_interfaces/mmr_interfaces_s__rosidl_typesupport_fastrtps_c.cpython-310-aarch64-linux-gnu.so
-- Up-to-date: /home/pandora/robot/ros2_pro/install/mmr_interfaces/lib/python3.10/site-packages/mmr_interfaces/mmr_interfaces_s__rosidl_typesupport_introspection_c.cpython-310-aarch64-linux-gnu.so
-- Up-to-date: /home/pandora/robot/ros2_pro/install/mmr_interfaces/lib/python3.10/site-packages/mmr_interfaces/mmr_interfaces_s__rosidl_typesupport_c.cpython-310-aarch64-linux-gnu.so
-- Up-to-date: /home/pandora/robot/ros2_pro/install/mmr_interfaces/lib/libmmr_interfaces__rosidl_generator_py.so
-- Up-to-date: /home/pandora/robot/ros2_pro/install/mmr_interfaces/share/mmr_interfaces/srv/MoveDistance.idl
-- Up-to-date: /home/pandora/robot/ros2_pro/install/mmr_interfaces/share/mmr_interfaces/srv/CaptureVision.idl
-- Up-to-date: /home/pandora/robot/ros2_pro/install/mmr_interfaces/share/mmr_interfaces/srv/GetDropPose.idl
-- Up-to-date: /home/pandora/robot/ros2_pro/install/mmr_interfaces/share/mmr_interfaces/srv/RotateTurret.idl
-- Up-to-date: /home/pandora/robot/ros2_pro/install/mmr_interfaces/share/mmr_interfaces/action/Palletize.idl
-- Up-to-date: /home/pandora/robot/ros2_pro/install/mmr_interfaces/share/mmr_interfaces/action/PickAndPlace.idl
-- Up-to-date: /home/pandora/robot/ros2_pro/install/mmr_interfaces/share/mmr_interfaces/srv/MoveDistance.srv
-- Up-to-date: /home/pandora/robot/ros2_pro/install/mmr_interfaces/share/mmr_interfaces/srv/MoveDistance_Request.msg
-- Up-to-date: /home/pandora/robot/ros2_pro/install/mmr_interfaces/share/mmr_interfaces/srv/MoveDistance_Response.msg
-- Up-to-date: /home/pandora/robot/ros2_pro/install/mmr_interfaces/share/mmr_interfaces/srv/CaptureVision.srv
-- Up-to-date: /home/pandora/robot/ros2_pro/install/mmr_interfaces/share/mmr_interfaces/srv/CaptureVision_Request.msg
-- Up-to-date: /home/pandora/robot/ros2_pro/install/mmr_interfaces/share/mmr_interfaces/srv/CaptureVision_Response.msg
-- Up-to-date: /home/pandora/robot/ros2_pro/install/mmr_interfaces/share/mmr_interfaces/srv/GetDropPose.srv
-- Up-to-date: /home/pandora/robot/ros2_pro/install/mmr_interfaces/share/mmr_interfaces/srv/GetDropPose_Request.msg
-- Up-to-date: /home/pandora/robot/ros2_pro/install/mmr_interfaces/share/mmr_interfaces/srv/GetDropPose_Response.msg
-- Up-to-date: /home/pandora/robot/ros2_pro/install/mmr_interfaces/share/mmr_interfaces/srv/RotateTurret.srv
-- Up-to-date: /home/pandora/robot/ros2_pro/install/mmr_interfaces/share/mmr_interfaces/srv/RotateTurret_Request.msg
-- Up-to-date: /home/pandora/robot/ros2_pro/install/mmr_interfaces/share/mmr_interfaces/srv/RotateTurret_Response.msg
-- Up-to-date: /home/pandora/robot/ros2_pro/install/mmr_interfaces/share/mmr_interfaces/action/Palletize.action
-- Up-to-date: /home/pandora/robot/ros2_pro/install/mmr_interfaces/share/mmr_interfaces/action/PickAndPlace.action
-- Up-to-date: /home/pandora/robot/ros2_pro/install/mmr_interfaces/share/ament_index/resource_index/package_run_dependencies/mmr_interfaces
-- Up-to-date: /home/pandora/robot/ros2_pro/install/mmr_interfaces/share/ament_index/resource_index/parent_prefix_path/mmr_interfaces
-- Up-to-date: /home/pandora/robot/ros2_pro/install/mmr_interfaces/share/mmr_interfaces/environment/ament_prefix_path.sh
-- Up-to-date: /home/pandora/robot/ros2_pro/install/mmr_interfaces/share/mmr_interfaces/environment/ament_prefix_path.dsv
-- Up-to-date: /home/pandora/robot/ros2_pro/install/mmr_interfaces/share/mmr_interfaces/environment/path.sh
-- Up-to-date: /home/pandora/robot/ros2_pro/install/mmr_interfaces/share/mmr_interfaces/environment/path.dsv
-- Up-to-date: /home/pandora/robot/ros2_pro/install/mmr_interfaces/share/mmr_interfaces/local_setup.bash
-- Up-to-date: /home/pandora/robot/ros2_pro/install/mmr_interfaces/share/mmr_interfaces/local_setup.sh
-- Up-to-date: /home/pandora/robot/ros2_pro/install/mmr_interfaces/share/mmr_interfaces/local_setup.zsh
-- Up-to-date: /home/pandora/robot/ros2_pro/install/mmr_interfaces/share/mmr_interfaces/local_setup.dsv
-- Installing: /home/pandora/robot/ros2_pro/install/mmr_interfaces/share/mmr_interfaces/package.dsv
-- Up-to-date: /home/pandora/robot/ros2_pro/install/mmr_interfaces/share/ament_index/resource_index/packages/mmr_interfaces
-- Up-to-date: /home/pandora/robot/ros2_pro/install/mmr_interfaces/share/mmr_interfaces/cmake/export_mmr_interfaces__rosidl_generator_cExport.cmake
-- Up-to-date: /home/pandora/robot/ros2_pro/install/mmr_interfaces/share/mmr_interfaces/cmake/export_mmr_interfaces__rosidl_generator_cExport-noconfig.cmake
-- Up-to-date: /home/pandora/robot/ros2_pro/install/mmr_interfaces/share/mmr_interfaces/cmake/export_mmr_interfaces__rosidl_typesupport_fastrtps_cExport.cmake
-- Up-to-date: /home/pandora/robot/ros2_pro/install/mmr_interfaces/share/mmr_interfaces/cmake/export_mmr_interfaces__rosidl_typesupport_fastrtps_cExport-noconfig.cmake
-- Up-to-date: /home/pandora/robot/ros2_pro/install/mmr_interfaces/share/mmr_interfaces/cmake/mmr_interfaces__rosidl_typesupport_introspection_cExport.cmake
-- Up-to-date: /home/pandora/robot/ros2_pro/install/mmr_interfaces/share/mmr_interfaces/cmake/mmr_interfaces__rosidl_typesupport_introspection_cExport-noconfig.cmake
-- Up-to-date: /home/pandora/robot/ros2_pro/install/mmr_interfaces/share/mmr_interfaces/cmake/mmr_interfaces__rosidl_typesupport_cExport.cmake
-- Up-to-date: /home/pandora/robot/ros2_pro/install/mmr_interfaces/share/mmr_interfaces/cmake/mmr_interfaces__rosidl_typesupport_cExport-noconfig.cmake
-- Up-to-date: /home/pandora/robot/ros2_pro/install/mmr_interfaces/share/mmr_interfaces/cmake/export_mmr_interfaces__rosidl_generator_cppExport.cmake
-- Up-to-date: /home/pandora/robot/ros2_pro/install/mmr_interfaces/share/mmr_interfaces/cmake/export_mmr_interfaces__rosidl_typesupport_fastrtps_cppExport.cmake
-- Up-to-date: /home/pandora/robot/ros2_pro/install/mmr_interfaces/share/mmr_interfaces/cmake/export_mmr_interfaces__rosidl_typesupport_fastrtps_cppExport-noconfig.cmake
-- Up-to-date: /home/pandora/robot/ros2_pro/install/mmr_interfaces/share/mmr_interfaces/cmake/mmr_interfaces__rosidl_typesupport_introspection_cppExport.cmake
-- Up-to-date: /home/pandora/robot/ros2_pro/install/mmr_interfaces/share/mmr_interfaces/cmake/mmr_interfaces__rosidl_typesupport_introspection_cppExport-noconfig.cmake
-- Up-to-date: /home/pandora/robot/ros2_pro/install/mmr_interfaces/share/mmr_interfaces/cmake/mmr_interfaces__rosidl_typesupport_cppExport.cmake
-- Up-to-date: /home/pandora/robot/ros2_pro/install/mmr_interfaces/share/mmr_interfaces/cmake/mmr_interfaces__rosidl_typesupport_cppExport-noconfig.cmake
-- Up-to-date: /home/pandora/robot/ros2_pro/install/mmr_interfaces/share/mmr_interfaces/cmake/export_mmr_interfaces__rosidl_generator_pyExport.cmake
-- Up-to-date: /home/pandora/robot/ros2_pro/install/mmr_interfaces/share/mmr_interfaces/cmake/export_mmr_interfaces__rosidl_generator_pyExport-noconfig.cmake
-- Up-to-date: /home/pandora/robot/ros2_pro/install/mmr_interfaces/share/mmr_interfaces/cmake/rosidl_cmake-extras.cmake
-- Up-to-date: /home/pandora/robot/ros2_pro/install/mmr_interfaces/share/mmr_interfaces/cmake/ament_cmake_export_dependencies-extras.cmake
-- Up-to-date: /home/pandora/robot/ros2_pro/install/mmr_interfaces/share/mmr_interfaces/cmake/ament_cmake_export_include_directories-extras.cmake
-- Up-to-date: /home/pandora/robot/ros2_pro/install/mmr_interfaces/share/mmr_interfaces/cmake/ament_cmake_export_libraries-extras.cmake
-- Up-to-date: /home/pandora/robot/ros2_pro/install/mmr_interfaces/share/mmr_interfaces/cmake/ament_cmake_export_targets-extras.cmake
-- Up-to-date: /home/pandora/robot/ros2_pro/install/mmr_interfaces/share/mmr_interfaces/cmake/rosidl_cmake_export_typesupport_targets-extras.cmake
-- Up-to-date: /home/pandora/robot/ros2_pro/install/mmr_interfaces/share/mmr_interfaces/cmake/rosidl_cmake_export_typesupport_libraries-extras.cmake
-- Up-to-date: /home/pandora/robot/ros2_pro/install/mmr_interfaces/share/mmr_interfaces/cmake/mmr_interfacesConfig.cmake
-- Up-to-date: /home/pandora/robot/ros2_pro/install/mmr_interfaces/share/mmr_interfaces/cmake/mmr_interfacesConfig-version.cmake
-- Up-to-date: /home/pandora/robot/ros2_pro/install/mmr_interfaces/share/mmr_interfaces/package.xml
