[0.015s] Invoking command in '/home/pandora/robot/ros2_pro/build/mmr_interfaces': PS1=(.venv_production) \[\e]0;\u@\h: \w\a\]${debian_chroot:+($debian_chroot)}\[\033[01;32m\]\u@\h\[\033[00m\]:\[\033[01;34m\]\w\[\033[00m\]\$ VIRTUAL_ENV_PROMPT=(.venv_production) /usr/bin/cmake --build /home/pandora/robot/ros2_pro/build/mmr_interfaces -- -j8 -l8
[0.087s] [35m[1mConsolidate compiler generated dependencies of target mmr_interfaces__rosidl_generator_c[0m
[0.103s] [  1%] Built target mmr_interfaces__cpp
[0.111s] [ 12%] Built target mmr_interfaces__rosidl_generator_c
[0.123s] [35m[1mConsolidate compiler generated dependencies of target mmr_interfaces__rosidl_typesupport_introspection_cpp[0m
[0.124s] [ 12%] Built target ament_cmake_python_copy_mmr_interfaces
[0.124s] [35m[1mConsolidate compiler generated dependencies of target mmr_interfaces__rosidl_typesupport_fastrtps_cpp[0m
[0.131s] [35m[1mConsolidate compiler generated dependencies of target mmr_interfaces__rosidl_typesupport_c[0m
[0.131s] [35m[1mConsolidate compiler generated dependencies of target mmr_interfaces__rosidl_typesupport_fastrtps_c[0m
[0.133s] [35m[1mConsolidate compiler generated dependencies of target mmr_interfaces__rosidl_typesupport_cpp[0m
[0.145s] [35m[1mConsolidate compiler generated dependencies of target mmr_interfaces__rosidl_typesupport_introspection_c[0m
[0.158s] [ 23%] Built target mmr_interfaces__rosidl_typesupport_introspection_cpp
[0.162s] [ 35%] Built target mmr_interfaces__rosidl_typesupport_c
[0.170s] [ 64%] Built target mmr_interfaces__rosidl_typesupport_cpp
[0.170s] [ 64%] Built target mmr_interfaces__rosidl_typesupport_fastrtps_cpp
[0.170s] [ 69%] Built target mmr_interfaces__rosidl_typesupport_introspection_c
[0.177s] [ 80%] Built target mmr_interfaces__rosidl_typesupport_fastrtps_c
[0.210s] [ 80%] Built target mmr_interfaces
[0.247s] [ 81%] Built target mmr_interfaces__py
[0.266s] [35m[1mConsolidate compiler generated dependencies of target mmr_interfaces__rosidl_generator_py[0m
[0.294s] [ 91%] Built target mmr_interfaces__rosidl_generator_py
[0.312s] [35m[1mConsolidate compiler generated dependencies of target mmr_interfaces__rosidl_typesupport_fastrtps_c__pyext[0m
[0.312s] [35m[1mConsolidate compiler generated dependencies of target mmr_interfaces__rosidl_typesupport_introspection_c__pyext[0m
[0.314s] [35m[1mConsolidate compiler generated dependencies of target mmr_interfaces__rosidl_typesupport_c__pyext[0m
[0.335s] [ 97%] Built target mmr_interfaces__rosidl_typesupport_introspection_c__pyext
[0.335s] [ 97%] Built target mmr_interfaces__rosidl_typesupport_fastrtps_c__pyext
[0.340s] [100%] Built target mmr_interfaces__rosidl_typesupport_c__pyext
[0.474s] running egg_info
[0.475s] writing mmr_interfaces.egg-info/PKG-INFO
[0.476s] writing dependency_links to mmr_interfaces.egg-info/dependency_links.txt
[0.476s] writing top-level names to mmr_interfaces.egg-info/top_level.txt
[0.479s] reading manifest file 'mmr_interfaces.egg-info/SOURCES.txt'
[0.480s] writing manifest file 'mmr_interfaces.egg-info/SOURCES.txt'
[0.538s] [100%] Built target ament_cmake_python_build_mmr_interfaces_egg
[0.563s] Invoked command in '/home/pandora/robot/ros2_pro/build/mmr_interfaces' returned '0': PS1=(.venv_production) \[\e]0;\u@\h: \w\a\]${debian_chroot:+($debian_chroot)}\[\033[01;32m\]\u@\h\[\033[00m\]:\[\033[01;34m\]\w\[\033[00m\]\$ VIRTUAL_ENV_PROMPT=(.venv_production) /usr/bin/cmake --build /home/pandora/robot/ros2_pro/build/mmr_interfaces -- -j8 -l8
[0.584s] Invoking command in '/home/pandora/robot/ros2_pro/build/mmr_interfaces': PS1=(.venv_production) \[\e]0;\u@\h: \w\a\]${debian_chroot:+($debian_chroot)}\[\033[01;32m\]\u@\h\[\033[00m\]:\[\033[01;34m\]\w\[\033[00m\]\$ VIRTUAL_ENV_PROMPT=(.venv_production) /usr/bin/cmake --install /home/pandora/robot/ros2_pro/build/mmr_interfaces
[0.598s] -- Install configuration: ""
[0.599s] -- Up-to-date: /home/pandora/robot/ros2_pro/install/mmr_interfaces/share/ament_index/resource_index/rosidl_interfaces/mmr_interfaces
[0.600s] -- Up-to-date: /home/pandora/robot/ros2_pro/install/mmr_interfaces/include/mmr_interfaces/mmr_interfaces
[0.600s] -- Up-to-date: /home/pandora/robot/ros2_pro/install/mmr_interfaces/include/mmr_interfaces/mmr_interfaces/action
[0.600s] -- Up-to-date: /home/pandora/robot/ros2_pro/install/mmr_interfaces/include/mmr_interfaces/mmr_interfaces/action/detail
[0.600s] -- Up-to-date: /home/pandora/robot/ros2_pro/install/mmr_interfaces/include/mmr_interfaces/mmr_interfaces/action/detail/palletize__functions.h
[0.601s] -- Up-to-date: /home/pandora/robot/ros2_pro/install/mmr_interfaces/include/mmr_interfaces/mmr_interfaces/action/detail/pick_and_place__functions.h
[0.601s] -- Up-to-date: /home/pandora/robot/ros2_pro/install/mmr_interfaces/include/mmr_interfaces/mmr_interfaces/action/detail/palletize__struct.h
[0.601s] -- Up-to-date: /home/pandora/robot/ros2_pro/install/mmr_interfaces/include/mmr_interfaces/mmr_interfaces/action/detail/pick_and_place__struct.h
[0.601s] -- Up-to-date: /home/pandora/robot/ros2_pro/install/mmr_interfaces/include/mmr_interfaces/mmr_interfaces/action/detail/palletize__functions.c
[0.601s] -- Up-to-date: /home/pandora/robot/ros2_pro/install/mmr_interfaces/include/mmr_interfaces/mmr_interfaces/action/detail/pick_and_place__functions.c
[0.601s] -- Up-to-date: /home/pandora/robot/ros2_pro/install/mmr_interfaces/include/mmr_interfaces/mmr_interfaces/action/detail/pick_and_place__type_support.h
[0.602s] -- Up-to-date: /home/pandora/robot/ros2_pro/install/mmr_interfaces/include/mmr_interfaces/mmr_interfaces/action/detail/palletize__type_support.h
[0.602s] -- Up-to-date: /home/pandora/robot/ros2_pro/install/mmr_interfaces/include/mmr_interfaces/mmr_interfaces/action/palletize.h
[0.602s] -- Up-to-date: /home/pandora/robot/ros2_pro/install/mmr_interfaces/include/mmr_interfaces/mmr_interfaces/action/pick_and_place.h
[0.602s] -- Up-to-date: /home/pandora/robot/ros2_pro/install/mmr_interfaces/include/mmr_interfaces/mmr_interfaces/srv
[0.603s] -- Up-to-date: /home/pandora/robot/ros2_pro/install/mmr_interfaces/include/mmr_interfaces/mmr_interfaces/srv/detail
[0.603s] -- Up-to-date: /home/pandora/robot/ros2_pro/install/mmr_interfaces/include/mmr_interfaces/mmr_interfaces/srv/detail/get_drop_pose__type_support.h
[0.603s] -- Up-to-date: /home/pandora/robot/ros2_pro/install/mmr_interfaces/include/mmr_interfaces/mmr_interfaces/srv/detail/get_drop_pose__functions.c
[0.604s] -- Up-to-date: /home/pandora/robot/ros2_pro/install/mmr_interfaces/include/mmr_interfaces/mmr_interfaces/srv/detail/capture_vision__functions.h
[0.604s] -- Up-to-date: /home/pandora/robot/ros2_pro/install/mmr_interfaces/include/mmr_interfaces/mmr_interfaces/srv/detail/move_distance__functions.c
[0.604s] -- Up-to-date: /home/pandora/robot/ros2_pro/install/mmr_interfaces/include/mmr_interfaces/mmr_interfaces/srv/detail/rotate_turret__struct.h
[0.605s] -- Up-to-date: /home/pandora/robot/ros2_pro/install/mmr_interfaces/include/mmr_interfaces/mmr_interfaces/srv/detail/capture_vision__functions.c
[0.605s] -- Up-to-date: /home/pandora/robot/ros2_pro/install/mmr_interfaces/include/mmr_interfaces/mmr_interfaces/srv/detail/capture_vision__struct.h
[0.605s] -- Up-to-date: /home/pandora/robot/ros2_pro/install/mmr_interfaces/include/mmr_interfaces/mmr_interfaces/srv/detail/move_distance__struct.h
[0.605s] -- Up-to-date: /home/pandora/robot/ros2_pro/install/mmr_interfaces/include/mmr_interfaces/mmr_interfaces/srv/detail/move_distance__type_support.h
[0.605s] -- Up-to-date: /home/pandora/robot/ros2_pro/install/mmr_interfaces/include/mmr_interfaces/mmr_interfaces/srv/detail/get_drop_pose__struct.h
[0.606s] -- Up-to-date: /home/pandora/robot/ros2_pro/install/mmr_interfaces/include/mmr_interfaces/mmr_interfaces/srv/detail/rotate_turret__functions.c
[0.606s] -- Up-to-date: /home/pandora/robot/ros2_pro/install/mmr_interfaces/include/mmr_interfaces/mmr_interfaces/srv/detail/rotate_turret__type_support.h
[0.606s] -- Up-to-date: /home/pandora/robot/ros2_pro/install/mmr_interfaces/include/mmr_interfaces/mmr_interfaces/srv/detail/rotate_turret__functions.h
[0.606s] -- Up-to-date: /home/pandora/robot/ros2_pro/install/mmr_interfaces/include/mmr_interfaces/mmr_interfaces/srv/detail/get_drop_pose__functions.h
[0.606s] -- Up-to-date: /home/pandora/robot/ros2_pro/install/mmr_interfaces/include/mmr_interfaces/mmr_interfaces/srv/detail/move_distance__functions.h
[0.607s] -- Up-to-date: /home/pandora/robot/ros2_pro/install/mmr_interfaces/include/mmr_interfaces/mmr_interfaces/srv/detail/capture_vision__type_support.h
[0.607s] -- Up-to-date: /home/pandora/robot/ros2_pro/install/mmr_interfaces/include/mmr_interfaces/mmr_interfaces/srv/capture_vision.h
[0.607s] -- Up-to-date: /home/pandora/robot/ros2_pro/install/mmr_interfaces/include/mmr_interfaces/mmr_interfaces/srv/move_distance.h
[0.607s] -- Up-to-date: /home/pandora/robot/ros2_pro/install/mmr_interfaces/include/mmr_interfaces/mmr_interfaces/srv/rotate_turret.h
[0.607s] -- Up-to-date: /home/pandora/robot/ros2_pro/install/mmr_interfaces/include/mmr_interfaces/mmr_interfaces/srv/get_drop_pose.h
[0.608s] -- Up-to-date: /home/pandora/robot/ros2_pro/install/mmr_interfaces/include/mmr_interfaces/mmr_interfaces/msg
[0.608s] -- Up-to-date: /home/pandora/robot/ros2_pro/install/mmr_interfaces/include/mmr_interfaces/mmr_interfaces/msg/rosidl_generator_c__visibility_control.h
[0.608s] -- Up-to-date: /home/pandora/robot/ros2_pro/install/mmr_interfaces/share/mmr_interfaces/environment/library_path.sh
[0.608s] -- Up-to-date: /home/pandora/robot/ros2_pro/install/mmr_interfaces/share/mmr_interfaces/environment/library_path.dsv
[0.608s] -- Up-to-date: /home/pandora/robot/ros2_pro/install/mmr_interfaces/lib/libmmr_interfaces__rosidl_generator_c.so
[0.608s] -- Up-to-date: /home/pandora/robot/ros2_pro/install/mmr_interfaces/include/mmr_interfaces/mmr_interfaces
[0.608s] -- Up-to-date: /home/pandora/robot/ros2_pro/install/mmr_interfaces/include/mmr_interfaces/mmr_interfaces/action
[0.608s] -- Up-to-date: /home/pandora/robot/ros2_pro/install/mmr_interfaces/include/mmr_interfaces/mmr_interfaces/action/detail
[0.608s] -- Up-to-date: /home/pandora/robot/ros2_pro/install/mmr_interfaces/include/mmr_interfaces/mmr_interfaces/action/detail/pick_and_place__rosidl_typesupport_fastrtps_c.h
[0.609s] -- Up-to-date: /home/pandora/robot/ros2_pro/install/mmr_interfaces/include/mmr_interfaces/mmr_interfaces/action/detail/palletize__rosidl_typesupport_fastrtps_c.h
[0.609s] -- Up-to-date: /home/pandora/robot/ros2_pro/install/mmr_interfaces/include/mmr_interfaces/mmr_interfaces/srv
[0.609s] -- Up-to-date: /home/pandora/robot/ros2_pro/install/mmr_interfaces/include/mmr_interfaces/mmr_interfaces/srv/detail
[0.609s] -- Up-to-date: /home/pandora/robot/ros2_pro/install/mmr_interfaces/include/mmr_interfaces/mmr_interfaces/srv/detail/capture_vision__rosidl_typesupport_fastrtps_c.h
[0.609s] -- Up-to-date: /home/pandora/robot/ros2_pro/install/mmr_interfaces/include/mmr_interfaces/mmr_interfaces/srv/detail/rotate_turret__rosidl_typesupport_fastrtps_c.h
[0.609s] -- Up-to-date: /home/pandora/robot/ros2_pro/install/mmr_interfaces/include/mmr_interfaces/mmr_interfaces/srv/detail/get_drop_pose__rosidl_typesupport_fastrtps_c.h
[0.609s] -- Up-to-date: /home/pandora/robot/ros2_pro/install/mmr_interfaces/include/mmr_interfaces/mmr_interfaces/srv/detail/move_distance__rosidl_typesupport_fastrtps_c.h
[0.609s] -- Up-to-date: /home/pandora/robot/ros2_pro/install/mmr_interfaces/include/mmr_interfaces/mmr_interfaces/msg
[0.609s] -- Up-to-date: /home/pandora/robot/ros2_pro/install/mmr_interfaces/include/mmr_interfaces/mmr_interfaces/msg/rosidl_typesupport_fastrtps_c__visibility_control.h
[0.610s] -- Up-to-date: /home/pandora/robot/ros2_pro/install/mmr_interfaces/lib/libmmr_interfaces__rosidl_typesupport_fastrtps_c.so
[0.610s] -- Up-to-date: /home/pandora/robot/ros2_pro/install/mmr_interfaces/include/mmr_interfaces/mmr_interfaces
[0.610s] -- Up-to-date: /home/pandora/robot/ros2_pro/install/mmr_interfaces/include/mmr_interfaces/mmr_interfaces/action
[0.610s] -- Up-to-date: /home/pandora/robot/ros2_pro/install/mmr_interfaces/include/mmr_interfaces/mmr_interfaces/action/detail
[0.610s] -- Up-to-date: /home/pandora/robot/ros2_pro/install/mmr_interfaces/include/mmr_interfaces/mmr_interfaces/action/detail/pick_and_place__rosidl_typesupport_introspection_c.h
[0.610s] -- Up-to-date: /home/pandora/robot/ros2_pro/install/mmr_interfaces/include/mmr_interfaces/mmr_interfaces/action/detail/palletize__rosidl_typesupport_introspection_c.h
[0.610s] -- Up-to-date: /home/pandora/robot/ros2_pro/install/mmr_interfaces/include/mmr_interfaces/mmr_interfaces/action/detail/palletize__type_support.c
[0.610s] -- Up-to-date: /home/pandora/robot/ros2_pro/install/mmr_interfaces/include/mmr_interfaces/mmr_interfaces/action/detail/pick_and_place__type_support.c
[0.610s] -- Up-to-date: /home/pandora/robot/ros2_pro/install/mmr_interfaces/include/mmr_interfaces/mmr_interfaces/srv
[0.611s] -- Up-to-date: /home/pandora/robot/ros2_pro/install/mmr_interfaces/include/mmr_interfaces/mmr_interfaces/srv/detail
[0.611s] -- Up-to-date: /home/pandora/robot/ros2_pro/install/mmr_interfaces/include/mmr_interfaces/mmr_interfaces/srv/detail/capture_vision__type_support.c
[0.611s] -- Up-to-date: /home/pandora/robot/ros2_pro/install/mmr_interfaces/include/mmr_interfaces/mmr_interfaces/srv/detail/rotate_turret__type_support.c
[0.611s] -- Up-to-date: /home/pandora/robot/ros2_pro/install/mmr_interfaces/include/mmr_interfaces/mmr_interfaces/srv/detail/capture_vision__rosidl_typesupport_introspection_c.h
[0.611s] -- Up-to-date: /home/pandora/robot/ros2_pro/install/mmr_interfaces/include/mmr_interfaces/mmr_interfaces/srv/detail/rotate_turret__rosidl_typesupport_introspection_c.h
[0.611s] -- Up-to-date: /home/pandora/robot/ros2_pro/install/mmr_interfaces/include/mmr_interfaces/mmr_interfaces/srv/detail/move_distance__rosidl_typesupport_introspection_c.h
[0.611s] -- Up-to-date: /home/pandora/robot/ros2_pro/install/mmr_interfaces/include/mmr_interfaces/mmr_interfaces/srv/detail/move_distance__type_support.c
[0.611s] -- Up-to-date: /home/pandora/robot/ros2_pro/install/mmr_interfaces/include/mmr_interfaces/mmr_interfaces/srv/detail/get_drop_pose__type_support.c
[0.611s] -- Up-to-date: /home/pandora/robot/ros2_pro/install/mmr_interfaces/include/mmr_interfaces/mmr_interfaces/srv/detail/get_drop_pose__rosidl_typesupport_introspection_c.h
[0.612s] -- Up-to-date: /home/pandora/robot/ros2_pro/install/mmr_interfaces/include/mmr_interfaces/mmr_interfaces/msg
[0.612s] -- Up-to-date: /home/pandora/robot/ros2_pro/install/mmr_interfaces/include/mmr_interfaces/mmr_interfaces/msg/rosidl_typesupport_introspection_c__visibility_control.h
[0.612s] -- Up-to-date: /home/pandora/robot/ros2_pro/install/mmr_interfaces/lib/libmmr_interfaces__rosidl_typesupport_introspection_c.so
[0.612s] -- Up-to-date: /home/pandora/robot/ros2_pro/install/mmr_interfaces/lib/libmmr_interfaces__rosidl_typesupport_c.so
[0.612s] -- Up-to-date: /home/pandora/robot/ros2_pro/install/mmr_interfaces/include/mmr_interfaces/mmr_interfaces
[0.612s] -- Up-to-date: /home/pandora/robot/ros2_pro/install/mmr_interfaces/include/mmr_interfaces/mmr_interfaces/action
[0.612s] -- Up-to-date: /home/pandora/robot/ros2_pro/install/mmr_interfaces/include/mmr_interfaces/mmr_interfaces/action/detail
[0.612s] -- Up-to-date: /home/pandora/robot/ros2_pro/install/mmr_interfaces/include/mmr_interfaces/mmr_interfaces/action/detail/pick_and_place__type_support.hpp
[0.612s] -- Up-to-date: /home/pandora/robot/ros2_pro/install/mmr_interfaces/include/mmr_interfaces/mmr_interfaces/action/detail/pick_and_place__builder.hpp
[0.612s] -- Up-to-date: /home/pandora/robot/ros2_pro/install/mmr_interfaces/include/mmr_interfaces/mmr_interfaces/action/detail/palletize__type_support.hpp
[0.613s] -- Up-to-date: /home/pandora/robot/ros2_pro/install/mmr_interfaces/include/mmr_interfaces/mmr_interfaces/action/detail/pick_and_place__struct.hpp
[0.613s] -- Up-to-date: /home/pandora/robot/ros2_pro/install/mmr_interfaces/include/mmr_interfaces/mmr_interfaces/action/detail/palletize__traits.hpp
[0.613s] -- Up-to-date: /home/pandora/robot/ros2_pro/install/mmr_interfaces/include/mmr_interfaces/mmr_interfaces/action/detail/palletize__builder.hpp
[0.613s] -- Up-to-date: /home/pandora/robot/ros2_pro/install/mmr_interfaces/include/mmr_interfaces/mmr_interfaces/action/detail/pick_and_place__traits.hpp
[0.613s] -- Up-to-date: /home/pandora/robot/ros2_pro/install/mmr_interfaces/include/mmr_interfaces/mmr_interfaces/action/detail/palletize__struct.hpp
[0.613s] -- Up-to-date: /home/pandora/robot/ros2_pro/install/mmr_interfaces/include/mmr_interfaces/mmr_interfaces/action/pick_and_place.hpp
[0.613s] -- Up-to-date: /home/pandora/robot/ros2_pro/install/mmr_interfaces/include/mmr_interfaces/mmr_interfaces/action/palletize.hpp
[0.613s] -- Up-to-date: /home/pandora/robot/ros2_pro/install/mmr_interfaces/include/mmr_interfaces/mmr_interfaces/srv
[0.613s] -- Up-to-date: /home/pandora/robot/ros2_pro/install/mmr_interfaces/include/mmr_interfaces/mmr_interfaces/srv/detail
[0.614s] -- Up-to-date: /home/pandora/robot/ros2_pro/install/mmr_interfaces/include/mmr_interfaces/mmr_interfaces/srv/detail/rotate_turret__builder.hpp
[0.614s] -- Up-to-date: /home/pandora/robot/ros2_pro/install/mmr_interfaces/include/mmr_interfaces/mmr_interfaces/srv/detail/move_distance__type_support.hpp
[0.614s] -- Up-to-date: /home/pandora/robot/ros2_pro/install/mmr_interfaces/include/mmr_interfaces/mmr_interfaces/srv/detail/move_distance__traits.hpp
[0.614s] -- Up-to-date: /home/pandora/robot/ros2_pro/install/mmr_interfaces/include/mmr_interfaces/mmr_interfaces/srv/detail/capture_vision__type_support.hpp
[0.614s] -- Up-to-date: /home/pandora/robot/ros2_pro/install/mmr_interfaces/include/mmr_interfaces/mmr_interfaces/srv/detail/move_distance__struct.hpp
[0.614s] -- Up-to-date: /home/pandora/robot/ros2_pro/install/mmr_interfaces/include/mmr_interfaces/mmr_interfaces/srv/detail/rotate_turret__struct.hpp
[0.614s] -- Up-to-date: /home/pandora/robot/ros2_pro/install/mmr_interfaces/include/mmr_interfaces/mmr_interfaces/srv/detail/capture_vision__struct.hpp
[0.614s] -- Up-to-date: /home/pandora/robot/ros2_pro/install/mmr_interfaces/include/mmr_interfaces/mmr_interfaces/srv/detail/rotate_turret__type_support.hpp
[0.614s] -- Up-to-date: /home/pandora/robot/ros2_pro/install/mmr_interfaces/include/mmr_interfaces/mmr_interfaces/srv/detail/move_distance__builder.hpp
[0.614s] -- Up-to-date: /home/pandora/robot/ros2_pro/install/mmr_interfaces/include/mmr_interfaces/mmr_interfaces/srv/detail/capture_vision__traits.hpp
[0.615s] -- Up-to-date: /home/pandora/robot/ros2_pro/install/mmr_interfaces/include/mmr_interfaces/mmr_interfaces/srv/detail/get_drop_pose__builder.hpp
[0.615s] -- Up-to-date: /home/pandora/robot/ros2_pro/install/mmr_interfaces/include/mmr_interfaces/mmr_interfaces/srv/detail/get_drop_pose__struct.hpp
[0.615s] -- Up-to-date: /home/pandora/robot/ros2_pro/install/mmr_interfaces/include/mmr_interfaces/mmr_interfaces/srv/detail/capture_vision__builder.hpp
[0.615s] -- Up-to-date: /home/pandora/robot/ros2_pro/install/mmr_interfaces/include/mmr_interfaces/mmr_interfaces/srv/detail/get_drop_pose__traits.hpp
[0.615s] -- Up-to-date: /home/pandora/robot/ros2_pro/install/mmr_interfaces/include/mmr_interfaces/mmr_interfaces/srv/detail/get_drop_pose__type_support.hpp
[0.615s] -- Up-to-date: /home/pandora/robot/ros2_pro/install/mmr_interfaces/include/mmr_interfaces/mmr_interfaces/srv/detail/rotate_turret__traits.hpp
[0.615s] -- Up-to-date: /home/pandora/robot/ros2_pro/install/mmr_interfaces/include/mmr_interfaces/mmr_interfaces/srv/rotate_turret.hpp
[0.615s] -- Up-to-date: /home/pandora/robot/ros2_pro/install/mmr_interfaces/include/mmr_interfaces/mmr_interfaces/srv/move_distance.hpp
[0.615s] -- Up-to-date: /home/pandora/robot/ros2_pro/install/mmr_interfaces/include/mmr_interfaces/mmr_interfaces/srv/capture_vision.hpp
[0.616s] -- Up-to-date: /home/pandora/robot/ros2_pro/install/mmr_interfaces/include/mmr_interfaces/mmr_interfaces/srv/get_drop_pose.hpp
[0.616s] -- Up-to-date: /home/pandora/robot/ros2_pro/install/mmr_interfaces/include/mmr_interfaces/mmr_interfaces/msg
[0.616s] -- Up-to-date: /home/pandora/robot/ros2_pro/install/mmr_interfaces/include/mmr_interfaces/mmr_interfaces/msg/rosidl_generator_cpp__visibility_control.hpp
[0.616s] -- Up-to-date: /home/pandora/robot/ros2_pro/install/mmr_interfaces/include/mmr_interfaces/mmr_interfaces
[0.616s] -- Up-to-date: /home/pandora/robot/ros2_pro/install/mmr_interfaces/include/mmr_interfaces/mmr_interfaces/action
[0.616s] -- Up-to-date: /home/pandora/robot/ros2_pro/install/mmr_interfaces/include/mmr_interfaces/mmr_interfaces/action/detail
[0.616s] -- Up-to-date: /home/pandora/robot/ros2_pro/install/mmr_interfaces/include/mmr_interfaces/mmr_interfaces/action/detail/dds_fastrtps
[0.616s] -- Up-to-date: /home/pandora/robot/ros2_pro/install/mmr_interfaces/include/mmr_interfaces/mmr_interfaces/action/detail/palletize__rosidl_typesupport_fastrtps_cpp.hpp
[0.616s] -- Up-to-date: /home/pandora/robot/ros2_pro/install/mmr_interfaces/include/mmr_interfaces/mmr_interfaces/action/detail/pick_and_place__rosidl_typesupport_fastrtps_cpp.hpp
[0.616s] -- Up-to-date: /home/pandora/robot/ros2_pro/install/mmr_interfaces/include/mmr_interfaces/mmr_interfaces/srv
[0.617s] -- Up-to-date: /home/pandora/robot/ros2_pro/install/mmr_interfaces/include/mmr_interfaces/mmr_interfaces/srv/detail
[0.617s] -- Up-to-date: /home/pandora/robot/ros2_pro/install/mmr_interfaces/include/mmr_interfaces/mmr_interfaces/srv/detail/capture_vision__rosidl_typesupport_fastrtps_cpp.hpp
[0.617s] -- Up-to-date: /home/pandora/robot/ros2_pro/install/mmr_interfaces/include/mmr_interfaces/mmr_interfaces/srv/detail/get_drop_pose__rosidl_typesupport_fastrtps_cpp.hpp
[0.617s] -- Up-to-date: /home/pandora/robot/ros2_pro/install/mmr_interfaces/include/mmr_interfaces/mmr_interfaces/srv/detail/move_distance__rosidl_typesupport_fastrtps_cpp.hpp
[0.617s] -- Up-to-date: /home/pandora/robot/ros2_pro/install/mmr_interfaces/include/mmr_interfaces/mmr_interfaces/srv/detail/rotate_turret__rosidl_typesupport_fastrtps_cpp.hpp
[0.617s] -- Up-to-date: /home/pandora/robot/ros2_pro/install/mmr_interfaces/include/mmr_interfaces/mmr_interfaces/srv/detail/dds_fastrtps
[0.617s] -- Up-to-date: /home/pandora/robot/ros2_pro/install/mmr_interfaces/include/mmr_interfaces/mmr_interfaces/msg
[0.617s] -- Up-to-date: /home/pandora/robot/ros2_pro/install/mmr_interfaces/include/mmr_interfaces/mmr_interfaces/msg/rosidl_typesupport_fastrtps_cpp__visibility_control.h
[0.617s] -- Up-to-date: /home/pandora/robot/ros2_pro/install/mmr_interfaces/lib/libmmr_interfaces__rosidl_typesupport_fastrtps_cpp.so
[0.617s] -- Up-to-date: /home/pandora/robot/ros2_pro/install/mmr_interfaces/include/mmr_interfaces/mmr_interfaces
[0.618s] -- Up-to-date: /home/pandora/robot/ros2_pro/install/mmr_interfaces/include/mmr_interfaces/mmr_interfaces/action
[0.618s] -- Up-to-date: /home/pandora/robot/ros2_pro/install/mmr_interfaces/include/mmr_interfaces/mmr_interfaces/action/detail
[0.618s] -- Up-to-date: /home/pandora/robot/ros2_pro/install/mmr_interfaces/include/mmr_interfaces/mmr_interfaces/action/detail/pick_and_place__type_support.cpp
[0.618s] -- Up-to-date: /home/pandora/robot/ros2_pro/install/mmr_interfaces/include/mmr_interfaces/mmr_interfaces/action/detail/palletize__rosidl_typesupport_introspection_cpp.hpp
[0.618s] -- Up-to-date: /home/pandora/robot/ros2_pro/install/mmr_interfaces/include/mmr_interfaces/mmr_interfaces/action/detail/pick_and_place__rosidl_typesupport_introspection_cpp.hpp
[0.618s] -- Up-to-date: /home/pandora/robot/ros2_pro/install/mmr_interfaces/include/mmr_interfaces/mmr_interfaces/action/detail/palletize__type_support.cpp
[0.618s] -- Up-to-date: /home/pandora/robot/ros2_pro/install/mmr_interfaces/include/mmr_interfaces/mmr_interfaces/srv
[0.618s] -- Up-to-date: /home/pandora/robot/ros2_pro/install/mmr_interfaces/include/mmr_interfaces/mmr_interfaces/srv/detail
[0.618s] -- Up-to-date: /home/pandora/robot/ros2_pro/install/mmr_interfaces/include/mmr_interfaces/mmr_interfaces/srv/detail/move_distance__type_support.cpp
[0.619s] -- Up-to-date: /home/pandora/robot/ros2_pro/install/mmr_interfaces/include/mmr_interfaces/mmr_interfaces/srv/detail/get_drop_pose__rosidl_typesupport_introspection_cpp.hpp
[0.619s] -- Up-to-date: /home/pandora/robot/ros2_pro/install/mmr_interfaces/include/mmr_interfaces/mmr_interfaces/srv/detail/move_distance__rosidl_typesupport_introspection_cpp.hpp
[0.619s] -- Up-to-date: /home/pandora/robot/ros2_pro/install/mmr_interfaces/include/mmr_interfaces/mmr_interfaces/srv/detail/capture_vision__type_support.cpp
[0.619s] -- Up-to-date: /home/pandora/robot/ros2_pro/install/mmr_interfaces/include/mmr_interfaces/mmr_interfaces/srv/detail/capture_vision__rosidl_typesupport_introspection_cpp.hpp
[0.619s] -- Up-to-date: /home/pandora/robot/ros2_pro/install/mmr_interfaces/include/mmr_interfaces/mmr_interfaces/srv/detail/rotate_turret__rosidl_typesupport_introspection_cpp.hpp
[0.619s] -- Up-to-date: /home/pandora/robot/ros2_pro/install/mmr_interfaces/include/mmr_interfaces/mmr_interfaces/srv/detail/rotate_turret__type_support.cpp
[0.619s] -- Up-to-date: /home/pandora/robot/ros2_pro/install/mmr_interfaces/include/mmr_interfaces/mmr_interfaces/srv/detail/get_drop_pose__type_support.cpp
[0.619s] -- Up-to-date: /home/pandora/robot/ros2_pro/install/mmr_interfaces/lib/libmmr_interfaces__rosidl_typesupport_introspection_cpp.so
[0.619s] -- Up-to-date: /home/pandora/robot/ros2_pro/install/mmr_interfaces/lib/libmmr_interfaces__rosidl_typesupport_cpp.so
[0.619s] -- Up-to-date: /home/pandora/robot/ros2_pro/install/mmr_interfaces/share/mmr_interfaces/environment/pythonpath.sh
[0.620s] -- Up-to-date: /home/pandora/robot/ros2_pro/install/mmr_interfaces/share/mmr_interfaces/environment/pythonpath.dsv
[0.620s] -- Up-to-date: /home/pandora/robot/ros2_pro/install/mmr_interfaces/lib/python3.10/site-packages/mmr_interfaces-0.0.1-py3.10.egg-info
[0.620s] -- Installing: /home/pandora/robot/ros2_pro/install/mmr_interfaces/lib/python3.10/site-packages/mmr_interfaces-0.0.1-py3.10.egg-info/SOURCES.txt
[0.620s] -- Installing: /home/pandora/robot/ros2_pro/install/mmr_interfaces/lib/python3.10/site-packages/mmr_interfaces-0.0.1-py3.10.egg-info/PKG-INFO
[0.620s] -- Installing: /home/pandora/robot/ros2_pro/install/mmr_interfaces/lib/python3.10/site-packages/mmr_interfaces-0.0.1-py3.10.egg-info/dependency_links.txt
[0.620s] -- Installing: /home/pandora/robot/ros2_pro/install/mmr_interfaces/lib/python3.10/site-packages/mmr_interfaces-0.0.1-py3.10.egg-info/top_level.txt
[0.620s] -- Up-to-date: /home/pandora/robot/ros2_pro/install/mmr_interfaces/lib/python3.10/site-packages/mmr_interfaces
[0.620s] -- Up-to-date: /home/pandora/robot/ros2_pro/install/mmr_interfaces/lib/python3.10/site-packages/mmr_interfaces/action
[0.620s] -- Up-to-date: /home/pandora/robot/ros2_pro/install/mmr_interfaces/lib/python3.10/site-packages/mmr_interfaces/action/_palletize.py
[0.620s] -- Up-to-date: /home/pandora/robot/ros2_pro/install/mmr_interfaces/lib/python3.10/site-packages/mmr_interfaces/action/__init__.py
[0.621s] -- Up-to-date: /home/pandora/robot/ros2_pro/install/mmr_interfaces/lib/python3.10/site-packages/mmr_interfaces/action/_pick_and_place.py
[0.621s] -- Up-to-date: /home/pandora/robot/ros2_pro/install/mmr_interfaces/lib/python3.10/site-packages/mmr_interfaces/action/_pick_and_place_s.c
[0.621s] -- Up-to-date: /home/pandora/robot/ros2_pro/install/mmr_interfaces/lib/python3.10/site-packages/mmr_interfaces/action/_palletize_s.c
[0.621s] -- Up-to-date: /home/pandora/robot/ros2_pro/install/mmr_interfaces/lib/python3.10/site-packages/mmr_interfaces/libmmr_interfaces__rosidl_generator_py.so
[0.621s] -- Up-to-date: /home/pandora/robot/ros2_pro/install/mmr_interfaces/lib/python3.10/site-packages/mmr_interfaces/_mmr_interfaces_s.ep.rosidl_typesupport_c.c
[0.621s] -- Up-to-date: /home/pandora/robot/ros2_pro/install/mmr_interfaces/lib/python3.10/site-packages/mmr_interfaces/_mmr_interfaces_s.ep.rosidl_typesupport_introspection_c.c
[0.621s] -- Up-to-date: /home/pandora/robot/ros2_pro/install/mmr_interfaces/lib/python3.10/site-packages/mmr_interfaces/__init__.py
[0.621s] -- Up-to-date: /home/pandora/robot/ros2_pro/install/mmr_interfaces/lib/python3.10/site-packages/mmr_interfaces/srv
[0.621s] -- Up-to-date: /home/pandora/robot/ros2_pro/install/mmr_interfaces/lib/python3.10/site-packages/mmr_interfaces/srv/_get_drop_pose.py
[0.621s] -- Up-to-date: /home/pandora/robot/ros2_pro/install/mmr_interfaces/lib/python3.10/site-packages/mmr_interfaces/srv/_move_distance_s.c
[0.622s] -- Up-to-date: /home/pandora/robot/ros2_pro/install/mmr_interfaces/lib/python3.10/site-packages/mmr_interfaces/srv/_capture_vision.py
[0.622s] -- Up-to-date: /home/pandora/robot/ros2_pro/install/mmr_interfaces/lib/python3.10/site-packages/mmr_interfaces/srv/__init__.py
[0.622s] -- Up-to-date: /home/pandora/robot/ros2_pro/install/mmr_interfaces/lib/python3.10/site-packages/mmr_interfaces/srv/_move_distance.py
[0.622s] -- Up-to-date: /home/pandora/robot/ros2_pro/install/mmr_interfaces/lib/python3.10/site-packages/mmr_interfaces/srv/_get_drop_pose_s.c
[0.622s] -- Up-to-date: /home/pandora/robot/ros2_pro/install/mmr_interfaces/lib/python3.10/site-packages/mmr_interfaces/srv/_rotate_turret.py
[0.622s] -- Up-to-date: /home/pandora/robot/ros2_pro/install/mmr_interfaces/lib/python3.10/site-packages/mmr_interfaces/srv/_capture_vision_s.c
[0.622s] -- Up-to-date: /home/pandora/robot/ros2_pro/install/mmr_interfaces/lib/python3.10/site-packages/mmr_interfaces/srv/_rotate_turret_s.c
[0.622s] -- Up-to-date: /home/pandora/robot/ros2_pro/install/mmr_interfaces/lib/python3.10/site-packages/mmr_interfaces/mmr_interfaces_s__rosidl_typesupport_fastrtps_c.cpython-310-aarch64-linux-gnu.so
[0.622s] -- Up-to-date: /home/pandora/robot/ros2_pro/install/mmr_interfaces/lib/python3.10/site-packages/mmr_interfaces/_mmr_interfaces_s.ep.rosidl_typesupport_fastrtps_c.c
[0.622s] -- Up-to-date: /home/pandora/robot/ros2_pro/install/mmr_interfaces/lib/python3.10/site-packages/mmr_interfaces/mmr_interfaces_s__rosidl_typesupport_c.cpython-310-aarch64-linux-gnu.so
[0.623s] -- Up-to-date: /home/pandora/robot/ros2_pro/install/mmr_interfaces/lib/python3.10/site-packages/mmr_interfaces/mmr_interfaces_s__rosidl_typesupport_introspection_c.cpython-310-aarch64-linux-gnu.so
[0.659s] Listing '/home/pandora/robot/ros2_pro/install/mmr_interfaces/lib/python3.10/site-packages/mmr_interfaces'...
[0.660s] Listing '/home/pandora/robot/ros2_pro/install/mmr_interfaces/lib/python3.10/site-packages/mmr_interfaces/action'...
[0.660s] Listing '/home/pandora/robot/ros2_pro/install/mmr_interfaces/lib/python3.10/site-packages/mmr_interfaces/srv'...
[0.668s] -- Up-to-date: /home/pandora/robot/ros2_pro/install/mmr_interfaces/lib/python3.10/site-packages/mmr_interfaces/mmr_interfaces_s__rosidl_typesupport_fastrtps_c.cpython-310-aarch64-linux-gnu.so
[0.669s] -- Up-to-date: /home/pandora/robot/ros2_pro/install/mmr_interfaces/lib/python3.10/site-packages/mmr_interfaces/mmr_interfaces_s__rosidl_typesupport_introspection_c.cpython-310-aarch64-linux-gnu.so
[0.669s] -- Up-to-date: /home/pandora/robot/ros2_pro/install/mmr_interfaces/lib/python3.10/site-packages/mmr_interfaces/mmr_interfaces_s__rosidl_typesupport_c.cpython-310-aarch64-linux-gnu.so
[0.669s] -- Up-to-date: /home/pandora/robot/ros2_pro/install/mmr_interfaces/lib/libmmr_interfaces__rosidl_generator_py.so
[0.670s] -- Up-to-date: /home/pandora/robot/ros2_pro/install/mmr_interfaces/share/mmr_interfaces/srv/MoveDistance.idl
[0.670s] -- Up-to-date: /home/pandora/robot/ros2_pro/install/mmr_interfaces/share/mmr_interfaces/srv/CaptureVision.idl
[0.670s] -- Up-to-date: /home/pandora/robot/ros2_pro/install/mmr_interfaces/share/mmr_interfaces/srv/GetDropPose.idl
[0.671s] -- Up-to-date: /home/pandora/robot/ros2_pro/install/mmr_interfaces/share/mmr_interfaces/srv/RotateTurret.idl
[0.671s] -- Up-to-date: /home/pandora/robot/ros2_pro/install/mmr_interfaces/share/mmr_interfaces/action/Palletize.idl
[0.671s] -- Up-to-date: /home/pandora/robot/ros2_pro/install/mmr_interfaces/share/mmr_interfaces/action/PickAndPlace.idl
[0.671s] -- Up-to-date: /home/pandora/robot/ros2_pro/install/mmr_interfaces/share/mmr_interfaces/srv/MoveDistance.srv
[0.672s] -- Up-to-date: /home/pandora/robot/ros2_pro/install/mmr_interfaces/share/mmr_interfaces/srv/MoveDistance_Request.msg
[0.672s] -- Up-to-date: /home/pandora/robot/ros2_pro/install/mmr_interfaces/share/mmr_interfaces/srv/MoveDistance_Response.msg
[0.672s] -- Up-to-date: /home/pandora/robot/ros2_pro/install/mmr_interfaces/share/mmr_interfaces/srv/CaptureVision.srv
[0.672s] -- Up-to-date: /home/pandora/robot/ros2_pro/install/mmr_interfaces/share/mmr_interfaces/srv/CaptureVision_Request.msg
[0.673s] -- Up-to-date: /home/pandora/robot/ros2_pro/install/mmr_interfaces/share/mmr_interfaces/srv/CaptureVision_Response.msg
[0.673s] -- Up-to-date: /home/pandora/robot/ros2_pro/install/mmr_interfaces/share/mmr_interfaces/srv/GetDropPose.srv
[0.673s] -- Up-to-date: /home/pandora/robot/ros2_pro/install/mmr_interfaces/share/mmr_interfaces/srv/GetDropPose_Request.msg
[0.673s] -- Up-to-date: /home/pandora/robot/ros2_pro/install/mmr_interfaces/share/mmr_interfaces/srv/GetDropPose_Response.msg
[0.673s] -- Up-to-date: /home/pandora/robot/ros2_pro/install/mmr_interfaces/share/mmr_interfaces/srv/RotateTurret.srv
[0.673s] -- Up-to-date: /home/pandora/robot/ros2_pro/install/mmr_interfaces/share/mmr_interfaces/srv/RotateTurret_Request.msg
[0.673s] -- Up-to-date: /home/pandora/robot/ros2_pro/install/mmr_interfaces/share/mmr_interfaces/srv/RotateTurret_Response.msg
[0.674s] -- Up-to-date: /home/pandora/robot/ros2_pro/install/mmr_interfaces/share/mmr_interfaces/action/Palletize.action
[0.674s] -- Up-to-date: /home/pandora/robot/ros2_pro/install/mmr_interfaces/share/mmr_interfaces/action/PickAndPlace.action
[0.674s] -- Up-to-date: /home/pandora/robot/ros2_pro/install/mmr_interfaces/share/ament_index/resource_index/package_run_dependencies/mmr_interfaces
[0.674s] -- Up-to-date: /home/pandora/robot/ros2_pro/install/mmr_interfaces/share/ament_index/resource_index/parent_prefix_path/mmr_interfaces
[0.674s] -- Up-to-date: /home/pandora/robot/ros2_pro/install/mmr_interfaces/share/mmr_interfaces/environment/ament_prefix_path.sh
[0.674s] -- Up-to-date: /home/pandora/robot/ros2_pro/install/mmr_interfaces/share/mmr_interfaces/environment/ament_prefix_path.dsv
[0.675s] -- Up-to-date: /home/pandora/robot/ros2_pro/install/mmr_interfaces/share/mmr_interfaces/environment/path.sh
[0.675s] -- Up-to-date: /home/pandora/robot/ros2_pro/install/mmr_interfaces/share/mmr_interfaces/environment/path.dsv
[0.675s] -- Up-to-date: /home/pandora/robot/ros2_pro/install/mmr_interfaces/share/mmr_interfaces/local_setup.bash
[0.675s] -- Up-to-date: /home/pandora/robot/ros2_pro/install/mmr_interfaces/share/mmr_interfaces/local_setup.sh
[0.676s] -- Up-to-date: /home/pandora/robot/ros2_pro/install/mmr_interfaces/share/mmr_interfaces/local_setup.zsh
[0.676s] -- Up-to-date: /home/pandora/robot/ros2_pro/install/mmr_interfaces/share/mmr_interfaces/local_setup.dsv
[0.676s] -- Installing: /home/pandora/robot/ros2_pro/install/mmr_interfaces/share/mmr_interfaces/package.dsv
[0.676s] -- Up-to-date: /home/pandora/robot/ros2_pro/install/mmr_interfaces/share/ament_index/resource_index/packages/mmr_interfaces
[0.676s] -- Up-to-date: /home/pandora/robot/ros2_pro/install/mmr_interfaces/share/mmr_interfaces/cmake/export_mmr_interfaces__rosidl_generator_cExport.cmake
[0.676s] -- Up-to-date: /home/pandora/robot/ros2_pro/install/mmr_interfaces/share/mmr_interfaces/cmake/export_mmr_interfaces__rosidl_generator_cExport-noconfig.cmake
[0.677s] -- Up-to-date: /home/pandora/robot/ros2_pro/install/mmr_interfaces/share/mmr_interfaces/cmake/export_mmr_interfaces__rosidl_typesupport_fastrtps_cExport.cmake
[0.677s] -- Up-to-date: /home/pandora/robot/ros2_pro/install/mmr_interfaces/share/mmr_interfaces/cmake/export_mmr_interfaces__rosidl_typesupport_fastrtps_cExport-noconfig.cmake
[0.677s] -- Up-to-date: /home/pandora/robot/ros2_pro/install/mmr_interfaces/share/mmr_interfaces/cmake/mmr_interfaces__rosidl_typesupport_introspection_cExport.cmake
[0.677s] -- Up-to-date: /home/pandora/robot/ros2_pro/install/mmr_interfaces/share/mmr_interfaces/cmake/mmr_interfaces__rosidl_typesupport_introspection_cExport-noconfig.cmake
[0.677s] -- Up-to-date: /home/pandora/robot/ros2_pro/install/mmr_interfaces/share/mmr_interfaces/cmake/mmr_interfaces__rosidl_typesupport_cExport.cmake
[0.677s] -- Up-to-date: /home/pandora/robot/ros2_pro/install/mmr_interfaces/share/mmr_interfaces/cmake/mmr_interfaces__rosidl_typesupport_cExport-noconfig.cmake
[0.677s] -- Up-to-date: /home/pandora/robot/ros2_pro/install/mmr_interfaces/share/mmr_interfaces/cmake/export_mmr_interfaces__rosidl_generator_cppExport.cmake
[0.678s] -- Up-to-date: /home/pandora/robot/ros2_pro/install/mmr_interfaces/share/mmr_interfaces/cmake/export_mmr_interfaces__rosidl_typesupport_fastrtps_cppExport.cmake
[0.678s] -- Up-to-date: /home/pandora/robot/ros2_pro/install/mmr_interfaces/share/mmr_interfaces/cmake/export_mmr_interfaces__rosidl_typesupport_fastrtps_cppExport-noconfig.cmake
[0.678s] -- Up-to-date: /home/pandora/robot/ros2_pro/install/mmr_interfaces/share/mmr_interfaces/cmake/mmr_interfaces__rosidl_typesupport_introspection_cppExport.cmake
[0.678s] -- Up-to-date: /home/pandora/robot/ros2_pro/install/mmr_interfaces/share/mmr_interfaces/cmake/mmr_interfaces__rosidl_typesupport_introspection_cppExport-noconfig.cmake
[0.679s] -- Up-to-date: /home/pandora/robot/ros2_pro/install/mmr_interfaces/share/mmr_interfaces/cmake/mmr_interfaces__rosidl_typesupport_cppExport.cmake
[0.679s] -- Up-to-date: /home/pandora/robot/ros2_pro/install/mmr_interfaces/share/mmr_interfaces/cmake/mmr_interfaces__rosidl_typesupport_cppExport-noconfig.cmake
[0.680s] -- Up-to-date: /home/pandora/robot/ros2_pro/install/mmr_interfaces/share/mmr_interfaces/cmake/export_mmr_interfaces__rosidl_generator_pyExport.cmake
[0.680s] -- Up-to-date: /home/pandora/robot/ros2_pro/install/mmr_interfaces/share/mmr_interfaces/cmake/export_mmr_interfaces__rosidl_generator_pyExport-noconfig.cmake
[0.681s] -- Up-to-date: /home/pandora/robot/ros2_pro/install/mmr_interfaces/share/mmr_interfaces/cmake/rosidl_cmake-extras.cmake
[0.681s] -- Up-to-date: /home/pandora/robot/ros2_pro/install/mmr_interfaces/share/mmr_interfaces/cmake/ament_cmake_export_dependencies-extras.cmake
[0.683s] -- Up-to-date: /home/pandora/robot/ros2_pro/install/mmr_interfaces/share/mmr_interfaces/cmake/ament_cmake_export_include_directories-extras.cmake
[0.684s] -- Up-to-date: /home/pandora/robot/ros2_pro/install/mmr_interfaces/share/mmr_interfaces/cmake/ament_cmake_export_libraries-extras.cmake
[0.684s] -- Up-to-date: /home/pandora/robot/ros2_pro/install/mmr_interfaces/share/mmr_interfaces/cmake/ament_cmake_export_targets-extras.cmake
[0.684s] -- Up-to-date: /home/pandora/robot/ros2_pro/install/mmr_interfaces/share/mmr_interfaces/cmake/rosidl_cmake_export_typesupport_targets-extras.cmake
[0.685s] -- Up-to-date: /home/pandora/robot/ros2_pro/install/mmr_interfaces/share/mmr_interfaces/cmake/rosidl_cmake_export_typesupport_libraries-extras.cmake
[0.685s] -- Up-to-date: /home/pandora/robot/ros2_pro/install/mmr_interfaces/share/mmr_interfaces/cmake/mmr_interfacesConfig.cmake
[0.686s] -- Up-to-date: /home/pandora/robot/ros2_pro/install/mmr_interfaces/share/mmr_interfaces/cmake/mmr_interfacesConfig-version.cmake
[0.686s] -- Up-to-date: /home/pandora/robot/ros2_pro/install/mmr_interfaces/share/mmr_interfaces/package.xml
[0.687s] Invoked command in '/home/pandora/robot/ros2_pro/build/mmr_interfaces' returned '0': PS1=(.venv_production) \[\e]0;\u@\h: \w\a\]${debian_chroot:+($debian_chroot)}\[\033[01;32m\]\u@\h\[\033[00m\]:\[\033[01;34m\]\w\[\033[00m\]\$ VIRTUAL_ENV_PROMPT=(.venv_production) /usr/bin/cmake --install /home/pandora/robot/ros2_pro/build/mmr_interfaces
