running develop
running egg_info
creating vision.egg-info
writing vision.egg-info/PKG-INFO
writing dependency_links to vision.egg-info/dependency_links.txt
writing entry points to vision.egg-info/entry_points.txt
writing requirements to vision.egg-info/requires.txt
writing top-level names to vision.egg-info/top_level.txt
writing manifest file 'vision.egg-info/SOURCES.txt'
reading manifest file 'vision.egg-info/SOURCES.txt'
writing manifest file 'vision.egg-info/SOURCES.txt'
running build_ext
Creating /home/pandora/robot/ros2_pro/install/vision/lib/python3.10/site-packages/vision.egg-link (link to .)
Installing vision_capture_node script to /home/pandora/robot/ros2_pro/install/vision/lib/vision

Installed /home/pandora/robot/ros2_pro/build/vision
running symlink_data
creating /home/pandora/robot/ros2_pro/install/vision/share/ament_index
creating /home/pandora/robot/ros2_pro/install/vision/share/ament_index/resource_index
creating /home/pandora/robot/ros2_pro/install/vision/share/ament_index/resource_index/packages
symbolically linking /home/pandora/robot/ros2_pro/build/vision/resource/vision -> /home/pandora/robot/ros2_pro/install/vision/share/ament_index/resource_index/packages
symbolically linking /home/pandora/robot/ros2_pro/build/vision/package.xml -> /home/pandora/robot/ros2_pro/install/vision/share/vision
